[0.000000] (-) TimerEvent: {}
[0.001153] (robomaker_simulation_msgs) JobQueued: {'identifier': 'robomaker_simulation_msgs', 'dependencies': OrderedDict()}
[0.001209] (aws_robomaker_simulation_ros_pkgs) JobQueued: {'identifier': 'aws_robomaker_simulation_ros_pkgs', 'dependencies': OrderedDict([('robomaker_simulation_msgs', '/home/ubuntu/environment/aws-robomaker-testcase-framework/simulation_ws/install/robomaker_simulation_msgs')])}
[0.001250] (aws_robomaker_test_framework) JobQueued: {'identifier': 'aws_robomaker_test_framework', 'dependencies': OrderedDict([('robomaker_simulation_msgs', '/home/ubuntu/environment/aws-robomaker-testcase-framework/simulation_ws/install/robomaker_simulation_msgs'), ('aws_robomaker_simulation_ros_pkgs', '/home/ubuntu/environment/aws-robomaker-testcase-framework/simulation_ws/install/aws_robomaker_simulation_ros_pkgs')])}
[0.001287] (robomaker_simulation_msgs) JobStarted: {'identifier': 'robomaker_simulation_msgs'}
[0.023102] (robomaker_simulation_msgs) JobProgress: {'identifier': 'robomaker_simulation_msgs', 'progress': 'cmake'}
[0.023881] (robomaker_simulation_msgs) JobProgress: {'identifier': 'robomaker_simulation_msgs', 'progress': 'build'}
[0.024623] (robomaker_simulation_msgs) Command: {'cmd': ['/usr/bin/cmake', '--build', '/home/ubuntu/environment/aws-robomaker-testcase-framework/simulation_ws/build/robomaker_simulation_msgs', '--', '-j2', '-l2'], 'cwd': '/home/ubuntu/environment/aws-robomaker-testcase-framework/simulation_ws/build/robomaker_simulation_msgs', 'env': OrderedDict([('HISTFILESIZE', '100000'), ('TMUX', '/tmp/tmux-1000/cloud92.2,7000,0'), ('MAIL', '/var/mail/ubuntu'), ('USER', 'ubuntu'), ('_system_version', '18.04'), ('SSH_CLIENT', '18.184.203.130 63568 22'), ('ROS_PACKAGE_PATH', '/opt/ros/melodic/share'), ('LD_LIBRARY_PATH', '/opt/ros/melodic/lib'), ('ROS_ETC_DIR', '/opt/ros/melodic/etc/ros'), ('SHLVL', '4'), ('OLDPWD', '/home/ubuntu/environment/aws-robomaker-testcase-framework'), ('HOME', '/home/ubuntu'), ('PORT', '8080'), ('ISOUTPUTPANE', '0'), ('NVM_BIN', '/home/ubuntu/.nvm/versions/node/v8.17.0/bin'), ('NVM_NODEJS_ORG_MIRROR', 'https://nodejs.org/dist'), ('ROS_PYTHON_VERSION', '2'), ('C9_USER', 'Admin'), ('NVM_DIR', '/home/ubuntu/.nvm'), ('NVM_PATH', '/home/ubuntu/.nvm/versions/node/v8.17.0/lib/node'), ('ROS_DISTRO', 'melodic'), ('HGUSER', 'Admin'), ('LOGNAME', 'ubuntu'), ('rvm_bin_path', '/usr/local/rvm/bin'), ('_', '/usr/local/bin/colcon'), ('RUBY_VERSION', 'ruby-2.4.1'), ('ROS_VERSION', '1'), ('C9_PORT', '8080'), ('PKG_CONFIG_PATH', '/opt/ros/melodic/lib/pkgconfig'), ('IRBRC', '/usr/local/rvm/rubies/ruby-2.4.1/.irbrc'), ('XDG_SESSION_ID', '3'), ('TERM', 'screen'), ('PATH', '/home/ubuntu/.nvm/versions/node/v8.17.0/bin:/opt/ros/melodic/bin:/usr/local/rvm/gems/ruby-2.4.1/bin:/usr/local/rvm/gems/ruby-2.4.1@global/bin:/usr/local/rvm/rubies/ruby-2.4.1/bin:/usr/local/sbin:/usr/local/bin:/usr/sbin:/usr/bin:/sbin:/bin:/usr/games:/usr/local/games:/home/ubuntu/.local/bin:/home/ubuntu/bin:/snap/bin:/home/ubuntu/.local/bin:/home/ubuntu/bin:/usr/local/rvm/bin:/home/ubuntu/.local/bin:/home/ubuntu/bin'), ('NVM_IOJS_ORG_MIRROR', 'https://iojs.org/dist'), ('XDG_RUNTIME_DIR', '/run/user/1000'), ('MY_RUBY_HOME', '/usr/local/rvm/rubies/ruby-2.4.1'), ('LANG', 'C.UTF-8'), ('HISTSIZE', '100000'), ('ROS_ROOT', '/opt/ros/melodic/share/ros'), ('ROSLISP_PACKAGE_DIRECTORIES', ''), ('C9_HOSTNAME', '18.195.16.154'), ('NODE_PATH', '/home/ubuntu/.c9/node_modules'), ('SHELL', '/bin/bash'), ('ROS_MASTER_URI', 'http://localhost:11311'), ('rvm_prefix', '/usr/local'), ('PROMPT_COMMAND', 'history -a;'), ('_system_type', 'Linux'), ('GEM_HOME', '/usr/local/rvm/gems/ruby-2.4.1'), ('C9_PID', 'dd756569867d469dba65339c5771097a'), ('rvm_version', '1.29.3 (1.29.3)'), ('_system_arch', 'x86_64'), ('C9_PROJECT', 'Test-Cases'), ('PWD', '/home/ubuntu/environment/aws-robomaker-testcase-framework/simulation_ws/build/robomaker_simulation_msgs'), ('GEM_PATH', '/usr/local/rvm/gems/ruby-2.4.1:/usr/local/rvm/gems/ruby-2.4.1@global'), ('SSH_CONNECTION', '18.184.203.130 63568 10.168.10.194 22'), ('NVM_CD_FLAGS', ''), ('XDG_DATA_DIRS', '/usr/local/share:/usr/share:/var/lib/snapd/desktop'), ('IP', '127.0.0.1'), ('_system_name', 'Ubuntu'), ('PYTHONPATH', '/opt/ros/melodic/lib/python2.7/dist-packages'), ('COLCON', '1'), ('rvm_path', '/usr/local/rvm'), ('TMUX_PANE', '%0'), ('MANPATH', '/home/ubuntu/.nvm/versions/node/v8.17.0/share/man:/usr/local/rvm/rubies/ruby-2.4.1/share/man:/usr/local/man:/usr/local/share/man:/usr/share/man:/usr/local/rvm/man'), ('EDITOR', ''), ('CMAKE_PREFIX_PATH', '/opt/ros/melodic')]), 'shell': False}
[0.099858] (-) TimerEvent: {}
[0.122236] (robomaker_simulation_msgs) StdoutLine: {'line': b'[  0%] Built target _robomaker_simulation_msgs_generate_messages_check_deps_RemoveTags\n'}
[0.124392] (robomaker_simulation_msgs) StdoutLine: {'line': b'[  0%] Built target _robomaker_simulation_msgs_generate_messages_check_deps_AddTags\n'}
[0.187000] (robomaker_simulation_msgs) StdoutLine: {'line': b'[  0%] Built target _robomaker_simulation_msgs_generate_messages_check_deps_Tag\n'}
[0.189989] (robomaker_simulation_msgs) StdoutLine: {'line': b'[  0%] Built target _robomaker_simulation_msgs_generate_messages_check_deps_Cancel\n'}
[0.199914] (-) TimerEvent: {}
[0.216354] (robomaker_simulation_msgs) StdoutLine: {'line': b'[  0%] Built target std_msgs_generate_messages_eus\n'}
[0.244839] (robomaker_simulation_msgs) StdoutLine: {'line': b'[  0%] Built target std_msgs_generate_messages_nodejs\n'}
[0.255781] (robomaker_simulation_msgs) StdoutLine: {'line': b'[  0%] Built target _robomaker_simulation_msgs_generate_messages_check_deps_ListTags\n'}
[0.272778] (robomaker_simulation_msgs) StdoutLine: {'line': b'[  0%] Built target std_msgs_generate_messages_lisp\n'}
[0.284704] (robomaker_simulation_msgs) StdoutLine: {'line': b'[  0%] Built target std_msgs_generate_messages_py\n'}
[0.300059] (-) TimerEvent: {}
[0.300695] (robomaker_simulation_msgs) StdoutLine: {'line': b'[  0%] Built target std_msgs_generate_messages_cpp\n'}
[0.314440] (robomaker_simulation_msgs) StdoutLine: {'line': b'[ 21%] Built target robomaker_simulation_msgs_generate_messages_eus\n'}
[0.333038] (robomaker_simulation_msgs) StdoutLine: {'line': b'[ 39%] Built target robomaker_simulation_msgs_generate_messages_nodejs\n'}
[0.343841] (robomaker_simulation_msgs) StdoutLine: {'line': b'[ 57%] Built target robomaker_simulation_msgs_generate_messages_lisp\n'}
[0.362413] (robomaker_simulation_msgs) StdoutLine: {'line': b'[ 82%] Built target robomaker_simulation_msgs_generate_messages_py\n'}
[0.369404] (robomaker_simulation_msgs) StdoutLine: {'line': b'[100%] Built target robomaker_simulation_msgs_generate_messages_cpp\n'}
[0.387966] (robomaker_simulation_msgs) StdoutLine: {'line': b'[100%] Built target robomaker_simulation_msgs_generate_messages\n'}
[0.398108] (robomaker_simulation_msgs) CommandEnded: {'returncode': 0}
[0.400296] (-) TimerEvent: {}
[0.435660] (robomaker_simulation_msgs) JobProgress: {'identifier': 'robomaker_simulation_msgs', 'progress': "build target 'tests'"}
[0.435915] (robomaker_simulation_msgs) Command: {'cmd': ['/usr/bin/cmake', '--build', '/home/ubuntu/environment/aws-robomaker-testcase-framework/simulation_ws/build/robomaker_simulation_msgs', '--target', 'tests', '--', '-j2', '-l2'], 'cwd': '/home/ubuntu/environment/aws-robomaker-testcase-framework/simulation_ws/build/robomaker_simulation_msgs', 'env': OrderedDict([('HISTFILESIZE', '100000'), ('TMUX', '/tmp/tmux-1000/cloud92.2,7000,0'), ('MAIL', '/var/mail/ubuntu'), ('USER', 'ubuntu'), ('_system_version', '18.04'), ('SSH_CLIENT', '18.184.203.130 63568 22'), ('ROS_PACKAGE_PATH', '/opt/ros/melodic/share'), ('LD_LIBRARY_PATH', '/opt/ros/melodic/lib'), ('ROS_ETC_DIR', '/opt/ros/melodic/etc/ros'), ('SHLVL', '4'), ('OLDPWD', '/home/ubuntu/environment/aws-robomaker-testcase-framework'), ('HOME', '/home/ubuntu'), ('PORT', '8080'), ('ISOUTPUTPANE', '0'), ('NVM_BIN', '/home/ubuntu/.nvm/versions/node/v8.17.0/bin'), ('NVM_NODEJS_ORG_MIRROR', 'https://nodejs.org/dist'), ('ROS_PYTHON_VERSION', '2'), ('C9_USER', 'Admin'), ('NVM_DIR', '/home/ubuntu/.nvm'), ('NVM_PATH', '/home/ubuntu/.nvm/versions/node/v8.17.0/lib/node'), ('ROS_DISTRO', 'melodic'), ('HGUSER', 'Admin'), ('LOGNAME', 'ubuntu'), ('rvm_bin_path', '/usr/local/rvm/bin'), ('_', '/usr/local/bin/colcon'), ('RUBY_VERSION', 'ruby-2.4.1'), ('ROS_VERSION', '1'), ('C9_PORT', '8080'), ('PKG_CONFIG_PATH', '/opt/ros/melodic/lib/pkgconfig'), ('IRBRC', '/usr/local/rvm/rubies/ruby-2.4.1/.irbrc'), ('XDG_SESSION_ID', '3'), ('TERM', 'screen'), ('PATH', '/home/ubuntu/.nvm/versions/node/v8.17.0/bin:/opt/ros/melodic/bin:/usr/local/rvm/gems/ruby-2.4.1/bin:/usr/local/rvm/gems/ruby-2.4.1@global/bin:/usr/local/rvm/rubies/ruby-2.4.1/bin:/usr/local/sbin:/usr/local/bin:/usr/sbin:/usr/bin:/sbin:/bin:/usr/games:/usr/local/games:/home/ubuntu/.local/bin:/home/ubuntu/bin:/snap/bin:/home/ubuntu/.local/bin:/home/ubuntu/bin:/usr/local/rvm/bin:/home/ubuntu/.local/bin:/home/ubuntu/bin'), ('NVM_IOJS_ORG_MIRROR', 'https://iojs.org/dist'), ('XDG_RUNTIME_DIR', '/run/user/1000'), ('MY_RUBY_HOME', '/usr/local/rvm/rubies/ruby-2.4.1'), ('LANG', 'C.UTF-8'), ('HISTSIZE', '100000'), ('ROS_ROOT', '/opt/ros/melodic/share/ros'), ('ROSLISP_PACKAGE_DIRECTORIES', ''), ('C9_HOSTNAME', '18.195.16.154'), ('NODE_PATH', '/home/ubuntu/.c9/node_modules'), ('SHELL', '/bin/bash'), ('ROS_MASTER_URI', 'http://localhost:11311'), ('rvm_prefix', '/usr/local'), ('PROMPT_COMMAND', 'history -a;'), ('_system_type', 'Linux'), ('GEM_HOME', '/usr/local/rvm/gems/ruby-2.4.1'), ('C9_PID', 'dd756569867d469dba65339c5771097a'), ('rvm_version', '1.29.3 (1.29.3)'), ('_system_arch', 'x86_64'), ('C9_PROJECT', 'Test-Cases'), ('PWD', '/home/ubuntu/environment/aws-robomaker-testcase-framework/simulation_ws/build/robomaker_simulation_msgs'), ('GEM_PATH', '/usr/local/rvm/gems/ruby-2.4.1:/usr/local/rvm/gems/ruby-2.4.1@global'), ('SSH_CONNECTION', '18.184.203.130 63568 10.168.10.194 22'), ('NVM_CD_FLAGS', ''), ('XDG_DATA_DIRS', '/usr/local/share:/usr/share:/var/lib/snapd/desktop'), ('IP', '127.0.0.1'), ('_system_name', 'Ubuntu'), ('PYTHONPATH', '/opt/ros/melodic/lib/python2.7/dist-packages'), ('COLCON', '1'), ('rvm_path', '/usr/local/rvm'), ('TMUX_PANE', '%0'), ('MANPATH', '/home/ubuntu/.nvm/versions/node/v8.17.0/share/man:/usr/local/rvm/rubies/ruby-2.4.1/share/man:/usr/local/man:/usr/local/share/man:/usr/share/man:/usr/local/rvm/man'), ('EDITOR', ''), ('CMAKE_PREFIX_PATH', '/opt/ros/melodic')]), 'shell': False}
[0.495027] (robomaker_simulation_msgs) StdoutLine: {'line': b'Built target tests\n'}
[0.500338] (-) TimerEvent: {}
[0.505268] (robomaker_simulation_msgs) CommandEnded: {'returncode': 0}
[0.542005] (robomaker_simulation_msgs) JobProgress: {'identifier': 'robomaker_simulation_msgs', 'progress': 'install'}
[0.551877] (robomaker_simulation_msgs) Command: {'cmd': ['/usr/bin/cmake', '--build', '/home/ubuntu/environment/aws-robomaker-testcase-framework/simulation_ws/build/robomaker_simulation_msgs', '--target', 'install', '--', '-j2', '-l2'], 'cwd': '/home/ubuntu/environment/aws-robomaker-testcase-framework/simulation_ws/build/robomaker_simulation_msgs', 'env': OrderedDict([('HISTFILESIZE', '100000'), ('TMUX', '/tmp/tmux-1000/cloud92.2,7000,0'), ('MAIL', '/var/mail/ubuntu'), ('USER', 'ubuntu'), ('_system_version', '18.04'), ('SSH_CLIENT', '18.184.203.130 63568 22'), ('ROS_PACKAGE_PATH', '/opt/ros/melodic/share'), ('LD_LIBRARY_PATH', '/opt/ros/melodic/lib'), ('ROS_ETC_DIR', '/opt/ros/melodic/etc/ros'), ('SHLVL', '4'), ('OLDPWD', '/home/ubuntu/environment/aws-robomaker-testcase-framework'), ('HOME', '/home/ubuntu'), ('PORT', '8080'), ('ISOUTPUTPANE', '0'), ('NVM_BIN', '/home/ubuntu/.nvm/versions/node/v8.17.0/bin'), ('NVM_NODEJS_ORG_MIRROR', 'https://nodejs.org/dist'), ('ROS_PYTHON_VERSION', '2'), ('C9_USER', 'Admin'), ('NVM_DIR', '/home/ubuntu/.nvm'), ('NVM_PATH', '/home/ubuntu/.nvm/versions/node/v8.17.0/lib/node'), ('ROS_DISTRO', 'melodic'), ('HGUSER', 'Admin'), ('LOGNAME', 'ubuntu'), ('rvm_bin_path', '/usr/local/rvm/bin'), ('_', '/usr/local/bin/colcon'), ('RUBY_VERSION', 'ruby-2.4.1'), ('ROS_VERSION', '1'), ('C9_PORT', '8080'), ('PKG_CONFIG_PATH', '/opt/ros/melodic/lib/pkgconfig'), ('IRBRC', '/usr/local/rvm/rubies/ruby-2.4.1/.irbrc'), ('XDG_SESSION_ID', '3'), ('TERM', 'screen'), ('PATH', '/home/ubuntu/.nvm/versions/node/v8.17.0/bin:/opt/ros/melodic/bin:/usr/local/rvm/gems/ruby-2.4.1/bin:/usr/local/rvm/gems/ruby-2.4.1@global/bin:/usr/local/rvm/rubies/ruby-2.4.1/bin:/usr/local/sbin:/usr/local/bin:/usr/sbin:/usr/bin:/sbin:/bin:/usr/games:/usr/local/games:/home/ubuntu/.local/bin:/home/ubuntu/bin:/snap/bin:/home/ubuntu/.local/bin:/home/ubuntu/bin:/usr/local/rvm/bin:/home/ubuntu/.local/bin:/home/ubuntu/bin'), ('NVM_IOJS_ORG_MIRROR', 'https://iojs.org/dist'), ('XDG_RUNTIME_DIR', '/run/user/1000'), ('MY_RUBY_HOME', '/usr/local/rvm/rubies/ruby-2.4.1'), ('LANG', 'C.UTF-8'), ('HISTSIZE', '100000'), ('ROS_ROOT', '/opt/ros/melodic/share/ros'), ('ROSLISP_PACKAGE_DIRECTORIES', ''), ('C9_HOSTNAME', '18.195.16.154'), ('NODE_PATH', '/home/ubuntu/.c9/node_modules'), ('SHELL', '/bin/bash'), ('ROS_MASTER_URI', 'http://localhost:11311'), ('rvm_prefix', '/usr/local'), ('PROMPT_COMMAND', 'history -a;'), ('_system_type', 'Linux'), ('GEM_HOME', '/usr/local/rvm/gems/ruby-2.4.1'), ('C9_PID', 'dd756569867d469dba65339c5771097a'), ('rvm_version', '1.29.3 (1.29.3)'), ('_system_arch', 'x86_64'), ('C9_PROJECT', 'Test-Cases'), ('PWD', '/home/ubuntu/environment/aws-robomaker-testcase-framework/simulation_ws/build/robomaker_simulation_msgs'), ('GEM_PATH', '/usr/local/rvm/gems/ruby-2.4.1:/usr/local/rvm/gems/ruby-2.4.1@global'), ('SSH_CONNECTION', '18.184.203.130 63568 10.168.10.194 22'), ('NVM_CD_FLAGS', ''), ('XDG_DATA_DIRS', '/usr/local/share:/usr/share:/var/lib/snapd/desktop'), ('IP', '127.0.0.1'), ('_system_name', 'Ubuntu'), ('PYTHONPATH', '/opt/ros/melodic/lib/python2.7/dist-packages'), ('COLCON', '1'), ('rvm_path', '/usr/local/rvm'), ('TMUX_PANE', '%0'), ('MANPATH', '/home/ubuntu/.nvm/versions/node/v8.17.0/share/man:/usr/local/rvm/rubies/ruby-2.4.1/share/man:/usr/local/man:/usr/local/share/man:/usr/share/man:/usr/local/rvm/man'), ('EDITOR', ''), ('CMAKE_PREFIX_PATH', '/opt/ros/melodic')]), 'shell': False}
[0.600481] (-) TimerEvent: {}
[0.647564] (robomaker_simulation_msgs) StdoutLine: {'line': b'[  0%] Built target _robomaker_simulation_msgs_generate_messages_check_deps_AddTags\n'}
[0.647954] (robomaker_simulation_msgs) StdoutLine: {'line': b'[  0%] Built target _robomaker_simulation_msgs_generate_messages_check_deps_RemoveTags\n'}
[0.700578] (-) TimerEvent: {}
[0.715036] (robomaker_simulation_msgs) StdoutLine: {'line': b'[  0%] Built target _robomaker_simulation_msgs_generate_messages_check_deps_Cancel\n'}
[0.716728] (robomaker_simulation_msgs) StdoutLine: {'line': b'[  0%] Built target _robomaker_simulation_msgs_generate_messages_check_deps_Tag\n'}
[0.743216] (robomaker_simulation_msgs) StdoutLine: {'line': b'[  0%] Built target std_msgs_generate_messages_eus\n'}
[0.772153] (robomaker_simulation_msgs) StdoutLine: {'line': b'[  0%] Built target std_msgs_generate_messages_nodejs\n'}
[0.783371] (robomaker_simulation_msgs) StdoutLine: {'line': b'[  0%] Built target _robomaker_simulation_msgs_generate_messages_check_deps_ListTags\n'}
[0.800668] (-) TimerEvent: {}
[0.801241] (robomaker_simulation_msgs) StdoutLine: {'line': b'[  0%] Built target std_msgs_generate_messages_lisp\n'}
[0.812344] (robomaker_simulation_msgs) StdoutLine: {'line': b'[  0%] Built target std_msgs_generate_messages_py\n'}
[0.829629] (robomaker_simulation_msgs) StdoutLine: {'line': b'[  0%] Built target std_msgs_generate_messages_cpp\n'}
[0.841921] (robomaker_simulation_msgs) StdoutLine: {'line': b'[ 21%] Built target robomaker_simulation_msgs_generate_messages_eus\n'}
[0.859016] (robomaker_simulation_msgs) StdoutLine: {'line': b'[ 39%] Built target robomaker_simulation_msgs_generate_messages_nodejs\n'}
[0.871784] (robomaker_simulation_msgs) StdoutLine: {'line': b'[ 57%] Built target robomaker_simulation_msgs_generate_messages_lisp\n'}
[0.888629] (robomaker_simulation_msgs) StdoutLine: {'line': b'[ 82%] Built target robomaker_simulation_msgs_generate_messages_py\n'}
[0.896778] (robomaker_simulation_msgs) StdoutLine: {'line': b'[100%] Built target robomaker_simulation_msgs_generate_messages_cpp\n'}
[0.900757] (-) TimerEvent: {}
[0.915673] (robomaker_simulation_msgs) StdoutLine: {'line': b'[100%] Built target robomaker_simulation_msgs_generate_messages\n'}
[0.933785] (robomaker_simulation_msgs) StdoutLine: {'line': b'\x1b[36mInstall the project...\x1b[0m\n'}
[0.942047] (robomaker_simulation_msgs) StdoutLine: {'line': b'-- Install configuration: ""\n'}
[0.942367] (robomaker_simulation_msgs) StdoutLine: {'line': b'-- Up-to-date: /home/ubuntu/environment/aws-robomaker-testcase-framework/simulation_ws/install/robomaker_simulation_msgs/share/robomaker_simulation_msgs/msg/Tag.msg\n'}
[0.942556] (robomaker_simulation_msgs) StdoutLine: {'line': b'-- Up-to-date: /home/ubuntu/environment/aws-robomaker-testcase-framework/simulation_ws/install/robomaker_simulation_msgs/share/robomaker_simulation_msgs/srv/Cancel.srv\n'}
[0.942749] (robomaker_simulation_msgs) StdoutLine: {'line': b'-- Up-to-date: /home/ubuntu/environment/aws-robomaker-testcase-framework/simulation_ws/install/robomaker_simulation_msgs/share/robomaker_simulation_msgs/srv/ListTags.srv\n'}
[0.942921] (robomaker_simulation_msgs) StdoutLine: {'line': b'-- Up-to-date: /home/ubuntu/environment/aws-robomaker-testcase-framework/simulation_ws/install/robomaker_simulation_msgs/share/robomaker_simulation_msgs/srv/AddTags.srv\n'}
[0.943265] (robomaker_simulation_msgs) StdoutLine: {'line': b'-- Up-to-date: /home/ubuntu/environment/aws-robomaker-testcase-framework/simulation_ws/install/robomaker_simulation_msgs/share/robomaker_simulation_msgs/srv/RemoveTags.srv\n'}
[0.943430] (robomaker_simulation_msgs) StdoutLine: {'line': b'-- Up-to-date: /home/ubuntu/environment/aws-robomaker-testcase-framework/simulation_ws/install/robomaker_simulation_msgs/share/robomaker_simulation_msgs/cmake/robomaker_simulation_msgs-msg-paths.cmake\n'}
[0.943586] (robomaker_simulation_msgs) StdoutLine: {'line': b'-- Up-to-date: /home/ubuntu/environment/aws-robomaker-testcase-framework/simulation_ws/install/robomaker_simulation_msgs/include/robomaker_simulation_msgs\n'}
[0.943758] (robomaker_simulation_msgs) StdoutLine: {'line': b'-- Up-to-date: /home/ubuntu/environment/aws-robomaker-testcase-framework/simulation_ws/install/robomaker_simulation_msgs/include/robomaker_simulation_msgs/AddTagsResponse.h\n'}
[0.943919] (robomaker_simulation_msgs) StdoutLine: {'line': b'-- Up-to-date: /home/ubuntu/environment/aws-robomaker-testcase-framework/simulation_ws/install/robomaker_simulation_msgs/include/robomaker_simulation_msgs/RemoveTagsRequest.h\n'}
[0.944259] (robomaker_simulation_msgs) StdoutLine: {'line': b'-- Up-to-date: /home/ubuntu/environment/aws-robomaker-testcase-framework/simulation_ws/install/robomaker_simulation_msgs/include/robomaker_simulation_msgs/Cancel.h\n'}
[0.944555] (robomaker_simulation_msgs) StdoutLine: {'line': b'-- Up-to-date: /home/ubuntu/environment/aws-robomaker-testcase-framework/simulation_ws/install/robomaker_simulation_msgs/include/robomaker_simulation_msgs/AddTagsRequest.h\n'}
[0.944713] (robomaker_simulation_msgs) StdoutLine: {'line': b'-- Up-to-date: /home/ubuntu/environment/aws-robomaker-testcase-framework/simulation_ws/install/robomaker_simulation_msgs/include/robomaker_simulation_msgs/ListTagsResponse.h\n'}
[0.944824] (robomaker_simulation_msgs) StdoutLine: {'line': b'-- Up-to-date: /home/ubuntu/environment/aws-robomaker-testcase-framework/simulation_ws/install/robomaker_simulation_msgs/include/robomaker_simulation_msgs/RemoveTags.h\n'}
[0.944931] (robomaker_simulation_msgs) StdoutLine: {'line': b'-- Up-to-date: /home/ubuntu/environment/aws-robomaker-testcase-framework/simulation_ws/install/robomaker_simulation_msgs/include/robomaker_simulation_msgs/CancelResponse.h\n'}
[0.945043] (robomaker_simulation_msgs) StdoutLine: {'line': b'-- Up-to-date: /home/ubuntu/environment/aws-robomaker-testcase-framework/simulation_ws/install/robomaker_simulation_msgs/include/robomaker_simulation_msgs/CancelRequest.h\n'}
[0.945147] (robomaker_simulation_msgs) StdoutLine: {'line': b'-- Up-to-date: /home/ubuntu/environment/aws-robomaker-testcase-framework/simulation_ws/install/robomaker_simulation_msgs/include/robomaker_simulation_msgs/ListTags.h\n'}
[0.945248] (robomaker_simulation_msgs) StdoutLine: {'line': b'-- Up-to-date: /home/ubuntu/environment/aws-robomaker-testcase-framework/simulation_ws/install/robomaker_simulation_msgs/include/robomaker_simulation_msgs/Tag.h\n'}
[0.945372] (robomaker_simulation_msgs) StdoutLine: {'line': b'-- Up-to-date: /home/ubuntu/environment/aws-robomaker-testcase-framework/simulation_ws/install/robomaker_simulation_msgs/include/robomaker_simulation_msgs/AddTags.h\n'}
[0.945485] (robomaker_simulation_msgs) StdoutLine: {'line': b'-- Up-to-date: /home/ubuntu/environment/aws-robomaker-testcase-framework/simulation_ws/install/robomaker_simulation_msgs/include/robomaker_simulation_msgs/RemoveTagsResponse.h\n'}
[0.945601] (robomaker_simulation_msgs) StdoutLine: {'line': b'-- Up-to-date: /home/ubuntu/environment/aws-robomaker-testcase-framework/simulation_ws/install/robomaker_simulation_msgs/include/robomaker_simulation_msgs/ListTagsRequest.h\n'}
[0.945738] (robomaker_simulation_msgs) StdoutLine: {'line': b'-- Up-to-date: /home/ubuntu/environment/aws-robomaker-testcase-framework/simulation_ws/install/robomaker_simulation_msgs/share/roseus/ros/robomaker_simulation_msgs\n'}
[0.945859] (robomaker_simulation_msgs) StdoutLine: {'line': b'-- Up-to-date: /home/ubuntu/environment/aws-robomaker-testcase-framework/simulation_ws/install/robomaker_simulation_msgs/share/roseus/ros/robomaker_simulation_msgs/srv\n'}
[0.945978] (robomaker_simulation_msgs) StdoutLine: {'line': b'-- Up-to-date: /home/ubuntu/environment/aws-robomaker-testcase-framework/simulation_ws/install/robomaker_simulation_msgs/share/roseus/ros/robomaker_simulation_msgs/srv/Cancel.l\n'}
[0.946091] (robomaker_simulation_msgs) StdoutLine: {'line': b'-- Up-to-date: /home/ubuntu/environment/aws-robomaker-testcase-framework/simulation_ws/install/robomaker_simulation_msgs/share/roseus/ros/robomaker_simulation_msgs/srv/RemoveTags.l\n'}
[0.946204] (robomaker_simulation_msgs) StdoutLine: {'line': b'-- Up-to-date: /home/ubuntu/environment/aws-robomaker-testcase-framework/simulation_ws/install/robomaker_simulation_msgs/share/roseus/ros/robomaker_simulation_msgs/srv/ListTags.l\n'}
[0.946312] (robomaker_simulation_msgs) StdoutLine: {'line': b'-- Up-to-date: /home/ubuntu/environment/aws-robomaker-testcase-framework/simulation_ws/install/robomaker_simulation_msgs/share/roseus/ros/robomaker_simulation_msgs/srv/AddTags.l\n'}
[0.946417] (robomaker_simulation_msgs) StdoutLine: {'line': b'-- Up-to-date: /home/ubuntu/environment/aws-robomaker-testcase-framework/simulation_ws/install/robomaker_simulation_msgs/share/roseus/ros/robomaker_simulation_msgs/manifest.l\n'}
[0.946527] (robomaker_simulation_msgs) StdoutLine: {'line': b'-- Up-to-date: /home/ubuntu/environment/aws-robomaker-testcase-framework/simulation_ws/install/robomaker_simulation_msgs/share/roseus/ros/robomaker_simulation_msgs/msg\n'}
[0.946637] (robomaker_simulation_msgs) StdoutLine: {'line': b'-- Up-to-date: /home/ubuntu/environment/aws-robomaker-testcase-framework/simulation_ws/install/robomaker_simulation_msgs/share/roseus/ros/robomaker_simulation_msgs/msg/Tag.l\n'}
[0.946749] (robomaker_simulation_msgs) StdoutLine: {'line': b'-- Up-to-date: /home/ubuntu/environment/aws-robomaker-testcase-framework/simulation_ws/install/robomaker_simulation_msgs/share/common-lisp/ros/robomaker_simulation_msgs\n'}
[0.946861] (robomaker_simulation_msgs) StdoutLine: {'line': b'-- Up-to-date: /home/ubuntu/environment/aws-robomaker-testcase-framework/simulation_ws/install/robomaker_simulation_msgs/share/common-lisp/ros/robomaker_simulation_msgs/srv\n'}
[0.946974] (robomaker_simulation_msgs) StdoutLine: {'line': b'-- Up-to-date: /home/ubuntu/environment/aws-robomaker-testcase-framework/simulation_ws/install/robomaker_simulation_msgs/share/common-lisp/ros/robomaker_simulation_msgs/srv/_package_AddTags.lisp\n'}
[0.947090] (robomaker_simulation_msgs) StdoutLine: {'line': b'-- Up-to-date: /home/ubuntu/environment/aws-robomaker-testcase-framework/simulation_ws/install/robomaker_simulation_msgs/share/common-lisp/ros/robomaker_simulation_msgs/srv/_package.lisp\n'}
[0.947206] (robomaker_simulation_msgs) StdoutLine: {'line': b'-- Up-to-date: /home/ubuntu/environment/aws-robomaker-testcase-framework/simulation_ws/install/robomaker_simulation_msgs/share/common-lisp/ros/robomaker_simulation_msgs/srv/Cancel.lisp\n'}
[0.947329] (robomaker_simulation_msgs) StdoutLine: {'line': b'-- Up-to-date: /home/ubuntu/environment/aws-robomaker-testcase-framework/simulation_ws/install/robomaker_simulation_msgs/share/common-lisp/ros/robomaker_simulation_msgs/srv/_package_Cancel.lisp\n'}
[0.947453] (robomaker_simulation_msgs) StdoutLine: {'line': b'-- Up-to-date: /home/ubuntu/environment/aws-robomaker-testcase-framework/simulation_ws/install/robomaker_simulation_msgs/share/common-lisp/ros/robomaker_simulation_msgs/srv/RemoveTags.lisp\n'}
[0.947567] (robomaker_simulation_msgs) StdoutLine: {'line': b'-- Up-to-date: /home/ubuntu/environment/aws-robomaker-testcase-framework/simulation_ws/install/robomaker_simulation_msgs/share/common-lisp/ros/robomaker_simulation_msgs/srv/robomaker_simulation_msgs-srv.asd\n'}
[0.947682] (robomaker_simulation_msgs) StdoutLine: {'line': b'-- Up-to-date: /home/ubuntu/environment/aws-robomaker-testcase-framework/simulation_ws/install/robomaker_simulation_msgs/share/common-lisp/ros/robomaker_simulation_msgs/srv/AddTags.lisp\n'}
[0.947800] (robomaker_simulation_msgs) StdoutLine: {'line': b'-- Up-to-date: /home/ubuntu/environment/aws-robomaker-testcase-framework/simulation_ws/install/robomaker_simulation_msgs/share/common-lisp/ros/robomaker_simulation_msgs/srv/_package_RemoveTags.lisp\n'}
[0.947919] (robomaker_simulation_msgs) StdoutLine: {'line': b'-- Up-to-date: /home/ubuntu/environment/aws-robomaker-testcase-framework/simulation_ws/install/robomaker_simulation_msgs/share/common-lisp/ros/robomaker_simulation_msgs/srv/_package_ListTags.lisp\n'}
[0.948035] (robomaker_simulation_msgs) StdoutLine: {'line': b'-- Up-to-date: /home/ubuntu/environment/aws-robomaker-testcase-framework/simulation_ws/install/robomaker_simulation_msgs/share/common-lisp/ros/robomaker_simulation_msgs/srv/ListTags.lisp\n'}
[0.948143] (robomaker_simulation_msgs) StdoutLine: {'line': b'-- Up-to-date: /home/ubuntu/environment/aws-robomaker-testcase-framework/simulation_ws/install/robomaker_simulation_msgs/share/common-lisp/ros/robomaker_simulation_msgs/msg\n'}
[0.948260] (robomaker_simulation_msgs) StdoutLine: {'line': b'-- Up-to-date: /home/ubuntu/environment/aws-robomaker-testcase-framework/simulation_ws/install/robomaker_simulation_msgs/share/common-lisp/ros/robomaker_simulation_msgs/msg/_package.lisp\n'}
[0.948375] (robomaker_simulation_msgs) StdoutLine: {'line': b'-- Up-to-date: /home/ubuntu/environment/aws-robomaker-testcase-framework/simulation_ws/install/robomaker_simulation_msgs/share/common-lisp/ros/robomaker_simulation_msgs/msg/Tag.lisp\n'}
[0.948491] (robomaker_simulation_msgs) StdoutLine: {'line': b'-- Up-to-date: /home/ubuntu/environment/aws-robomaker-testcase-framework/simulation_ws/install/robomaker_simulation_msgs/share/common-lisp/ros/robomaker_simulation_msgs/msg/robomaker_simulation_msgs-msg.asd\n'}
[0.948608] (robomaker_simulation_msgs) StdoutLine: {'line': b'-- Up-to-date: /home/ubuntu/environment/aws-robomaker-testcase-framework/simulation_ws/install/robomaker_simulation_msgs/share/common-lisp/ros/robomaker_simulation_msgs/msg/_package_Tag.lisp\n'}
[0.948724] (robomaker_simulation_msgs) StdoutLine: {'line': b'-- Up-to-date: /home/ubuntu/environment/aws-robomaker-testcase-framework/simulation_ws/install/robomaker_simulation_msgs/share/gennodejs/ros/robomaker_simulation_msgs\n'}
[0.948840] (robomaker_simulation_msgs) StdoutLine: {'line': b'-- Up-to-date: /home/ubuntu/environment/aws-robomaker-testcase-framework/simulation_ws/install/robomaker_simulation_msgs/share/gennodejs/ros/robomaker_simulation_msgs/_index.js\n'}
[0.948960] (robomaker_simulation_msgs) StdoutLine: {'line': b'-- Up-to-date: /home/ubuntu/environment/aws-robomaker-testcase-framework/simulation_ws/install/robomaker_simulation_msgs/share/gennodejs/ros/robomaker_simulation_msgs/srv\n'}
[0.949072] (robomaker_simulation_msgs) StdoutLine: {'line': b'-- Up-to-date: /home/ubuntu/environment/aws-robomaker-testcase-framework/simulation_ws/install/robomaker_simulation_msgs/share/gennodejs/ros/robomaker_simulation_msgs/srv/Cancel.js\n'}
[0.949193] (robomaker_simulation_msgs) StdoutLine: {'line': b'-- Up-to-date: /home/ubuntu/environment/aws-robomaker-testcase-framework/simulation_ws/install/robomaker_simulation_msgs/share/gennodejs/ros/robomaker_simulation_msgs/srv/_index.js\n'}
[0.949306] (robomaker_simulation_msgs) StdoutLine: {'line': b'-- Up-to-date: /home/ubuntu/environment/aws-robomaker-testcase-framework/simulation_ws/install/robomaker_simulation_msgs/share/gennodejs/ros/robomaker_simulation_msgs/srv/RemoveTags.js\n'}
[0.949421] (robomaker_simulation_msgs) StdoutLine: {'line': b'-- Up-to-date: /home/ubuntu/environment/aws-robomaker-testcase-framework/simulation_ws/install/robomaker_simulation_msgs/share/gennodejs/ros/robomaker_simulation_msgs/srv/ListTags.js\n'}
[0.949534] (robomaker_simulation_msgs) StdoutLine: {'line': b'-- Up-to-date: /home/ubuntu/environment/aws-robomaker-testcase-framework/simulation_ws/install/robomaker_simulation_msgs/share/gennodejs/ros/robomaker_simulation_msgs/srv/AddTags.js\n'}
[0.949647] (robomaker_simulation_msgs) StdoutLine: {'line': b'-- Up-to-date: /home/ubuntu/environment/aws-robomaker-testcase-framework/simulation_ws/install/robomaker_simulation_msgs/share/gennodejs/ros/robomaker_simulation_msgs/msg\n'}
[0.949856] (robomaker_simulation_msgs) StdoutLine: {'line': b'-- Up-to-date: /home/ubuntu/environment/aws-robomaker-testcase-framework/simulation_ws/install/robomaker_simulation_msgs/share/gennodejs/ros/robomaker_simulation_msgs/msg/_index.js\n'}
[0.949983] (robomaker_simulation_msgs) StdoutLine: {'line': b'-- Up-to-date: /home/ubuntu/environment/aws-robomaker-testcase-framework/simulation_ws/install/robomaker_simulation_msgs/share/gennodejs/ros/robomaker_simulation_msgs/msg/Tag.js\n'}
[0.957807] (robomaker_simulation_msgs) StdoutLine: {'line': b'Listing /home/ubuntu/environment/aws-robomaker-testcase-framework/simulation_ws/build/robomaker_simulation_msgs/devel/lib/python2.7/dist-packages/robomaker_simulation_msgs ...\n'}
[0.957977] (robomaker_simulation_msgs) StdoutLine: {'line': b'Listing /home/ubuntu/environment/aws-robomaker-testcase-framework/simulation_ws/build/robomaker_simulation_msgs/devel/lib/python2.7/dist-packages/robomaker_simulation_msgs/msg ...\n'}
[0.958106] (robomaker_simulation_msgs) StdoutLine: {'line': b'Listing /home/ubuntu/environment/aws-robomaker-testcase-framework/simulation_ws/build/robomaker_simulation_msgs/devel/lib/python2.7/dist-packages/robomaker_simulation_msgs/srv ...\n'}
[0.959305] (robomaker_simulation_msgs) StdoutLine: {'line': b'-- Up-to-date: /home/ubuntu/environment/aws-robomaker-testcase-framework/simulation_ws/install/robomaker_simulation_msgs/lib/python2.7/dist-packages/robomaker_simulation_msgs\n'}
[0.959736] (robomaker_simulation_msgs) StdoutLine: {'line': b'-- Up-to-date: /home/ubuntu/environment/aws-robomaker-testcase-framework/simulation_ws/install/robomaker_simulation_msgs/lib/python2.7/dist-packages/robomaker_simulation_msgs/__init__.pyc\n'}
[0.959989] (robomaker_simulation_msgs) StdoutLine: {'line': b'-- Up-to-date: /home/ubuntu/environment/aws-robomaker-testcase-framework/simulation_ws/install/robomaker_simulation_msgs/lib/python2.7/dist-packages/robomaker_simulation_msgs/srv\n'}
[0.960197] (robomaker_simulation_msgs) StdoutLine: {'line': b'-- Up-to-date: /home/ubuntu/environment/aws-robomaker-testcase-framework/simulation_ws/install/robomaker_simulation_msgs/lib/python2.7/dist-packages/robomaker_simulation_msgs/srv/_Cancel.pyc\n'}
[0.960421] (robomaker_simulation_msgs) StdoutLine: {'line': b'-- Up-to-date: /home/ubuntu/environment/aws-robomaker-testcase-framework/simulation_ws/install/robomaker_simulation_msgs/lib/python2.7/dist-packages/robomaker_simulation_msgs/srv/__init__.pyc\n'}
[0.960552] (robomaker_simulation_msgs) StdoutLine: {'line': b'-- Up-to-date: /home/ubuntu/environment/aws-robomaker-testcase-framework/simulation_ws/install/robomaker_simulation_msgs/lib/python2.7/dist-packages/robomaker_simulation_msgs/srv/_Cancel.py\n'}
[0.960685] (robomaker_simulation_msgs) StdoutLine: {'line': b'-- Up-to-date: /home/ubuntu/environment/aws-robomaker-testcase-framework/simulation_ws/install/robomaker_simulation_msgs/lib/python2.7/dist-packages/robomaker_simulation_msgs/srv/_AddTags.py\n'}
[0.960807] (robomaker_simulation_msgs) StdoutLine: {'line': b'-- Up-to-date: /home/ubuntu/environment/aws-robomaker-testcase-framework/simulation_ws/install/robomaker_simulation_msgs/lib/python2.7/dist-packages/robomaker_simulation_msgs/srv/_AddTags.pyc\n'}
[0.960925] (robomaker_simulation_msgs) StdoutLine: {'line': b'-- Up-to-date: /home/ubuntu/environment/aws-robomaker-testcase-framework/simulation_ws/install/robomaker_simulation_msgs/lib/python2.7/dist-packages/robomaker_simulation_msgs/srv/_RemoveTags.py\n'}
[0.961043] (robomaker_simulation_msgs) StdoutLine: {'line': b'-- Up-to-date: /home/ubuntu/environment/aws-robomaker-testcase-framework/simulation_ws/install/robomaker_simulation_msgs/lib/python2.7/dist-packages/robomaker_simulation_msgs/srv/_ListTags.py\n'}
[0.961155] (robomaker_simulation_msgs) StdoutLine: {'line': b'-- Up-to-date: /home/ubuntu/environment/aws-robomaker-testcase-framework/simulation_ws/install/robomaker_simulation_msgs/lib/python2.7/dist-packages/robomaker_simulation_msgs/srv/__init__.py\n'}
[0.961268] (robomaker_simulation_msgs) StdoutLine: {'line': b'-- Up-to-date: /home/ubuntu/environment/aws-robomaker-testcase-framework/simulation_ws/install/robomaker_simulation_msgs/lib/python2.7/dist-packages/robomaker_simulation_msgs/srv/_RemoveTags.pyc\n'}
[0.961377] (robomaker_simulation_msgs) StdoutLine: {'line': b'-- Up-to-date: /home/ubuntu/environment/aws-robomaker-testcase-framework/simulation_ws/install/robomaker_simulation_msgs/lib/python2.7/dist-packages/robomaker_simulation_msgs/srv/_ListTags.pyc\n'}
[0.961488] (robomaker_simulation_msgs) StdoutLine: {'line': b'-- Up-to-date: /home/ubuntu/environment/aws-robomaker-testcase-framework/simulation_ws/install/robomaker_simulation_msgs/lib/python2.7/dist-packages/robomaker_simulation_msgs/msg\n'}
[0.961593] (robomaker_simulation_msgs) StdoutLine: {'line': b'-- Up-to-date: /home/ubuntu/environment/aws-robomaker-testcase-framework/simulation_ws/install/robomaker_simulation_msgs/lib/python2.7/dist-packages/robomaker_simulation_msgs/msg/__init__.pyc\n'}
[0.961753] (robomaker_simulation_msgs) StdoutLine: {'line': b'-- Up-to-date: /home/ubuntu/environment/aws-robomaker-testcase-framework/simulation_ws/install/robomaker_simulation_msgs/lib/python2.7/dist-packages/robomaker_simulation_msgs/msg/_Tag.py\n'}
[0.961870] (robomaker_simulation_msgs) StdoutLine: {'line': b'-- Up-to-date: /home/ubuntu/environment/aws-robomaker-testcase-framework/simulation_ws/install/robomaker_simulation_msgs/lib/python2.7/dist-packages/robomaker_simulation_msgs/msg/__init__.py\n'}
[0.961968] (robomaker_simulation_msgs) StdoutLine: {'line': b'-- Up-to-date: /home/ubuntu/environment/aws-robomaker-testcase-framework/simulation_ws/install/robomaker_simulation_msgs/lib/python2.7/dist-packages/robomaker_simulation_msgs/msg/_Tag.pyc\n'}
[0.962063] (robomaker_simulation_msgs) StdoutLine: {'line': b'-- Up-to-date: /home/ubuntu/environment/aws-robomaker-testcase-framework/simulation_ws/install/robomaker_simulation_msgs/lib/python2.7/dist-packages/robomaker_simulation_msgs/__init__.py\n'}
[0.962167] (robomaker_simulation_msgs) StdoutLine: {'line': b'-- Up-to-date: /home/ubuntu/environment/aws-robomaker-testcase-framework/simulation_ws/install/robomaker_simulation_msgs/lib/pkgconfig/robomaker_simulation_msgs.pc\n'}
[0.962264] (robomaker_simulation_msgs) StdoutLine: {'line': b'-- Up-to-date: /home/ubuntu/environment/aws-robomaker-testcase-framework/simulation_ws/install/robomaker_simulation_msgs/share/robomaker_simulation_msgs/cmake/robomaker_simulation_msgs-msg-extras.cmake\n'}
[0.962361] (robomaker_simulation_msgs) StdoutLine: {'line': b'-- Up-to-date: /home/ubuntu/environment/aws-robomaker-testcase-framework/simulation_ws/install/robomaker_simulation_msgs/share/robomaker_simulation_msgs/cmake/robomaker_simulation_msgsConfig.cmake\n'}
[0.962657] (robomaker_simulation_msgs) StdoutLine: {'line': b'-- Up-to-date: /home/ubuntu/environment/aws-robomaker-testcase-framework/simulation_ws/install/robomaker_simulation_msgs/share/robomaker_simulation_msgs/cmake/robomaker_simulation_msgsConfig-version.cmake\n'}
[0.962764] (robomaker_simulation_msgs) StdoutLine: {'line': b'-- Up-to-date: /home/ubuntu/environment/aws-robomaker-testcase-framework/simulation_ws/install/robomaker_simulation_msgs/share/robomaker_simulation_msgs/package.xml\n'}
[0.964241] (robomaker_simulation_msgs) CommandEnded: {'returncode': 0}
[1.000899] (-) TimerEvent: {}
[1.048496] (robomaker_simulation_msgs) JobEnded: {'identifier': 'robomaker_simulation_msgs', 'rc': 0}
[1.061996] (aws_robomaker_simulation_ros_pkgs) JobStarted: {'identifier': 'aws_robomaker_simulation_ros_pkgs'}
[1.068814] (aws_robomaker_simulation_ros_pkgs) JobProgress: {'identifier': 'aws_robomaker_simulation_ros_pkgs', 'progress': 'cmake'}
[1.069503] (aws_robomaker_simulation_ros_pkgs) JobProgress: {'identifier': 'aws_robomaker_simulation_ros_pkgs', 'progress': 'build'}
[1.069830] (aws_robomaker_simulation_ros_pkgs) Command: {'cmd': ['/usr/bin/cmake', '--build', '/home/ubuntu/environment/aws-robomaker-testcase-framework/simulation_ws/build/aws_robomaker_simulation_ros_pkgs', '--', '-j2', '-l2'], 'cwd': '/home/ubuntu/environment/aws-robomaker-testcase-framework/simulation_ws/build/aws_robomaker_simulation_ros_pkgs', 'env': OrderedDict([('HISTFILESIZE', '100000'), ('TMUX', '/tmp/tmux-1000/cloud92.2,7000,0'), ('MAIL', '/var/mail/ubuntu'), ('USER', 'ubuntu'), ('_system_version', '18.04'), ('SSH_CLIENT', '18.184.203.130 63568 22'), ('ROS_PACKAGE_PATH', '/home/ubuntu/environment/aws-robomaker-testcase-framework/simulation_ws/install/robomaker_simulation_msgs/share:/opt/ros/melodic/share'), ('LD_LIBRARY_PATH', '/opt/ros/melodic/lib'), ('ROS_ETC_DIR', '/opt/ros/melodic/etc/ros'), ('SHLVL', '4'), ('OLDPWD', '/home/ubuntu/environment/aws-robomaker-testcase-framework'), ('HOME', '/home/ubuntu'), ('PORT', '8080'), ('ISOUTPUTPANE', '0'), ('NVM_BIN', '/home/ubuntu/.nvm/versions/node/v8.17.0/bin'), ('NVM_NODEJS_ORG_MIRROR', 'https://nodejs.org/dist'), ('ROS_PYTHON_VERSION', '2'), ('C9_USER', 'Admin'), ('NVM_DIR', '/home/ubuntu/.nvm'), ('NVM_PATH', '/home/ubuntu/.nvm/versions/node/v8.17.0/lib/node'), ('ROS_DISTRO', 'melodic'), ('HGUSER', 'Admin'), ('LOGNAME', 'ubuntu'), ('rvm_bin_path', '/usr/local/rvm/bin'), ('_', '/usr/local/bin/colcon'), ('RUBY_VERSION', 'ruby-2.4.1'), ('ROS_VERSION', '1'), ('C9_PORT', '8080'), ('PKG_CONFIG_PATH', '/home/ubuntu/environment/aws-robomaker-testcase-framework/simulation_ws/install/robomaker_simulation_msgs/lib/x86_64-linux-gnu/pkgconfig:/home/ubuntu/environment/aws-robomaker-testcase-framework/simulation_ws/install/robomaker_simulation_msgs/lib/pkgconfig:/opt/ros/melodic/lib/pkgconfig'), ('IRBRC', '/usr/local/rvm/rubies/ruby-2.4.1/.irbrc'), ('XDG_SESSION_ID', '3'), ('TERM', 'screen'), ('PATH', '/home/ubuntu/.nvm/versions/node/v8.17.0/bin:/opt/ros/melodic/bin:/usr/local/rvm/gems/ruby-2.4.1/bin:/usr/local/rvm/gems/ruby-2.4.1@global/bin:/usr/local/rvm/rubies/ruby-2.4.1/bin:/usr/local/sbin:/usr/local/bin:/usr/sbin:/usr/bin:/sbin:/bin:/usr/games:/usr/local/games:/home/ubuntu/.local/bin:/home/ubuntu/bin:/snap/bin:/home/ubuntu/.local/bin:/home/ubuntu/bin:/usr/local/rvm/bin:/home/ubuntu/.local/bin:/home/ubuntu/bin'), ('NVM_IOJS_ORG_MIRROR', 'https://iojs.org/dist'), ('XDG_RUNTIME_DIR', '/run/user/1000'), ('MY_RUBY_HOME', '/usr/local/rvm/rubies/ruby-2.4.1'), ('LANG', 'C.UTF-8'), ('HISTSIZE', '100000'), ('ROS_ROOT', '/opt/ros/melodic/share/ros'), ('ROSLISP_PACKAGE_DIRECTORIES', ''), ('C9_HOSTNAME', '18.195.16.154'), ('NODE_PATH', '/home/ubuntu/.c9/node_modules'), ('SHELL', '/bin/bash'), ('ROS_MASTER_URI', 'http://localhost:11311'), ('rvm_prefix', '/usr/local'), ('PROMPT_COMMAND', 'history -a;'), ('_system_type', 'Linux'), ('GEM_HOME', '/usr/local/rvm/gems/ruby-2.4.1'), ('C9_PID', 'dd756569867d469dba65339c5771097a'), ('rvm_version', '1.29.3 (1.29.3)'), ('_system_arch', 'x86_64'), ('C9_PROJECT', 'Test-Cases'), ('PWD', '/home/ubuntu/environment/aws-robomaker-testcase-framework/simulation_ws/build/aws_robomaker_simulation_ros_pkgs'), ('GEM_PATH', '/usr/local/rvm/gems/ruby-2.4.1:/usr/local/rvm/gems/ruby-2.4.1@global'), ('SSH_CONNECTION', '18.184.203.130 63568 10.168.10.194 22'), ('NVM_CD_FLAGS', ''), ('XDG_DATA_DIRS', '/usr/local/share:/usr/share:/var/lib/snapd/desktop'), ('IP', '127.0.0.1'), ('_system_name', 'Ubuntu'), ('PYTHONPATH', '/home/ubuntu/environment/aws-robomaker-testcase-framework/simulation_ws/install/robomaker_simulation_msgs/lib/python2.7/dist-packages:/opt/ros/melodic/lib/python2.7/dist-packages'), ('COLCON', '1'), ('rvm_path', '/usr/local/rvm'), ('TMUX_PANE', '%0'), ('MANPATH', '/home/ubuntu/.nvm/versions/node/v8.17.0/share/man:/usr/local/rvm/rubies/ruby-2.4.1/share/man:/usr/local/man:/usr/local/share/man:/usr/share/man:/usr/local/rvm/man'), ('EDITOR', ''), ('CMAKE_PREFIX_PATH', '/home/ubuntu/environment/aws-robomaker-testcase-framework/simulation_ws/install/robomaker_simulation_msgs:/opt/ros/melodic')]), 'shell': False}
[1.101012] (-) TimerEvent: {}
[1.111734] (aws_robomaker_simulation_ros_pkgs) CommandEnded: {'returncode': 0}
[1.136929] (aws_robomaker_simulation_ros_pkgs) JobProgress: {'identifier': 'aws_robomaker_simulation_ros_pkgs', 'progress': "build target 'tests'"}
[1.138137] (aws_robomaker_simulation_ros_pkgs) Command: {'cmd': ['/usr/bin/cmake', '--build', '/home/ubuntu/environment/aws-robomaker-testcase-framework/simulation_ws/build/aws_robomaker_simulation_ros_pkgs', '--target', 'tests', '--', '-j2', '-l2'], 'cwd': '/home/ubuntu/environment/aws-robomaker-testcase-framework/simulation_ws/build/aws_robomaker_simulation_ros_pkgs', 'env': OrderedDict([('HISTFILESIZE', '100000'), ('TMUX', '/tmp/tmux-1000/cloud92.2,7000,0'), ('MAIL', '/var/mail/ubuntu'), ('USER', 'ubuntu'), ('_system_version', '18.04'), ('SSH_CLIENT', '18.184.203.130 63568 22'), ('ROS_PACKAGE_PATH', '/home/ubuntu/environment/aws-robomaker-testcase-framework/simulation_ws/install/robomaker_simulation_msgs/share:/opt/ros/melodic/share'), ('LD_LIBRARY_PATH', '/opt/ros/melodic/lib'), ('ROS_ETC_DIR', '/opt/ros/melodic/etc/ros'), ('SHLVL', '4'), ('OLDPWD', '/home/ubuntu/environment/aws-robomaker-testcase-framework'), ('HOME', '/home/ubuntu'), ('PORT', '8080'), ('ISOUTPUTPANE', '0'), ('NVM_BIN', '/home/ubuntu/.nvm/versions/node/v8.17.0/bin'), ('NVM_NODEJS_ORG_MIRROR', 'https://nodejs.org/dist'), ('ROS_PYTHON_VERSION', '2'), ('C9_USER', 'Admin'), ('NVM_DIR', '/home/ubuntu/.nvm'), ('NVM_PATH', '/home/ubuntu/.nvm/versions/node/v8.17.0/lib/node'), ('ROS_DISTRO', 'melodic'), ('HGUSER', 'Admin'), ('LOGNAME', 'ubuntu'), ('rvm_bin_path', '/usr/local/rvm/bin'), ('_', '/usr/local/bin/colcon'), ('RUBY_VERSION', 'ruby-2.4.1'), ('ROS_VERSION', '1'), ('C9_PORT', '8080'), ('PKG_CONFIG_PATH', '/home/ubuntu/environment/aws-robomaker-testcase-framework/simulation_ws/install/robomaker_simulation_msgs/lib/x86_64-linux-gnu/pkgconfig:/home/ubuntu/environment/aws-robomaker-testcase-framework/simulation_ws/install/robomaker_simulation_msgs/lib/pkgconfig:/opt/ros/melodic/lib/pkgconfig'), ('IRBRC', '/usr/local/rvm/rubies/ruby-2.4.1/.irbrc'), ('XDG_SESSION_ID', '3'), ('TERM', 'screen'), ('PATH', '/home/ubuntu/.nvm/versions/node/v8.17.0/bin:/opt/ros/melodic/bin:/usr/local/rvm/gems/ruby-2.4.1/bin:/usr/local/rvm/gems/ruby-2.4.1@global/bin:/usr/local/rvm/rubies/ruby-2.4.1/bin:/usr/local/sbin:/usr/local/bin:/usr/sbin:/usr/bin:/sbin:/bin:/usr/games:/usr/local/games:/home/ubuntu/.local/bin:/home/ubuntu/bin:/snap/bin:/home/ubuntu/.local/bin:/home/ubuntu/bin:/usr/local/rvm/bin:/home/ubuntu/.local/bin:/home/ubuntu/bin'), ('NVM_IOJS_ORG_MIRROR', 'https://iojs.org/dist'), ('XDG_RUNTIME_DIR', '/run/user/1000'), ('MY_RUBY_HOME', '/usr/local/rvm/rubies/ruby-2.4.1'), ('LANG', 'C.UTF-8'), ('HISTSIZE', '100000'), ('ROS_ROOT', '/opt/ros/melodic/share/ros'), ('ROSLISP_PACKAGE_DIRECTORIES', ''), ('C9_HOSTNAME', '18.195.16.154'), ('NODE_PATH', '/home/ubuntu/.c9/node_modules'), ('SHELL', '/bin/bash'), ('ROS_MASTER_URI', 'http://localhost:11311'), ('rvm_prefix', '/usr/local'), ('PROMPT_COMMAND', 'history -a;'), ('_system_type', 'Linux'), ('GEM_HOME', '/usr/local/rvm/gems/ruby-2.4.1'), ('C9_PID', 'dd756569867d469dba65339c5771097a'), ('rvm_version', '1.29.3 (1.29.3)'), ('_system_arch', 'x86_64'), ('C9_PROJECT', 'Test-Cases'), ('PWD', '/home/ubuntu/environment/aws-robomaker-testcase-framework/simulation_ws/build/aws_robomaker_simulation_ros_pkgs'), ('GEM_PATH', '/usr/local/rvm/gems/ruby-2.4.1:/usr/local/rvm/gems/ruby-2.4.1@global'), ('SSH_CONNECTION', '18.184.203.130 63568 10.168.10.194 22'), ('NVM_CD_FLAGS', ''), ('XDG_DATA_DIRS', '/usr/local/share:/usr/share:/var/lib/snapd/desktop'), ('IP', '127.0.0.1'), ('_system_name', 'Ubuntu'), ('PYTHONPATH', '/home/ubuntu/environment/aws-robomaker-testcase-framework/simulation_ws/install/robomaker_simulation_msgs/lib/python2.7/dist-packages:/opt/ros/melodic/lib/python2.7/dist-packages'), ('COLCON', '1'), ('rvm_path', '/usr/local/rvm'), ('TMUX_PANE', '%0'), ('MANPATH', '/home/ubuntu/.nvm/versions/node/v8.17.0/share/man:/usr/local/rvm/rubies/ruby-2.4.1/share/man:/usr/local/man:/usr/local/share/man:/usr/share/man:/usr/local/rvm/man'), ('EDITOR', ''), ('CMAKE_PREFIX_PATH', '/home/ubuntu/environment/aws-robomaker-testcase-framework/simulation_ws/install/robomaker_simulation_msgs:/opt/ros/melodic')]), 'shell': False}
[1.194099] (aws_robomaker_simulation_ros_pkgs) StdoutLine: {'line': b'Built target tests\n'}
[1.201111] (-) TimerEvent: {}
[1.204342] (aws_robomaker_simulation_ros_pkgs) CommandEnded: {'returncode': 0}
[1.229616] (aws_robomaker_simulation_ros_pkgs) JobProgress: {'identifier': 'aws_robomaker_simulation_ros_pkgs', 'progress': 'install'}
[1.230134] (aws_robomaker_simulation_ros_pkgs) Command: {'cmd': ['/usr/bin/cmake', '--build', '/home/ubuntu/environment/aws-robomaker-testcase-framework/simulation_ws/build/aws_robomaker_simulation_ros_pkgs', '--target', 'install', '--', '-j2', '-l2'], 'cwd': '/home/ubuntu/environment/aws-robomaker-testcase-framework/simulation_ws/build/aws_robomaker_simulation_ros_pkgs', 'env': OrderedDict([('HISTFILESIZE', '100000'), ('TMUX', '/tmp/tmux-1000/cloud92.2,7000,0'), ('MAIL', '/var/mail/ubuntu'), ('USER', 'ubuntu'), ('_system_version', '18.04'), ('SSH_CLIENT', '18.184.203.130 63568 22'), ('ROS_PACKAGE_PATH', '/home/ubuntu/environment/aws-robomaker-testcase-framework/simulation_ws/install/robomaker_simulation_msgs/share:/opt/ros/melodic/share'), ('LD_LIBRARY_PATH', '/opt/ros/melodic/lib'), ('ROS_ETC_DIR', '/opt/ros/melodic/etc/ros'), ('SHLVL', '4'), ('OLDPWD', '/home/ubuntu/environment/aws-robomaker-testcase-framework'), ('HOME', '/home/ubuntu'), ('PORT', '8080'), ('ISOUTPUTPANE', '0'), ('NVM_BIN', '/home/ubuntu/.nvm/versions/node/v8.17.0/bin'), ('NVM_NODEJS_ORG_MIRROR', 'https://nodejs.org/dist'), ('ROS_PYTHON_VERSION', '2'), ('C9_USER', 'Admin'), ('NVM_DIR', '/home/ubuntu/.nvm'), ('NVM_PATH', '/home/ubuntu/.nvm/versions/node/v8.17.0/lib/node'), ('ROS_DISTRO', 'melodic'), ('HGUSER', 'Admin'), ('LOGNAME', 'ubuntu'), ('rvm_bin_path', '/usr/local/rvm/bin'), ('_', '/usr/local/bin/colcon'), ('RUBY_VERSION', 'ruby-2.4.1'), ('ROS_VERSION', '1'), ('C9_PORT', '8080'), ('PKG_CONFIG_PATH', '/home/ubuntu/environment/aws-robomaker-testcase-framework/simulation_ws/install/robomaker_simulation_msgs/lib/x86_64-linux-gnu/pkgconfig:/home/ubuntu/environment/aws-robomaker-testcase-framework/simulation_ws/install/robomaker_simulation_msgs/lib/pkgconfig:/opt/ros/melodic/lib/pkgconfig'), ('IRBRC', '/usr/local/rvm/rubies/ruby-2.4.1/.irbrc'), ('XDG_SESSION_ID', '3'), ('TERM', 'screen'), ('PATH', '/home/ubuntu/.nvm/versions/node/v8.17.0/bin:/opt/ros/melodic/bin:/usr/local/rvm/gems/ruby-2.4.1/bin:/usr/local/rvm/gems/ruby-2.4.1@global/bin:/usr/local/rvm/rubies/ruby-2.4.1/bin:/usr/local/sbin:/usr/local/bin:/usr/sbin:/usr/bin:/sbin:/bin:/usr/games:/usr/local/games:/home/ubuntu/.local/bin:/home/ubuntu/bin:/snap/bin:/home/ubuntu/.local/bin:/home/ubuntu/bin:/usr/local/rvm/bin:/home/ubuntu/.local/bin:/home/ubuntu/bin'), ('NVM_IOJS_ORG_MIRROR', 'https://iojs.org/dist'), ('XDG_RUNTIME_DIR', '/run/user/1000'), ('MY_RUBY_HOME', '/usr/local/rvm/rubies/ruby-2.4.1'), ('LANG', 'C.UTF-8'), ('HISTSIZE', '100000'), ('ROS_ROOT', '/opt/ros/melodic/share/ros'), ('ROSLISP_PACKAGE_DIRECTORIES', ''), ('C9_HOSTNAME', '18.195.16.154'), ('NODE_PATH', '/home/ubuntu/.c9/node_modules'), ('SHELL', '/bin/bash'), ('ROS_MASTER_URI', 'http://localhost:11311'), ('rvm_prefix', '/usr/local'), ('PROMPT_COMMAND', 'history -a;'), ('_system_type', 'Linux'), ('GEM_HOME', '/usr/local/rvm/gems/ruby-2.4.1'), ('C9_PID', 'dd756569867d469dba65339c5771097a'), ('rvm_version', '1.29.3 (1.29.3)'), ('_system_arch', 'x86_64'), ('C9_PROJECT', 'Test-Cases'), ('PWD', '/home/ubuntu/environment/aws-robomaker-testcase-framework/simulation_ws/build/aws_robomaker_simulation_ros_pkgs'), ('GEM_PATH', '/usr/local/rvm/gems/ruby-2.4.1:/usr/local/rvm/gems/ruby-2.4.1@global'), ('SSH_CONNECTION', '18.184.203.130 63568 10.168.10.194 22'), ('NVM_CD_FLAGS', ''), ('XDG_DATA_DIRS', '/usr/local/share:/usr/share:/var/lib/snapd/desktop'), ('IP', '127.0.0.1'), ('_system_name', 'Ubuntu'), ('PYTHONPATH', '/home/ubuntu/environment/aws-robomaker-testcase-framework/simulation_ws/install/robomaker_simulation_msgs/lib/python2.7/dist-packages:/opt/ros/melodic/lib/python2.7/dist-packages'), ('COLCON', '1'), ('rvm_path', '/usr/local/rvm'), ('TMUX_PANE', '%0'), ('MANPATH', '/home/ubuntu/.nvm/versions/node/v8.17.0/share/man:/usr/local/rvm/rubies/ruby-2.4.1/share/man:/usr/local/man:/usr/local/share/man:/usr/share/man:/usr/local/rvm/man'), ('EDITOR', ''), ('CMAKE_PREFIX_PATH', '/home/ubuntu/environment/aws-robomaker-testcase-framework/simulation_ws/install/robomaker_simulation_msgs:/opt/ros/melodic')]), 'shell': False}
[1.275804] (aws_robomaker_simulation_ros_pkgs) StdoutLine: {'line': b'\x1b[36mInstall the project...\x1b[0m\n'}
[1.283759] (aws_robomaker_simulation_ros_pkgs) StdoutLine: {'line': b'-- Install configuration: ""\n'}
[1.284025] (aws_robomaker_simulation_ros_pkgs) StdoutLine: {'line': b'-- Up-to-date: /home/ubuntu/environment/aws-robomaker-testcase-framework/simulation_ws/install/aws_robomaker_simulation_ros_pkgs/share/aws_robomaker_simulation_ros_pkgs/package.xml\n'}
[1.286721] (aws_robomaker_simulation_ros_pkgs) CommandEnded: {'returncode': 0}
[1.303465] (-) TimerEvent: {}
[1.337847] (aws_robomaker_simulation_ros_pkgs) JobEnded: {'identifier': 'aws_robomaker_simulation_ros_pkgs', 'rc': 0}
[1.351236] (aws_robomaker_test_framework) JobStarted: {'identifier': 'aws_robomaker_test_framework'}
[1.358996] (aws_robomaker_test_framework) JobProgress: {'identifier': 'aws_robomaker_test_framework', 'progress': 'cmake'}
[1.359654] (aws_robomaker_test_framework) Command: {'cmd': ['/usr/bin/cmake', '/home/ubuntu/environment/aws-robomaker-testcase-framework/simulation_ws/src/aws_robomaker_test_framework', '-DCATKIN_INSTALL_INTO_PREFIX_ROOT=0', '-DCMAKE_INSTALL_PREFIX=/home/ubuntu/environment/aws-robomaker-testcase-framework/simulation_ws/install/aws_robomaker_test_framework'], 'cwd': '/home/ubuntu/environment/aws-robomaker-testcase-framework/simulation_ws/build/aws_robomaker_test_framework', 'env': OrderedDict([('HISTFILESIZE', '100000'), ('TMUX', '/tmp/tmux-1000/cloud92.2,7000,0'), ('MAIL', '/var/mail/ubuntu'), ('USER', 'ubuntu'), ('_system_version', '18.04'), ('SSH_CLIENT', '18.184.203.130 63568 22'), ('ROS_PACKAGE_PATH', '/home/ubuntu/environment/aws-robomaker-testcase-framework/simulation_ws/install/aws_robomaker_simulation_ros_pkgs/share:/home/ubuntu/environment/aws-robomaker-testcase-framework/simulation_ws/install/robomaker_simulation_msgs/share:/opt/ros/melodic/share'), ('LD_LIBRARY_PATH', '/opt/ros/melodic/lib'), ('ROS_ETC_DIR', '/opt/ros/melodic/etc/ros'), ('SHLVL', '4'), ('OLDPWD', '/home/ubuntu/environment/aws-robomaker-testcase-framework'), ('HOME', '/home/ubuntu'), ('PORT', '8080'), ('ISOUTPUTPANE', '0'), ('NVM_BIN', '/home/ubuntu/.nvm/versions/node/v8.17.0/bin'), ('NVM_NODEJS_ORG_MIRROR', 'https://nodejs.org/dist'), ('ROS_PYTHON_VERSION', '2'), ('C9_USER', 'Admin'), ('NVM_DIR', '/home/ubuntu/.nvm'), ('NVM_PATH', '/home/ubuntu/.nvm/versions/node/v8.17.0/lib/node'), ('ROS_DISTRO', 'melodic'), ('HGUSER', 'Admin'), ('LOGNAME', 'ubuntu'), ('rvm_bin_path', '/usr/local/rvm/bin'), ('_', '/usr/local/bin/colcon'), ('RUBY_VERSION', 'ruby-2.4.1'), ('ROS_VERSION', '1'), ('C9_PORT', '8080'), ('PKG_CONFIG_PATH', '/home/ubuntu/environment/aws-robomaker-testcase-framework/simulation_ws/install/aws_robomaker_simulation_ros_pkgs/lib/x86_64-linux-gnu/pkgconfig:/home/ubuntu/environment/aws-robomaker-testcase-framework/simulation_ws/install/aws_robomaker_simulation_ros_pkgs/lib/pkgconfig:/home/ubuntu/environment/aws-robomaker-testcase-framework/simulation_ws/install/robomaker_simulation_msgs/lib/x86_64-linux-gnu/pkgconfig:/home/ubuntu/environment/aws-robomaker-testcase-framework/simulation_ws/install/robomaker_simulation_msgs/lib/pkgconfig:/opt/ros/melodic/lib/pkgconfig'), ('IRBRC', '/usr/local/rvm/rubies/ruby-2.4.1/.irbrc'), ('XDG_SESSION_ID', '3'), ('TERM', 'screen'), ('PATH', '/home/ubuntu/.nvm/versions/node/v8.17.0/bin:/opt/ros/melodic/bin:/usr/local/rvm/gems/ruby-2.4.1/bin:/usr/local/rvm/gems/ruby-2.4.1@global/bin:/usr/local/rvm/rubies/ruby-2.4.1/bin:/usr/local/sbin:/usr/local/bin:/usr/sbin:/usr/bin:/sbin:/bin:/usr/games:/usr/local/games:/home/ubuntu/.local/bin:/home/ubuntu/bin:/snap/bin:/home/ubuntu/.local/bin:/home/ubuntu/bin:/usr/local/rvm/bin:/home/ubuntu/.local/bin:/home/ubuntu/bin'), ('NVM_IOJS_ORG_MIRROR', 'https://iojs.org/dist'), ('XDG_RUNTIME_DIR', '/run/user/1000'), ('MY_RUBY_HOME', '/usr/local/rvm/rubies/ruby-2.4.1'), ('LANG', 'C.UTF-8'), ('HISTSIZE', '100000'), ('ROS_ROOT', '/opt/ros/melodic/share/ros'), ('ROSLISP_PACKAGE_DIRECTORIES', ''), ('C9_HOSTNAME', '18.195.16.154'), ('NODE_PATH', '/home/ubuntu/.c9/node_modules'), ('SHELL', '/bin/bash'), ('ROS_MASTER_URI', 'http://localhost:11311'), ('rvm_prefix', '/usr/local'), ('PROMPT_COMMAND', 'history -a;'), ('_system_type', 'Linux'), ('GEM_HOME', '/usr/local/rvm/gems/ruby-2.4.1'), ('C9_PID', 'dd756569867d469dba65339c5771097a'), ('rvm_version', '1.29.3 (1.29.3)'), ('_system_arch', 'x86_64'), ('C9_PROJECT', 'Test-Cases'), ('PWD', '/home/ubuntu/environment/aws-robomaker-testcase-framework/simulation_ws/build/aws_robomaker_test_framework'), ('GEM_PATH', '/usr/local/rvm/gems/ruby-2.4.1:/usr/local/rvm/gems/ruby-2.4.1@global'), ('SSH_CONNECTION', '18.184.203.130 63568 10.168.10.194 22'), ('NVM_CD_FLAGS', ''), ('XDG_DATA_DIRS', '/usr/local/share:/usr/share:/var/lib/snapd/desktop'), ('IP', '127.0.0.1'), ('_system_name', 'Ubuntu'), ('PYTHONPATH', '/home/ubuntu/environment/aws-robomaker-testcase-framework/simulation_ws/install/robomaker_simulation_msgs/lib/python2.7/dist-packages:/opt/ros/melodic/lib/python2.7/dist-packages'), ('COLCON', '1'), ('rvm_path', '/usr/local/rvm'), ('TMUX_PANE', '%0'), ('MANPATH', '/home/ubuntu/.nvm/versions/node/v8.17.0/share/man:/usr/local/rvm/rubies/ruby-2.4.1/share/man:/usr/local/man:/usr/local/share/man:/usr/share/man:/usr/local/rvm/man'), ('EDITOR', ''), ('CMAKE_PREFIX_PATH', '/home/ubuntu/environment/aws-robomaker-testcase-framework/simulation_ws/install/robomaker_simulation_msgs:/opt/ros/melodic')]), 'shell': False}
[1.378733] (aws_robomaker_test_framework) StdoutLine: {'line': b'-- Using CATKIN_DEVEL_PREFIX: /home/ubuntu/environment/aws-robomaker-testcase-framework/simulation_ws/build/aws_robomaker_test_framework/devel\n'}
[1.379038] (aws_robomaker_test_framework) StdoutLine: {'line': b'-- Using CMAKE_PREFIX_PATH: /home/ubuntu/environment/aws-robomaker-testcase-framework/simulation_ws/install/robomaker_simulation_msgs;/opt/ros/melodic\n'}
[1.379188] (aws_robomaker_test_framework) StdoutLine: {'line': b'-- This workspace overlays: /home/ubuntu/environment/aws-robomaker-testcase-framework/simulation_ws/install/robomaker_simulation_msgs;/opt/ros/melodic\n'}
[1.393227] (aws_robomaker_test_framework) StdoutLine: {'line': b'-- Found PythonInterp: /usr/bin/python2 (found suitable version "2.7.17", minimum required is "2") \n'}
[1.393470] (aws_robomaker_test_framework) StdoutLine: {'line': b'-- Using PYTHON_EXECUTABLE: /usr/bin/python2\n'}
[1.393608] (aws_robomaker_test_framework) StdoutLine: {'line': b'-- Using Debian Python package layout\n'}
[1.393792] (aws_robomaker_test_framework) StdoutLine: {'line': b'-- Using empy: /usr/bin/empy\n'}
[1.403557] (-) TimerEvent: {}
[1.504374] (-) TimerEvent: {}
[1.538725] (aws_robomaker_test_framework) StdoutLine: {'line': b'-- Using CATKIN_ENABLE_TESTING: ON\n'}
[1.539022] (aws_robomaker_test_framework) StdoutLine: {'line': b'-- Call enable_testing()\n'}
[1.539748] (aws_robomaker_test_framework) StdoutLine: {'line': b'-- Using CATKIN_TEST_RESULTS_DIR: /home/ubuntu/environment/aws-robomaker-testcase-framework/simulation_ws/build/aws_robomaker_test_framework/test_results\n'}
[1.556889] (aws_robomaker_test_framework) StdoutLine: {'line': b"-- Found gtest sources under '/usr/src/googletest': gtests will be built\n"}
[1.557093] (aws_robomaker_test_framework) StdoutLine: {'line': b"-- Found gmock sources under '/usr/src/googletest': gmock will be built\n"}
[1.569851] (aws_robomaker_test_framework) StdoutLine: {'line': b'-- Found PythonInterp: /usr/bin/python2 (found version "2.7.17") \n'}
[1.575838] (aws_robomaker_test_framework) StdoutLine: {'line': b'-- Using Python nosetests: /usr/bin/nosetests-2.7\n'}
[1.604472] (-) TimerEvent: {}
[1.615875] (aws_robomaker_test_framework) StdoutLine: {'line': b'-- catkin 0.7.26\n'}
[1.616090] (aws_robomaker_test_framework) StdoutLine: {'line': b'-- BUILD_SHARED_LIBS is on\n'}
[1.704599] (-) TimerEvent: {}
[1.804988] (-) TimerEvent: {}
[1.905559] (-) TimerEvent: {}
[2.006468] (-) TimerEvent: {}
[2.107576] (-) TimerEvent: {}
[2.139469] (aws_robomaker_test_framework) StdoutLine: {'line': b'-- Configuring done\n'}
[2.152006] (aws_robomaker_test_framework) StdoutLine: {'line': b'-- Generating done\n'}
[2.154804] (aws_robomaker_test_framework) StdoutLine: {'line': b'-- Build files have been written to: /home/ubuntu/environment/aws-robomaker-testcase-framework/simulation_ws/build/aws_robomaker_test_framework\n'}
[2.157782] (aws_robomaker_test_framework) CommandEnded: {'returncode': 0}
[2.158572] (aws_robomaker_test_framework) JobProgress: {'identifier': 'aws_robomaker_test_framework', 'progress': 'build'}
[2.158893] (aws_robomaker_test_framework) Command: {'cmd': ['/usr/bin/cmake', '--build', '/home/ubuntu/environment/aws-robomaker-testcase-framework/simulation_ws/build/aws_robomaker_test_framework', '--', '-j2', '-l2'], 'cwd': '/home/ubuntu/environment/aws-robomaker-testcase-framework/simulation_ws/build/aws_robomaker_test_framework', 'env': OrderedDict([('HISTFILESIZE', '100000'), ('TMUX', '/tmp/tmux-1000/cloud92.2,7000,0'), ('MAIL', '/var/mail/ubuntu'), ('USER', 'ubuntu'), ('_system_version', '18.04'), ('SSH_CLIENT', '18.184.203.130 63568 22'), ('ROS_PACKAGE_PATH', '/home/ubuntu/environment/aws-robomaker-testcase-framework/simulation_ws/install/aws_robomaker_simulation_ros_pkgs/share:/home/ubuntu/environment/aws-robomaker-testcase-framework/simulation_ws/install/robomaker_simulation_msgs/share:/opt/ros/melodic/share'), ('LD_LIBRARY_PATH', '/opt/ros/melodic/lib'), ('ROS_ETC_DIR', '/opt/ros/melodic/etc/ros'), ('SHLVL', '4'), ('OLDPWD', '/home/ubuntu/environment/aws-robomaker-testcase-framework'), ('HOME', '/home/ubuntu'), ('PORT', '8080'), ('ISOUTPUTPANE', '0'), ('NVM_BIN', '/home/ubuntu/.nvm/versions/node/v8.17.0/bin'), ('NVM_NODEJS_ORG_MIRROR', 'https://nodejs.org/dist'), ('ROS_PYTHON_VERSION', '2'), ('C9_USER', 'Admin'), ('NVM_DIR', '/home/ubuntu/.nvm'), ('NVM_PATH', '/home/ubuntu/.nvm/versions/node/v8.17.0/lib/node'), ('ROS_DISTRO', 'melodic'), ('HGUSER', 'Admin'), ('LOGNAME', 'ubuntu'), ('rvm_bin_path', '/usr/local/rvm/bin'), ('_', '/usr/local/bin/colcon'), ('RUBY_VERSION', 'ruby-2.4.1'), ('ROS_VERSION', '1'), ('C9_PORT', '8080'), ('PKG_CONFIG_PATH', '/home/ubuntu/environment/aws-robomaker-testcase-framework/simulation_ws/install/aws_robomaker_simulation_ros_pkgs/lib/x86_64-linux-gnu/pkgconfig:/home/ubuntu/environment/aws-robomaker-testcase-framework/simulation_ws/install/aws_robomaker_simulation_ros_pkgs/lib/pkgconfig:/home/ubuntu/environment/aws-robomaker-testcase-framework/simulation_ws/install/robomaker_simulation_msgs/lib/x86_64-linux-gnu/pkgconfig:/home/ubuntu/environment/aws-robomaker-testcase-framework/simulation_ws/install/robomaker_simulation_msgs/lib/pkgconfig:/opt/ros/melodic/lib/pkgconfig'), ('IRBRC', '/usr/local/rvm/rubies/ruby-2.4.1/.irbrc'), ('XDG_SESSION_ID', '3'), ('TERM', 'screen'), ('PATH', '/home/ubuntu/.nvm/versions/node/v8.17.0/bin:/opt/ros/melodic/bin:/usr/local/rvm/gems/ruby-2.4.1/bin:/usr/local/rvm/gems/ruby-2.4.1@global/bin:/usr/local/rvm/rubies/ruby-2.4.1/bin:/usr/local/sbin:/usr/local/bin:/usr/sbin:/usr/bin:/sbin:/bin:/usr/games:/usr/local/games:/home/ubuntu/.local/bin:/home/ubuntu/bin:/snap/bin:/home/ubuntu/.local/bin:/home/ubuntu/bin:/usr/local/rvm/bin:/home/ubuntu/.local/bin:/home/ubuntu/bin'), ('NVM_IOJS_ORG_MIRROR', 'https://iojs.org/dist'), ('XDG_RUNTIME_DIR', '/run/user/1000'), ('MY_RUBY_HOME', '/usr/local/rvm/rubies/ruby-2.4.1'), ('LANG', 'C.UTF-8'), ('HISTSIZE', '100000'), ('ROS_ROOT', '/opt/ros/melodic/share/ros'), ('ROSLISP_PACKAGE_DIRECTORIES', ''), ('C9_HOSTNAME', '18.195.16.154'), ('NODE_PATH', '/home/ubuntu/.c9/node_modules'), ('SHELL', '/bin/bash'), ('ROS_MASTER_URI', 'http://localhost:11311'), ('rvm_prefix', '/usr/local'), ('PROMPT_COMMAND', 'history -a;'), ('_system_type', 'Linux'), ('GEM_HOME', '/usr/local/rvm/gems/ruby-2.4.1'), ('C9_PID', 'dd756569867d469dba65339c5771097a'), ('rvm_version', '1.29.3 (1.29.3)'), ('_system_arch', 'x86_64'), ('C9_PROJECT', 'Test-Cases'), ('PWD', '/home/ubuntu/environment/aws-robomaker-testcase-framework/simulation_ws/build/aws_robomaker_test_framework'), ('GEM_PATH', '/usr/local/rvm/gems/ruby-2.4.1:/usr/local/rvm/gems/ruby-2.4.1@global'), ('SSH_CONNECTION', '18.184.203.130 63568 10.168.10.194 22'), ('NVM_CD_FLAGS', ''), ('XDG_DATA_DIRS', '/usr/local/share:/usr/share:/var/lib/snapd/desktop'), ('IP', '127.0.0.1'), ('_system_name', 'Ubuntu'), ('PYTHONPATH', '/home/ubuntu/environment/aws-robomaker-testcase-framework/simulation_ws/install/robomaker_simulation_msgs/lib/python2.7/dist-packages:/opt/ros/melodic/lib/python2.7/dist-packages'), ('COLCON', '1'), ('rvm_path', '/usr/local/rvm'), ('TMUX_PANE', '%0'), ('MANPATH', '/home/ubuntu/.nvm/versions/node/v8.17.0/share/man:/usr/local/rvm/rubies/ruby-2.4.1/share/man:/usr/local/man:/usr/local/share/man:/usr/share/man:/usr/local/rvm/man'), ('EDITOR', ''), ('CMAKE_PREFIX_PATH', '/home/ubuntu/environment/aws-robomaker-testcase-framework/simulation_ws/install/robomaker_simulation_msgs:/opt/ros/melodic')]), 'shell': False}
[2.199636] (aws_robomaker_test_framework) CommandEnded: {'returncode': 0}
[2.207733] (-) TimerEvent: {}
[2.230620] (aws_robomaker_test_framework) JobProgress: {'identifier': 'aws_robomaker_test_framework', 'progress': "build target 'tests'"}
[2.231863] (aws_robomaker_test_framework) Command: {'cmd': ['/usr/bin/cmake', '--build', '/home/ubuntu/environment/aws-robomaker-testcase-framework/simulation_ws/build/aws_robomaker_test_framework', '--target', 'tests', '--', '-j2', '-l2'], 'cwd': '/home/ubuntu/environment/aws-robomaker-testcase-framework/simulation_ws/build/aws_robomaker_test_framework', 'env': OrderedDict([('HISTFILESIZE', '100000'), ('TMUX', '/tmp/tmux-1000/cloud92.2,7000,0'), ('MAIL', '/var/mail/ubuntu'), ('USER', 'ubuntu'), ('_system_version', '18.04'), ('SSH_CLIENT', '18.184.203.130 63568 22'), ('ROS_PACKAGE_PATH', '/home/ubuntu/environment/aws-robomaker-testcase-framework/simulation_ws/install/aws_robomaker_simulation_ros_pkgs/share:/home/ubuntu/environment/aws-robomaker-testcase-framework/simulation_ws/install/robomaker_simulation_msgs/share:/opt/ros/melodic/share'), ('LD_LIBRARY_PATH', '/opt/ros/melodic/lib'), ('ROS_ETC_DIR', '/opt/ros/melodic/etc/ros'), ('SHLVL', '4'), ('OLDPWD', '/home/ubuntu/environment/aws-robomaker-testcase-framework'), ('HOME', '/home/ubuntu'), ('PORT', '8080'), ('ISOUTPUTPANE', '0'), ('NVM_BIN', '/home/ubuntu/.nvm/versions/node/v8.17.0/bin'), ('NVM_NODEJS_ORG_MIRROR', 'https://nodejs.org/dist'), ('ROS_PYTHON_VERSION', '2'), ('C9_USER', 'Admin'), ('NVM_DIR', '/home/ubuntu/.nvm'), ('NVM_PATH', '/home/ubuntu/.nvm/versions/node/v8.17.0/lib/node'), ('ROS_DISTRO', 'melodic'), ('HGUSER', 'Admin'), ('LOGNAME', 'ubuntu'), ('rvm_bin_path', '/usr/local/rvm/bin'), ('_', '/usr/local/bin/colcon'), ('RUBY_VERSION', 'ruby-2.4.1'), ('ROS_VERSION', '1'), ('C9_PORT', '8080'), ('PKG_CONFIG_PATH', '/home/ubuntu/environment/aws-robomaker-testcase-framework/simulation_ws/install/aws_robomaker_simulation_ros_pkgs/lib/x86_64-linux-gnu/pkgconfig:/home/ubuntu/environment/aws-robomaker-testcase-framework/simulation_ws/install/aws_robomaker_simulation_ros_pkgs/lib/pkgconfig:/home/ubuntu/environment/aws-robomaker-testcase-framework/simulation_ws/install/robomaker_simulation_msgs/lib/x86_64-linux-gnu/pkgconfig:/home/ubuntu/environment/aws-robomaker-testcase-framework/simulation_ws/install/robomaker_simulation_msgs/lib/pkgconfig:/opt/ros/melodic/lib/pkgconfig'), ('IRBRC', '/usr/local/rvm/rubies/ruby-2.4.1/.irbrc'), ('XDG_SESSION_ID', '3'), ('TERM', 'screen'), ('PATH', '/home/ubuntu/.nvm/versions/node/v8.17.0/bin:/opt/ros/melodic/bin:/usr/local/rvm/gems/ruby-2.4.1/bin:/usr/local/rvm/gems/ruby-2.4.1@global/bin:/usr/local/rvm/rubies/ruby-2.4.1/bin:/usr/local/sbin:/usr/local/bin:/usr/sbin:/usr/bin:/sbin:/bin:/usr/games:/usr/local/games:/home/ubuntu/.local/bin:/home/ubuntu/bin:/snap/bin:/home/ubuntu/.local/bin:/home/ubuntu/bin:/usr/local/rvm/bin:/home/ubuntu/.local/bin:/home/ubuntu/bin'), ('NVM_IOJS_ORG_MIRROR', 'https://iojs.org/dist'), ('XDG_RUNTIME_DIR', '/run/user/1000'), ('MY_RUBY_HOME', '/usr/local/rvm/rubies/ruby-2.4.1'), ('LANG', 'C.UTF-8'), ('HISTSIZE', '100000'), ('ROS_ROOT', '/opt/ros/melodic/share/ros'), ('ROSLISP_PACKAGE_DIRECTORIES', ''), ('C9_HOSTNAME', '18.195.16.154'), ('NODE_PATH', '/home/ubuntu/.c9/node_modules'), ('SHELL', '/bin/bash'), ('ROS_MASTER_URI', 'http://localhost:11311'), ('rvm_prefix', '/usr/local'), ('PROMPT_COMMAND', 'history -a;'), ('_system_type', 'Linux'), ('GEM_HOME', '/usr/local/rvm/gems/ruby-2.4.1'), ('C9_PID', 'dd756569867d469dba65339c5771097a'), ('rvm_version', '1.29.3 (1.29.3)'), ('_system_arch', 'x86_64'), ('C9_PROJECT', 'Test-Cases'), ('PWD', '/home/ubuntu/environment/aws-robomaker-testcase-framework/simulation_ws/build/aws_robomaker_test_framework'), ('GEM_PATH', '/usr/local/rvm/gems/ruby-2.4.1:/usr/local/rvm/gems/ruby-2.4.1@global'), ('SSH_CONNECTION', '18.184.203.130 63568 10.168.10.194 22'), ('NVM_CD_FLAGS', ''), ('XDG_DATA_DIRS', '/usr/local/share:/usr/share:/var/lib/snapd/desktop'), ('IP', '127.0.0.1'), ('_system_name', 'Ubuntu'), ('PYTHONPATH', '/home/ubuntu/environment/aws-robomaker-testcase-framework/simulation_ws/install/robomaker_simulation_msgs/lib/python2.7/dist-packages:/opt/ros/melodic/lib/python2.7/dist-packages'), ('COLCON', '1'), ('rvm_path', '/usr/local/rvm'), ('TMUX_PANE', '%0'), ('MANPATH', '/home/ubuntu/.nvm/versions/node/v8.17.0/share/man:/usr/local/rvm/rubies/ruby-2.4.1/share/man:/usr/local/man:/usr/local/share/man:/usr/share/man:/usr/local/rvm/man'), ('EDITOR', ''), ('CMAKE_PREFIX_PATH', '/home/ubuntu/environment/aws-robomaker-testcase-framework/simulation_ws/install/robomaker_simulation_msgs:/opt/ros/melodic')]), 'shell': False}
[2.278896] (aws_robomaker_test_framework) StdoutLine: {'line': b'\x1b[35m\x1b[1mScanning dependencies of target tests\x1b[0m\n'}
[2.288208] (aws_robomaker_test_framework) StdoutLine: {'line': b'Built target tests\n'}
[2.297902] (aws_robomaker_test_framework) CommandEnded: {'returncode': 0}
[2.307861] (-) TimerEvent: {}
[2.327942] (aws_robomaker_test_framework) JobProgress: {'identifier': 'aws_robomaker_test_framework', 'progress': 'install'}
[2.328336] (aws_robomaker_test_framework) Command: {'cmd': ['/usr/bin/cmake', '--build', '/home/ubuntu/environment/aws-robomaker-testcase-framework/simulation_ws/build/aws_robomaker_test_framework', '--target', 'install', '--', '-j2', '-l2'], 'cwd': '/home/ubuntu/environment/aws-robomaker-testcase-framework/simulation_ws/build/aws_robomaker_test_framework', 'env': OrderedDict([('HISTFILESIZE', '100000'), ('TMUX', '/tmp/tmux-1000/cloud92.2,7000,0'), ('MAIL', '/var/mail/ubuntu'), ('USER', 'ubuntu'), ('_system_version', '18.04'), ('SSH_CLIENT', '18.184.203.130 63568 22'), ('ROS_PACKAGE_PATH', '/home/ubuntu/environment/aws-robomaker-testcase-framework/simulation_ws/install/aws_robomaker_simulation_ros_pkgs/share:/home/ubuntu/environment/aws-robomaker-testcase-framework/simulation_ws/install/robomaker_simulation_msgs/share:/opt/ros/melodic/share'), ('LD_LIBRARY_PATH', '/opt/ros/melodic/lib'), ('ROS_ETC_DIR', '/opt/ros/melodic/etc/ros'), ('SHLVL', '4'), ('OLDPWD', '/home/ubuntu/environment/aws-robomaker-testcase-framework'), ('HOME', '/home/ubuntu'), ('PORT', '8080'), ('ISOUTPUTPANE', '0'), ('NVM_BIN', '/home/ubuntu/.nvm/versions/node/v8.17.0/bin'), ('NVM_NODEJS_ORG_MIRROR', 'https://nodejs.org/dist'), ('ROS_PYTHON_VERSION', '2'), ('C9_USER', 'Admin'), ('NVM_DIR', '/home/ubuntu/.nvm'), ('NVM_PATH', '/home/ubuntu/.nvm/versions/node/v8.17.0/lib/node'), ('ROS_DISTRO', 'melodic'), ('HGUSER', 'Admin'), ('LOGNAME', 'ubuntu'), ('rvm_bin_path', '/usr/local/rvm/bin'), ('_', '/usr/local/bin/colcon'), ('RUBY_VERSION', 'ruby-2.4.1'), ('ROS_VERSION', '1'), ('C9_PORT', '8080'), ('PKG_CONFIG_PATH', '/home/ubuntu/environment/aws-robomaker-testcase-framework/simulation_ws/install/aws_robomaker_simulation_ros_pkgs/lib/x86_64-linux-gnu/pkgconfig:/home/ubuntu/environment/aws-robomaker-testcase-framework/simulation_ws/install/aws_robomaker_simulation_ros_pkgs/lib/pkgconfig:/home/ubuntu/environment/aws-robomaker-testcase-framework/simulation_ws/install/robomaker_simulation_msgs/lib/x86_64-linux-gnu/pkgconfig:/home/ubuntu/environment/aws-robomaker-testcase-framework/simulation_ws/install/robomaker_simulation_msgs/lib/pkgconfig:/opt/ros/melodic/lib/pkgconfig'), ('IRBRC', '/usr/local/rvm/rubies/ruby-2.4.1/.irbrc'), ('XDG_SESSION_ID', '3'), ('TERM', 'screen'), ('PATH', '/home/ubuntu/.nvm/versions/node/v8.17.0/bin:/opt/ros/melodic/bin:/usr/local/rvm/gems/ruby-2.4.1/bin:/usr/local/rvm/gems/ruby-2.4.1@global/bin:/usr/local/rvm/rubies/ruby-2.4.1/bin:/usr/local/sbin:/usr/local/bin:/usr/sbin:/usr/bin:/sbin:/bin:/usr/games:/usr/local/games:/home/ubuntu/.local/bin:/home/ubuntu/bin:/snap/bin:/home/ubuntu/.local/bin:/home/ubuntu/bin:/usr/local/rvm/bin:/home/ubuntu/.local/bin:/home/ubuntu/bin'), ('NVM_IOJS_ORG_MIRROR', 'https://iojs.org/dist'), ('XDG_RUNTIME_DIR', '/run/user/1000'), ('MY_RUBY_HOME', '/usr/local/rvm/rubies/ruby-2.4.1'), ('LANG', 'C.UTF-8'), ('HISTSIZE', '100000'), ('ROS_ROOT', '/opt/ros/melodic/share/ros'), ('ROSLISP_PACKAGE_DIRECTORIES', ''), ('C9_HOSTNAME', '18.195.16.154'), ('NODE_PATH', '/home/ubuntu/.c9/node_modules'), ('SHELL', '/bin/bash'), ('ROS_MASTER_URI', 'http://localhost:11311'), ('rvm_prefix', '/usr/local'), ('PROMPT_COMMAND', 'history -a;'), ('_system_type', 'Linux'), ('GEM_HOME', '/usr/local/rvm/gems/ruby-2.4.1'), ('C9_PID', 'dd756569867d469dba65339c5771097a'), ('rvm_version', '1.29.3 (1.29.3)'), ('_system_arch', 'x86_64'), ('C9_PROJECT', 'Test-Cases'), ('PWD', '/home/ubuntu/environment/aws-robomaker-testcase-framework/simulation_ws/build/aws_robomaker_test_framework'), ('GEM_PATH', '/usr/local/rvm/gems/ruby-2.4.1:/usr/local/rvm/gems/ruby-2.4.1@global'), ('SSH_CONNECTION', '18.184.203.130 63568 10.168.10.194 22'), ('NVM_CD_FLAGS', ''), ('XDG_DATA_DIRS', '/usr/local/share:/usr/share:/var/lib/snapd/desktop'), ('IP', '127.0.0.1'), ('_system_name', 'Ubuntu'), ('PYTHONPATH', '/home/ubuntu/environment/aws-robomaker-testcase-framework/simulation_ws/install/robomaker_simulation_msgs/lib/python2.7/dist-packages:/opt/ros/melodic/lib/python2.7/dist-packages'), ('COLCON', '1'), ('rvm_path', '/usr/local/rvm'), ('TMUX_PANE', '%0'), ('MANPATH', '/home/ubuntu/.nvm/versions/node/v8.17.0/share/man:/usr/local/rvm/rubies/ruby-2.4.1/share/man:/usr/local/man:/usr/local/share/man:/usr/share/man:/usr/local/rvm/man'), ('EDITOR', ''), ('CMAKE_PREFIX_PATH', '/home/ubuntu/environment/aws-robomaker-testcase-framework/simulation_ws/install/robomaker_simulation_msgs:/opt/ros/melodic')]), 'shell': False}
[2.374779] (aws_robomaker_test_framework) StdoutLine: {'line': b'\x1b[36mInstall the project...\x1b[0m\n'}
[2.382956] (aws_robomaker_test_framework) StdoutLine: {'line': b'-- Install configuration: ""\n'}
[2.384147] (aws_robomaker_test_framework) StdoutLine: {'line': b'+ cd /home/ubuntu/environment/aws-robomaker-testcase-framework/simulation_ws/src/aws_robomaker_test_framework\n'}
[2.384349] (aws_robomaker_test_framework) StdoutLine: {'line': b'+ mkdir -p /home/ubuntu/environment/aws-robomaker-testcase-framework/simulation_ws/install/aws_robomaker_test_framework/lib/python2.7/dist-packages\n'}
[2.385417] (aws_robomaker_test_framework) StdoutLine: {'line': b'+ /usr/bin/env PYTHONPATH=/home/ubuntu/environment/aws-robomaker-testcase-framework/simulation_ws/install/aws_robomaker_test_framework/lib/python2.7/dist-packages:/home/ubuntu/environment/aws-robomaker-testcase-framework/simulation_ws/build/aws_robomaker_test_framework/lib/python2.7/dist-packages:/home/ubuntu/environment/aws-robomaker-testcase-framework/simulation_ws/install/robomaker_simulation_msgs/lib/python2.7/dist-packages:/opt/ros/melodic/lib/python2.7/dist-packages CATKIN_BINARY_DIR=/home/ubuntu/environment/aws-robomaker-testcase-framework/simulation_ws/build/aws_robomaker_test_framework /usr/bin/python2 /home/ubuntu/environment/aws-robomaker-testcase-framework/simulation_ws/src/aws_robomaker_test_framework/setup.py build --build-base /home/ubuntu/environment/aws-robomaker-testcase-framework/simulation_ws/build/aws_robomaker_test_framework install --root=/ --install-layout=deb --prefix=/home/ubuntu/environment/aws-robomaker-testcase-framework/simulation_ws/install/aws_robomaker_test_framework --install-scripts=/home/ubuntu/environment/aws-robomaker-testcase-framework/simulation_ws/install/aws_robomaker_test_framework/bin\n'}
[2.407928] (-) TimerEvent: {}
[2.421521] (aws_robomaker_test_framework) StdoutLine: {'line': b'running build\n'}
[2.421770] (aws_robomaker_test_framework) StdoutLine: {'line': b'running build_py\n'}
[2.422430] (aws_robomaker_test_framework) StdoutLine: {'line': b'creating /home/ubuntu/environment/aws-robomaker-testcase-framework/simulation_ws/build/aws_robomaker_test_framework/lib.linux-x86_64-2.7\n'}
[2.422661] (aws_robomaker_test_framework) StdoutLine: {'line': b'creating /home/ubuntu/environment/aws-robomaker-testcase-framework/simulation_ws/build/aws_robomaker_test_framework/lib.linux-x86_64-2.7/robomaker_testing\n'}
[2.422862] (aws_robomaker_test_framework) StdoutLine: {'line': b'copying src/robomaker_testing/__init__.py -> /home/ubuntu/environment/aws-robomaker-testcase-framework/simulation_ws/build/aws_robomaker_test_framework/lib.linux-x86_64-2.7/robomaker_testing\n'}
[2.423050] (aws_robomaker_test_framework) StdoutLine: {'line': b'copying src/robomaker_testing/utils.py -> /home/ubuntu/environment/aws-robomaker-testcase-framework/simulation_ws/build/aws_robomaker_test_framework/lib.linux-x86_64-2.7/robomaker_testing\n'}
[2.423228] (aws_robomaker_test_framework) StdoutLine: {'line': b'running install\n'}
[2.423643] (aws_robomaker_test_framework) StdoutLine: {'line': b'running install_lib\n'}
[2.423960] (aws_robomaker_test_framework) StdoutLine: {'line': b'creating /home/ubuntu/environment/aws-robomaker-testcase-framework/simulation_ws/install/aws_robomaker_test_framework/lib/python2.7/dist-packages/robomaker_testing\n'}
[2.424174] (aws_robomaker_test_framework) StdoutLine: {'line': b'copying /home/ubuntu/environment/aws-robomaker-testcase-framework/simulation_ws/build/aws_robomaker_test_framework/lib.linux-x86_64-2.7/robomaker_testing/__init__.py -> /home/ubuntu/environment/aws-robomaker-testcase-framework/simulation_ws/install/aws_robomaker_test_framework/lib/python2.7/dist-packages/robomaker_testing\n'}
[2.424382] (aws_robomaker_test_framework) StdoutLine: {'line': b'copying /home/ubuntu/environment/aws-robomaker-testcase-framework/simulation_ws/build/aws_robomaker_test_framework/lib.linux-x86_64-2.7/robomaker_testing/utils.py -> /home/ubuntu/environment/aws-robomaker-testcase-framework/simulation_ws/install/aws_robomaker_test_framework/lib/python2.7/dist-packages/robomaker_testing\n'}
[2.424711] (aws_robomaker_test_framework) StdoutLine: {'line': b'byte-compiling /home/ubuntu/environment/aws-robomaker-testcase-framework/simulation_ws/install/aws_robomaker_test_framework/lib/python2.7/dist-packages/robomaker_testing/__init__.py to __init__.pyc\n'}
[2.426564] (aws_robomaker_test_framework) StdoutLine: {'line': b'byte-compiling /home/ubuntu/environment/aws-robomaker-testcase-framework/simulation_ws/install/aws_robomaker_test_framework/lib/python2.7/dist-packages/robomaker_testing/utils.py to utils.pyc\n'}
[2.427083] (aws_robomaker_test_framework) StdoutLine: {'line': b'running install_egg_info\n'}
[2.427430] (aws_robomaker_test_framework) StdoutLine: {'line': b'Writing /home/ubuntu/environment/aws-robomaker-testcase-framework/simulation_ws/install/aws_robomaker_test_framework/lib/python2.7/dist-packages/aws_robomaker_test_framework-1.0.0.egg-info\n'}
[2.433388] (aws_robomaker_test_framework) StdoutLine: {'line': b'-- Installing: /home/ubuntu/environment/aws-robomaker-testcase-framework/simulation_ws/install/aws_robomaker_test_framework/lib/pkgconfig/aws_robomaker_test_framework.pc\n'}
[2.433555] (aws_robomaker_test_framework) StdoutLine: {'line': b'-- Installing: /home/ubuntu/environment/aws-robomaker-testcase-framework/simulation_ws/install/aws_robomaker_test_framework/share/aws_robomaker_test_framework/cmake/aws_robomaker_test_frameworkConfig.cmake\n'}
[2.433669] (aws_robomaker_test_framework) StdoutLine: {'line': b'-- Installing: /home/ubuntu/environment/aws-robomaker-testcase-framework/simulation_ws/install/aws_robomaker_test_framework/share/aws_robomaker_test_framework/cmake/aws_robomaker_test_frameworkConfig-version.cmake\n'}
[2.433849] (aws_robomaker_test_framework) StdoutLine: {'line': b'-- Installing: /home/ubuntu/environment/aws-robomaker-testcase-framework/simulation_ws/install/aws_robomaker_test_framework/share/aws_robomaker_test_framework/package.xml\n'}
[2.433964] (aws_robomaker_test_framework) StdoutLine: {'line': b'-- Installing: /home/ubuntu/environment/aws-robomaker-testcase-framework/simulation_ws/install/aws_robomaker_test_framework/lib/aws_robomaker_test_framework/simple_test.py\n'}
[2.434069] (aws_robomaker_test_framework) StdoutLine: {'line': b'-- Installing: /home/ubuntu/environment/aws-robomaker-testcase-framework/simulation_ws/install/aws_robomaker_test_framework/share/aws_robomaker_test_framework/launch\n'}
[2.434167] (aws_robomaker_test_framework) StdoutLine: {'line': b'-- Installing: /home/ubuntu/environment/aws-robomaker-testcase-framework/simulation_ws/install/aws_robomaker_test_framework/share/aws_robomaker_test_framework/launch/test_framework.launch\n'}
[2.434263] (aws_robomaker_test_framework) StdoutLine: {'line': b'-- Installing: /home/ubuntu/environment/aws-robomaker-testcase-framework/simulation_ws/install/aws_robomaker_test_framework/share/aws_robomaker_test_framework/config\n'}
[2.434355] (aws_robomaker_test_framework) StdoutLine: {'line': b'-- Installing: /home/ubuntu/environment/aws-robomaker-testcase-framework/simulation_ws/install/aws_robomaker_test_framework/share/aws_robomaker_test_framework/config/node_sample_configuration.yaml\n'}
[2.435487] (aws_robomaker_test_framework) CommandEnded: {'returncode': 0}
[2.508014] (-) TimerEvent: {}
[2.510377] (aws_robomaker_test_framework) JobEnded: {'identifier': 'aws_robomaker_test_framework', 'rc': 0}
[2.512256] (-) EventReactorShutdown: {}
