[0.032s] Invoking command in '/home/ubuntu/environment/aws-robomaker-testcase-framework/simulation_ws/build/sample_node': /usr/bin/cmake /home/ubuntu/environment/aws-robomaker-testcase-framework/simulation_ws/src/sample_node -DCATKIN_INSTALL_INTO_PREFIX_ROOT=0 -DCMAKE_INSTALL_PREFIX=/home/ubuntu/environment/aws-robomaker-testcase-framework/simulation_ws/install/sample_node
[0.352s] -- The C compiler identification is GNU 7.5.0
[0.634s] -- The CXX compiler identification is GNU 7.5.0
[0.644s] -- Check for working C compiler: /usr/bin/cc
[0.780s] -- Check for working C compiler: /usr/bin/cc -- works
[0.782s] -- Detecting C compiler ABI info
[0.880s] -- Detecting C compiler ABI info - done
[0.896s] -- Detecting C compile features
[1.206s] -- Detecting C compile features - done
[1.218s] -- Check for working CXX compiler: /usr/bin/c++
[1.355s] -- Check for working CXX compiler: /usr/bin/c++ -- works
[1.356s] -- Detecting CXX compiler ABI info
[1.489s] -- Detecting CXX compiler ABI info - done
[1.504s] -- Detecting CXX compile features
[2.140s] -- Detecting CXX compile features - done
[2.143s] -- Using CATKIN_DEVEL_PREFIX: /home/ubuntu/environment/aws-robomaker-testcase-framework/simulation_ws/build/sample_node/devel
[2.143s] -- Using CMAKE_PREFIX_PATH: /opt/ros/melodic
[2.144s] -- This workspace overlays: /opt/ros/melodic
[2.176s] -- Found PythonInterp: /usr/bin/python2 (found suitable version "2.7.17", minimum required is "2") 
[2.176s] -- Using PYTHON_EXECUTABLE: /usr/bin/python2
[2.176s] -- Using Debian Python package layout
[2.176s] -- Using empy: /usr/bin/empy
[2.405s] -- Using CATKIN_ENABLE_TESTING: ON
[2.406s] -- Call enable_testing()
[2.411s] -- Using CATKIN_TEST_RESULTS_DIR: /home/ubuntu/environment/aws-robomaker-testcase-framework/simulation_ws/build/sample_node/test_results
[2.446s] -- Found gtest sources under '/usr/src/googletest': gtests will be built
[2.447s] -- Found gmock sources under '/usr/src/googletest': gmock will be built
[2.465s] -- Found PythonInterp: /usr/bin/python2 (found version "2.7.17") 
[2.467s] -- Looking for pthread.h
[2.589s] -- Looking for pthread.h - found
[2.590s] -- Looking for pthread_create
[2.697s] -- Looking for pthread_create - not found
[2.697s] -- Looking for pthread_create in pthreads
[2.819s] -- Looking for pthread_create in pthreads - not found
[2.819s] -- Looking for pthread_create in pthread
[3.083s] -- Looking for pthread_create in pthread - found
[3.085s] -- Found Threads: TRUE  
[3.098s] -- Using Python nosetests: /usr/bin/nosetests-2.7
[3.227s] -- catkin 0.7.26
[3.227s] -- BUILD_SHARED_LIBS is on
[4.456s] -- Configuring done
[4.473s] -- Generating done
[4.476s] -- Build files have been written to: /home/ubuntu/environment/aws-robomaker-testcase-framework/simulation_ws/build/sample_node
[4.482s] Invoked command in '/home/ubuntu/environment/aws-robomaker-testcase-framework/simulation_ws/build/sample_node' returned '0': /usr/bin/cmake /home/ubuntu/environment/aws-robomaker-testcase-framework/simulation_ws/src/sample_node -DCATKIN_INSTALL_INTO_PREFIX_ROOT=0 -DCMAKE_INSTALL_PREFIX=/home/ubuntu/environment/aws-robomaker-testcase-framework/simulation_ws/install/sample_node
[4.484s] Invoking command in '/home/ubuntu/environment/aws-robomaker-testcase-framework/simulation_ws/build/sample_node': /usr/bin/cmake --build /home/ubuntu/environment/aws-robomaker-testcase-framework/simulation_ws/build/sample_node -- -j2 -l2
[4.550s] Invoked command in '/home/ubuntu/environment/aws-robomaker-testcase-framework/simulation_ws/build/sample_node' returned '0': /usr/bin/cmake --build /home/ubuntu/environment/aws-robomaker-testcase-framework/simulation_ws/build/sample_node -- -j2 -l2
[4.586s] Invoking command in '/home/ubuntu/environment/aws-robomaker-testcase-framework/simulation_ws/build/sample_node': /usr/bin/cmake --build /home/ubuntu/environment/aws-robomaker-testcase-framework/simulation_ws/build/sample_node --target tests -- -j2 -l2
[4.666s] [35m[1mScanning dependencies of target tests[0m
[4.680s] Built target tests
[4.695s] Invoked command in '/home/ubuntu/environment/aws-robomaker-testcase-framework/simulation_ws/build/sample_node' returned '0': /usr/bin/cmake --build /home/ubuntu/environment/aws-robomaker-testcase-framework/simulation_ws/build/sample_node --target tests -- -j2 -l2
[4.782s] Invoking command in '/home/ubuntu/environment/aws-robomaker-testcase-framework/simulation_ws/build/sample_node': /usr/bin/cmake --build /home/ubuntu/environment/aws-robomaker-testcase-framework/simulation_ws/build/sample_node --target install -- -j2 -l2
[4.871s] [36mInstall the project...[0m
[4.886s] -- Install configuration: ""
[4.888s] + cd /home/ubuntu/environment/aws-robomaker-testcase-framework/simulation_ws/src/sample_node
[4.888s] + mkdir -p /home/ubuntu/environment/aws-robomaker-testcase-framework/simulation_ws/install/sample_node/lib/python2.7/dist-packages
[4.891s] + /usr/bin/env PYTHONPATH=/home/ubuntu/environment/aws-robomaker-testcase-framework/simulation_ws/install/sample_node/lib/python2.7/dist-packages:/home/ubuntu/environment/aws-robomaker-testcase-framework/simulation_ws/build/sample_node/lib/python2.7/dist-packages:/opt/ros/melodic/lib/python2.7/dist-packages CATKIN_BINARY_DIR=/home/ubuntu/environment/aws-robomaker-testcase-framework/simulation_ws/build/sample_node /usr/bin/python2 /home/ubuntu/environment/aws-robomaker-testcase-framework/simulation_ws/src/sample_node/setup.py build --build-base /home/ubuntu/environment/aws-robomaker-testcase-framework/simulation_ws/build/sample_node install --root=/ --install-layout=deb --prefix=/home/ubuntu/environment/aws-robomaker-testcase-framework/simulation_ws/install/sample_node --install-scripts=/home/ubuntu/environment/aws-robomaker-testcase-framework/simulation_ws/install/sample_node/bin
[4.956s] running build
[4.957s] running build_py
[4.957s] creating /home/ubuntu/environment/aws-robomaker-testcase-framework/simulation_ws/build/sample_node/lib.linux-x86_64-2.7
[4.958s] creating /home/ubuntu/environment/aws-robomaker-testcase-framework/simulation_ws/build/sample_node/lib.linux-x86_64-2.7/sample_py
[4.958s] copying src/sample_py/sample_code.py -> /home/ubuntu/environment/aws-robomaker-testcase-framework/simulation_ws/build/sample_node/lib.linux-x86_64-2.7/sample_py
[4.958s] copying src/sample_py/__init__.py -> /home/ubuntu/environment/aws-robomaker-testcase-framework/simulation_ws/build/sample_node/lib.linux-x86_64-2.7/sample_py
[4.958s] running install
[4.958s] running install_lib
[4.959s] creating /home/ubuntu/environment/aws-robomaker-testcase-framework/simulation_ws/install/sample_node/lib/python2.7/dist-packages/sample_py
[4.959s] copying /home/ubuntu/environment/aws-robomaker-testcase-framework/simulation_ws/build/sample_node/lib.linux-x86_64-2.7/sample_py/sample_code.py -> /home/ubuntu/environment/aws-robomaker-testcase-framework/simulation_ws/install/sample_node/lib/python2.7/dist-packages/sample_py
[4.959s] copying /home/ubuntu/environment/aws-robomaker-testcase-framework/simulation_ws/build/sample_node/lib.linux-x86_64-2.7/sample_py/__init__.py -> /home/ubuntu/environment/aws-robomaker-testcase-framework/simulation_ws/install/sample_node/lib/python2.7/dist-packages/sample_py
[4.959s] byte-compiling /home/ubuntu/environment/aws-robomaker-testcase-framework/simulation_ws/install/sample_node/lib/python2.7/dist-packages/sample_py/sample_code.py to sample_code.pyc
[4.963s] byte-compiling /home/ubuntu/environment/aws-robomaker-testcase-framework/simulation_ws/install/sample_node/lib/python2.7/dist-packages/sample_py/__init__.py to __init__.pyc
[4.963s] running install_egg_info
[4.963s] Writing /home/ubuntu/environment/aws-robomaker-testcase-framework/simulation_ws/install/sample_node/lib/python2.7/dist-packages/sample_node-1.0.0.egg-info
[4.969s] -- Installing: /home/ubuntu/environment/aws-robomaker-testcase-framework/simulation_ws/install/sample_node/lib/pkgconfig/sample_node.pc
[4.970s] -- Installing: /home/ubuntu/environment/aws-robomaker-testcase-framework/simulation_ws/install/sample_node/share/sample_node/cmake/sample_nodeConfig.cmake
[4.970s] -- Installing: /home/ubuntu/environment/aws-robomaker-testcase-framework/simulation_ws/install/sample_node/share/sample_node/cmake/sample_nodeConfig-version.cmake
[4.970s] -- Installing: /home/ubuntu/environment/aws-robomaker-testcase-framework/simulation_ws/install/sample_node/share/sample_node/package.xml
[4.975s] Invoked command in '/home/ubuntu/environment/aws-robomaker-testcase-framework/simulation_ws/build/sample_node' returned '0': /usr/bin/cmake --build /home/ubuntu/environment/aws-robomaker-testcase-framework/simulation_ws/build/sample_node --target install -- -j2 -l2
