-- Using CATKIN_DEVEL_PREFIX: /home/ubuntu/environment/aws-robomaker-testcase-framework/simulation_ws/build/sample_node/devel
-- Using CMAKE_PREFIX_PATH: /home/ubuntu/environment/aws-robomaker-testcase-framework/simulation_ws/install/sample_node;/home/ubuntu/environment/aws-robomaker-testcase-framework/simulation_ws/install/rosbag_uploader_ros1_integration_tests;/home/ubuntu/environment/aws-robomaker-testcase-framework/simulation_ws/install/s3_file_uploader;/home/ubuntu/environment/aws-robomaker-testcase-framework/simulation_ws/install/s3_common;/home/ubuntu/environment/aws-robomaker-testcase-framework/simulation_ws/install/rosbag_cloud_recorders;/home/ubuntu/environment/aws-robomaker-testcase-framework/simulation_ws/install/aws_robomaker_test_framework;/home/ubuntu/environment/aws-robomaker-testcase-framework/simulation_ws/install/robomaker_simulation_msgs;/home/ubuntu/environment/aws-robomaker-testcase-framework/simulation_ws/install/recorder_msgs;/home/ubuntu/environment/aws-robomaker-testcase-framework/simulation_ws/install/file_uploader_msgs;/opt/ros/melodic
-- This workspace overlays: /home/ubuntu/environment/aws-robomaker-testcase-framework/simulation_ws/install/sample_node;/home/ubuntu/environment/aws-robomaker-testcase-framework/simulation_ws/install/rosbag_uploader_ros1_integration_tests;/home/ubuntu/environment/aws-robomaker-testcase-framework/simulation_ws/install/s3_file_uploader;/home/ubuntu/environment/aws-robomaker-testcase-framework/simulation_ws/install/rosbag_cloud_recorders;/home/ubuntu/environment/aws-robomaker-testcase-framework/simulation_ws/install/aws_robomaker_test_framework;/home/ubuntu/environment/aws-robomaker-testcase-framework/simulation_ws/install/robomaker_simulation_msgs;/home/ubuntu/environment/aws-robomaker-testcase-framework/simulation_ws/install/recorder_msgs;/home/ubuntu/environment/aws-robomaker-testcase-framework/simulation_ws/install/file_uploader_msgs;/opt/ros/melodic
-- Found PythonInterp: /usr/bin/python2 (found suitable version "2.7.17", minimum required is "2") 
-- Using PYTHON_EXECUTABLE: /usr/bin/python2
-- Using Debian Python package layout
-- Using empy: /usr/bin/empy
-- Using CATKIN_ENABLE_TESTING: ON
-- Call enable_testing()
-- Using CATKIN_TEST_RESULTS_DIR: /home/ubuntu/environment/aws-robomaker-testcase-framework/simulation_ws/build/sample_node/test_results
-- Found gtest sources under '/usr/src/googletest': gtests will be built
-- Found gmock sources under '/usr/src/googletest': gmock will be built
-- Found PythonInterp: /usr/bin/python2 (found version "2.7.17") 
-- Using Python nosetests: /usr/bin/nosetests-2.7
-- catkin 0.7.26
-- BUILD_SHARED_LIBS is on
-- Configuring done
-- Generating done
-- Build files have been written to: /home/ubuntu/environment/aws-robomaker-testcase-framework/simulation_ws/build/sample_node
Built target tests
[36mInstall the project...[0m
-- Install configuration: ""
+ cd /home/ubuntu/environment/aws-robomaker-testcase-framework/simulation_ws/src/sample_node
+ mkdir -p /home/ubuntu/environment/aws-robomaker-testcase-framework/simulation_ws/install/sample_node/lib/python2.7/dist-packages
+ /usr/bin/env PYTHONPATH=/home/ubuntu/environment/aws-robomaker-testcase-framework/simulation_ws/install/sample_node/lib/python2.7/dist-packages:/home/ubuntu/environment/aws-robomaker-testcase-framework/simulation_ws/build/sample_node/lib/python2.7/dist-packages:/home/ubuntu/environment/aws-robomaker-testcase-framework/simulation_ws/install/sample_node/lib/python2.7/dist-packages:/home/ubuntu/environment/aws-robomaker-testcase-framework/simulation_ws/install/aws_robomaker_test_framework/lib/python2.7/dist-packages:/home/ubuntu/environment/aws-robomaker-testcase-framework/simulation_ws/install/robomaker_simulation_msgs/lib/python2.7/dist-packages:/home/ubuntu/environment/aws-robomaker-testcase-framework/simulation_ws/install/recorder_msgs/lib/python2.7/dist-packages:/home/ubuntu/environment/aws-robomaker-testcase-framework/simulation_ws/install/file_uploader_msgs/lib/python2.7/dist-packages:/opt/ros/melodic/lib/python2.7/dist-packages CATKIN_BINARY_DIR=/home/ubuntu/environment/aws-robomaker-testcase-framework/simulation_ws/build/sample_node /usr/bin/python2 /home/ubuntu/environment/aws-robomaker-testcase-framework/simulation_ws/src/sample_node/setup.py build --build-base /home/ubuntu/environment/aws-robomaker-testcase-framework/simulation_ws/build/sample_node install --root=/ --install-layout=deb --prefix=/home/ubuntu/environment/aws-robomaker-testcase-framework/simulation_ws/install/sample_node --install-scripts=/home/ubuntu/environment/aws-robomaker-testcase-framework/simulation_ws/install/sample_node/bin
running build
running build_py
package init file 'src/utild/__init__.py' not found (or not a regular file)
package init file 'src/utild/__init__.py' not found (or not a regular file)
running install
running install_lib
running install_egg_info
Removing /home/ubuntu/environment/aws-robomaker-testcase-framework/simulation_ws/install/sample_node/lib/python2.7/dist-packages/sample_node-1.0.0.egg-info
Writing /home/ubuntu/environment/aws-robomaker-testcase-framework/simulation_ws/install/sample_node/lib/python2.7/dist-packages/sample_node-1.0.0.egg-info
-- Installing: /home/ubuntu/environment/aws-robomaker-testcase-framework/simulation_ws/install/sample_node/lib/pkgconfig/sample_node.pc
-- Installing: /home/ubuntu/environment/aws-robomaker-testcase-framework/simulation_ws/install/sample_node/share/sample_node/cmake/sample_nodeConfig.cmake
-- Up-to-date: /home/ubuntu/environment/aws-robomaker-testcase-framework/simulation_ws/install/sample_node/share/sample_node/cmake/sample_nodeConfig-version.cmake
-- Up-to-date: /home/ubuntu/environment/aws-robomaker-testcase-framework/simulation_ws/install/sample_node/share/sample_node/package.xml
-- Installing: /home/ubuntu/environment/aws-robomaker-testcase-framework/simulation_ws/install/sample_node/lib/sample_node/example_node.py
