[  0%] Built target file_uploader_msgs_generate_messages_nodejs
[  0%] Built target actionlib_msgs_generate_messages_lisp
[  0%] Built target actionlib_msgs_generate_messages_cpp
[  0%] Built target actionlib_msgs_generate_messages_eus
[  0%] Built target actionlib_generate_messages_py
[  0%] Built target rosgraph_msgs_generate_messages_eus
[  0%] Built target actionlib_generate_messages_nodejs
[  0%] Built target std_msgs_generate_messages_eus
[  0%] Built target rosgraph_msgs_generate_messages_nodejs
[  0%] Built target rosgraph_msgs_generate_messages_py
[  0%] Built target actionlib_generate_messages_lisp
[  0%] Built target file_uploader_msgs_generate_messages_cpp
[  0%] Built target actionlib_generate_messages_eus
[  0%] Built target actionlib_msgs_generate_messages_nodejs
[  0%] Built target std_msgs_generate_messages_cpp
[  0%] Built target actionlib_generate_messages_cpp
[  0%] Built target roscpp_generate_messages_cpp
[  0%] Built target rosgraph_msgs_generate_messages_lisp
[  0%] Built target std_msgs_generate_messages_lisp
[  0%] Built target std_msgs_generate_messages_nodejs
[  0%] Built target std_msgs_generate_messages_py
[  0%] Built target _catkin_empty_exported_target
[  0%] Built target rosgraph_msgs_generate_messages_cpp
[  0%] Built target roscpp_generate_messages_nodejs
[  0%] Built target roscpp_generate_messages_lisp
[  0%] Built target roscpp_generate_messages_eus
[  0%] Built target actionlib_msgs_generate_messages_py
[  0%] Built target roscpp_generate_messages_py
[  0%] Built target file_uploader_msgs_generate_messages_eus
[  0%] Built target file_uploader_msgs_generate_messages_py
[  0%] Built target file_uploader_msgs_generate_messages_lisp
[ 50%] Built target s3_file_uploader_lib
[100%] Built target s3_file_uploader
[  0%] Built target file_uploader_msgs_generate_messages_nodejs
[ 30%] Built target gmock_main
[ 30%] Built target actionlib_msgs_generate_messages_eus
[ 30%] Built target actionlib_msgs_generate_messages_lisp
[ 30%] Built target rosgraph_msgs_generate_messages_eus
[ 30%] Built target actionlib_msgs_generate_messages_cpp
[ 30%] Built target actionlib_generate_messages_py
[ 30%] Built target actionlib_generate_messages_nodejs
[ 30%] Built target std_msgs_generate_messages_eus
[ 30%] Built target rosgraph_msgs_generate_messages_nodejs
[ 30%] Built target rosgraph_msgs_generate_messages_py
[ 30%] Built target actionlib_generate_messages_lisp
[ 30%] Built target file_uploader_msgs_generate_messages_cpp
[ 30%] Built target actionlib_generate_messages_eus
[ 30%] Built target actionlib_msgs_generate_messages_nodejs
[ 30%] Built target std_msgs_generate_messages_cpp
[ 30%] Built target roscpp_generate_messages_cpp
[ 30%] Built target actionlib_generate_messages_cpp
[ 30%] Built target rosgraph_msgs_generate_messages_lisp
[ 30%] Built target std_msgs_generate_messages_lisp
[ 30%] Built target std_msgs_generate_messages_nodejs
[ 30%] Built target std_msgs_generate_messages_py
[ 30%] Built target _catkin_empty_exported_target
[ 30%] Built target roscpp_generate_messages_nodejs
[ 30%] Built target rosgraph_msgs_generate_messages_cpp
[ 30%] Built target roscpp_generate_messages_eus
[ 30%] Built target roscpp_generate_messages_lisp
[ 30%] Built target actionlib_msgs_generate_messages_py
[ 30%] Built target roscpp_generate_messages_py
[ 30%] Built target file_uploader_msgs_generate_messages_eus
[ 30%] Built target file_uploader_msgs_generate_messages_py
[ 30%] Built target file_uploader_msgs_generate_messages_lisp
[ 53%] Built target gmock
[ 69%] Built target s3_file_uploader_lib
[ 84%] Built target test_action_server_handler
[100%] Built target test_s3_file_uploader
[100%] Built target tests
[  0%] Built target actionlib_msgs_generate_messages_lisp
[  0%] Built target file_uploader_msgs_generate_messages_nodejs
[  0%] Built target actionlib_msgs_generate_messages_eus
[  0%] Built target actionlib_msgs_generate_messages_cpp
[  0%] Built target rosgraph_msgs_generate_messages_eus
[  0%] Built target actionlib_generate_messages_py
[  0%] Built target actionlib_generate_messages_nodejs
[  0%] Built target std_msgs_generate_messages_eus
[  0%] Built target rosgraph_msgs_generate_messages_py
[  0%] Built target rosgraph_msgs_generate_messages_nodejs
[  0%] Built target actionlib_generate_messages_lisp
[  0%] Built target actionlib_generate_messages_eus
[  0%] Built target file_uploader_msgs_generate_messages_cpp
[  0%] Built target actionlib_msgs_generate_messages_nodejs
[  0%] Built target std_msgs_generate_messages_cpp
[  0%] Built target roscpp_generate_messages_cpp
[  0%] Built target actionlib_generate_messages_cpp
[  0%] Built target rosgraph_msgs_generate_messages_lisp
[  0%] Built target std_msgs_generate_messages_nodejs
[  0%] Built target std_msgs_generate_messages_lisp
[  0%] Built target std_msgs_generate_messages_py
[  0%] Built target _catkin_empty_exported_target
[  0%] Built target rosgraph_msgs_generate_messages_cpp
[  0%] Built target roscpp_generate_messages_nodejs
[  0%] Built target roscpp_generate_messages_eus
[  0%] Built target roscpp_generate_messages_py
[  0%] Built target roscpp_generate_messages_lisp
[  0%] Built target actionlib_msgs_generate_messages_py
[  0%] Built target file_uploader_msgs_generate_messages_eus
[  0%] Built target file_uploader_msgs_generate_messages_lisp
[  0%] Built target file_uploader_msgs_generate_messages_py
[ 50%] Built target s3_file_uploader_lib
[100%] Built target s3_file_uploader
[36mInstall the project...[0m
-- Install configuration: ""
-- Up-to-date: /home/ubuntu/environment/aws-robomaker-testcase-framework/simulation_ws/install/s3_file_uploader/lib/pkgconfig/s3_file_uploader.pc
-- Up-to-date: /home/ubuntu/environment/aws-robomaker-testcase-framework/simulation_ws/install/s3_file_uploader/share/s3_file_uploader/cmake/s3_file_uploaderConfig.cmake
-- Up-to-date: /home/ubuntu/environment/aws-robomaker-testcase-framework/simulation_ws/install/s3_file_uploader/share/s3_file_uploader/cmake/s3_file_uploaderConfig-version.cmake
-- Up-to-date: /home/ubuntu/environment/aws-robomaker-testcase-framework/simulation_ws/install/s3_file_uploader/share/s3_file_uploader/package.xml
-- Up-to-date: /home/ubuntu/environment/aws-robomaker-testcase-framework/simulation_ws/install/s3_file_uploader/lib/s3_file_uploader/s3_file_uploader
-- Up-to-date: /home/ubuntu/environment/aws-robomaker-testcase-framework/simulation_ws/install/s3_file_uploader/lib/libs3_file_uploader_lib.so
-- Up-to-date: /home/ubuntu/environment/aws-robomaker-testcase-framework/simulation_ws/install/s3_file_uploader/share/s3_file_uploader/launch
-- Up-to-date: /home/ubuntu/environment/aws-robomaker-testcase-framework/simulation_ws/install/s3_file_uploader/share/s3_file_uploader/launch/s3_file_uploader.launch
-- Up-to-date: /home/ubuntu/environment/aws-robomaker-testcase-framework/simulation_ws/install/s3_file_uploader/share/s3_file_uploader/config
-- Up-to-date: /home/ubuntu/environment/aws-robomaker-testcase-framework/simulation_ws/install/s3_file_uploader/share/s3_file_uploader/config/node_sample_configuration.yaml
-- Up-to-date: /home/ubuntu/environment/aws-robomaker-testcase-framework/simulation_ws/install/s3_file_uploader/include
-- Up-to-date: /home/ubuntu/environment/aws-robomaker-testcase-framework/simulation_ws/install/s3_file_uploader/include/s3_file_uploader
-- Up-to-date: /home/ubuntu/environment/aws-robomaker-testcase-framework/simulation_ws/install/s3_file_uploader/include/s3_file_uploader/s3_file_uploader.h
-- Up-to-date: /home/ubuntu/environment/aws-robomaker-testcase-framework/simulation_ws/install/s3_file_uploader/include/s3_file_uploader/s3_file_uploader_action_server_handler.h
