[0.038s] Invoking command in '/home/ubuntu/environment/aws-robomaker-testcase-framework/simulation_ws/build/robomaker_simulation_msgs': /usr/bin/cmake --build /home/ubuntu/environment/aws-robomaker-testcase-framework/simulation_ws/build/robomaker_simulation_msgs -- -j2 -l2
[0.231s] [  0%] Built target _robomaker_simulation_msgs_generate_messages_check_deps_AddTags
[0.237s] [  0%] Built target _robomaker_simulation_msgs_generate_messages_check_deps_RemoveTags
[0.326s] [  0%] Built target _robomaker_simulation_msgs_generate_messages_check_deps_Tag
[0.358s] [  0%] Built target std_msgs_generate_messages_eus
[0.392s] [  0%] Built target _robomaker_simulation_msgs_generate_messages_check_deps_Cancel
[0.435s] [  0%] Built target std_msgs_generate_messages_nodejs
[0.481s] [  0%] Built target _robomaker_simulation_msgs_generate_messages_check_deps_ListTags
[0.498s] [  0%] Built target std_msgs_generate_messages_lisp
[0.550s] [  0%] Built target std_msgs_generate_messages_py
[0.579s] [  0%] Built target std_msgs_generate_messages_cpp
[0.629s] [ 21%] Built target robomaker_simulation_msgs_generate_messages_eus
[0.644s] [ 39%] Built target robomaker_simulation_msgs_generate_messages_nodejs
[0.704s] [ 64%] Built target robomaker_simulation_msgs_generate_messages_py
[0.712s] [ 82%] Built target robomaker_simulation_msgs_generate_messages_lisp
[0.754s] [100%] Built target robomaker_simulation_msgs_generate_messages_cpp
[0.806s] [100%] Built target robomaker_simulation_msgs_generate_messages
[0.826s] Invoked command in '/home/ubuntu/environment/aws-robomaker-testcase-framework/simulation_ws/build/robomaker_simulation_msgs' returned '0': /usr/bin/cmake --build /home/ubuntu/environment/aws-robomaker-testcase-framework/simulation_ws/build/robomaker_simulation_msgs -- -j2 -l2
[0.898s] Invoking command in '/home/ubuntu/environment/aws-robomaker-testcase-framework/simulation_ws/build/robomaker_simulation_msgs': /usr/bin/cmake --build /home/ubuntu/environment/aws-robomaker-testcase-framework/simulation_ws/build/robomaker_simulation_msgs --target tests -- -j2 -l2
[1.007s] Built target tests
[1.031s] Invoked command in '/home/ubuntu/environment/aws-robomaker-testcase-framework/simulation_ws/build/robomaker_simulation_msgs' returned '0': /usr/bin/cmake --build /home/ubuntu/environment/aws-robomaker-testcase-framework/simulation_ws/build/robomaker_simulation_msgs --target tests -- -j2 -l2
[1.103s] Invoking command in '/home/ubuntu/environment/aws-robomaker-testcase-framework/simulation_ws/build/robomaker_simulation_msgs': /usr/bin/cmake --build /home/ubuntu/environment/aws-robomaker-testcase-framework/simulation_ws/build/robomaker_simulation_msgs --target install -- -j2 -l2
[1.228s] [  0%] Built target _robomaker_simulation_msgs_generate_messages_check_deps_RemoveTags
[1.243s] [  0%] Built target _robomaker_simulation_msgs_generate_messages_check_deps_AddTags
[1.329s] [  0%] Built target _robomaker_simulation_msgs_generate_messages_check_deps_Tag
[1.356s] [  0%] Built target _robomaker_simulation_msgs_generate_messages_check_deps_Cancel
[1.388s] [  0%] Built target std_msgs_generate_messages_eus
[1.455s] [  0%] Built target std_msgs_generate_messages_nodejs
[1.470s] [  0%] Built target _robomaker_simulation_msgs_generate_messages_check_deps_ListTags
[1.515s] [  0%] Built target std_msgs_generate_messages_lisp
[1.528s] [  0%] Built target std_msgs_generate_messages_py
[1.575s] [ 21%] Built target robomaker_simulation_msgs_generate_messages_eus
[1.600s] [ 21%] Built target std_msgs_generate_messages_cpp
[1.643s] [ 39%] Built target robomaker_simulation_msgs_generate_messages_nodejs
[1.662s] [ 57%] Built target robomaker_simulation_msgs_generate_messages_lisp
[1.696s] [ 75%] Built target robomaker_simulation_msgs_generate_messages_cpp
[1.713s] [100%] Built target robomaker_simulation_msgs_generate_messages_py
[1.772s] [100%] Built target robomaker_simulation_msgs_generate_messages
[1.852s] [36mInstall the project...[0m
[1.870s] -- Install configuration: ""
[1.872s] -- Up-to-date: /home/ubuntu/environment/aws-robomaker-testcase-framework/simulation_ws/install/robomaker_simulation_msgs/share/robomaker_simulation_msgs/msg/Tag.msg
[1.872s] -- Up-to-date: /home/ubuntu/environment/aws-robomaker-testcase-framework/simulation_ws/install/robomaker_simulation_msgs/share/robomaker_simulation_msgs/srv/Cancel.srv
[1.872s] -- Up-to-date: /home/ubuntu/environment/aws-robomaker-testcase-framework/simulation_ws/install/robomaker_simulation_msgs/share/robomaker_simulation_msgs/srv/ListTags.srv
[1.873s] -- Up-to-date: /home/ubuntu/environment/aws-robomaker-testcase-framework/simulation_ws/install/robomaker_simulation_msgs/share/robomaker_simulation_msgs/srv/AddTags.srv
[1.873s] -- Up-to-date: /home/ubuntu/environment/aws-robomaker-testcase-framework/simulation_ws/install/robomaker_simulation_msgs/share/robomaker_simulation_msgs/srv/RemoveTags.srv
[1.873s] -- Up-to-date: /home/ubuntu/environment/aws-robomaker-testcase-framework/simulation_ws/install/robomaker_simulation_msgs/share/robomaker_simulation_msgs/cmake/robomaker_simulation_msgs-msg-paths.cmake
[1.873s] -- Up-to-date: /home/ubuntu/environment/aws-robomaker-testcase-framework/simulation_ws/install/robomaker_simulation_msgs/include/robomaker_simulation_msgs
[1.874s] -- Up-to-date: /home/ubuntu/environment/aws-robomaker-testcase-framework/simulation_ws/install/robomaker_simulation_msgs/include/robomaker_simulation_msgs/AddTagsResponse.h
[1.874s] -- Up-to-date: /home/ubuntu/environment/aws-robomaker-testcase-framework/simulation_ws/install/robomaker_simulation_msgs/include/robomaker_simulation_msgs/RemoveTagsRequest.h
[1.875s] -- Up-to-date: /home/ubuntu/environment/aws-robomaker-testcase-framework/simulation_ws/install/robomaker_simulation_msgs/include/robomaker_simulation_msgs/Cancel.h
[1.875s] -- Up-to-date: /home/ubuntu/environment/aws-robomaker-testcase-framework/simulation_ws/install/robomaker_simulation_msgs/include/robomaker_simulation_msgs/AddTagsRequest.h
[1.875s] -- Up-to-date: /home/ubuntu/environment/aws-robomaker-testcase-framework/simulation_ws/install/robomaker_simulation_msgs/include/robomaker_simulation_msgs/ListTagsResponse.h
[1.875s] -- Up-to-date: /home/ubuntu/environment/aws-robomaker-testcase-framework/simulation_ws/install/robomaker_simulation_msgs/include/robomaker_simulation_msgs/RemoveTags.h
[1.875s] -- Up-to-date: /home/ubuntu/environment/aws-robomaker-testcase-framework/simulation_ws/install/robomaker_simulation_msgs/include/robomaker_simulation_msgs/CancelResponse.h
[1.875s] -- Up-to-date: /home/ubuntu/environment/aws-robomaker-testcase-framework/simulation_ws/install/robomaker_simulation_msgs/include/robomaker_simulation_msgs/CancelRequest.h
[1.875s] -- Up-to-date: /home/ubuntu/environment/aws-robomaker-testcase-framework/simulation_ws/install/robomaker_simulation_msgs/include/robomaker_simulation_msgs/ListTags.h
[1.875s] -- Up-to-date: /home/ubuntu/environment/aws-robomaker-testcase-framework/simulation_ws/install/robomaker_simulation_msgs/include/robomaker_simulation_msgs/Tag.h
[1.876s] -- Up-to-date: /home/ubuntu/environment/aws-robomaker-testcase-framework/simulation_ws/install/robomaker_simulation_msgs/include/robomaker_simulation_msgs/AddTags.h
[1.876s] -- Up-to-date: /home/ubuntu/environment/aws-robomaker-testcase-framework/simulation_ws/install/robomaker_simulation_msgs/include/robomaker_simulation_msgs/RemoveTagsResponse.h
[1.876s] -- Up-to-date: /home/ubuntu/environment/aws-robomaker-testcase-framework/simulation_ws/install/robomaker_simulation_msgs/include/robomaker_simulation_msgs/ListTagsRequest.h
[1.876s] -- Up-to-date: /home/ubuntu/environment/aws-robomaker-testcase-framework/simulation_ws/install/robomaker_simulation_msgs/share/roseus/ros/robomaker_simulation_msgs
[1.876s] -- Up-to-date: /home/ubuntu/environment/aws-robomaker-testcase-framework/simulation_ws/install/robomaker_simulation_msgs/share/roseus/ros/robomaker_simulation_msgs/srv
[1.876s] -- Up-to-date: /home/ubuntu/environment/aws-robomaker-testcase-framework/simulation_ws/install/robomaker_simulation_msgs/share/roseus/ros/robomaker_simulation_msgs/srv/Cancel.l
[1.876s] -- Up-to-date: /home/ubuntu/environment/aws-robomaker-testcase-framework/simulation_ws/install/robomaker_simulation_msgs/share/roseus/ros/robomaker_simulation_msgs/srv/RemoveTags.l
[1.877s] -- Up-to-date: /home/ubuntu/environment/aws-robomaker-testcase-framework/simulation_ws/install/robomaker_simulation_msgs/share/roseus/ros/robomaker_simulation_msgs/srv/ListTags.l
[1.877s] -- Up-to-date: /home/ubuntu/environment/aws-robomaker-testcase-framework/simulation_ws/install/robomaker_simulation_msgs/share/roseus/ros/robomaker_simulation_msgs/srv/AddTags.l
[1.877s] -- Up-to-date: /home/ubuntu/environment/aws-robomaker-testcase-framework/simulation_ws/install/robomaker_simulation_msgs/share/roseus/ros/robomaker_simulation_msgs/manifest.l
[1.877s] -- Up-to-date: /home/ubuntu/environment/aws-robomaker-testcase-framework/simulation_ws/install/robomaker_simulation_msgs/share/roseus/ros/robomaker_simulation_msgs/msg
[1.877s] -- Up-to-date: /home/ubuntu/environment/aws-robomaker-testcase-framework/simulation_ws/install/robomaker_simulation_msgs/share/roseus/ros/robomaker_simulation_msgs/msg/Tag.l
[1.877s] -- Up-to-date: /home/ubuntu/environment/aws-robomaker-testcase-framework/simulation_ws/install/robomaker_simulation_msgs/share/common-lisp/ros/robomaker_simulation_msgs
[1.878s] -- Up-to-date: /home/ubuntu/environment/aws-robomaker-testcase-framework/simulation_ws/install/robomaker_simulation_msgs/share/common-lisp/ros/robomaker_simulation_msgs/srv
[1.879s] -- Up-to-date: /home/ubuntu/environment/aws-robomaker-testcase-framework/simulation_ws/install/robomaker_simulation_msgs/share/common-lisp/ros/robomaker_simulation_msgs/srv/_package_AddTags.lisp
[1.879s] -- Up-to-date: /home/ubuntu/environment/aws-robomaker-testcase-framework/simulation_ws/install/robomaker_simulation_msgs/share/common-lisp/ros/robomaker_simulation_msgs/srv/_package.lisp
[1.879s] -- Up-to-date: /home/ubuntu/environment/aws-robomaker-testcase-framework/simulation_ws/install/robomaker_simulation_msgs/share/common-lisp/ros/robomaker_simulation_msgs/srv/Cancel.lisp
[1.879s] -- Up-to-date: /home/ubuntu/environment/aws-robomaker-testcase-framework/simulation_ws/install/robomaker_simulation_msgs/share/common-lisp/ros/robomaker_simulation_msgs/srv/_package_Cancel.lisp
[1.879s] -- Up-to-date: /home/ubuntu/environment/aws-robomaker-testcase-framework/simulation_ws/install/robomaker_simulation_msgs/share/common-lisp/ros/robomaker_simulation_msgs/srv/RemoveTags.lisp
[1.879s] -- Up-to-date: /home/ubuntu/environment/aws-robomaker-testcase-framework/simulation_ws/install/robomaker_simulation_msgs/share/common-lisp/ros/robomaker_simulation_msgs/srv/robomaker_simulation_msgs-srv.asd
[1.880s] -- Up-to-date: /home/ubuntu/environment/aws-robomaker-testcase-framework/simulation_ws/install/robomaker_simulation_msgs/share/common-lisp/ros/robomaker_simulation_msgs/srv/AddTags.lisp
[1.880s] -- Up-to-date: /home/ubuntu/environment/aws-robomaker-testcase-framework/simulation_ws/install/robomaker_simulation_msgs/share/common-lisp/ros/robomaker_simulation_msgs/srv/_package_RemoveTags.lisp
[1.880s] -- Up-to-date: /home/ubuntu/environment/aws-robomaker-testcase-framework/simulation_ws/install/robomaker_simulation_msgs/share/common-lisp/ros/robomaker_simulation_msgs/srv/_package_ListTags.lisp
[1.880s] -- Up-to-date: /home/ubuntu/environment/aws-robomaker-testcase-framework/simulation_ws/install/robomaker_simulation_msgs/share/common-lisp/ros/robomaker_simulation_msgs/srv/ListTags.lisp
[1.880s] -- Up-to-date: /home/ubuntu/environment/aws-robomaker-testcase-framework/simulation_ws/install/robomaker_simulation_msgs/share/common-lisp/ros/robomaker_simulation_msgs/msg
[1.880s] -- Up-to-date: /home/ubuntu/environment/aws-robomaker-testcase-framework/simulation_ws/install/robomaker_simulation_msgs/share/common-lisp/ros/robomaker_simulation_msgs/msg/_package.lisp
[1.880s] -- Up-to-date: /home/ubuntu/environment/aws-robomaker-testcase-framework/simulation_ws/install/robomaker_simulation_msgs/share/common-lisp/ros/robomaker_simulation_msgs/msg/Tag.lisp
[1.880s] -- Up-to-date: /home/ubuntu/environment/aws-robomaker-testcase-framework/simulation_ws/install/robomaker_simulation_msgs/share/common-lisp/ros/robomaker_simulation_msgs/msg/robomaker_simulation_msgs-msg.asd
[1.881s] -- Up-to-date: /home/ubuntu/environment/aws-robomaker-testcase-framework/simulation_ws/install/robomaker_simulation_msgs/share/common-lisp/ros/robomaker_simulation_msgs/msg/_package_Tag.lisp
[1.881s] -- Up-to-date: /home/ubuntu/environment/aws-robomaker-testcase-framework/simulation_ws/install/robomaker_simulation_msgs/share/gennodejs/ros/robomaker_simulation_msgs
[1.881s] -- Up-to-date: /home/ubuntu/environment/aws-robomaker-testcase-framework/simulation_ws/install/robomaker_simulation_msgs/share/gennodejs/ros/robomaker_simulation_msgs/_index.js
[1.881s] -- Up-to-date: /home/ubuntu/environment/aws-robomaker-testcase-framework/simulation_ws/install/robomaker_simulation_msgs/share/gennodejs/ros/robomaker_simulation_msgs/srv
[1.881s] -- Up-to-date: /home/ubuntu/environment/aws-robomaker-testcase-framework/simulation_ws/install/robomaker_simulation_msgs/share/gennodejs/ros/robomaker_simulation_msgs/srv/Cancel.js
[1.882s] -- Up-to-date: /home/ubuntu/environment/aws-robomaker-testcase-framework/simulation_ws/install/robomaker_simulation_msgs/share/gennodejs/ros/robomaker_simulation_msgs/srv/_index.js
[1.882s] -- Up-to-date: /home/ubuntu/environment/aws-robomaker-testcase-framework/simulation_ws/install/robomaker_simulation_msgs/share/gennodejs/ros/robomaker_simulation_msgs/srv/RemoveTags.js
[1.882s] -- Up-to-date: /home/ubuntu/environment/aws-robomaker-testcase-framework/simulation_ws/install/robomaker_simulation_msgs/share/gennodejs/ros/robomaker_simulation_msgs/srv/ListTags.js
[1.882s] -- Up-to-date: /home/ubuntu/environment/aws-robomaker-testcase-framework/simulation_ws/install/robomaker_simulation_msgs/share/gennodejs/ros/robomaker_simulation_msgs/srv/AddTags.js
[1.882s] -- Up-to-date: /home/ubuntu/environment/aws-robomaker-testcase-framework/simulation_ws/install/robomaker_simulation_msgs/share/gennodejs/ros/robomaker_simulation_msgs/msg
[1.888s] -- Up-to-date: /home/ubuntu/environment/aws-robomaker-testcase-framework/simulation_ws/install/robomaker_simulation_msgs/share/gennodejs/ros/robomaker_simulation_msgs/msg/_index.js
[1.889s] -- Up-to-date: /home/ubuntu/environment/aws-robomaker-testcase-framework/simulation_ws/install/robomaker_simulation_msgs/share/gennodejs/ros/robomaker_simulation_msgs/msg/Tag.js
[1.924s] Listing /home/ubuntu/environment/aws-robomaker-testcase-framework/simulation_ws/build/robomaker_simulation_msgs/devel/lib/python2.7/dist-packages/robomaker_simulation_msgs ...
[1.924s] Listing /home/ubuntu/environment/aws-robomaker-testcase-framework/simulation_ws/build/robomaker_simulation_msgs/devel/lib/python2.7/dist-packages/robomaker_simulation_msgs/msg ...
[1.924s] Listing /home/ubuntu/environment/aws-robomaker-testcase-framework/simulation_ws/build/robomaker_simulation_msgs/devel/lib/python2.7/dist-packages/robomaker_simulation_msgs/srv ...
[1.925s] -- Up-to-date: /home/ubuntu/environment/aws-robomaker-testcase-framework/simulation_ws/install/robomaker_simulation_msgs/lib/python2.7/dist-packages/robomaker_simulation_msgs
[1.926s] -- Up-to-date: /home/ubuntu/environment/aws-robomaker-testcase-framework/simulation_ws/install/robomaker_simulation_msgs/lib/python2.7/dist-packages/robomaker_simulation_msgs/__init__.pyc
[1.926s] -- Up-to-date: /home/ubuntu/environment/aws-robomaker-testcase-framework/simulation_ws/install/robomaker_simulation_msgs/lib/python2.7/dist-packages/robomaker_simulation_msgs/srv
[1.926s] -- Up-to-date: /home/ubuntu/environment/aws-robomaker-testcase-framework/simulation_ws/install/robomaker_simulation_msgs/lib/python2.7/dist-packages/robomaker_simulation_msgs/srv/_Cancel.pyc
[1.926s] -- Up-to-date: /home/ubuntu/environment/aws-robomaker-testcase-framework/simulation_ws/install/robomaker_simulation_msgs/lib/python2.7/dist-packages/robomaker_simulation_msgs/srv/__init__.pyc
[1.926s] -- Up-to-date: /home/ubuntu/environment/aws-robomaker-testcase-framework/simulation_ws/install/robomaker_simulation_msgs/lib/python2.7/dist-packages/robomaker_simulation_msgs/srv/_Cancel.py
[1.927s] -- Up-to-date: /home/ubuntu/environment/aws-robomaker-testcase-framework/simulation_ws/install/robomaker_simulation_msgs/lib/python2.7/dist-packages/robomaker_simulation_msgs/srv/_AddTags.py
[1.927s] -- Up-to-date: /home/ubuntu/environment/aws-robomaker-testcase-framework/simulation_ws/install/robomaker_simulation_msgs/lib/python2.7/dist-packages/robomaker_simulation_msgs/srv/_AddTags.pyc
[1.927s] -- Up-to-date: /home/ubuntu/environment/aws-robomaker-testcase-framework/simulation_ws/install/robomaker_simulation_msgs/lib/python2.7/dist-packages/robomaker_simulation_msgs/srv/_RemoveTags.py
[1.927s] -- Up-to-date: /home/ubuntu/environment/aws-robomaker-testcase-framework/simulation_ws/install/robomaker_simulation_msgs/lib/python2.7/dist-packages/robomaker_simulation_msgs/srv/_ListTags.py
[1.927s] -- Up-to-date: /home/ubuntu/environment/aws-robomaker-testcase-framework/simulation_ws/install/robomaker_simulation_msgs/lib/python2.7/dist-packages/robomaker_simulation_msgs/srv/__init__.py
[1.927s] -- Up-to-date: /home/ubuntu/environment/aws-robomaker-testcase-framework/simulation_ws/install/robomaker_simulation_msgs/lib/python2.7/dist-packages/robomaker_simulation_msgs/srv/_RemoveTags.pyc
[1.927s] -- Up-to-date: /home/ubuntu/environment/aws-robomaker-testcase-framework/simulation_ws/install/robomaker_simulation_msgs/lib/python2.7/dist-packages/robomaker_simulation_msgs/srv/_ListTags.pyc
[1.928s] -- Up-to-date: /home/ubuntu/environment/aws-robomaker-testcase-framework/simulation_ws/install/robomaker_simulation_msgs/lib/python2.7/dist-packages/robomaker_simulation_msgs/msg
[1.928s] -- Up-to-date: /home/ubuntu/environment/aws-robomaker-testcase-framework/simulation_ws/install/robomaker_simulation_msgs/lib/python2.7/dist-packages/robomaker_simulation_msgs/msg/__init__.pyc
[1.928s] -- Up-to-date: /home/ubuntu/environment/aws-robomaker-testcase-framework/simulation_ws/install/robomaker_simulation_msgs/lib/python2.7/dist-packages/robomaker_simulation_msgs/msg/_Tag.py
[1.928s] -- Up-to-date: /home/ubuntu/environment/aws-robomaker-testcase-framework/simulation_ws/install/robomaker_simulation_msgs/lib/python2.7/dist-packages/robomaker_simulation_msgs/msg/__init__.py
[1.928s] -- Up-to-date: /home/ubuntu/environment/aws-robomaker-testcase-framework/simulation_ws/install/robomaker_simulation_msgs/lib/python2.7/dist-packages/robomaker_simulation_msgs/msg/_Tag.pyc
[1.928s] -- Up-to-date: /home/ubuntu/environment/aws-robomaker-testcase-framework/simulation_ws/install/robomaker_simulation_msgs/lib/python2.7/dist-packages/robomaker_simulation_msgs/__init__.py
[1.928s] -- Up-to-date: /home/ubuntu/environment/aws-robomaker-testcase-framework/simulation_ws/install/robomaker_simulation_msgs/lib/pkgconfig/robomaker_simulation_msgs.pc
[1.928s] -- Up-to-date: /home/ubuntu/environment/aws-robomaker-testcase-framework/simulation_ws/install/robomaker_simulation_msgs/share/robomaker_simulation_msgs/cmake/robomaker_simulation_msgs-msg-extras.cmake
[1.929s] -- Up-to-date: /home/ubuntu/environment/aws-robomaker-testcase-framework/simulation_ws/install/robomaker_simulation_msgs/share/robomaker_simulation_msgs/cmake/robomaker_simulation_msgsConfig.cmake
[1.929s] -- Up-to-date: /home/ubuntu/environment/aws-robomaker-testcase-framework/simulation_ws/install/robomaker_simulation_msgs/share/robomaker_simulation_msgs/cmake/robomaker_simulation_msgsConfig-version.cmake
[1.929s] -- Up-to-date: /home/ubuntu/environment/aws-robomaker-testcase-framework/simulation_ws/install/robomaker_simulation_msgs/share/robomaker_simulation_msgs/package.xml
[1.946s] Invoked command in '/home/ubuntu/environment/aws-robomaker-testcase-framework/simulation_ws/build/robomaker_simulation_msgs' returned '0': /usr/bin/cmake --build /home/ubuntu/environment/aws-robomaker-testcase-framework/simulation_ws/build/robomaker_simulation_msgs --target install -- -j2 -l2
