-- The C compiler identification is GNU 7.5.0
-- The CXX compiler identification is GNU 7.5.0
-- Check for working C compiler: /usr/bin/cc
-- Check for working C compiler: /usr/bin/cc -- works
-- Detecting C compiler ABI info
-- Detecting C compiler ABI info - done
-- Detecting C compile features
-- Detecting C compile features - done
-- Check for working CXX compiler: /usr/bin/c++
-- Check for working CXX compiler: /usr/bin/c++ -- works
-- Detecting CXX compiler ABI info
-- Detecting CXX compiler ABI info - done
-- Detecting CXX compile features
-- Detecting CXX compile features - done
-- Using CATKIN_DEVEL_PREFIX: /home/ubuntu/environment/aws-robomaker-testcase-framework/simulation_ws/build/file_uploader_msgs/devel
-- Using CMAKE_PREFIX_PATH: /home/ubuntu/environment/aws-robomaker-testcase-framework/simulation_ws/install/aws_robomaker_test_framework;/home/ubuntu/environment/aws-robomaker-testcase-framework/simulation_ws/install/robomaker_simulation_msgs;/opt/ros/melodic
-- This workspace overlays: /home/ubuntu/environment/aws-robomaker-testcase-framework/simulation_ws/install/aws_robomaker_test_framework;/home/ubuntu/environment/aws-robomaker-testcase-framework/simulation_ws/install/robomaker_simulation_msgs;/opt/ros/melodic
-- Found PythonInterp: /usr/bin/python2 (found suitable version "2.7.17", minimum required is "2") 
-- Using PYTHON_EXECUTABLE: /usr/bin/python2
-- Using Debian Python package layout
-- Using empy: /usr/bin/empy
-- Using CATKIN_ENABLE_TESTING: ON
-- Call enable_testing()
-- Using CATKIN_TEST_RESULTS_DIR: /home/ubuntu/environment/aws-robomaker-testcase-framework/simulation_ws/build/file_uploader_msgs/test_results
-- Found gtest sources under '/usr/src/googletest': gtests will be built
-- Found gmock sources under '/usr/src/googletest': gmock will be built
-- Found PythonInterp: /usr/bin/python2 (found version "2.7.17") 
-- Looking for pthread.h
-- Looking for pthread.h - found
-- Looking for pthread_create
-- Looking for pthread_create - not found
-- Looking for pthread_create in pthreads
-- Looking for pthread_create in pthreads - not found
-- Looking for pthread_create in pthread
-- Looking for pthread_create in pthread - found
-- Found Threads: TRUE  
-- Using Python nosetests: /usr/bin/nosetests-2.7
-- catkin 0.7.26
-- BUILD_SHARED_LIBS is on
-- Using these message generators: gencpp;geneus;genlisp;gennodejs;genpy
-- Generating .msg files for action file_uploader_msgs/UploadFiles /home/ubuntu/environment/aws-robomaker-testcase-framework/simulation_ws/src/rosbag-uploader-ros1/file_uploader_msgs/action/UploadFiles.action
Generating for action UploadFiles
-- file_uploader_msgs: 8 messages, 0 services
-- Configuring done
-- Generating done
-- Build files have been written to: /home/ubuntu/environment/aws-robomaker-testcase-framework/simulation_ws/build/file_uploader_msgs
[35m[1mScanning dependencies of target _file_uploader_msgs_generate_messages_check_deps_UploadFilesResult[0m
[35m[1mScanning dependencies of target _file_uploader_msgs_generate_messages_check_deps_UploadFilesActionResult[0m
[  0%] Built target _file_uploader_msgs_generate_messages_check_deps_UploadFilesResult
[  0%] Built target _file_uploader_msgs_generate_messages_check_deps_UploadFilesActionResult
[35m[1mScanning dependencies of target _file_uploader_msgs_generate_messages_check_deps_UploadFilesActionGoal[0m
[35m[1mScanning dependencies of target _file_uploader_msgs_generate_messages_check_deps_UploadFilesActionFeedback[0m
[  0%] Built target _file_uploader_msgs_generate_messages_check_deps_UploadFilesActionGoal
[35m[1mScanning dependencies of target actionlib_msgs_generate_messages_nodejs[0m
[  0%] Built target _file_uploader_msgs_generate_messages_check_deps_UploadFilesActionFeedback
[35m[1mScanning dependencies of target _file_uploader_msgs_generate_messages_check_deps_UploadFilesGoal[0m
[  0%] Built target actionlib_msgs_generate_messages_nodejs
[35m[1mScanning dependencies of target _file_uploader_msgs_generate_messages_check_deps_UploadFilesAction[0m
[  0%] Built target _file_uploader_msgs_generate_messages_check_deps_UploadFilesGoal
[35m[1mScanning dependencies of target _file_uploader_msgs_generate_messages_check_deps_S3Result[0m
[  0%] Built target _file_uploader_msgs_generate_messages_check_deps_UploadFilesAction
[35m[1mScanning dependencies of target _file_uploader_msgs_generate_messages_check_deps_UploadFilesFeedback[0m
[  0%] Built target _file_uploader_msgs_generate_messages_check_deps_S3Result
[35m[1mScanning dependencies of target actionlib_msgs_generate_messages_cpp[0m
[  0%] Built target actionlib_msgs_generate_messages_cpp
[  0%] Built target _file_uploader_msgs_generate_messages_check_deps_UploadFilesFeedback
[35m[1mScanning dependencies of target actionlib_msgs_generate_messages_eus[0m
[35m[1mScanning dependencies of target actionlib_msgs_generate_messages_lisp[0m
[  0%] Built target actionlib_msgs_generate_messages_lisp
[35m[1mScanning dependencies of target actionlib_msgs_generate_messages_py[0m
[  0%] Built target actionlib_msgs_generate_messages_eus
[35m[1mScanning dependencies of target file_uploader_msgs_generate_messages_nodejs[0m
[  0%] Built target actionlib_msgs_generate_messages_py
[  2%] [34m[1mGenerating Javascript code from file_uploader_msgs/UploadFilesActionGoal.msg[0m
[35m[1mScanning dependencies of target file_uploader_msgs_generate_messages_cpp[0m
[  4%] [34m[1mGenerating C++ code from file_uploader_msgs/UploadFilesActionGoal.msg[0m
[  7%] [34m[1mGenerating Javascript code from file_uploader_msgs/S3Result.msg[0m
[  9%] [34m[1mGenerating Javascript code from file_uploader_msgs/UploadFilesActionResult.msg[0m
[ 11%] [34m[1mGenerating Javascript code from file_uploader_msgs/UploadFilesActionFeedback.msg[0m
[ 14%] [34m[1mGenerating C++ code from file_uploader_msgs/S3Result.msg[0m
[ 16%] [34m[1mGenerating Javascript code from file_uploader_msgs/UploadFilesFeedback.msg[0m
[ 19%] [34m[1mGenerating Javascript code from file_uploader_msgs/UploadFilesResult.msg[0m
[ 21%] [34m[1mGenerating Javascript code from file_uploader_msgs/UploadFilesGoal.msg[0m
[ 23%] [34m[1mGenerating C++ code from file_uploader_msgs/UploadFilesActionResult.msg[0m
[ 26%] [34m[1mGenerating Javascript code from file_uploader_msgs/UploadFilesAction.msg[0m
[ 26%] Built target file_uploader_msgs_generate_messages_nodejs
[ 28%] [34m[1mGenerating C++ code from file_uploader_msgs/UploadFilesActionFeedback.msg[0m
[ 30%] [34m[1mGenerating C++ code from file_uploader_msgs/UploadFilesFeedback.msg[0m
[ 33%] [34m[1mGenerating C++ code from file_uploader_msgs/UploadFilesResult.msg[0m
[ 35%] [34m[1mGenerating C++ code from file_uploader_msgs/UploadFilesGoal.msg[0m
[ 38%] [34m[1mGenerating C++ code from file_uploader_msgs/UploadFilesAction.msg[0m
[35m[1mScanning dependencies of target file_uploader_msgs_generate_messages_eus[0m
[ 40%] [34m[1mGenerating EusLisp code from file_uploader_msgs/UploadFilesActionGoal.msg[0m
[ 40%] Built target file_uploader_msgs_generate_messages_cpp
[35m[1mScanning dependencies of target file_uploader_msgs_generate_messages_lisp[0m
[ 42%] [34m[1mGenerating Lisp code from file_uploader_msgs/UploadFilesActionGoal.msg[0m
[ 45%] [34m[1mGenerating EusLisp code from file_uploader_msgs/S3Result.msg[0m
[ 47%] [34m[1mGenerating Lisp code from file_uploader_msgs/S3Result.msg[0m
[ 50%] [34m[1mGenerating Lisp code from file_uploader_msgs/UploadFilesActionResult.msg[0m
[ 52%] [34m[1mGenerating EusLisp code from file_uploader_msgs/UploadFilesActionResult.msg[0m
[ 54%] [34m[1mGenerating Lisp code from file_uploader_msgs/UploadFilesActionFeedback.msg[0m
[ 57%] [34m[1mGenerating EusLisp code from file_uploader_msgs/UploadFilesActionFeedback.msg[0m
[ 59%] [34m[1mGenerating Lisp code from file_uploader_msgs/UploadFilesFeedback.msg[0m
[ 61%] [34m[1mGenerating EusLisp code from file_uploader_msgs/UploadFilesFeedback.msg[0m
[ 64%] [34m[1mGenerating Lisp code from file_uploader_msgs/UploadFilesResult.msg[0m
[ 66%] [34m[1mGenerating EusLisp code from file_uploader_msgs/UploadFilesResult.msg[0m
[ 69%] [34m[1mGenerating Lisp code from file_uploader_msgs/UploadFilesGoal.msg[0m
[ 71%] [34m[1mGenerating Lisp code from file_uploader_msgs/UploadFilesAction.msg[0m
[ 73%] [34m[1mGenerating EusLisp code from file_uploader_msgs/UploadFilesGoal.msg[0m
[ 73%] Built target file_uploader_msgs_generate_messages_lisp
[35m[1mScanning dependencies of target file_uploader_msgs_generate_messages_py[0m
[ 76%] [34m[1mGenerating Python from MSG file_uploader_msgs/UploadFilesActionGoal[0m
[ 78%] [34m[1mGenerating EusLisp code from file_uploader_msgs/UploadFilesAction.msg[0m
[ 80%] [34m[1mGenerating EusLisp manifest code for file_uploader_msgs[0m
[ 83%] [34m[1mGenerating Python from MSG file_uploader_msgs/S3Result[0m
[ 85%] [34m[1mGenerating Python from MSG file_uploader_msgs/UploadFilesActionResult[0m
[ 88%] [34m[1mGenerating Python from MSG file_uploader_msgs/UploadFilesActionFeedback[0m
[ 90%] [34m[1mGenerating Python from MSG file_uploader_msgs/UploadFilesFeedback[0m
[ 92%] [34m[1mGenerating Python from MSG file_uploader_msgs/UploadFilesResult[0m
[ 95%] [34m[1mGenerating Python from MSG file_uploader_msgs/UploadFilesGoal[0m
[ 97%] [34m[1mGenerating Python from MSG file_uploader_msgs/UploadFilesAction[0m
[ 97%] Built target file_uploader_msgs_generate_messages_eus
[100%] [34m[1mGenerating Python msg __init__.py for file_uploader_msgs[0m
[100%] Built target file_uploader_msgs_generate_messages_py
[35m[1mScanning dependencies of target file_uploader_msgs_generate_messages[0m
[100%] Built target file_uploader_msgs_generate_messages
[35m[1mScanning dependencies of target tests[0m
Built target tests
[  0%] Built target _file_uploader_msgs_generate_messages_check_deps_UploadFilesResult
[  0%] Built target _file_uploader_msgs_generate_messages_check_deps_UploadFilesActionResult
[  0%] Built target _file_uploader_msgs_generate_messages_check_deps_UploadFilesActionGoal
[  0%] Built target _file_uploader_msgs_generate_messages_check_deps_UploadFilesActionFeedback
[  0%] Built target actionlib_msgs_generate_messages_nodejs
[  0%] Built target _file_uploader_msgs_generate_messages_check_deps_UploadFilesGoal
[  0%] Built target _file_uploader_msgs_generate_messages_check_deps_UploadFilesAction
[  0%] Built target _file_uploader_msgs_generate_messages_check_deps_S3Result
[  0%] Built target _file_uploader_msgs_generate_messages_check_deps_UploadFilesFeedback
[  0%] Built target actionlib_msgs_generate_messages_cpp
[  0%] Built target actionlib_msgs_generate_messages_eus
[  0%] Built target actionlib_msgs_generate_messages_lisp
[  0%] Built target actionlib_msgs_generate_messages_py
[ 19%] Built target file_uploader_msgs_generate_messages_cpp
[ 38%] Built target file_uploader_msgs_generate_messages_nodejs
[ 59%] Built target file_uploader_msgs_generate_messages_eus
[ 78%] Built target file_uploader_msgs_generate_messages_lisp
[100%] Built target file_uploader_msgs_generate_messages_py
[100%] Built target file_uploader_msgs_generate_messages
[36mInstall the project...[0m
-- Install configuration: ""
-- Installing: /home/ubuntu/environment/aws-robomaker-testcase-framework/simulation_ws/install/file_uploader_msgs/share/file_uploader_msgs/action/UploadFiles.action
-- Installing: /home/ubuntu/environment/aws-robomaker-testcase-framework/simulation_ws/install/file_uploader_msgs/share/file_uploader_msgs/msg/UploadFilesAction.msg
-- Installing: /home/ubuntu/environment/aws-robomaker-testcase-framework/simulation_ws/install/file_uploader_msgs/share/file_uploader_msgs/msg/UploadFilesActionGoal.msg
-- Installing: /home/ubuntu/environment/aws-robomaker-testcase-framework/simulation_ws/install/file_uploader_msgs/share/file_uploader_msgs/msg/UploadFilesActionResult.msg
-- Installing: /home/ubuntu/environment/aws-robomaker-testcase-framework/simulation_ws/install/file_uploader_msgs/share/file_uploader_msgs/msg/UploadFilesActionFeedback.msg
-- Installing: /home/ubuntu/environment/aws-robomaker-testcase-framework/simulation_ws/install/file_uploader_msgs/share/file_uploader_msgs/msg/UploadFilesGoal.msg
-- Installing: /home/ubuntu/environment/aws-robomaker-testcase-framework/simulation_ws/install/file_uploader_msgs/share/file_uploader_msgs/msg/UploadFilesResult.msg
-- Installing: /home/ubuntu/environment/aws-robomaker-testcase-framework/simulation_ws/install/file_uploader_msgs/share/file_uploader_msgs/msg/UploadFilesFeedback.msg
-- Installing: /home/ubuntu/environment/aws-robomaker-testcase-framework/simulation_ws/install/file_uploader_msgs/share/file_uploader_msgs/msg/S3Result.msg
-- Installing: /home/ubuntu/environment/aws-robomaker-testcase-framework/simulation_ws/install/file_uploader_msgs/share/file_uploader_msgs/cmake/file_uploader_msgs-msg-paths.cmake
-- Installing: /home/ubuntu/environment/aws-robomaker-testcase-framework/simulation_ws/install/file_uploader_msgs/include/file_uploader_msgs
-- Installing: /home/ubuntu/environment/aws-robomaker-testcase-framework/simulation_ws/install/file_uploader_msgs/include/file_uploader_msgs/UploadFilesActionGoal.h
-- Installing: /home/ubuntu/environment/aws-robomaker-testcase-framework/simulation_ws/install/file_uploader_msgs/include/file_uploader_msgs/UploadFilesGoal.h
-- Installing: /home/ubuntu/environment/aws-robomaker-testcase-framework/simulation_ws/install/file_uploader_msgs/include/file_uploader_msgs/S3Result.h
-- Installing: /home/ubuntu/environment/aws-robomaker-testcase-framework/simulation_ws/install/file_uploader_msgs/include/file_uploader_msgs/UploadFilesActionResult.h
-- Installing: /home/ubuntu/environment/aws-robomaker-testcase-framework/simulation_ws/install/file_uploader_msgs/include/file_uploader_msgs/UploadFilesResult.h
-- Installing: /home/ubuntu/environment/aws-robomaker-testcase-framework/simulation_ws/install/file_uploader_msgs/include/file_uploader_msgs/UploadFilesActionFeedback.h
-- Installing: /home/ubuntu/environment/aws-robomaker-testcase-framework/simulation_ws/install/file_uploader_msgs/include/file_uploader_msgs/UploadFilesFeedback.h
-- Installing: /home/ubuntu/environment/aws-robomaker-testcase-framework/simulation_ws/install/file_uploader_msgs/include/file_uploader_msgs/UploadFilesAction.h
-- Installing: /home/ubuntu/environment/aws-robomaker-testcase-framework/simulation_ws/install/file_uploader_msgs/share/roseus/ros/file_uploader_msgs
-- Installing: /home/ubuntu/environment/aws-robomaker-testcase-framework/simulation_ws/install/file_uploader_msgs/share/roseus/ros/file_uploader_msgs/manifest.l
-- Installing: /home/ubuntu/environment/aws-robomaker-testcase-framework/simulation_ws/install/file_uploader_msgs/share/roseus/ros/file_uploader_msgs/msg
-- Installing: /home/ubuntu/environment/aws-robomaker-testcase-framework/simulation_ws/install/file_uploader_msgs/share/roseus/ros/file_uploader_msgs/msg/UploadFilesResult.l
-- Installing: /home/ubuntu/environment/aws-robomaker-testcase-framework/simulation_ws/install/file_uploader_msgs/share/roseus/ros/file_uploader_msgs/msg/UploadFilesActionGoal.l
-- Installing: /home/ubuntu/environment/aws-robomaker-testcase-framework/simulation_ws/install/file_uploader_msgs/share/roseus/ros/file_uploader_msgs/msg/UploadFilesActionFeedback.l
-- Installing: /home/ubuntu/environment/aws-robomaker-testcase-framework/simulation_ws/install/file_uploader_msgs/share/roseus/ros/file_uploader_msgs/msg/UploadFilesGoal.l
-- Installing: /home/ubuntu/environment/aws-robomaker-testcase-framework/simulation_ws/install/file_uploader_msgs/share/roseus/ros/file_uploader_msgs/msg/S3Result.l
-- Installing: /home/ubuntu/environment/aws-robomaker-testcase-framework/simulation_ws/install/file_uploader_msgs/share/roseus/ros/file_uploader_msgs/msg/UploadFilesAction.l
-- Installing: /home/ubuntu/environment/aws-robomaker-testcase-framework/simulation_ws/install/file_uploader_msgs/share/roseus/ros/file_uploader_msgs/msg/UploadFilesFeedback.l
-- Installing: /home/ubuntu/environment/aws-robomaker-testcase-framework/simulation_ws/install/file_uploader_msgs/share/roseus/ros/file_uploader_msgs/msg/UploadFilesActionResult.l
-- Installing: /home/ubuntu/environment/aws-robomaker-testcase-framework/simulation_ws/install/file_uploader_msgs/share/common-lisp/ros/file_uploader_msgs
-- Installing: /home/ubuntu/environment/aws-robomaker-testcase-framework/simulation_ws/install/file_uploader_msgs/share/common-lisp/ros/file_uploader_msgs/msg
-- Installing: /home/ubuntu/environment/aws-robomaker-testcase-framework/simulation_ws/install/file_uploader_msgs/share/common-lisp/ros/file_uploader_msgs/msg/_package_UploadFilesGoal.lisp
-- Installing: /home/ubuntu/environment/aws-robomaker-testcase-framework/simulation_ws/install/file_uploader_msgs/share/common-lisp/ros/file_uploader_msgs/msg/_package_UploadFilesResult.lisp
-- Installing: /home/ubuntu/environment/aws-robomaker-testcase-framework/simulation_ws/install/file_uploader_msgs/share/common-lisp/ros/file_uploader_msgs/msg/_package.lisp
-- Installing: /home/ubuntu/environment/aws-robomaker-testcase-framework/simulation_ws/install/file_uploader_msgs/share/common-lisp/ros/file_uploader_msgs/msg/UploadFilesActionResult.lisp
-- Installing: /home/ubuntu/environment/aws-robomaker-testcase-framework/simulation_ws/install/file_uploader_msgs/share/common-lisp/ros/file_uploader_msgs/msg/UploadFilesGoal.lisp
-- Installing: /home/ubuntu/environment/aws-robomaker-testcase-framework/simulation_ws/install/file_uploader_msgs/share/common-lisp/ros/file_uploader_msgs/msg/UploadFilesActionFeedback.lisp
-- Installing: /home/ubuntu/environment/aws-robomaker-testcase-framework/simulation_ws/install/file_uploader_msgs/share/common-lisp/ros/file_uploader_msgs/msg/_package_UploadFilesFeedback.lisp
-- Installing: /home/ubuntu/environment/aws-robomaker-testcase-framework/simulation_ws/install/file_uploader_msgs/share/common-lisp/ros/file_uploader_msgs/msg/UploadFilesAction.lisp
-- Installing: /home/ubuntu/environment/aws-robomaker-testcase-framework/simulation_ws/install/file_uploader_msgs/share/common-lisp/ros/file_uploader_msgs/msg/UploadFilesFeedback.lisp
-- Installing: /home/ubuntu/environment/aws-robomaker-testcase-framework/simulation_ws/install/file_uploader_msgs/share/common-lisp/ros/file_uploader_msgs/msg/_package_S3Result.lisp
-- Installing: /home/ubuntu/environment/aws-robomaker-testcase-framework/simulation_ws/install/file_uploader_msgs/share/common-lisp/ros/file_uploader_msgs/msg/_package_UploadFilesActionResult.lisp
-- Installing: /home/ubuntu/environment/aws-robomaker-testcase-framework/simulation_ws/install/file_uploader_msgs/share/common-lisp/ros/file_uploader_msgs/msg/_package_UploadFilesActionFeedback.lisp
-- Installing: /home/ubuntu/environment/aws-robomaker-testcase-framework/simulation_ws/install/file_uploader_msgs/share/common-lisp/ros/file_uploader_msgs/msg/_package_UploadFilesAction.lisp
-- Installing: /home/ubuntu/environment/aws-robomaker-testcase-framework/simulation_ws/install/file_uploader_msgs/share/common-lisp/ros/file_uploader_msgs/msg/UploadFilesResult.lisp
-- Installing: /home/ubuntu/environment/aws-robomaker-testcase-framework/simulation_ws/install/file_uploader_msgs/share/common-lisp/ros/file_uploader_msgs/msg/S3Result.lisp
-- Installing: /home/ubuntu/environment/aws-robomaker-testcase-framework/simulation_ws/install/file_uploader_msgs/share/common-lisp/ros/file_uploader_msgs/msg/file_uploader_msgs-msg.asd
-- Installing: /home/ubuntu/environment/aws-robomaker-testcase-framework/simulation_ws/install/file_uploader_msgs/share/common-lisp/ros/file_uploader_msgs/msg/_package_UploadFilesActionGoal.lisp
-- Installing: /home/ubuntu/environment/aws-robomaker-testcase-framework/simulation_ws/install/file_uploader_msgs/share/common-lisp/ros/file_uploader_msgs/msg/UploadFilesActionGoal.lisp
-- Installing: /home/ubuntu/environment/aws-robomaker-testcase-framework/simulation_ws/install/file_uploader_msgs/share/gennodejs/ros/file_uploader_msgs
-- Installing: /home/ubuntu/environment/aws-robomaker-testcase-framework/simulation_ws/install/file_uploader_msgs/share/gennodejs/ros/file_uploader_msgs/_index.js
-- Installing: /home/ubuntu/environment/aws-robomaker-testcase-framework/simulation_ws/install/file_uploader_msgs/share/gennodejs/ros/file_uploader_msgs/msg
-- Installing: /home/ubuntu/environment/aws-robomaker-testcase-framework/simulation_ws/install/file_uploader_msgs/share/gennodejs/ros/file_uploader_msgs/msg/UploadFilesActionResult.js
-- Installing: /home/ubuntu/environment/aws-robomaker-testcase-framework/simulation_ws/install/file_uploader_msgs/share/gennodejs/ros/file_uploader_msgs/msg/UploadFilesAction.js
-- Installing: /home/ubuntu/environment/aws-robomaker-testcase-framework/simulation_ws/install/file_uploader_msgs/share/gennodejs/ros/file_uploader_msgs/msg/UploadFilesActionFeedback.js
-- Installing: /home/ubuntu/environment/aws-robomaker-testcase-framework/simulation_ws/install/file_uploader_msgs/share/gennodejs/ros/file_uploader_msgs/msg/_index.js
-- Installing: /home/ubuntu/environment/aws-robomaker-testcase-framework/simulation_ws/install/file_uploader_msgs/share/gennodejs/ros/file_uploader_msgs/msg/UploadFilesResult.js
-- Installing: /home/ubuntu/environment/aws-robomaker-testcase-framework/simulation_ws/install/file_uploader_msgs/share/gennodejs/ros/file_uploader_msgs/msg/UploadFilesGoal.js
-- Installing: /home/ubuntu/environment/aws-robomaker-testcase-framework/simulation_ws/install/file_uploader_msgs/share/gennodejs/ros/file_uploader_msgs/msg/S3Result.js
-- Installing: /home/ubuntu/environment/aws-robomaker-testcase-framework/simulation_ws/install/file_uploader_msgs/share/gennodejs/ros/file_uploader_msgs/msg/UploadFilesActionGoal.js
-- Installing: /home/ubuntu/environment/aws-robomaker-testcase-framework/simulation_ws/install/file_uploader_msgs/share/gennodejs/ros/file_uploader_msgs/msg/UploadFilesFeedback.js
Listing /home/ubuntu/environment/aws-robomaker-testcase-framework/simulation_ws/build/file_uploader_msgs/devel/lib/python2.7/dist-packages/file_uploader_msgs ...
Compiling /home/ubuntu/environment/aws-robomaker-testcase-framework/simulation_ws/build/file_uploader_msgs/devel/lib/python2.7/dist-packages/file_uploader_msgs/__init__.py ...
Listing /home/ubuntu/environment/aws-robomaker-testcase-framework/simulation_ws/build/file_uploader_msgs/devel/lib/python2.7/dist-packages/file_uploader_msgs/msg ...
Compiling /home/ubuntu/environment/aws-robomaker-testcase-framework/simulation_ws/build/file_uploader_msgs/devel/lib/python2.7/dist-packages/file_uploader_msgs/msg/_S3Result.py ...
Compiling /home/ubuntu/environment/aws-robomaker-testcase-framework/simulation_ws/build/file_uploader_msgs/devel/lib/python2.7/dist-packages/file_uploader_msgs/msg/_UploadFilesAction.py ...
Compiling /home/ubuntu/environment/aws-robomaker-testcase-framework/simulation_ws/build/file_uploader_msgs/devel/lib/python2.7/dist-packages/file_uploader_msgs/msg/_UploadFilesActionFeedback.py ...
Compiling /home/ubuntu/environment/aws-robomaker-testcase-framework/simulation_ws/build/file_uploader_msgs/devel/lib/python2.7/dist-packages/file_uploader_msgs/msg/_UploadFilesActionGoal.py ...
Compiling /home/ubuntu/environment/aws-robomaker-testcase-framework/simulation_ws/build/file_uploader_msgs/devel/lib/python2.7/dist-packages/file_uploader_msgs/msg/_UploadFilesActionResult.py ...
Compiling /home/ubuntu/environment/aws-robomaker-testcase-framework/simulation_ws/build/file_uploader_msgs/devel/lib/python2.7/dist-packages/file_uploader_msgs/msg/_UploadFilesFeedback.py ...
Compiling /home/ubuntu/environment/aws-robomaker-testcase-framework/simulation_ws/build/file_uploader_msgs/devel/lib/python2.7/dist-packages/file_uploader_msgs/msg/_UploadFilesGoal.py ...
Compiling /home/ubuntu/environment/aws-robomaker-testcase-framework/simulation_ws/build/file_uploader_msgs/devel/lib/python2.7/dist-packages/file_uploader_msgs/msg/_UploadFilesResult.py ...
Compiling /home/ubuntu/environment/aws-robomaker-testcase-framework/simulation_ws/build/file_uploader_msgs/devel/lib/python2.7/dist-packages/file_uploader_msgs/msg/__init__.py ...
-- Installing: /home/ubuntu/environment/aws-robomaker-testcase-framework/simulation_ws/install/file_uploader_msgs/lib/python2.7/dist-packages/file_uploader_msgs
-- Installing: /home/ubuntu/environment/aws-robomaker-testcase-framework/simulation_ws/install/file_uploader_msgs/lib/python2.7/dist-packages/file_uploader_msgs/__init__.pyc
-- Installing: /home/ubuntu/environment/aws-robomaker-testcase-framework/simulation_ws/install/file_uploader_msgs/lib/python2.7/dist-packages/file_uploader_msgs/msg
-- Installing: /home/ubuntu/environment/aws-robomaker-testcase-framework/simulation_ws/install/file_uploader_msgs/lib/python2.7/dist-packages/file_uploader_msgs/msg/_UploadFilesGoal.py
-- Installing: /home/ubuntu/environment/aws-robomaker-testcase-framework/simulation_ws/install/file_uploader_msgs/lib/python2.7/dist-packages/file_uploader_msgs/msg/_UploadFilesAction.py
-- Installing: /home/ubuntu/environment/aws-robomaker-testcase-framework/simulation_ws/install/file_uploader_msgs/lib/python2.7/dist-packages/file_uploader_msgs/msg/_S3Result.py
-- Installing: /home/ubuntu/environment/aws-robomaker-testcase-framework/simulation_ws/install/file_uploader_msgs/lib/python2.7/dist-packages/file_uploader_msgs/msg/_UploadFilesActionFeedback.pyc
-- Installing: /home/ubuntu/environment/aws-robomaker-testcase-framework/simulation_ws/install/file_uploader_msgs/lib/python2.7/dist-packages/file_uploader_msgs/msg/_UploadFilesActionResult.py
-- Installing: /home/ubuntu/environment/aws-robomaker-testcase-framework/simulation_ws/install/file_uploader_msgs/lib/python2.7/dist-packages/file_uploader_msgs/msg/__init__.pyc
-- Installing: /home/ubuntu/environment/aws-robomaker-testcase-framework/simulation_ws/install/file_uploader_msgs/lib/python2.7/dist-packages/file_uploader_msgs/msg/_UploadFilesFeedback.pyc
-- Installing: /home/ubuntu/environment/aws-robomaker-testcase-framework/simulation_ws/install/file_uploader_msgs/lib/python2.7/dist-packages/file_uploader_msgs/msg/_UploadFilesResult.pyc
-- Installing: /home/ubuntu/environment/aws-robomaker-testcase-framework/simulation_ws/install/file_uploader_msgs/lib/python2.7/dist-packages/file_uploader_msgs/msg/_UploadFilesFeedback.py
-- Installing: /home/ubuntu/environment/aws-robomaker-testcase-framework/simulation_ws/install/file_uploader_msgs/lib/python2.7/dist-packages/file_uploader_msgs/msg/_UploadFilesActionGoal.py
-- Installing: /home/ubuntu/environment/aws-robomaker-testcase-framework/simulation_ws/install/file_uploader_msgs/lib/python2.7/dist-packages/file_uploader_msgs/msg/_UploadFilesActionFeedback.py
-- Installing: /home/ubuntu/environment/aws-robomaker-testcase-framework/simulation_ws/install/file_uploader_msgs/lib/python2.7/dist-packages/file_uploader_msgs/msg/_UploadFilesResult.py
-- Installing: /home/ubuntu/environment/aws-robomaker-testcase-framework/simulation_ws/install/file_uploader_msgs/lib/python2.7/dist-packages/file_uploader_msgs/msg/_UploadFilesActionGoal.pyc
-- Installing: /home/ubuntu/environment/aws-robomaker-testcase-framework/simulation_ws/install/file_uploader_msgs/lib/python2.7/dist-packages/file_uploader_msgs/msg/_UploadFilesActionResult.pyc
-- Installing: /home/ubuntu/environment/aws-robomaker-testcase-framework/simulation_ws/install/file_uploader_msgs/lib/python2.7/dist-packages/file_uploader_msgs/msg/_S3Result.pyc
-- Installing: /home/ubuntu/environment/aws-robomaker-testcase-framework/simulation_ws/install/file_uploader_msgs/lib/python2.7/dist-packages/file_uploader_msgs/msg/_UploadFilesGoal.pyc
-- Installing: /home/ubuntu/environment/aws-robomaker-testcase-framework/simulation_ws/install/file_uploader_msgs/lib/python2.7/dist-packages/file_uploader_msgs/msg/_UploadFilesAction.pyc
-- Installing: /home/ubuntu/environment/aws-robomaker-testcase-framework/simulation_ws/install/file_uploader_msgs/lib/python2.7/dist-packages/file_uploader_msgs/msg/__init__.py
-- Installing: /home/ubuntu/environment/aws-robomaker-testcase-framework/simulation_ws/install/file_uploader_msgs/lib/python2.7/dist-packages/file_uploader_msgs/__init__.py
-- Installing: /home/ubuntu/environment/aws-robomaker-testcase-framework/simulation_ws/install/file_uploader_msgs/lib/pkgconfig/file_uploader_msgs.pc
-- Installing: /home/ubuntu/environment/aws-robomaker-testcase-framework/simulation_ws/install/file_uploader_msgs/share/file_uploader_msgs/cmake/file_uploader_msgs-msg-extras.cmake
-- Installing: /home/ubuntu/environment/aws-robomaker-testcase-framework/simulation_ws/install/file_uploader_msgs/share/file_uploader_msgs/cmake/file_uploader_msgsConfig.cmake
-- Installing: /home/ubuntu/environment/aws-robomaker-testcase-framework/simulation_ws/install/file_uploader_msgs/share/file_uploader_msgs/cmake/file_uploader_msgsConfig-version.cmake
-- Installing: /home/ubuntu/environment/aws-robomaker-testcase-framework/simulation_ws/install/file_uploader_msgs/share/file_uploader_msgs/package.xml
