[0.047s] Invoking command in '/home/ubuntu/environment/aws-robomaker-testcase-framework/simulation_ws/build/s3_file_uploader': CMAKE_PREFIX_PATH=/home/ubuntu/environment/aws-robomaker-testcase-framework/simulation_ws/install/s3_common:/home/ubuntu/environment/aws-robomaker-testcase-framework/simulation_ws/install/file_uploader_msgs:${CMAKE_PREFIX_PATH} LD_LIBRARY_PATH=/home/ubuntu/environment/aws-robomaker-testcase-framework/simulation_ws/install/s3_common/lib:${LD_LIBRARY_PATH} PKG_CONFIG_PATH=/home/ubuntu/environment/aws-robomaker-testcase-framework/simulation_ws/install/s3_common/lib/x86_64-linux-gnu/pkgconfig:/home/ubuntu/environment/aws-robomaker-testcase-framework/simulation_ws/install/s3_common/lib/pkgconfig:/home/ubuntu/environment/aws-robomaker-testcase-framework/simulation_ws/install/file_uploader_msgs/lib/x86_64-linux-gnu/pkgconfig:/home/ubuntu/environment/aws-robomaker-testcase-framework/simulation_ws/install/file_uploader_msgs/lib/pkgconfig:${PKG_CONFIG_PATH} PYTHONPATH=/home/ubuntu/environment/aws-robomaker-testcase-framework/simulation_ws/install/file_uploader_msgs/lib/python2.7/dist-packages:${PYTHONPATH} ROS_PACKAGE_PATH=/home/ubuntu/environment/aws-robomaker-testcase-framework/simulation_ws/install/file_uploader_msgs/share:${ROS_PACKAGE_PATH} /usr/bin/cmake --build /home/ubuntu/environment/aws-robomaker-testcase-framework/simulation_ws/build/s3_file_uploader -- -j2 -l2
[0.181s] [  0%] Built target file_uploader_msgs_generate_messages_nodejs
[0.196s] [  0%] Built target actionlib_msgs_generate_messages_lisp
[0.229s] [  0%] Built target actionlib_msgs_generate_messages_eus
[0.261s] [  0%] Built target actionlib_msgs_generate_messages_cpp
[0.285s] [  0%] Built target rosgraph_msgs_generate_messages_eus
[0.322s] [  0%] Built target actionlib_generate_messages_py
[0.353s] [  0%] Built target actionlib_generate_messages_nodejs
[0.370s] [  0%] Built target std_msgs_generate_messages_eus
[0.407s] [  0%] Built target rosgraph_msgs_generate_messages_nodejs
[0.423s] [  0%] Built target rosgraph_msgs_generate_messages_py
[0.447s] [  0%] Built target actionlib_generate_messages_lisp
[0.464s] [  0%] Built target file_uploader_msgs_generate_messages_cpp
[0.484s] [  0%] Built target actionlib_generate_messages_eus
[0.504s] [  0%] Built target actionlib_msgs_generate_messages_nodejs
[0.522s] [  0%] Built target std_msgs_generate_messages_cpp
[0.540s] [  0%] Built target roscpp_generate_messages_cpp
[0.567s] [  0%] Built target actionlib_generate_messages_cpp
[0.600s] [  0%] Built target std_msgs_generate_messages_lisp
[0.611s] [  0%] Built target rosgraph_msgs_generate_messages_lisp
[0.633s] [  0%] Built target std_msgs_generate_messages_nodejs
[0.666s] [  0%] Built target std_msgs_generate_messages_py
[0.681s] [  0%] Built target _catkin_empty_exported_target
[0.720s] [  0%] Built target roscpp_generate_messages_nodejs
[0.734s] [  0%] Built target rosgraph_msgs_generate_messages_cpp
[0.758s] [  0%] Built target roscpp_generate_messages_eus
[0.793s] [  0%] Built target roscpp_generate_messages_lisp
[0.839s] [  0%] Built target roscpp_generate_messages_py
[0.858s] [  0%] Built target actionlib_msgs_generate_messages_py
[0.922s] [  0%] Built target file_uploader_msgs_generate_messages_eus
[0.958s] [  0%] Built target file_uploader_msgs_generate_messages_lisp
[0.972s] [  0%] Built target file_uploader_msgs_generate_messages_py
[1.083s] [ 50%] Built target s3_file_uploader_lib
[1.232s] [100%] Built target s3_file_uploader
[1.286s] Invoked command in '/home/ubuntu/environment/aws-robomaker-testcase-framework/simulation_ws/build/s3_file_uploader' returned '0': CMAKE_PREFIX_PATH=/home/ubuntu/environment/aws-robomaker-testcase-framework/simulation_ws/install/s3_common:/home/ubuntu/environment/aws-robomaker-testcase-framework/simulation_ws/install/file_uploader_msgs:${CMAKE_PREFIX_PATH} LD_LIBRARY_PATH=/home/ubuntu/environment/aws-robomaker-testcase-framework/simulation_ws/install/s3_common/lib:${LD_LIBRARY_PATH} PKG_CONFIG_PATH=/home/ubuntu/environment/aws-robomaker-testcase-framework/simulation_ws/install/s3_common/lib/x86_64-linux-gnu/pkgconfig:/home/ubuntu/environment/aws-robomaker-testcase-framework/simulation_ws/install/s3_common/lib/pkgconfig:/home/ubuntu/environment/aws-robomaker-testcase-framework/simulation_ws/install/file_uploader_msgs/lib/x86_64-linux-gnu/pkgconfig:/home/ubuntu/environment/aws-robomaker-testcase-framework/simulation_ws/install/file_uploader_msgs/lib/pkgconfig:${PKG_CONFIG_PATH} PYTHONPATH=/home/ubuntu/environment/aws-robomaker-testcase-framework/simulation_ws/install/file_uploader_msgs/lib/python2.7/dist-packages:${PYTHONPATH} ROS_PACKAGE_PATH=/home/ubuntu/environment/aws-robomaker-testcase-framework/simulation_ws/install/file_uploader_msgs/share:${ROS_PACKAGE_PATH} /usr/bin/cmake --build /home/ubuntu/environment/aws-robomaker-testcase-framework/simulation_ws/build/s3_file_uploader -- -j2 -l2
[1.649s] Invoking command in '/home/ubuntu/environment/aws-robomaker-testcase-framework/simulation_ws/build/s3_file_uploader': CMAKE_PREFIX_PATH=/home/ubuntu/environment/aws-robomaker-testcase-framework/simulation_ws/install/s3_common:/home/ubuntu/environment/aws-robomaker-testcase-framework/simulation_ws/install/file_uploader_msgs:${CMAKE_PREFIX_PATH} LD_LIBRARY_PATH=/home/ubuntu/environment/aws-robomaker-testcase-framework/simulation_ws/install/s3_common/lib:${LD_LIBRARY_PATH} PKG_CONFIG_PATH=/home/ubuntu/environment/aws-robomaker-testcase-framework/simulation_ws/install/s3_common/lib/x86_64-linux-gnu/pkgconfig:/home/ubuntu/environment/aws-robomaker-testcase-framework/simulation_ws/install/s3_common/lib/pkgconfig:/home/ubuntu/environment/aws-robomaker-testcase-framework/simulation_ws/install/file_uploader_msgs/lib/x86_64-linux-gnu/pkgconfig:/home/ubuntu/environment/aws-robomaker-testcase-framework/simulation_ws/install/file_uploader_msgs/lib/pkgconfig:${PKG_CONFIG_PATH} PYTHONPATH=/home/ubuntu/environment/aws-robomaker-testcase-framework/simulation_ws/install/file_uploader_msgs/lib/python2.7/dist-packages:${PYTHONPATH} ROS_PACKAGE_PATH=/home/ubuntu/environment/aws-robomaker-testcase-framework/simulation_ws/install/file_uploader_msgs/share:${ROS_PACKAGE_PATH} /usr/bin/cmake --build /home/ubuntu/environment/aws-robomaker-testcase-framework/simulation_ws/build/s3_file_uploader --target tests -- -j2 -l2
[1.815s] [  0%] Built target file_uploader_msgs_generate_messages_nodejs
[1.839s] [ 30%] Built target gmock_main
[1.873s] [ 30%] Built target actionlib_msgs_generate_messages_eus
[1.890s] [ 30%] Built target actionlib_msgs_generate_messages_lisp
[1.943s] [ 30%] Built target actionlib_msgs_generate_messages_cpp
[1.960s] [ 30%] Built target rosgraph_msgs_generate_messages_eus
[2.036s] [ 30%] Built target actionlib_generate_messages_py
[2.042s] [ 30%] Built target actionlib_generate_messages_nodejs
[2.113s] [ 30%] Built target std_msgs_generate_messages_eus
[2.130s] [ 30%] Built target rosgraph_msgs_generate_messages_nodejs
[2.188s] [ 30%] Built target rosgraph_msgs_generate_messages_py
[2.196s] [ 30%] Built target actionlib_generate_messages_lisp
[2.237s] [ 30%] Built target file_uploader_msgs_generate_messages_cpp
[2.252s] [ 30%] Built target actionlib_generate_messages_eus
[2.297s] [ 30%] Built target actionlib_msgs_generate_messages_nodejs
[2.321s] [ 30%] Built target std_msgs_generate_messages_cpp
[2.360s] [ 30%] Built target roscpp_generate_messages_cpp
[2.366s] [ 30%] Built target actionlib_generate_messages_cpp
[2.407s] [ 30%] Built target std_msgs_generate_messages_lisp
[2.443s] [ 30%] Built target rosgraph_msgs_generate_messages_lisp
[2.471s] [ 30%] Built target std_msgs_generate_messages_nodejs
[2.510s] [ 30%] Built target std_msgs_generate_messages_py
[2.537s] [ 30%] Built target _catkin_empty_exported_target
[2.569s] [ 30%] Built target rosgraph_msgs_generate_messages_cpp
[2.575s] [ 30%] Built target roscpp_generate_messages_nodejs
[2.603s] [ 30%] Built target roscpp_generate_messages_eus
[2.631s] [ 30%] Built target roscpp_generate_messages_lisp
[2.653s] [ 30%] Built target roscpp_generate_messages_py
[2.682s] [ 30%] Built target actionlib_msgs_generate_messages_py
[2.687s] [ 30%] Built target file_uploader_msgs_generate_messages_eus
[2.736s] [ 30%] Built target file_uploader_msgs_generate_messages_py
[2.739s] [ 30%] Built target file_uploader_msgs_generate_messages_lisp
[2.802s] [ 46%] Built target s3_file_uploader_lib
[2.811s] [ 69%] Built target gmock
[2.874s] [ 84%] Built target test_action_server_handler
[2.904s] [100%] Built target test_s3_file_uploader
[2.933s] [100%] Built target tests
[2.948s] Invoked command in '/home/ubuntu/environment/aws-robomaker-testcase-framework/simulation_ws/build/s3_file_uploader' returned '0': CMAKE_PREFIX_PATH=/home/ubuntu/environment/aws-robomaker-testcase-framework/simulation_ws/install/s3_common:/home/ubuntu/environment/aws-robomaker-testcase-framework/simulation_ws/install/file_uploader_msgs:${CMAKE_PREFIX_PATH} LD_LIBRARY_PATH=/home/ubuntu/environment/aws-robomaker-testcase-framework/simulation_ws/install/s3_common/lib:${LD_LIBRARY_PATH} PKG_CONFIG_PATH=/home/ubuntu/environment/aws-robomaker-testcase-framework/simulation_ws/install/s3_common/lib/x86_64-linux-gnu/pkgconfig:/home/ubuntu/environment/aws-robomaker-testcase-framework/simulation_ws/install/s3_common/lib/pkgconfig:/home/ubuntu/environment/aws-robomaker-testcase-framework/simulation_ws/install/file_uploader_msgs/lib/x86_64-linux-gnu/pkgconfig:/home/ubuntu/environment/aws-robomaker-testcase-framework/simulation_ws/install/file_uploader_msgs/lib/pkgconfig:${PKG_CONFIG_PATH} PYTHONPATH=/home/ubuntu/environment/aws-robomaker-testcase-framework/simulation_ws/install/file_uploader_msgs/lib/python2.7/dist-packages:${PYTHONPATH} ROS_PACKAGE_PATH=/home/ubuntu/environment/aws-robomaker-testcase-framework/simulation_ws/install/file_uploader_msgs/share:${ROS_PACKAGE_PATH} /usr/bin/cmake --build /home/ubuntu/environment/aws-robomaker-testcase-framework/simulation_ws/build/s3_file_uploader --target tests -- -j2 -l2
[3.025s] Invoking command in '/home/ubuntu/environment/aws-robomaker-testcase-framework/simulation_ws/build/s3_file_uploader': CMAKE_PREFIX_PATH=/home/ubuntu/environment/aws-robomaker-testcase-framework/simulation_ws/install/s3_common:/home/ubuntu/environment/aws-robomaker-testcase-framework/simulation_ws/install/file_uploader_msgs:${CMAKE_PREFIX_PATH} LD_LIBRARY_PATH=/home/ubuntu/environment/aws-robomaker-testcase-framework/simulation_ws/install/s3_common/lib:${LD_LIBRARY_PATH} PKG_CONFIG_PATH=/home/ubuntu/environment/aws-robomaker-testcase-framework/simulation_ws/install/s3_common/lib/x86_64-linux-gnu/pkgconfig:/home/ubuntu/environment/aws-robomaker-testcase-framework/simulation_ws/install/s3_common/lib/pkgconfig:/home/ubuntu/environment/aws-robomaker-testcase-framework/simulation_ws/install/file_uploader_msgs/lib/x86_64-linux-gnu/pkgconfig:/home/ubuntu/environment/aws-robomaker-testcase-framework/simulation_ws/install/file_uploader_msgs/lib/pkgconfig:${PKG_CONFIG_PATH} PYTHONPATH=/home/ubuntu/environment/aws-robomaker-testcase-framework/simulation_ws/install/file_uploader_msgs/lib/python2.7/dist-packages:${PYTHONPATH} ROS_PACKAGE_PATH=/home/ubuntu/environment/aws-robomaker-testcase-framework/simulation_ws/install/file_uploader_msgs/share:${ROS_PACKAGE_PATH} /usr/bin/cmake --build /home/ubuntu/environment/aws-robomaker-testcase-framework/simulation_ws/build/s3_file_uploader --target install -- -j2 -l2
[3.094s] [  0%] Built target actionlib_msgs_generate_messages_lisp
[3.100s] [  0%] Built target file_uploader_msgs_generate_messages_nodejs
[3.126s] [  0%] Built target actionlib_msgs_generate_messages_eus
[3.140s] [  0%] Built target actionlib_msgs_generate_messages_cpp
[3.165s] [  0%] Built target rosgraph_msgs_generate_messages_eus
[3.173s] [  0%] Built target actionlib_generate_messages_py
[3.195s] [  0%] Built target actionlib_generate_messages_nodejs
[3.212s] [  0%] Built target std_msgs_generate_messages_eus
[3.229s] [  0%] Built target rosgraph_msgs_generate_messages_nodejs
[3.260s] [  0%] Built target actionlib_generate_messages_lisp
[3.284s] [  0%] Built target rosgraph_msgs_generate_messages_py
[3.308s] [  0%] Built target file_uploader_msgs_generate_messages_cpp
[3.315s] [  0%] Built target actionlib_generate_messages_eus
[3.342s] [  0%] Built target actionlib_msgs_generate_messages_nodejs
[3.354s] [  0%] Built target std_msgs_generate_messages_cpp
[3.379s] [  0%] Built target roscpp_generate_messages_cpp
[3.389s] [  0%] Built target actionlib_generate_messages_cpp
[3.409s] [  0%] Built target rosgraph_msgs_generate_messages_lisp
[3.427s] [  0%] Built target std_msgs_generate_messages_lisp
[3.450s] [  0%] Built target std_msgs_generate_messages_nodejs
[3.462s] [  0%] Built target std_msgs_generate_messages_py
[3.489s] [  0%] Built target _catkin_empty_exported_target
[3.516s] [  0%] Built target rosgraph_msgs_generate_messages_cpp
[3.521s] [  0%] Built target roscpp_generate_messages_nodejs
[3.576s] [  0%] Built target roscpp_generate_messages_lisp
[3.596s] [  0%] Built target roscpp_generate_messages_eus
[3.631s] [  0%] Built target actionlib_msgs_generate_messages_py
[3.635s] [  0%] Built target roscpp_generate_messages_py
[3.667s] [  0%] Built target file_uploader_msgs_generate_messages_eus
[3.685s] [  0%] Built target file_uploader_msgs_generate_messages_lisp
[3.715s] [  0%] Built target file_uploader_msgs_generate_messages_py
[3.765s] [ 50%] Built target s3_file_uploader_lib
[3.812s] [100%] Built target s3_file_uploader
[3.843s] [36mInstall the project...[0m
[3.856s] -- Install configuration: ""
[3.858s] -- Up-to-date: /home/ubuntu/environment/aws-robomaker-testcase-framework/simulation_ws/install/s3_file_uploader/lib/pkgconfig/s3_file_uploader.pc
[3.859s] -- Up-to-date: /home/ubuntu/environment/aws-robomaker-testcase-framework/simulation_ws/install/s3_file_uploader/share/s3_file_uploader/cmake/s3_file_uploaderConfig.cmake
[3.860s] -- Up-to-date: /home/ubuntu/environment/aws-robomaker-testcase-framework/simulation_ws/install/s3_file_uploader/share/s3_file_uploader/cmake/s3_file_uploaderConfig-version.cmake
[3.860s] -- Up-to-date: /home/ubuntu/environment/aws-robomaker-testcase-framework/simulation_ws/install/s3_file_uploader/share/s3_file_uploader/package.xml
[3.862s] -- Up-to-date: /home/ubuntu/environment/aws-robomaker-testcase-framework/simulation_ws/install/s3_file_uploader/lib/s3_file_uploader/s3_file_uploader
[3.864s] -- Up-to-date: /home/ubuntu/environment/aws-robomaker-testcase-framework/simulation_ws/install/s3_file_uploader/lib/libs3_file_uploader_lib.so
[3.864s] -- Up-to-date: /home/ubuntu/environment/aws-robomaker-testcase-framework/simulation_ws/install/s3_file_uploader/share/s3_file_uploader/launch
[3.865s] -- Up-to-date: /home/ubuntu/environment/aws-robomaker-testcase-framework/simulation_ws/install/s3_file_uploader/share/s3_file_uploader/launch/s3_file_uploader.launch
[3.865s] -- Up-to-date: /home/ubuntu/environment/aws-robomaker-testcase-framework/simulation_ws/install/s3_file_uploader/share/s3_file_uploader/config
[3.866s] -- Up-to-date: /home/ubuntu/environment/aws-robomaker-testcase-framework/simulation_ws/install/s3_file_uploader/share/s3_file_uploader/config/node_sample_configuration.yaml
[3.866s] -- Up-to-date: /home/ubuntu/environment/aws-robomaker-testcase-framework/simulation_ws/install/s3_file_uploader/include
[3.866s] -- Up-to-date: /home/ubuntu/environment/aws-robomaker-testcase-framework/simulation_ws/install/s3_file_uploader/include/s3_file_uploader
[3.867s] -- Up-to-date: /home/ubuntu/environment/aws-robomaker-testcase-framework/simulation_ws/install/s3_file_uploader/include/s3_file_uploader/s3_file_uploader.h
[3.867s] -- Up-to-date: /home/ubuntu/environment/aws-robomaker-testcase-framework/simulation_ws/install/s3_file_uploader/include/s3_file_uploader/s3_file_uploader_action_server_handler.h
[3.884s] Invoked command in '/home/ubuntu/environment/aws-robomaker-testcase-framework/simulation_ws/build/s3_file_uploader' returned '0': CMAKE_PREFIX_PATH=/home/ubuntu/environment/aws-robomaker-testcase-framework/simulation_ws/install/s3_common:/home/ubuntu/environment/aws-robomaker-testcase-framework/simulation_ws/install/file_uploader_msgs:${CMAKE_PREFIX_PATH} LD_LIBRARY_PATH=/home/ubuntu/environment/aws-robomaker-testcase-framework/simulation_ws/install/s3_common/lib:${LD_LIBRARY_PATH} PKG_CONFIG_PATH=/home/ubuntu/environment/aws-robomaker-testcase-framework/simulation_ws/install/s3_common/lib/x86_64-linux-gnu/pkgconfig:/home/ubuntu/environment/aws-robomaker-testcase-framework/simulation_ws/install/s3_common/lib/pkgconfig:/home/ubuntu/environment/aws-robomaker-testcase-framework/simulation_ws/install/file_uploader_msgs/lib/x86_64-linux-gnu/pkgconfig:/home/ubuntu/environment/aws-robomaker-testcase-framework/simulation_ws/install/file_uploader_msgs/lib/pkgconfig:${PKG_CONFIG_PATH} PYTHONPATH=/home/ubuntu/environment/aws-robomaker-testcase-framework/simulation_ws/install/file_uploader_msgs/lib/python2.7/dist-packages:${PYTHONPATH} ROS_PACKAGE_PATH=/home/ubuntu/environment/aws-robomaker-testcase-framework/simulation_ws/install/file_uploader_msgs/share:${ROS_PACKAGE_PATH} /usr/bin/cmake --build /home/ubuntu/environment/aws-robomaker-testcase-framework/simulation_ws/build/s3_file_uploader --target install -- -j2 -l2
