[0.023s] Invoking command in '/home/ubuntu/environment/aws-robomaker-testcase-framework/simulation_ws/build/s3_file_uploader': CMAKE_PREFIX_PATH=/home/ubuntu/environment/aws-robomaker-testcase-framework/simulation_ws/install/s3_common:/home/ubuntu/environment/aws-robomaker-testcase-framework/simulation_ws/install/file_uploader_msgs:${CMAKE_PREFIX_PATH} LD_LIBRARY_PATH=/home/ubuntu/environment/aws-robomaker-testcase-framework/simulation_ws/install/s3_common/lib:${LD_LIBRARY_PATH} PKG_CONFIG_PATH=/home/ubuntu/environment/aws-robomaker-testcase-framework/simulation_ws/install/s3_common/lib/x86_64-linux-gnu/pkgconfig:/home/ubuntu/environment/aws-robomaker-testcase-framework/simulation_ws/install/s3_common/lib/pkgconfig:/home/ubuntu/environment/aws-robomaker-testcase-framework/simulation_ws/install/file_uploader_msgs/lib/x86_64-linux-gnu/pkgconfig:/home/ubuntu/environment/aws-robomaker-testcase-framework/simulation_ws/install/file_uploader_msgs/lib/pkgconfig:${PKG_CONFIG_PATH} PYTHONPATH=/home/ubuntu/environment/aws-robomaker-testcase-framework/simulation_ws/install/file_uploader_msgs/lib/python2.7/dist-packages:${PYTHONPATH} ROS_PACKAGE_PATH=/home/ubuntu/environment/aws-robomaker-testcase-framework/simulation_ws/install/file_uploader_msgs/share:${ROS_PACKAGE_PATH} /usr/bin/cmake /home/ubuntu/environment/aws-robomaker-testcase-framework/simulation_ws/src/rosbag-uploader-ros1/s3_file_uploader -DCATKIN_INSTALL_INTO_PREFIX_ROOT=0 -DCMAKE_INSTALL_PREFIX=/home/ubuntu/environment/aws-robomaker-testcase-framework/simulation_ws/install/s3_file_uploader
[0.117s] -- The C compiler identification is GNU 7.5.0
[0.210s] -- The CXX compiler identification is GNU 7.5.0
[0.217s] -- Check for working C compiler: /usr/bin/cc
[0.317s] -- Check for working C compiler: /usr/bin/cc -- works
[0.318s] -- Detecting C compiler ABI info
[0.528s] -- Detecting C compiler ABI info - done
[0.548s] -- Detecting C compile features
[0.997s] -- Detecting C compile features - done
[1.005s] -- Check for working CXX compiler: /usr/bin/c++
[1.167s] -- Check for working CXX compiler: /usr/bin/c++ -- works
[1.168s] -- Detecting CXX compiler ABI info
[1.325s] -- Detecting CXX compiler ABI info - done
[1.347s] -- Detecting CXX compile features
[1.900s] -- Detecting CXX compile features - done
[1.909s] -- Performing Test R-Wno-long-long
[2.024s] -- Performing Test R-Wno-long-long - Success
[2.028s] -- Performing Test R-Wall
[2.139s] -- Performing Test R-Wall - Success
[2.145s] -- Performing Test R-Wextra
[2.256s] -- Performing Test R-Wextra - Success
[2.262s] -- Performing Test R-Wcast-align
[2.379s] -- Performing Test R-Wcast-align - Success
[2.385s] -- Performing Test R-Wcast-qual
[2.500s] -- Performing Test R-Wcast-qual - Success
[2.506s] -- Performing Test R-Wformat
[2.625s] -- Performing Test R-Wformat - Success
[2.631s] -- Performing Test R-Wwrite-strings
[2.745s] -- Performing Test R-Wwrite-strings - Success
[2.748s] -- Using CATKIN_DEVEL_PREFIX: /home/ubuntu/environment/aws-robomaker-testcase-framework/simulation_ws/build/s3_file_uploader/devel
[2.748s] -- Using CMAKE_PREFIX_PATH: /home/ubuntu/environment/aws-robomaker-testcase-framework/simulation_ws/install/s3_common;/home/ubuntu/environment/aws-robomaker-testcase-framework/simulation_ws/install/file_uploader_msgs;/home/ubuntu/environment/aws-robomaker-testcase-framework/simulation_ws/install/aws_robomaker_test_framework;/home/ubuntu/environment/aws-robomaker-testcase-framework/simulation_ws/install/robomaker_simulation_msgs;/opt/ros/melodic
[2.748s] -- This workspace overlays: /home/ubuntu/environment/aws-robomaker-testcase-framework/simulation_ws/install/file_uploader_msgs;/home/ubuntu/environment/aws-robomaker-testcase-framework/simulation_ws/install/aws_robomaker_test_framework;/home/ubuntu/environment/aws-robomaker-testcase-framework/simulation_ws/install/robomaker_simulation_msgs;/opt/ros/melodic
[2.771s] -- Found PythonInterp: /usr/bin/python2 (found suitable version "2.7.17", minimum required is "2") 
[2.771s] -- Using PYTHON_EXECUTABLE: /usr/bin/python2
[2.771s] -- Using Debian Python package layout
[2.772s] -- Using empy: /usr/bin/empy
[2.990s] -- Using CATKIN_ENABLE_TESTING: ON
[2.991s] -- Call enable_testing()
[2.993s] -- Using CATKIN_TEST_RESULTS_DIR: /home/ubuntu/environment/aws-robomaker-testcase-framework/simulation_ws/build/s3_file_uploader/test_results
[3.020s] -- Found gtest sources under '/usr/src/googletest': gtests will be built
[3.020s] -- Found gmock sources under '/usr/src/googletest': gmock will be built
[3.041s] -- Found PythonInterp: /usr/bin/python2 (found version "2.7.17") 
[3.042s] -- Looking for pthread.h
[3.147s] -- Looking for pthread.h - found
[3.148s] -- Looking for pthread_create
[3.249s] -- Looking for pthread_create - not found
[3.250s] -- Looking for pthread_create in pthreads
[3.339s] -- Looking for pthread_create in pthreads - not found
[3.339s] -- Looking for pthread_create in pthread
[3.445s] -- Looking for pthread_create in pthread - found
[3.447s] -- Found Threads: TRUE  
[3.453s] -- Using Python nosetests: /usr/bin/nosetests-2.7
[3.517s] -- catkin 0.7.26
[3.517s] -- BUILD_SHARED_LIBS is on
[3.727s] -- Using these message generators: gencpp;geneus;genlisp;gennodejs;genpy
[3.808s] -- TARGET_ARCH not specified; inferring host OS to be platform compilation target
[3.808s] -- Building AWS libraries as shared objects
[3.809s] -- Generating linux build config
[3.810s] -- Building project version: 1.6.53
[3.812s] -- Found AWS SDK for C++, Version: 1.6.53, Install Root:/opt/ros/melodic, Platform Prefix:, Platform Dependent Libraries: pthread;crypto;ssl;z;curl
[3.975s] -- Boost version: 1.65.1
[4.202s] -- Building tests using catkin
[4.207s] -- Configuring done
[4.288s] -- Generating done
[4.301s] -- Build files have been written to: /home/ubuntu/environment/aws-robomaker-testcase-framework/simulation_ws/build/s3_file_uploader
[4.309s] Invoked command in '/home/ubuntu/environment/aws-robomaker-testcase-framework/simulation_ws/build/s3_file_uploader' returned '0': CMAKE_PREFIX_PATH=/home/ubuntu/environment/aws-robomaker-testcase-framework/simulation_ws/install/s3_common:/home/ubuntu/environment/aws-robomaker-testcase-framework/simulation_ws/install/file_uploader_msgs:${CMAKE_PREFIX_PATH} LD_LIBRARY_PATH=/home/ubuntu/environment/aws-robomaker-testcase-framework/simulation_ws/install/s3_common/lib:${LD_LIBRARY_PATH} PKG_CONFIG_PATH=/home/ubuntu/environment/aws-robomaker-testcase-framework/simulation_ws/install/s3_common/lib/x86_64-linux-gnu/pkgconfig:/home/ubuntu/environment/aws-robomaker-testcase-framework/simulation_ws/install/s3_common/lib/pkgconfig:/home/ubuntu/environment/aws-robomaker-testcase-framework/simulation_ws/install/file_uploader_msgs/lib/x86_64-linux-gnu/pkgconfig:/home/ubuntu/environment/aws-robomaker-testcase-framework/simulation_ws/install/file_uploader_msgs/lib/pkgconfig:${PKG_CONFIG_PATH} PYTHONPATH=/home/ubuntu/environment/aws-robomaker-testcase-framework/simulation_ws/install/file_uploader_msgs/lib/python2.7/dist-packages:${PYTHONPATH} ROS_PACKAGE_PATH=/home/ubuntu/environment/aws-robomaker-testcase-framework/simulation_ws/install/file_uploader_msgs/share:${ROS_PACKAGE_PATH} /usr/bin/cmake /home/ubuntu/environment/aws-robomaker-testcase-framework/simulation_ws/src/rosbag-uploader-ros1/s3_file_uploader -DCATKIN_INSTALL_INTO_PREFIX_ROOT=0 -DCMAKE_INSTALL_PREFIX=/home/ubuntu/environment/aws-robomaker-testcase-framework/simulation_ws/install/s3_file_uploader
[4.312s] Invoking command in '/home/ubuntu/environment/aws-robomaker-testcase-framework/simulation_ws/build/s3_file_uploader': CMAKE_PREFIX_PATH=/home/ubuntu/environment/aws-robomaker-testcase-framework/simulation_ws/install/s3_common:/home/ubuntu/environment/aws-robomaker-testcase-framework/simulation_ws/install/file_uploader_msgs:${CMAKE_PREFIX_PATH} LD_LIBRARY_PATH=/home/ubuntu/environment/aws-robomaker-testcase-framework/simulation_ws/install/s3_common/lib:${LD_LIBRARY_PATH} PKG_CONFIG_PATH=/home/ubuntu/environment/aws-robomaker-testcase-framework/simulation_ws/install/s3_common/lib/x86_64-linux-gnu/pkgconfig:/home/ubuntu/environment/aws-robomaker-testcase-framework/simulation_ws/install/s3_common/lib/pkgconfig:/home/ubuntu/environment/aws-robomaker-testcase-framework/simulation_ws/install/file_uploader_msgs/lib/x86_64-linux-gnu/pkgconfig:/home/ubuntu/environment/aws-robomaker-testcase-framework/simulation_ws/install/file_uploader_msgs/lib/pkgconfig:${PKG_CONFIG_PATH} PYTHONPATH=/home/ubuntu/environment/aws-robomaker-testcase-framework/simulation_ws/install/file_uploader_msgs/lib/python2.7/dist-packages:${PYTHONPATH} ROS_PACKAGE_PATH=/home/ubuntu/environment/aws-robomaker-testcase-framework/simulation_ws/install/file_uploader_msgs/share:${ROS_PACKAGE_PATH} /usr/bin/cmake --build /home/ubuntu/environment/aws-robomaker-testcase-framework/simulation_ws/build/s3_file_uploader -- -j2 -l2
[4.385s] [35m[1mScanning dependencies of target file_uploader_msgs_generate_messages_nodejs[0m
[4.393s] [35m[1mScanning dependencies of target actionlib_msgs_generate_messages_lisp[0m
[4.409s] [  0%] Built target file_uploader_msgs_generate_messages_nodejs
[4.421s] [  0%] Built target actionlib_msgs_generate_messages_lisp
[4.436s] [35m[1mScanning dependencies of target actionlib_msgs_generate_messages_cpp[0m
[4.451s] [35m[1mScanning dependencies of target actionlib_msgs_generate_messages_eus[0m
[4.465s] [  0%] Built target actionlib_msgs_generate_messages_cpp
[4.480s] [35m[1mScanning dependencies of target rosgraph_msgs_generate_messages_eus[0m
[4.496s] [  0%] Built target rosgraph_msgs_generate_messages_eus
[4.504s] [  0%] Built target actionlib_msgs_generate_messages_eus
[4.521s] [35m[1mScanning dependencies of target actionlib_generate_messages_nodejs[0m
[4.535s] [35m[1mScanning dependencies of target actionlib_generate_messages_py[0m
[4.541s] [  0%] Built target actionlib_generate_messages_nodejs
[4.557s] [35m[1mScanning dependencies of target std_msgs_generate_messages_eus[0m
[4.573s] [  0%] Built target std_msgs_generate_messages_eus
[4.574s] [  0%] Built target actionlib_generate_messages_py
[4.591s] [35m[1mScanning dependencies of target rosgraph_msgs_generate_messages_nodejs[0m
[4.606s] [35m[1mScanning dependencies of target rosgraph_msgs_generate_messages_py[0m
[4.621s] [  0%] Built target rosgraph_msgs_generate_messages_nodejs
[4.623s] [  0%] Built target rosgraph_msgs_generate_messages_py
[4.637s] [35m[1mScanning dependencies of target actionlib_generate_messages_lisp[0m
[4.653s] [35m[1mScanning dependencies of target file_uploader_msgs_generate_messages_cpp[0m
[4.663s] [  0%] Built target actionlib_generate_messages_lisp
[4.676s] [  0%] Built target file_uploader_msgs_generate_messages_cpp
[4.679s] [35m[1mScanning dependencies of target actionlib_generate_messages_eus[0m
[4.704s] [  0%] Built target actionlib_generate_messages_eus
[4.708s] [35m[1mScanning dependencies of target actionlib_msgs_generate_messages_nodejs[0m
[4.725s] [35m[1mScanning dependencies of target std_msgs_generate_messages_cpp[0m
[4.737s] [  0%] Built target actionlib_msgs_generate_messages_nodejs
[4.750s] [  0%] Built target std_msgs_generate_messages_cpp
[4.763s] [35m[1mScanning dependencies of target roscpp_generate_messages_cpp[0m
[4.768s] [35m[1mScanning dependencies of target actionlib_generate_messages_cpp[0m
[4.783s] [  0%] Built target actionlib_generate_messages_cpp
[4.788s] [  0%] Built target roscpp_generate_messages_cpp
[4.800s] [35m[1mScanning dependencies of target rosgraph_msgs_generate_messages_lisp[0m
[4.815s] [35m[1mScanning dependencies of target std_msgs_generate_messages_lisp[0m
[4.830s] [  0%] Built target std_msgs_generate_messages_lisp
[4.839s] [  0%] Built target rosgraph_msgs_generate_messages_lisp
[4.846s] [35m[1mScanning dependencies of target std_msgs_generate_messages_nodejs[0m
[4.862s] [  0%] Built target std_msgs_generate_messages_nodejs
[4.878s] [35m[1mScanning dependencies of target std_msgs_generate_messages_py[0m
[4.883s] [35m[1mScanning dependencies of target _catkin_empty_exported_target[0m
[4.897s] [  0%] Built target std_msgs_generate_messages_py
[4.911s] [  0%] Built target _catkin_empty_exported_target
[4.929s] [35m[1mScanning dependencies of target rosgraph_msgs_generate_messages_cpp[0m
[4.932s] [35m[1mScanning dependencies of target roscpp_generate_messages_nodejs[0m
[4.948s] [  0%] Built target roscpp_generate_messages_nodejs
[4.965s] [  0%] Built target rosgraph_msgs_generate_messages_cpp
[4.966s] [35m[1mScanning dependencies of target roscpp_generate_messages_eus[0m
[4.994s] [35m[1mScanning dependencies of target roscpp_generate_messages_lisp[0m
[4.995s] [  0%] Built target roscpp_generate_messages_eus
[5.011s] [35m[1mScanning dependencies of target roscpp_generate_messages_py[0m
[5.019s] [  0%] Built target roscpp_generate_messages_lisp
[5.033s] [  0%] Built target roscpp_generate_messages_py
[5.048s] [35m[1mScanning dependencies of target actionlib_msgs_generate_messages_py[0m
[5.063s] [  0%] Built target actionlib_msgs_generate_messages_py
[5.074s] [35m[1mScanning dependencies of target file_uploader_msgs_generate_messages_eus[0m
[5.078s] [35m[1mScanning dependencies of target file_uploader_msgs_generate_messages_lisp[0m
[5.093s] [  0%] Built target file_uploader_msgs_generate_messages_eus
[5.108s] [  0%] Built target file_uploader_msgs_generate_messages_lisp
[5.120s] [35m[1mScanning dependencies of target file_uploader_msgs_generate_messages_py[0m
[5.135s] [  0%] Built target file_uploader_msgs_generate_messages_py
[5.150s] [35m[1mScanning dependencies of target s3_file_uploader_lib[0m
[5.246s] [ 25%] [32mBuilding CXX object CMakeFiles/s3_file_uploader_lib.dir/src/s3_file_uploader.cpp.o[0m
[16.492s] [ 50%] [32m[1mLinking CXX shared library devel/lib/libs3_file_uploader_lib.so[0m
[16.990s] [ 50%] Built target s3_file_uploader_lib
[17.046s] [35m[1mScanning dependencies of target s3_file_uploader[0m
[17.166s] [ 75%] [32mBuilding CXX object CMakeFiles/s3_file_uploader.dir/src/main.cpp.o[0m
[28.865s] [100%] [32m[1mLinking CXX executable devel/lib/s3_file_uploader/s3_file_uploader[0m
[29.590s] [100%] Built target s3_file_uploader
[29.615s] Invoked command in '/home/ubuntu/environment/aws-robomaker-testcase-framework/simulation_ws/build/s3_file_uploader' returned '0': CMAKE_PREFIX_PATH=/home/ubuntu/environment/aws-robomaker-testcase-framework/simulation_ws/install/s3_common:/home/ubuntu/environment/aws-robomaker-testcase-framework/simulation_ws/install/file_uploader_msgs:${CMAKE_PREFIX_PATH} LD_LIBRARY_PATH=/home/ubuntu/environment/aws-robomaker-testcase-framework/simulation_ws/install/s3_common/lib:${LD_LIBRARY_PATH} PKG_CONFIG_PATH=/home/ubuntu/environment/aws-robomaker-testcase-framework/simulation_ws/install/s3_common/lib/x86_64-linux-gnu/pkgconfig:/home/ubuntu/environment/aws-robomaker-testcase-framework/simulation_ws/install/s3_common/lib/pkgconfig:/home/ubuntu/environment/aws-robomaker-testcase-framework/simulation_ws/install/file_uploader_msgs/lib/x86_64-linux-gnu/pkgconfig:/home/ubuntu/environment/aws-robomaker-testcase-framework/simulation_ws/install/file_uploader_msgs/lib/pkgconfig:${PKG_CONFIG_PATH} PYTHONPATH=/home/ubuntu/environment/aws-robomaker-testcase-framework/simulation_ws/install/file_uploader_msgs/lib/python2.7/dist-packages:${PYTHONPATH} ROS_PACKAGE_PATH=/home/ubuntu/environment/aws-robomaker-testcase-framework/simulation_ws/install/file_uploader_msgs/share:${ROS_PACKAGE_PATH} /usr/bin/cmake --build /home/ubuntu/environment/aws-robomaker-testcase-framework/simulation_ws/build/s3_file_uploader -- -j2 -l2
[29.822s] Invoking command in '/home/ubuntu/environment/aws-robomaker-testcase-framework/simulation_ws/build/s3_file_uploader': CMAKE_PREFIX_PATH=/home/ubuntu/environment/aws-robomaker-testcase-framework/simulation_ws/install/s3_common:/home/ubuntu/environment/aws-robomaker-testcase-framework/simulation_ws/install/file_uploader_msgs:${CMAKE_PREFIX_PATH} LD_LIBRARY_PATH=/home/ubuntu/environment/aws-robomaker-testcase-framework/simulation_ws/install/s3_common/lib:${LD_LIBRARY_PATH} PKG_CONFIG_PATH=/home/ubuntu/environment/aws-robomaker-testcase-framework/simulation_ws/install/s3_common/lib/x86_64-linux-gnu/pkgconfig:/home/ubuntu/environment/aws-robomaker-testcase-framework/simulation_ws/install/s3_common/lib/pkgconfig:/home/ubuntu/environment/aws-robomaker-testcase-framework/simulation_ws/install/file_uploader_msgs/lib/x86_64-linux-gnu/pkgconfig:/home/ubuntu/environment/aws-robomaker-testcase-framework/simulation_ws/install/file_uploader_msgs/lib/pkgconfig:${PKG_CONFIG_PATH} PYTHONPATH=/home/ubuntu/environment/aws-robomaker-testcase-framework/simulation_ws/install/file_uploader_msgs/lib/python2.7/dist-packages:${PYTHONPATH} ROS_PACKAGE_PATH=/home/ubuntu/environment/aws-robomaker-testcase-framework/simulation_ws/install/file_uploader_msgs/share:${ROS_PACKAGE_PATH} /usr/bin/cmake --build /home/ubuntu/environment/aws-robomaker-testcase-framework/simulation_ws/build/s3_file_uploader --target tests -- -j2 -l2
[30.032s] [  0%] Built target file_uploader_msgs_generate_messages_nodejs
[30.049s] [35m[1mScanning dependencies of target gmock_main[0m
[30.063s] [  0%] Built target actionlib_msgs_generate_messages_lisp
[30.161s] [  7%] [32mBuilding CXX object gtest/googlemock/CMakeFiles/gmock_main.dir/__/googletest/src/gtest-all.cc.o[0m
[34.309s] [ 15%] [32mBuilding CXX object gtest/googlemock/CMakeFiles/gmock_main.dir/src/gmock-all.cc.o[0m
[36.313s] [ 23%] [32mBuilding CXX object gtest/googlemock/CMakeFiles/gmock_main.dir/src/gmock_main.cc.o[0m
[37.327s] [ 30%] [32m[1mLinking CXX shared library libgmock_main.so[0m
[37.535s] [ 30%] Built target gmock_main
[37.566s] [ 30%] Built target actionlib_msgs_generate_messages_eus
[37.596s] [ 30%] Built target actionlib_msgs_generate_messages_cpp
[37.625s] [ 30%] Built target rosgraph_msgs_generate_messages_eus
[37.654s] [ 30%] Built target actionlib_generate_messages_py
[37.681s] [ 30%] Built target actionlib_generate_messages_nodejs
[37.708s] [ 30%] Built target std_msgs_generate_messages_eus
[37.737s] [ 30%] Built target rosgraph_msgs_generate_messages_nodejs
[37.766s] [ 30%] Built target rosgraph_msgs_generate_messages_py
[37.795s] [ 30%] Built target actionlib_generate_messages_lisp
[37.824s] [ 30%] Built target file_uploader_msgs_generate_messages_cpp
[37.853s] [ 30%] Built target actionlib_generate_messages_eus
[37.882s] [ 30%] Built target actionlib_msgs_generate_messages_nodejs
[37.911s] [ 30%] Built target std_msgs_generate_messages_cpp
[37.940s] [ 30%] Built target roscpp_generate_messages_cpp
[37.968s] [ 30%] Built target actionlib_generate_messages_cpp
[37.997s] [ 30%] Built target rosgraph_msgs_generate_messages_lisp
[38.027s] [ 30%] Built target std_msgs_generate_messages_lisp
[38.057s] [ 30%] Built target std_msgs_generate_messages_nodejs
[38.088s] [ 30%] Built target std_msgs_generate_messages_py
[38.118s] [ 30%] Built target _catkin_empty_exported_target
[38.148s] [ 30%] Built target rosgraph_msgs_generate_messages_cpp
[38.179s] [ 30%] Built target roscpp_generate_messages_nodejs
[38.209s] [ 30%] Built target roscpp_generate_messages_eus
[38.239s] [ 30%] Built target roscpp_generate_messages_lisp
[38.269s] [ 30%] Built target roscpp_generate_messages_py
[38.299s] [ 30%] Built target actionlib_msgs_generate_messages_py
[38.329s] [ 30%] Built target file_uploader_msgs_generate_messages_eus
[38.359s] [ 30%] Built target file_uploader_msgs_generate_messages_lisp
[38.389s] [ 30%] Built target file_uploader_msgs_generate_messages_py
[38.404s] [35m[1mScanning dependencies of target gmock[0m
[38.443s] [ 38%] [32mBuilding CXX object gtest/googlemock/CMakeFiles/gmock.dir/__/googletest/src/gtest-all.cc.o[0m
[41.915s] [ 46%] [32mBuilding CXX object gtest/googlemock/CMakeFiles/gmock.dir/src/gmock-all.cc.o[0m
[43.906s] [ 53%] [32m[1mLinking CXX shared library libgmock.so[0m
[44.116s] [ 53%] Built target gmock
[44.161s] [ 69%] Built target s3_file_uploader_lib
[44.178s] [35m[1mScanning dependencies of target test_s3_file_uploader[0m
[44.254s] [ 76%] [32mBuilding CXX object CMakeFiles/test_s3_file_uploader.dir/test/s3_file_uploader_test.cpp.o[0m
[61.197s] [ 84%] [32m[1mLinking CXX executable devel/lib/s3_file_uploader/test_s3_file_uploader[0m
[61.198s] [ 84%] Built target test_s3_file_uploader
[61.198s] [35m[1mScanning dependencies of target test_action_server_handler[0m
[61.198s] [ 92%] [32mBuilding CXX object CMakeFiles/test_action_server_handler.dir/test/s3_file_uploader_action_server_handler_test.cpp.o[0m
[64.156s] [100%] [32m[1mLinking CXX executable devel/lib/s3_file_uploader/test_action_server_handler[0m
[64.540s] [100%] Built target test_action_server_handler
[64.556s] [35m[1mScanning dependencies of target tests[0m
[64.572s] [100%] Built target tests
[64.591s] Invoked command in '/home/ubuntu/environment/aws-robomaker-testcase-framework/simulation_ws/build/s3_file_uploader' returned '0': CMAKE_PREFIX_PATH=/home/ubuntu/environment/aws-robomaker-testcase-framework/simulation_ws/install/s3_common:/home/ubuntu/environment/aws-robomaker-testcase-framework/simulation_ws/install/file_uploader_msgs:${CMAKE_PREFIX_PATH} LD_LIBRARY_PATH=/home/ubuntu/environment/aws-robomaker-testcase-framework/simulation_ws/install/s3_common/lib:${LD_LIBRARY_PATH} PKG_CONFIG_PATH=/home/ubuntu/environment/aws-robomaker-testcase-framework/simulation_ws/install/s3_common/lib/x86_64-linux-gnu/pkgconfig:/home/ubuntu/environment/aws-robomaker-testcase-framework/simulation_ws/install/s3_common/lib/pkgconfig:/home/ubuntu/environment/aws-robomaker-testcase-framework/simulation_ws/install/file_uploader_msgs/lib/x86_64-linux-gnu/pkgconfig:/home/ubuntu/environment/aws-robomaker-testcase-framework/simulation_ws/install/file_uploader_msgs/lib/pkgconfig:${PKG_CONFIG_PATH} PYTHONPATH=/home/ubuntu/environment/aws-robomaker-testcase-framework/simulation_ws/install/file_uploader_msgs/lib/python2.7/dist-packages:${PYTHONPATH} ROS_PACKAGE_PATH=/home/ubuntu/environment/aws-robomaker-testcase-framework/simulation_ws/install/file_uploader_msgs/share:${ROS_PACKAGE_PATH} /usr/bin/cmake --build /home/ubuntu/environment/aws-robomaker-testcase-framework/simulation_ws/build/s3_file_uploader --target tests -- -j2 -l2
[64.682s] Invoking command in '/home/ubuntu/environment/aws-robomaker-testcase-framework/simulation_ws/build/s3_file_uploader': CMAKE_PREFIX_PATH=/home/ubuntu/environment/aws-robomaker-testcase-framework/simulation_ws/install/s3_common:/home/ubuntu/environment/aws-robomaker-testcase-framework/simulation_ws/install/file_uploader_msgs:${CMAKE_PREFIX_PATH} LD_LIBRARY_PATH=/home/ubuntu/environment/aws-robomaker-testcase-framework/simulation_ws/install/s3_common/lib:${LD_LIBRARY_PATH} PKG_CONFIG_PATH=/home/ubuntu/environment/aws-robomaker-testcase-framework/simulation_ws/install/s3_common/lib/x86_64-linux-gnu/pkgconfig:/home/ubuntu/environment/aws-robomaker-testcase-framework/simulation_ws/install/s3_common/lib/pkgconfig:/home/ubuntu/environment/aws-robomaker-testcase-framework/simulation_ws/install/file_uploader_msgs/lib/x86_64-linux-gnu/pkgconfig:/home/ubuntu/environment/aws-robomaker-testcase-framework/simulation_ws/install/file_uploader_msgs/lib/pkgconfig:${PKG_CONFIG_PATH} PYTHONPATH=/home/ubuntu/environment/aws-robomaker-testcase-framework/simulation_ws/install/file_uploader_msgs/lib/python2.7/dist-packages:${PYTHONPATH} ROS_PACKAGE_PATH=/home/ubuntu/environment/aws-robomaker-testcase-framework/simulation_ws/install/file_uploader_msgs/share:${ROS_PACKAGE_PATH} /usr/bin/cmake --build /home/ubuntu/environment/aws-robomaker-testcase-framework/simulation_ws/build/s3_file_uploader --target install -- -j2 -l2
[64.764s] [  0%] Built target file_uploader_msgs_generate_messages_nodejs
[64.794s] [  0%] Built target actionlib_msgs_generate_messages_lisp
[64.824s] [  0%] Built target actionlib_msgs_generate_messages_eus
[64.853s] [  0%] Built target actionlib_msgs_generate_messages_cpp
[64.882s] [  0%] Built target rosgraph_msgs_generate_messages_eus
[64.912s] [  0%] Built target actionlib_generate_messages_py
[64.942s] [  0%] Built target actionlib_generate_messages_nodejs
[64.972s] [  0%] Built target std_msgs_generate_messages_eus
[65.002s] [  0%] Built target rosgraph_msgs_generate_messages_nodejs
[65.032s] [  0%] Built target rosgraph_msgs_generate_messages_py
[65.062s] [  0%] Built target actionlib_generate_messages_lisp
[65.092s] [  0%] Built target file_uploader_msgs_generate_messages_cpp
[65.122s] [  0%] Built target actionlib_generate_messages_eus
[65.151s] [  0%] Built target actionlib_msgs_generate_messages_nodejs
[65.180s] [  0%] Built target std_msgs_generate_messages_cpp
[65.209s] [  0%] Built target roscpp_generate_messages_cpp
[65.240s] [  0%] Built target actionlib_generate_messages_cpp
[65.269s] [  0%] Built target rosgraph_msgs_generate_messages_lisp
[65.298s] [  0%] Built target std_msgs_generate_messages_lisp
[65.328s] [  0%] Built target std_msgs_generate_messages_nodejs
[65.357s] [  0%] Built target std_msgs_generate_messages_py
[65.385s] [  0%] Built target _catkin_empty_exported_target
[65.414s] [  0%] Built target rosgraph_msgs_generate_messages_cpp
[65.444s] [  0%] Built target roscpp_generate_messages_nodejs
[65.473s] [  0%] Built target roscpp_generate_messages_eus
[65.504s] [  0%] Built target roscpp_generate_messages_lisp
[65.535s] [  0%] Built target roscpp_generate_messages_py
[65.570s] [  0%] Built target actionlib_msgs_generate_messages_py
[65.602s] [  0%] Built target file_uploader_msgs_generate_messages_eus
[65.631s] [  0%] Built target file_uploader_msgs_generate_messages_lisp
[65.660s] [  0%] Built target file_uploader_msgs_generate_messages_py
[65.705s] [ 50%] Built target s3_file_uploader_lib
[65.750s] [100%] Built target s3_file_uploader
[65.782s] [36mInstall the project...[0m
[65.795s] -- Install configuration: ""
[65.796s] -- Installing: /home/ubuntu/environment/aws-robomaker-testcase-framework/simulation_ws/install/s3_file_uploader/lib/pkgconfig/s3_file_uploader.pc
[65.797s] -- Installing: /home/ubuntu/environment/aws-robomaker-testcase-framework/simulation_ws/install/s3_file_uploader/share/s3_file_uploader/cmake/s3_file_uploaderConfig.cmake
[65.797s] -- Installing: /home/ubuntu/environment/aws-robomaker-testcase-framework/simulation_ws/install/s3_file_uploader/share/s3_file_uploader/cmake/s3_file_uploaderConfig-version.cmake
[65.797s] -- Installing: /home/ubuntu/environment/aws-robomaker-testcase-framework/simulation_ws/install/s3_file_uploader/share/s3_file_uploader/package.xml
[65.798s] -- Installing: /home/ubuntu/environment/aws-robomaker-testcase-framework/simulation_ws/install/s3_file_uploader/lib/s3_file_uploader/s3_file_uploader
[65.800s] -- Set runtime path of "/home/ubuntu/environment/aws-robomaker-testcase-framework/simulation_ws/install/s3_file_uploader/lib/s3_file_uploader/s3_file_uploader" to ""
[65.801s] -- Installing: /home/ubuntu/environment/aws-robomaker-testcase-framework/simulation_ws/install/s3_file_uploader/lib/libs3_file_uploader_lib.so
[65.803s] -- Set runtime path of "/home/ubuntu/environment/aws-robomaker-testcase-framework/simulation_ws/install/s3_file_uploader/lib/libs3_file_uploader_lib.so" to ""
[65.804s] -- Installing: /home/ubuntu/environment/aws-robomaker-testcase-framework/simulation_ws/install/s3_file_uploader/share/s3_file_uploader/launch
[65.804s] -- Installing: /home/ubuntu/environment/aws-robomaker-testcase-framework/simulation_ws/install/s3_file_uploader/share/s3_file_uploader/launch/s3_file_uploader.launch
[65.805s] -- Installing: /home/ubuntu/environment/aws-robomaker-testcase-framework/simulation_ws/install/s3_file_uploader/share/s3_file_uploader/config
[65.805s] -- Installing: /home/ubuntu/environment/aws-robomaker-testcase-framework/simulation_ws/install/s3_file_uploader/share/s3_file_uploader/config/node_sample_configuration.yaml
[65.805s] -- Installing: /home/ubuntu/environment/aws-robomaker-testcase-framework/simulation_ws/install/s3_file_uploader/include
[65.806s] -- Installing: /home/ubuntu/environment/aws-robomaker-testcase-framework/simulation_ws/install/s3_file_uploader/include/s3_file_uploader
[65.806s] -- Installing: /home/ubuntu/environment/aws-robomaker-testcase-framework/simulation_ws/install/s3_file_uploader/include/s3_file_uploader/s3_file_uploader.h
[65.806s] -- Installing: /home/ubuntu/environment/aws-robomaker-testcase-framework/simulation_ws/install/s3_file_uploader/include/s3_file_uploader/s3_file_uploader_action_server_handler.h
[65.818s] Invoked command in '/home/ubuntu/environment/aws-robomaker-testcase-framework/simulation_ws/build/s3_file_uploader' returned '0': CMAKE_PREFIX_PATH=/home/ubuntu/environment/aws-robomaker-testcase-framework/simulation_ws/install/s3_common:/home/ubuntu/environment/aws-robomaker-testcase-framework/simulation_ws/install/file_uploader_msgs:${CMAKE_PREFIX_PATH} LD_LIBRARY_PATH=/home/ubuntu/environment/aws-robomaker-testcase-framework/simulation_ws/install/s3_common/lib:${LD_LIBRARY_PATH} PKG_CONFIG_PATH=/home/ubuntu/environment/aws-robomaker-testcase-framework/simulation_ws/install/s3_common/lib/x86_64-linux-gnu/pkgconfig:/home/ubuntu/environment/aws-robomaker-testcase-framework/simulation_ws/install/s3_common/lib/pkgconfig:/home/ubuntu/environment/aws-robomaker-testcase-framework/simulation_ws/install/file_uploader_msgs/lib/x86_64-linux-gnu/pkgconfig:/home/ubuntu/environment/aws-robomaker-testcase-framework/simulation_ws/install/file_uploader_msgs/lib/pkgconfig:${PKG_CONFIG_PATH} PYTHONPATH=/home/ubuntu/environment/aws-robomaker-testcase-framework/simulation_ws/install/file_uploader_msgs/lib/python2.7/dist-packages:${PYTHONPATH} ROS_PACKAGE_PATH=/home/ubuntu/environment/aws-robomaker-testcase-framework/simulation_ws/install/file_uploader_msgs/share:${ROS_PACKAGE_PATH} /usr/bin/cmake --build /home/ubuntu/environment/aws-robomaker-testcase-framework/simulation_ws/build/s3_file_uploader --target install -- -j2 -l2
