[  0%] Built target _file_uploader_msgs_generate_messages_check_deps_UploadFilesActionResult
[  0%] Built target _file_uploader_msgs_generate_messages_check_deps_UploadFilesResult
[  0%] Built target _file_uploader_msgs_generate_messages_check_deps_UploadFilesActionFeedback
[  0%] Built target actionlib_msgs_generate_messages_nodejs
[  0%] Built target _file_uploader_msgs_generate_messages_check_deps_UploadFilesActionGoal
[  0%] Built target _file_uploader_msgs_generate_messages_check_deps_UploadFilesAction
[  0%] Built target _file_uploader_msgs_generate_messages_check_deps_UploadFilesGoal
[  0%] Built target _file_uploader_msgs_generate_messages_check_deps_S3Result
[  0%] Built target _file_uploader_msgs_generate_messages_check_deps_UploadFilesFeedback
[  0%] Built target actionlib_msgs_generate_messages_cpp
[  0%] Built target actionlib_msgs_generate_messages_eus
[  0%] Built target actionlib_msgs_generate_messages_lisp
[  0%] Built target actionlib_msgs_generate_messages_py
[ 19%] Built target file_uploader_msgs_generate_messages_cpp
[ 38%] Built target file_uploader_msgs_generate_messages_nodejs
[ 59%] Built target file_uploader_msgs_generate_messages_eus
[ 78%] Built target file_uploader_msgs_generate_messages_lisp
[100%] Built target file_uploader_msgs_generate_messages_py
[100%] Built target file_uploader_msgs_generate_messages
Built target tests
[  0%] Built target _file_uploader_msgs_generate_messages_check_deps_UploadFilesResult
[  0%] Built target _file_uploader_msgs_generate_messages_check_deps_UploadFilesActionResult
[  0%] Built target _file_uploader_msgs_generate_messages_check_deps_UploadFilesActionGoal
[  0%] Built target _file_uploader_msgs_generate_messages_check_deps_UploadFilesActionFeedback
[  0%] Built target actionlib_msgs_generate_messages_nodejs
[  0%] Built target _file_uploader_msgs_generate_messages_check_deps_UploadFilesGoal
[  0%] Built target _file_uploader_msgs_generate_messages_check_deps_UploadFilesAction
[  0%] Built target _file_uploader_msgs_generate_messages_check_deps_S3Result
[  0%] Built target _file_uploader_msgs_generate_messages_check_deps_UploadFilesFeedback
[  0%] Built target actionlib_msgs_generate_messages_cpp
[  0%] Built target actionlib_msgs_generate_messages_eus
[  0%] Built target actionlib_msgs_generate_messages_py
[  0%] Built target actionlib_msgs_generate_messages_lisp
[ 19%] Built target file_uploader_msgs_generate_messages_nodejs
[ 40%] Built target file_uploader_msgs_generate_messages_eus
[ 59%] Built target file_uploader_msgs_generate_messages_cpp
[ 78%] Built target file_uploader_msgs_generate_messages_lisp
[100%] Built target file_uploader_msgs_generate_messages_py
[100%] Built target file_uploader_msgs_generate_messages
[36mInstall the project...[0m
-- Install configuration: ""
-- Up-to-date: /home/ubuntu/environment/aws-robomaker-testcase-framework/simulation_ws/install/file_uploader_msgs/share/file_uploader_msgs/action/UploadFiles.action
-- Up-to-date: /home/ubuntu/environment/aws-robomaker-testcase-framework/simulation_ws/install/file_uploader_msgs/share/file_uploader_msgs/msg/UploadFilesAction.msg
-- Up-to-date: /home/ubuntu/environment/aws-robomaker-testcase-framework/simulation_ws/install/file_uploader_msgs/share/file_uploader_msgs/msg/UploadFilesActionGoal.msg
-- Up-to-date: /home/ubuntu/environment/aws-robomaker-testcase-framework/simulation_ws/install/file_uploader_msgs/share/file_uploader_msgs/msg/UploadFilesActionResult.msg
-- Up-to-date: /home/ubuntu/environment/aws-robomaker-testcase-framework/simulation_ws/install/file_uploader_msgs/share/file_uploader_msgs/msg/UploadFilesActionFeedback.msg
-- Up-to-date: /home/ubuntu/environment/aws-robomaker-testcase-framework/simulation_ws/install/file_uploader_msgs/share/file_uploader_msgs/msg/UploadFilesGoal.msg
-- Up-to-date: /home/ubuntu/environment/aws-robomaker-testcase-framework/simulation_ws/install/file_uploader_msgs/share/file_uploader_msgs/msg/UploadFilesResult.msg
-- Up-to-date: /home/ubuntu/environment/aws-robomaker-testcase-framework/simulation_ws/install/file_uploader_msgs/share/file_uploader_msgs/msg/UploadFilesFeedback.msg
-- Up-to-date: /home/ubuntu/environment/aws-robomaker-testcase-framework/simulation_ws/install/file_uploader_msgs/share/file_uploader_msgs/msg/S3Result.msg
-- Up-to-date: /home/ubuntu/environment/aws-robomaker-testcase-framework/simulation_ws/install/file_uploader_msgs/share/file_uploader_msgs/cmake/file_uploader_msgs-msg-paths.cmake
-- Up-to-date: /home/ubuntu/environment/aws-robomaker-testcase-framework/simulation_ws/install/file_uploader_msgs/include/file_uploader_msgs
-- Up-to-date: /home/ubuntu/environment/aws-robomaker-testcase-framework/simulation_ws/install/file_uploader_msgs/include/file_uploader_msgs/UploadFilesActionGoal.h
-- Up-to-date: /home/ubuntu/environment/aws-robomaker-testcase-framework/simulation_ws/install/file_uploader_msgs/include/file_uploader_msgs/UploadFilesGoal.h
-- Up-to-date: /home/ubuntu/environment/aws-robomaker-testcase-framework/simulation_ws/install/file_uploader_msgs/include/file_uploader_msgs/S3Result.h
-- Up-to-date: /home/ubuntu/environment/aws-robomaker-testcase-framework/simulation_ws/install/file_uploader_msgs/include/file_uploader_msgs/UploadFilesActionResult.h
-- Up-to-date: /home/ubuntu/environment/aws-robomaker-testcase-framework/simulation_ws/install/file_uploader_msgs/include/file_uploader_msgs/UploadFilesResult.h
-- Up-to-date: /home/ubuntu/environment/aws-robomaker-testcase-framework/simulation_ws/install/file_uploader_msgs/include/file_uploader_msgs/UploadFilesActionFeedback.h
-- Up-to-date: /home/ubuntu/environment/aws-robomaker-testcase-framework/simulation_ws/install/file_uploader_msgs/include/file_uploader_msgs/UploadFilesFeedback.h
-- Up-to-date: /home/ubuntu/environment/aws-robomaker-testcase-framework/simulation_ws/install/file_uploader_msgs/include/file_uploader_msgs/UploadFilesAction.h
-- Up-to-date: /home/ubuntu/environment/aws-robomaker-testcase-framework/simulation_ws/install/file_uploader_msgs/share/roseus/ros/file_uploader_msgs
-- Up-to-date: /home/ubuntu/environment/aws-robomaker-testcase-framework/simulation_ws/install/file_uploader_msgs/share/roseus/ros/file_uploader_msgs/manifest.l
-- Up-to-date: /home/ubuntu/environment/aws-robomaker-testcase-framework/simulation_ws/install/file_uploader_msgs/share/roseus/ros/file_uploader_msgs/msg
-- Up-to-date: /home/ubuntu/environment/aws-robomaker-testcase-framework/simulation_ws/install/file_uploader_msgs/share/roseus/ros/file_uploader_msgs/msg/UploadFilesResult.l
-- Up-to-date: /home/ubuntu/environment/aws-robomaker-testcase-framework/simulation_ws/install/file_uploader_msgs/share/roseus/ros/file_uploader_msgs/msg/UploadFilesActionGoal.l
-- Up-to-date: /home/ubuntu/environment/aws-robomaker-testcase-framework/simulation_ws/install/file_uploader_msgs/share/roseus/ros/file_uploader_msgs/msg/UploadFilesActionFeedback.l
-- Up-to-date: /home/ubuntu/environment/aws-robomaker-testcase-framework/simulation_ws/install/file_uploader_msgs/share/roseus/ros/file_uploader_msgs/msg/UploadFilesGoal.l
-- Up-to-date: /home/ubuntu/environment/aws-robomaker-testcase-framework/simulation_ws/install/file_uploader_msgs/share/roseus/ros/file_uploader_msgs/msg/S3Result.l
-- Up-to-date: /home/ubuntu/environment/aws-robomaker-testcase-framework/simulation_ws/install/file_uploader_msgs/share/roseus/ros/file_uploader_msgs/msg/UploadFilesAction.l
-- Up-to-date: /home/ubuntu/environment/aws-robomaker-testcase-framework/simulation_ws/install/file_uploader_msgs/share/roseus/ros/file_uploader_msgs/msg/UploadFilesFeedback.l
-- Up-to-date: /home/ubuntu/environment/aws-robomaker-testcase-framework/simulation_ws/install/file_uploader_msgs/share/roseus/ros/file_uploader_msgs/msg/UploadFilesActionResult.l
-- Up-to-date: /home/ubuntu/environment/aws-robomaker-testcase-framework/simulation_ws/install/file_uploader_msgs/share/common-lisp/ros/file_uploader_msgs
-- Up-to-date: /home/ubuntu/environment/aws-robomaker-testcase-framework/simulation_ws/install/file_uploader_msgs/share/common-lisp/ros/file_uploader_msgs/msg
-- Up-to-date: /home/ubuntu/environment/aws-robomaker-testcase-framework/simulation_ws/install/file_uploader_msgs/share/common-lisp/ros/file_uploader_msgs/msg/_package_UploadFilesGoal.lisp
-- Up-to-date: /home/ubuntu/environment/aws-robomaker-testcase-framework/simulation_ws/install/file_uploader_msgs/share/common-lisp/ros/file_uploader_msgs/msg/_package_UploadFilesResult.lisp
-- Up-to-date: /home/ubuntu/environment/aws-robomaker-testcase-framework/simulation_ws/install/file_uploader_msgs/share/common-lisp/ros/file_uploader_msgs/msg/_package.lisp
-- Up-to-date: /home/ubuntu/environment/aws-robomaker-testcase-framework/simulation_ws/install/file_uploader_msgs/share/common-lisp/ros/file_uploader_msgs/msg/UploadFilesActionResult.lisp
-- Up-to-date: /home/ubuntu/environment/aws-robomaker-testcase-framework/simulation_ws/install/file_uploader_msgs/share/common-lisp/ros/file_uploader_msgs/msg/UploadFilesGoal.lisp
-- Up-to-date: /home/ubuntu/environment/aws-robomaker-testcase-framework/simulation_ws/install/file_uploader_msgs/share/common-lisp/ros/file_uploader_msgs/msg/UploadFilesActionFeedback.lisp
-- Up-to-date: /home/ubuntu/environment/aws-robomaker-testcase-framework/simulation_ws/install/file_uploader_msgs/share/common-lisp/ros/file_uploader_msgs/msg/_package_UploadFilesFeedback.lisp
-- Up-to-date: /home/ubuntu/environment/aws-robomaker-testcase-framework/simulation_ws/install/file_uploader_msgs/share/common-lisp/ros/file_uploader_msgs/msg/UploadFilesAction.lisp
-- Up-to-date: /home/ubuntu/environment/aws-robomaker-testcase-framework/simulation_ws/install/file_uploader_msgs/share/common-lisp/ros/file_uploader_msgs/msg/UploadFilesFeedback.lisp
-- Up-to-date: /home/ubuntu/environment/aws-robomaker-testcase-framework/simulation_ws/install/file_uploader_msgs/share/common-lisp/ros/file_uploader_msgs/msg/_package_S3Result.lisp
-- Up-to-date: /home/ubuntu/environment/aws-robomaker-testcase-framework/simulation_ws/install/file_uploader_msgs/share/common-lisp/ros/file_uploader_msgs/msg/_package_UploadFilesActionResult.lisp
-- Up-to-date: /home/ubuntu/environment/aws-robomaker-testcase-framework/simulation_ws/install/file_uploader_msgs/share/common-lisp/ros/file_uploader_msgs/msg/_package_UploadFilesActionFeedback.lisp
-- Up-to-date: /home/ubuntu/environment/aws-robomaker-testcase-framework/simulation_ws/install/file_uploader_msgs/share/common-lisp/ros/file_uploader_msgs/msg/_package_UploadFilesAction.lisp
-- Up-to-date: /home/ubuntu/environment/aws-robomaker-testcase-framework/simulation_ws/install/file_uploader_msgs/share/common-lisp/ros/file_uploader_msgs/msg/UploadFilesResult.lisp
-- Up-to-date: /home/ubuntu/environment/aws-robomaker-testcase-framework/simulation_ws/install/file_uploader_msgs/share/common-lisp/ros/file_uploader_msgs/msg/S3Result.lisp
-- Up-to-date: /home/ubuntu/environment/aws-robomaker-testcase-framework/simulation_ws/install/file_uploader_msgs/share/common-lisp/ros/file_uploader_msgs/msg/file_uploader_msgs-msg.asd
-- Up-to-date: /home/ubuntu/environment/aws-robomaker-testcase-framework/simulation_ws/install/file_uploader_msgs/share/common-lisp/ros/file_uploader_msgs/msg/_package_UploadFilesActionGoal.lisp
-- Up-to-date: /home/ubuntu/environment/aws-robomaker-testcase-framework/simulation_ws/install/file_uploader_msgs/share/common-lisp/ros/file_uploader_msgs/msg/UploadFilesActionGoal.lisp
-- Up-to-date: /home/ubuntu/environment/aws-robomaker-testcase-framework/simulation_ws/install/file_uploader_msgs/share/gennodejs/ros/file_uploader_msgs
-- Up-to-date: /home/ubuntu/environment/aws-robomaker-testcase-framework/simulation_ws/install/file_uploader_msgs/share/gennodejs/ros/file_uploader_msgs/_index.js
-- Up-to-date: /home/ubuntu/environment/aws-robomaker-testcase-framework/simulation_ws/install/file_uploader_msgs/share/gennodejs/ros/file_uploader_msgs/msg
-- Up-to-date: /home/ubuntu/environment/aws-robomaker-testcase-framework/simulation_ws/install/file_uploader_msgs/share/gennodejs/ros/file_uploader_msgs/msg/UploadFilesActionResult.js
-- Up-to-date: /home/ubuntu/environment/aws-robomaker-testcase-framework/simulation_ws/install/file_uploader_msgs/share/gennodejs/ros/file_uploader_msgs/msg/UploadFilesAction.js
-- Up-to-date: /home/ubuntu/environment/aws-robomaker-testcase-framework/simulation_ws/install/file_uploader_msgs/share/gennodejs/ros/file_uploader_msgs/msg/UploadFilesActionFeedback.js
-- Up-to-date: /home/ubuntu/environment/aws-robomaker-testcase-framework/simulation_ws/install/file_uploader_msgs/share/gennodejs/ros/file_uploader_msgs/msg/_index.js
-- Up-to-date: /home/ubuntu/environment/aws-robomaker-testcase-framework/simulation_ws/install/file_uploader_msgs/share/gennodejs/ros/file_uploader_msgs/msg/UploadFilesResult.js
-- Up-to-date: /home/ubuntu/environment/aws-robomaker-testcase-framework/simulation_ws/install/file_uploader_msgs/share/gennodejs/ros/file_uploader_msgs/msg/UploadFilesGoal.js
-- Up-to-date: /home/ubuntu/environment/aws-robomaker-testcase-framework/simulation_ws/install/file_uploader_msgs/share/gennodejs/ros/file_uploader_msgs/msg/S3Result.js
-- Up-to-date: /home/ubuntu/environment/aws-robomaker-testcase-framework/simulation_ws/install/file_uploader_msgs/share/gennodejs/ros/file_uploader_msgs/msg/UploadFilesActionGoal.js
-- Up-to-date: /home/ubuntu/environment/aws-robomaker-testcase-framework/simulation_ws/install/file_uploader_msgs/share/gennodejs/ros/file_uploader_msgs/msg/UploadFilesFeedback.js
Listing /home/ubuntu/environment/aws-robomaker-testcase-framework/simulation_ws/build/file_uploader_msgs/devel/lib/python2.7/dist-packages/file_uploader_msgs ...
Listing /home/ubuntu/environment/aws-robomaker-testcase-framework/simulation_ws/build/file_uploader_msgs/devel/lib/python2.7/dist-packages/file_uploader_msgs/msg ...
-- Up-to-date: /home/ubuntu/environment/aws-robomaker-testcase-framework/simulation_ws/install/file_uploader_msgs/lib/python2.7/dist-packages/file_uploader_msgs
-- Up-to-date: /home/ubuntu/environment/aws-robomaker-testcase-framework/simulation_ws/install/file_uploader_msgs/lib/python2.7/dist-packages/file_uploader_msgs/__init__.pyc
-- Up-to-date: /home/ubuntu/environment/aws-robomaker-testcase-framework/simulation_ws/install/file_uploader_msgs/lib/python2.7/dist-packages/file_uploader_msgs/msg
-- Up-to-date: /home/ubuntu/environment/aws-robomaker-testcase-framework/simulation_ws/install/file_uploader_msgs/lib/python2.7/dist-packages/file_uploader_msgs/msg/_UploadFilesGoal.py
-- Up-to-date: /home/ubuntu/environment/aws-robomaker-testcase-framework/simulation_ws/install/file_uploader_msgs/lib/python2.7/dist-packages/file_uploader_msgs/msg/_UploadFilesAction.py
-- Up-to-date: /home/ubuntu/environment/aws-robomaker-testcase-framework/simulation_ws/install/file_uploader_msgs/lib/python2.7/dist-packages/file_uploader_msgs/msg/_S3Result.py
-- Up-to-date: /home/ubuntu/environment/aws-robomaker-testcase-framework/simulation_ws/install/file_uploader_msgs/lib/python2.7/dist-packages/file_uploader_msgs/msg/_UploadFilesActionFeedback.pyc
-- Up-to-date: /home/ubuntu/environment/aws-robomaker-testcase-framework/simulation_ws/install/file_uploader_msgs/lib/python2.7/dist-packages/file_uploader_msgs/msg/_UploadFilesActionResult.py
-- Up-to-date: /home/ubuntu/environment/aws-robomaker-testcase-framework/simulation_ws/install/file_uploader_msgs/lib/python2.7/dist-packages/file_uploader_msgs/msg/__init__.pyc
-- Up-to-date: /home/ubuntu/environment/aws-robomaker-testcase-framework/simulation_ws/install/file_uploader_msgs/lib/python2.7/dist-packages/file_uploader_msgs/msg/_UploadFilesFeedback.pyc
-- Up-to-date: /home/ubuntu/environment/aws-robomaker-testcase-framework/simulation_ws/install/file_uploader_msgs/lib/python2.7/dist-packages/file_uploader_msgs/msg/_UploadFilesResult.pyc
-- Up-to-date: /home/ubuntu/environment/aws-robomaker-testcase-framework/simulation_ws/install/file_uploader_msgs/lib/python2.7/dist-packages/file_uploader_msgs/msg/_UploadFilesFeedback.py
-- Up-to-date: /home/ubuntu/environment/aws-robomaker-testcase-framework/simulation_ws/install/file_uploader_msgs/lib/python2.7/dist-packages/file_uploader_msgs/msg/_UploadFilesActionGoal.py
-- Up-to-date: /home/ubuntu/environment/aws-robomaker-testcase-framework/simulation_ws/install/file_uploader_msgs/lib/python2.7/dist-packages/file_uploader_msgs/msg/_UploadFilesActionFeedback.py
-- Up-to-date: /home/ubuntu/environment/aws-robomaker-testcase-framework/simulation_ws/install/file_uploader_msgs/lib/python2.7/dist-packages/file_uploader_msgs/msg/_UploadFilesResult.py
-- Up-to-date: /home/ubuntu/environment/aws-robomaker-testcase-framework/simulation_ws/install/file_uploader_msgs/lib/python2.7/dist-packages/file_uploader_msgs/msg/_UploadFilesActionGoal.pyc
-- Up-to-date: /home/ubuntu/environment/aws-robomaker-testcase-framework/simulation_ws/install/file_uploader_msgs/lib/python2.7/dist-packages/file_uploader_msgs/msg/_UploadFilesActionResult.pyc
-- Up-to-date: /home/ubuntu/environment/aws-robomaker-testcase-framework/simulation_ws/install/file_uploader_msgs/lib/python2.7/dist-packages/file_uploader_msgs/msg/_S3Result.pyc
-- Up-to-date: /home/ubuntu/environment/aws-robomaker-testcase-framework/simulation_ws/install/file_uploader_msgs/lib/python2.7/dist-packages/file_uploader_msgs/msg/_UploadFilesGoal.pyc
-- Up-to-date: /home/ubuntu/environment/aws-robomaker-testcase-framework/simulation_ws/install/file_uploader_msgs/lib/python2.7/dist-packages/file_uploader_msgs/msg/_UploadFilesAction.pyc
-- Up-to-date: /home/ubuntu/environment/aws-robomaker-testcase-framework/simulation_ws/install/file_uploader_msgs/lib/python2.7/dist-packages/file_uploader_msgs/msg/__init__.py
-- Up-to-date: /home/ubuntu/environment/aws-robomaker-testcase-framework/simulation_ws/install/file_uploader_msgs/lib/python2.7/dist-packages/file_uploader_msgs/__init__.py
-- Up-to-date: /home/ubuntu/environment/aws-robomaker-testcase-framework/simulation_ws/install/file_uploader_msgs/lib/pkgconfig/file_uploader_msgs.pc
-- Up-to-date: /home/ubuntu/environment/aws-robomaker-testcase-framework/simulation_ws/install/file_uploader_msgs/share/file_uploader_msgs/cmake/file_uploader_msgs-msg-extras.cmake
-- Up-to-date: /home/ubuntu/environment/aws-robomaker-testcase-framework/simulation_ws/install/file_uploader_msgs/share/file_uploader_msgs/cmake/file_uploader_msgsConfig.cmake
-- Up-to-date: /home/ubuntu/environment/aws-robomaker-testcase-framework/simulation_ws/install/file_uploader_msgs/share/file_uploader_msgs/cmake/file_uploader_msgsConfig-version.cmake
-- Up-to-date: /home/ubuntu/environment/aws-robomaker-testcase-framework/simulation_ws/install/file_uploader_msgs/share/file_uploader_msgs/package.xml
