[0.043s] Invoking command in '/home/ubuntu/environment/aws-robomaker-testcase-framework/simulation_ws/build/file_uploader_msgs': /usr/bin/cmake --build /home/ubuntu/environment/aws-robomaker-testcase-framework/simulation_ws/build/file_uploader_msgs -- -j2 -l2
[0.224s] [  0%] Built target _file_uploader_msgs_generate_messages_check_deps_UploadFilesActionResult
[0.240s] [  0%] Built target _file_uploader_msgs_generate_messages_check_deps_UploadFilesResult
[0.351s] [  0%] Built target _file_uploader_msgs_generate_messages_check_deps_UploadFilesActionFeedback
[0.385s] [  0%] Built target actionlib_msgs_generate_messages_nodejs
[0.386s] [  0%] Built target _file_uploader_msgs_generate_messages_check_deps_UploadFilesActionGoal
[0.541s] [  0%] Built target _file_uploader_msgs_generate_messages_check_deps_UploadFilesAction
[0.549s] [  0%] Built target _file_uploader_msgs_generate_messages_check_deps_UploadFilesGoal
[0.677s] [  0%] Built target _file_uploader_msgs_generate_messages_check_deps_S3Result
[0.704s] [  0%] Built target _file_uploader_msgs_generate_messages_check_deps_UploadFilesFeedback
[0.734s] [  0%] Built target actionlib_msgs_generate_messages_cpp
[0.761s] [  0%] Built target actionlib_msgs_generate_messages_eus
[0.804s] [  0%] Built target actionlib_msgs_generate_messages_lisp
[0.822s] [  0%] Built target actionlib_msgs_generate_messages_py
[0.857s] [ 19%] Built target file_uploader_msgs_generate_messages_cpp
[0.865s] [ 38%] Built target file_uploader_msgs_generate_messages_nodejs
[0.898s] [ 59%] Built target file_uploader_msgs_generate_messages_eus
[0.917s] [ 78%] Built target file_uploader_msgs_generate_messages_lisp
[0.944s] [100%] Built target file_uploader_msgs_generate_messages_py
[0.976s] [100%] Built target file_uploader_msgs_generate_messages
[0.996s] Invoked command in '/home/ubuntu/environment/aws-robomaker-testcase-framework/simulation_ws/build/file_uploader_msgs' returned '0': /usr/bin/cmake --build /home/ubuntu/environment/aws-robomaker-testcase-framework/simulation_ws/build/file_uploader_msgs -- -j2 -l2
[1.075s] Invoking command in '/home/ubuntu/environment/aws-robomaker-testcase-framework/simulation_ws/build/file_uploader_msgs': /usr/bin/cmake --build /home/ubuntu/environment/aws-robomaker-testcase-framework/simulation_ws/build/file_uploader_msgs --target tests -- -j2 -l2
[1.181s] Built target tests
[1.213s] Invoked command in '/home/ubuntu/environment/aws-robomaker-testcase-framework/simulation_ws/build/file_uploader_msgs' returned '0': /usr/bin/cmake --build /home/ubuntu/environment/aws-robomaker-testcase-framework/simulation_ws/build/file_uploader_msgs --target tests -- -j2 -l2
[1.347s] Invoking command in '/home/ubuntu/environment/aws-robomaker-testcase-framework/simulation_ws/build/file_uploader_msgs': /usr/bin/cmake --build /home/ubuntu/environment/aws-robomaker-testcase-framework/simulation_ws/build/file_uploader_msgs --target install -- -j2 -l2
[1.560s] [  0%] Built target _file_uploader_msgs_generate_messages_check_deps_UploadFilesResult
[1.571s] [  0%] Built target _file_uploader_msgs_generate_messages_check_deps_UploadFilesActionResult
[1.690s] [  0%] Built target _file_uploader_msgs_generate_messages_check_deps_UploadFilesActionGoal
[1.719s] [  0%] Built target _file_uploader_msgs_generate_messages_check_deps_UploadFilesActionFeedback
[1.758s] [  0%] Built target actionlib_msgs_generate_messages_nodejs
[1.862s] [  0%] Built target _file_uploader_msgs_generate_messages_check_deps_UploadFilesGoal
[1.892s] [  0%] Built target _file_uploader_msgs_generate_messages_check_deps_UploadFilesAction
[1.973s] [  0%] Built target _file_uploader_msgs_generate_messages_check_deps_S3Result
[2.015s] [  0%] Built target _file_uploader_msgs_generate_messages_check_deps_UploadFilesFeedback
[2.056s] [  0%] Built target actionlib_msgs_generate_messages_cpp
[2.079s] [  0%] Built target actionlib_msgs_generate_messages_eus
[2.105s] [  0%] Built target actionlib_msgs_generate_messages_py
[2.146s] [  0%] Built target actionlib_msgs_generate_messages_lisp
[2.155s] [ 19%] Built target file_uploader_msgs_generate_messages_nodejs
[2.194s] [ 40%] Built target file_uploader_msgs_generate_messages_eus
[2.203s] [ 59%] Built target file_uploader_msgs_generate_messages_cpp
[2.230s] [ 78%] Built target file_uploader_msgs_generate_messages_lisp
[2.261s] [100%] Built target file_uploader_msgs_generate_messages_py
[2.289s] [100%] Built target file_uploader_msgs_generate_messages
[2.322s] [36mInstall the project...[0m
[2.336s] -- Install configuration: ""
[2.336s] -- Up-to-date: /home/ubuntu/environment/aws-robomaker-testcase-framework/simulation_ws/install/file_uploader_msgs/share/file_uploader_msgs/action/UploadFiles.action
[2.336s] -- Up-to-date: /home/ubuntu/environment/aws-robomaker-testcase-framework/simulation_ws/install/file_uploader_msgs/share/file_uploader_msgs/msg/UploadFilesAction.msg
[2.337s] -- Up-to-date: /home/ubuntu/environment/aws-robomaker-testcase-framework/simulation_ws/install/file_uploader_msgs/share/file_uploader_msgs/msg/UploadFilesActionGoal.msg
[2.337s] -- Up-to-date: /home/ubuntu/environment/aws-robomaker-testcase-framework/simulation_ws/install/file_uploader_msgs/share/file_uploader_msgs/msg/UploadFilesActionResult.msg
[2.337s] -- Up-to-date: /home/ubuntu/environment/aws-robomaker-testcase-framework/simulation_ws/install/file_uploader_msgs/share/file_uploader_msgs/msg/UploadFilesActionFeedback.msg
[2.337s] -- Up-to-date: /home/ubuntu/environment/aws-robomaker-testcase-framework/simulation_ws/install/file_uploader_msgs/share/file_uploader_msgs/msg/UploadFilesGoal.msg
[2.338s] -- Up-to-date: /home/ubuntu/environment/aws-robomaker-testcase-framework/simulation_ws/install/file_uploader_msgs/share/file_uploader_msgs/msg/UploadFilesResult.msg
[2.338s] -- Up-to-date: /home/ubuntu/environment/aws-robomaker-testcase-framework/simulation_ws/install/file_uploader_msgs/share/file_uploader_msgs/msg/UploadFilesFeedback.msg
[2.338s] -- Up-to-date: /home/ubuntu/environment/aws-robomaker-testcase-framework/simulation_ws/install/file_uploader_msgs/share/file_uploader_msgs/msg/S3Result.msg
[2.338s] -- Up-to-date: /home/ubuntu/environment/aws-robomaker-testcase-framework/simulation_ws/install/file_uploader_msgs/share/file_uploader_msgs/cmake/file_uploader_msgs-msg-paths.cmake
[2.338s] -- Up-to-date: /home/ubuntu/environment/aws-robomaker-testcase-framework/simulation_ws/install/file_uploader_msgs/include/file_uploader_msgs
[2.339s] -- Up-to-date: /home/ubuntu/environment/aws-robomaker-testcase-framework/simulation_ws/install/file_uploader_msgs/include/file_uploader_msgs/UploadFilesActionGoal.h
[2.339s] -- Up-to-date: /home/ubuntu/environment/aws-robomaker-testcase-framework/simulation_ws/install/file_uploader_msgs/include/file_uploader_msgs/UploadFilesGoal.h
[2.339s] -- Up-to-date: /home/ubuntu/environment/aws-robomaker-testcase-framework/simulation_ws/install/file_uploader_msgs/include/file_uploader_msgs/S3Result.h
[2.339s] -- Up-to-date: /home/ubuntu/environment/aws-robomaker-testcase-framework/simulation_ws/install/file_uploader_msgs/include/file_uploader_msgs/UploadFilesActionResult.h
[2.339s] -- Up-to-date: /home/ubuntu/environment/aws-robomaker-testcase-framework/simulation_ws/install/file_uploader_msgs/include/file_uploader_msgs/UploadFilesResult.h
[2.339s] -- Up-to-date: /home/ubuntu/environment/aws-robomaker-testcase-framework/simulation_ws/install/file_uploader_msgs/include/file_uploader_msgs/UploadFilesActionFeedback.h
[2.339s] -- Up-to-date: /home/ubuntu/environment/aws-robomaker-testcase-framework/simulation_ws/install/file_uploader_msgs/include/file_uploader_msgs/UploadFilesFeedback.h
[2.339s] -- Up-to-date: /home/ubuntu/environment/aws-robomaker-testcase-framework/simulation_ws/install/file_uploader_msgs/include/file_uploader_msgs/UploadFilesAction.h
[2.339s] -- Up-to-date: /home/ubuntu/environment/aws-robomaker-testcase-framework/simulation_ws/install/file_uploader_msgs/share/roseus/ros/file_uploader_msgs
[2.339s] -- Up-to-date: /home/ubuntu/environment/aws-robomaker-testcase-framework/simulation_ws/install/file_uploader_msgs/share/roseus/ros/file_uploader_msgs/manifest.l
[2.340s] -- Up-to-date: /home/ubuntu/environment/aws-robomaker-testcase-framework/simulation_ws/install/file_uploader_msgs/share/roseus/ros/file_uploader_msgs/msg
[2.340s] -- Up-to-date: /home/ubuntu/environment/aws-robomaker-testcase-framework/simulation_ws/install/file_uploader_msgs/share/roseus/ros/file_uploader_msgs/msg/UploadFilesResult.l
[2.340s] -- Up-to-date: /home/ubuntu/environment/aws-robomaker-testcase-framework/simulation_ws/install/file_uploader_msgs/share/roseus/ros/file_uploader_msgs/msg/UploadFilesActionGoal.l
[2.340s] -- Up-to-date: /home/ubuntu/environment/aws-robomaker-testcase-framework/simulation_ws/install/file_uploader_msgs/share/roseus/ros/file_uploader_msgs/msg/UploadFilesActionFeedback.l
[2.340s] -- Up-to-date: /home/ubuntu/environment/aws-robomaker-testcase-framework/simulation_ws/install/file_uploader_msgs/share/roseus/ros/file_uploader_msgs/msg/UploadFilesGoal.l
[2.340s] -- Up-to-date: /home/ubuntu/environment/aws-robomaker-testcase-framework/simulation_ws/install/file_uploader_msgs/share/roseus/ros/file_uploader_msgs/msg/S3Result.l
[2.340s] -- Up-to-date: /home/ubuntu/environment/aws-robomaker-testcase-framework/simulation_ws/install/file_uploader_msgs/share/roseus/ros/file_uploader_msgs/msg/UploadFilesAction.l
[2.340s] -- Up-to-date: /home/ubuntu/environment/aws-robomaker-testcase-framework/simulation_ws/install/file_uploader_msgs/share/roseus/ros/file_uploader_msgs/msg/UploadFilesFeedback.l
[2.340s] -- Up-to-date: /home/ubuntu/environment/aws-robomaker-testcase-framework/simulation_ws/install/file_uploader_msgs/share/roseus/ros/file_uploader_msgs/msg/UploadFilesActionResult.l
[2.341s] -- Up-to-date: /home/ubuntu/environment/aws-robomaker-testcase-framework/simulation_ws/install/file_uploader_msgs/share/common-lisp/ros/file_uploader_msgs
[2.341s] -- Up-to-date: /home/ubuntu/environment/aws-robomaker-testcase-framework/simulation_ws/install/file_uploader_msgs/share/common-lisp/ros/file_uploader_msgs/msg
[2.341s] -- Up-to-date: /home/ubuntu/environment/aws-robomaker-testcase-framework/simulation_ws/install/file_uploader_msgs/share/common-lisp/ros/file_uploader_msgs/msg/_package_UploadFilesGoal.lisp
[2.341s] -- Up-to-date: /home/ubuntu/environment/aws-robomaker-testcase-framework/simulation_ws/install/file_uploader_msgs/share/common-lisp/ros/file_uploader_msgs/msg/_package_UploadFilesResult.lisp
[2.341s] -- Up-to-date: /home/ubuntu/environment/aws-robomaker-testcase-framework/simulation_ws/install/file_uploader_msgs/share/common-lisp/ros/file_uploader_msgs/msg/_package.lisp
[2.341s] -- Up-to-date: /home/ubuntu/environment/aws-robomaker-testcase-framework/simulation_ws/install/file_uploader_msgs/share/common-lisp/ros/file_uploader_msgs/msg/UploadFilesActionResult.lisp
[2.341s] -- Up-to-date: /home/ubuntu/environment/aws-robomaker-testcase-framework/simulation_ws/install/file_uploader_msgs/share/common-lisp/ros/file_uploader_msgs/msg/UploadFilesGoal.lisp
[2.341s] -- Up-to-date: /home/ubuntu/environment/aws-robomaker-testcase-framework/simulation_ws/install/file_uploader_msgs/share/common-lisp/ros/file_uploader_msgs/msg/UploadFilesActionFeedback.lisp
[2.341s] -- Up-to-date: /home/ubuntu/environment/aws-robomaker-testcase-framework/simulation_ws/install/file_uploader_msgs/share/common-lisp/ros/file_uploader_msgs/msg/_package_UploadFilesFeedback.lisp
[2.342s] -- Up-to-date: /home/ubuntu/environment/aws-robomaker-testcase-framework/simulation_ws/install/file_uploader_msgs/share/common-lisp/ros/file_uploader_msgs/msg/UploadFilesAction.lisp
[2.342s] -- Up-to-date: /home/ubuntu/environment/aws-robomaker-testcase-framework/simulation_ws/install/file_uploader_msgs/share/common-lisp/ros/file_uploader_msgs/msg/UploadFilesFeedback.lisp
[2.342s] -- Up-to-date: /home/ubuntu/environment/aws-robomaker-testcase-framework/simulation_ws/install/file_uploader_msgs/share/common-lisp/ros/file_uploader_msgs/msg/_package_S3Result.lisp
[2.342s] -- Up-to-date: /home/ubuntu/environment/aws-robomaker-testcase-framework/simulation_ws/install/file_uploader_msgs/share/common-lisp/ros/file_uploader_msgs/msg/_package_UploadFilesActionResult.lisp
[2.342s] -- Up-to-date: /home/ubuntu/environment/aws-robomaker-testcase-framework/simulation_ws/install/file_uploader_msgs/share/common-lisp/ros/file_uploader_msgs/msg/_package_UploadFilesActionFeedback.lisp
[2.342s] -- Up-to-date: /home/ubuntu/environment/aws-robomaker-testcase-framework/simulation_ws/install/file_uploader_msgs/share/common-lisp/ros/file_uploader_msgs/msg/_package_UploadFilesAction.lisp
[2.342s] -- Up-to-date: /home/ubuntu/environment/aws-robomaker-testcase-framework/simulation_ws/install/file_uploader_msgs/share/common-lisp/ros/file_uploader_msgs/msg/UploadFilesResult.lisp
[2.342s] -- Up-to-date: /home/ubuntu/environment/aws-robomaker-testcase-framework/simulation_ws/install/file_uploader_msgs/share/common-lisp/ros/file_uploader_msgs/msg/S3Result.lisp
[2.343s] -- Up-to-date: /home/ubuntu/environment/aws-robomaker-testcase-framework/simulation_ws/install/file_uploader_msgs/share/common-lisp/ros/file_uploader_msgs/msg/file_uploader_msgs-msg.asd
[2.343s] -- Up-to-date: /home/ubuntu/environment/aws-robomaker-testcase-framework/simulation_ws/install/file_uploader_msgs/share/common-lisp/ros/file_uploader_msgs/msg/_package_UploadFilesActionGoal.lisp
[2.343s] -- Up-to-date: /home/ubuntu/environment/aws-robomaker-testcase-framework/simulation_ws/install/file_uploader_msgs/share/common-lisp/ros/file_uploader_msgs/msg/UploadFilesActionGoal.lisp
[2.343s] -- Up-to-date: /home/ubuntu/environment/aws-robomaker-testcase-framework/simulation_ws/install/file_uploader_msgs/share/gennodejs/ros/file_uploader_msgs
[2.343s] -- Up-to-date: /home/ubuntu/environment/aws-robomaker-testcase-framework/simulation_ws/install/file_uploader_msgs/share/gennodejs/ros/file_uploader_msgs/_index.js
[2.343s] -- Up-to-date: /home/ubuntu/environment/aws-robomaker-testcase-framework/simulation_ws/install/file_uploader_msgs/share/gennodejs/ros/file_uploader_msgs/msg
[2.343s] -- Up-to-date: /home/ubuntu/environment/aws-robomaker-testcase-framework/simulation_ws/install/file_uploader_msgs/share/gennodejs/ros/file_uploader_msgs/msg/UploadFilesActionResult.js
[2.343s] -- Up-to-date: /home/ubuntu/environment/aws-robomaker-testcase-framework/simulation_ws/install/file_uploader_msgs/share/gennodejs/ros/file_uploader_msgs/msg/UploadFilesAction.js
[2.343s] -- Up-to-date: /home/ubuntu/environment/aws-robomaker-testcase-framework/simulation_ws/install/file_uploader_msgs/share/gennodejs/ros/file_uploader_msgs/msg/UploadFilesActionFeedback.js
[2.344s] -- Up-to-date: /home/ubuntu/environment/aws-robomaker-testcase-framework/simulation_ws/install/file_uploader_msgs/share/gennodejs/ros/file_uploader_msgs/msg/_index.js
[2.344s] -- Up-to-date: /home/ubuntu/environment/aws-robomaker-testcase-framework/simulation_ws/install/file_uploader_msgs/share/gennodejs/ros/file_uploader_msgs/msg/UploadFilesResult.js
[2.344s] -- Up-to-date: /home/ubuntu/environment/aws-robomaker-testcase-framework/simulation_ws/install/file_uploader_msgs/share/gennodejs/ros/file_uploader_msgs/msg/UploadFilesGoal.js
[2.344s] -- Up-to-date: /home/ubuntu/environment/aws-robomaker-testcase-framework/simulation_ws/install/file_uploader_msgs/share/gennodejs/ros/file_uploader_msgs/msg/S3Result.js
[2.344s] -- Up-to-date: /home/ubuntu/environment/aws-robomaker-testcase-framework/simulation_ws/install/file_uploader_msgs/share/gennodejs/ros/file_uploader_msgs/msg/UploadFilesActionGoal.js
[2.344s] -- Up-to-date: /home/ubuntu/environment/aws-robomaker-testcase-framework/simulation_ws/install/file_uploader_msgs/share/gennodejs/ros/file_uploader_msgs/msg/UploadFilesFeedback.js
[2.359s] Listing /home/ubuntu/environment/aws-robomaker-testcase-framework/simulation_ws/build/file_uploader_msgs/devel/lib/python2.7/dist-packages/file_uploader_msgs ...
[2.359s] Listing /home/ubuntu/environment/aws-robomaker-testcase-framework/simulation_ws/build/file_uploader_msgs/devel/lib/python2.7/dist-packages/file_uploader_msgs/msg ...
[2.361s] -- Up-to-date: /home/ubuntu/environment/aws-robomaker-testcase-framework/simulation_ws/install/file_uploader_msgs/lib/python2.7/dist-packages/file_uploader_msgs
[2.361s] -- Up-to-date: /home/ubuntu/environment/aws-robomaker-testcase-framework/simulation_ws/install/file_uploader_msgs/lib/python2.7/dist-packages/file_uploader_msgs/__init__.pyc
[2.361s] -- Up-to-date: /home/ubuntu/environment/aws-robomaker-testcase-framework/simulation_ws/install/file_uploader_msgs/lib/python2.7/dist-packages/file_uploader_msgs/msg
[2.362s] -- Up-to-date: /home/ubuntu/environment/aws-robomaker-testcase-framework/simulation_ws/install/file_uploader_msgs/lib/python2.7/dist-packages/file_uploader_msgs/msg/_UploadFilesGoal.py
[2.362s] -- Up-to-date: /home/ubuntu/environment/aws-robomaker-testcase-framework/simulation_ws/install/file_uploader_msgs/lib/python2.7/dist-packages/file_uploader_msgs/msg/_UploadFilesAction.py
[2.362s] -- Up-to-date: /home/ubuntu/environment/aws-robomaker-testcase-framework/simulation_ws/install/file_uploader_msgs/lib/python2.7/dist-packages/file_uploader_msgs/msg/_S3Result.py
[2.362s] -- Up-to-date: /home/ubuntu/environment/aws-robomaker-testcase-framework/simulation_ws/install/file_uploader_msgs/lib/python2.7/dist-packages/file_uploader_msgs/msg/_UploadFilesActionFeedback.pyc
[2.362s] -- Up-to-date: /home/ubuntu/environment/aws-robomaker-testcase-framework/simulation_ws/install/file_uploader_msgs/lib/python2.7/dist-packages/file_uploader_msgs/msg/_UploadFilesActionResult.py
[2.362s] -- Up-to-date: /home/ubuntu/environment/aws-robomaker-testcase-framework/simulation_ws/install/file_uploader_msgs/lib/python2.7/dist-packages/file_uploader_msgs/msg/__init__.pyc
[2.362s] -- Up-to-date: /home/ubuntu/environment/aws-robomaker-testcase-framework/simulation_ws/install/file_uploader_msgs/lib/python2.7/dist-packages/file_uploader_msgs/msg/_UploadFilesFeedback.pyc
[2.363s] -- Up-to-date: /home/ubuntu/environment/aws-robomaker-testcase-framework/simulation_ws/install/file_uploader_msgs/lib/python2.7/dist-packages/file_uploader_msgs/msg/_UploadFilesResult.pyc
[2.363s] -- Up-to-date: /home/ubuntu/environment/aws-robomaker-testcase-framework/simulation_ws/install/file_uploader_msgs/lib/python2.7/dist-packages/file_uploader_msgs/msg/_UploadFilesFeedback.py
[2.363s] -- Up-to-date: /home/ubuntu/environment/aws-robomaker-testcase-framework/simulation_ws/install/file_uploader_msgs/lib/python2.7/dist-packages/file_uploader_msgs/msg/_UploadFilesActionGoal.py
[2.363s] -- Up-to-date: /home/ubuntu/environment/aws-robomaker-testcase-framework/simulation_ws/install/file_uploader_msgs/lib/python2.7/dist-packages/file_uploader_msgs/msg/_UploadFilesActionFeedback.py
[2.363s] -- Up-to-date: /home/ubuntu/environment/aws-robomaker-testcase-framework/simulation_ws/install/file_uploader_msgs/lib/python2.7/dist-packages/file_uploader_msgs/msg/_UploadFilesResult.py
[2.363s] -- Up-to-date: /home/ubuntu/environment/aws-robomaker-testcase-framework/simulation_ws/install/file_uploader_msgs/lib/python2.7/dist-packages/file_uploader_msgs/msg/_UploadFilesActionGoal.pyc
[2.363s] -- Up-to-date: /home/ubuntu/environment/aws-robomaker-testcase-framework/simulation_ws/install/file_uploader_msgs/lib/python2.7/dist-packages/file_uploader_msgs/msg/_UploadFilesActionResult.pyc
[2.363s] -- Up-to-date: /home/ubuntu/environment/aws-robomaker-testcase-framework/simulation_ws/install/file_uploader_msgs/lib/python2.7/dist-packages/file_uploader_msgs/msg/_S3Result.pyc
[2.363s] -- Up-to-date: /home/ubuntu/environment/aws-robomaker-testcase-framework/simulation_ws/install/file_uploader_msgs/lib/python2.7/dist-packages/file_uploader_msgs/msg/_UploadFilesGoal.pyc
[2.364s] -- Up-to-date: /home/ubuntu/environment/aws-robomaker-testcase-framework/simulation_ws/install/file_uploader_msgs/lib/python2.7/dist-packages/file_uploader_msgs/msg/_UploadFilesAction.pyc
[2.364s] -- Up-to-date: /home/ubuntu/environment/aws-robomaker-testcase-framework/simulation_ws/install/file_uploader_msgs/lib/python2.7/dist-packages/file_uploader_msgs/msg/__init__.py
[2.364s] -- Up-to-date: /home/ubuntu/environment/aws-robomaker-testcase-framework/simulation_ws/install/file_uploader_msgs/lib/python2.7/dist-packages/file_uploader_msgs/__init__.py
[2.364s] -- Up-to-date: /home/ubuntu/environment/aws-robomaker-testcase-framework/simulation_ws/install/file_uploader_msgs/lib/pkgconfig/file_uploader_msgs.pc
[2.364s] -- Up-to-date: /home/ubuntu/environment/aws-robomaker-testcase-framework/simulation_ws/install/file_uploader_msgs/share/file_uploader_msgs/cmake/file_uploader_msgs-msg-extras.cmake
[2.364s] -- Up-to-date: /home/ubuntu/environment/aws-robomaker-testcase-framework/simulation_ws/install/file_uploader_msgs/share/file_uploader_msgs/cmake/file_uploader_msgsConfig.cmake
[2.364s] -- Up-to-date: /home/ubuntu/environment/aws-robomaker-testcase-framework/simulation_ws/install/file_uploader_msgs/share/file_uploader_msgs/cmake/file_uploader_msgsConfig-version.cmake
[2.364s] -- Up-to-date: /home/ubuntu/environment/aws-robomaker-testcase-framework/simulation_ws/install/file_uploader_msgs/share/file_uploader_msgs/package.xml
[2.380s] Invoked command in '/home/ubuntu/environment/aws-robomaker-testcase-framework/simulation_ws/build/file_uploader_msgs' returned '0': /usr/bin/cmake --build /home/ubuntu/environment/aws-robomaker-testcase-framework/simulation_ws/build/file_uploader_msgs --target install -- -j2 -l2
