[0.036s] Invoking command in '/home/ubuntu/environment/aws-robomaker-testcase-framework/simulation_ws/build/robomaker_simulation_msgs': /usr/bin/cmake --build /home/ubuntu/environment/aws-robomaker-testcase-framework/simulation_ws/build/robomaker_simulation_msgs -- -j2 -l2
[0.220s] [  0%] Built target _robomaker_simulation_msgs_generate_messages_check_deps_AddTags
[0.253s] [  0%] Built target _robomaker_simulation_msgs_generate_messages_check_deps_RemoveTags
[0.356s] [  0%] Built target _robomaker_simulation_msgs_generate_messages_check_deps_Tag
[0.415s] [  0%] Built target _robomaker_simulation_msgs_generate_messages_check_deps_Cancel
[0.418s] [  0%] Built target std_msgs_generate_messages_eus
[0.523s] [  0%] Built target std_msgs_generate_messages_nodejs
[0.580s] [  0%] Built target _robomaker_simulation_msgs_generate_messages_check_deps_ListTags
[0.596s] [  0%] Built target std_msgs_generate_messages_lisp
[0.635s] [  0%] Built target std_msgs_generate_messages_py
[0.671s] [  0%] Built target std_msgs_generate_messages_cpp
[0.688s] [ 21%] Built target robomaker_simulation_msgs_generate_messages_eus
[0.743s] [ 39%] Built target robomaker_simulation_msgs_generate_messages_nodejs
[0.759s] [ 57%] Built target robomaker_simulation_msgs_generate_messages_lisp
[0.812s] [ 75%] Built target robomaker_simulation_msgs_generate_messages_cpp
[0.817s] [100%] Built target robomaker_simulation_msgs_generate_messages_py
[0.870s] [100%] Built target robomaker_simulation_msgs_generate_messages
[0.889s] Invoked command in '/home/ubuntu/environment/aws-robomaker-testcase-framework/simulation_ws/build/robomaker_simulation_msgs' returned '0': /usr/bin/cmake --build /home/ubuntu/environment/aws-robomaker-testcase-framework/simulation_ws/build/robomaker_simulation_msgs -- -j2 -l2
[0.965s] Invoking command in '/home/ubuntu/environment/aws-robomaker-testcase-framework/simulation_ws/build/robomaker_simulation_msgs': /usr/bin/cmake --build /home/ubuntu/environment/aws-robomaker-testcase-framework/simulation_ws/build/robomaker_simulation_msgs --target tests -- -j2 -l2
[1.070s] Built target tests
[1.089s] Invoked command in '/home/ubuntu/environment/aws-robomaker-testcase-framework/simulation_ws/build/robomaker_simulation_msgs' returned '0': /usr/bin/cmake --build /home/ubuntu/environment/aws-robomaker-testcase-framework/simulation_ws/build/robomaker_simulation_msgs --target tests -- -j2 -l2
[1.170s] Invoking command in '/home/ubuntu/environment/aws-robomaker-testcase-framework/simulation_ws/build/robomaker_simulation_msgs': /usr/bin/cmake --build /home/ubuntu/environment/aws-robomaker-testcase-framework/simulation_ws/build/robomaker_simulation_msgs --target install -- -j2 -l2
[1.330s] [  0%] Built target _robomaker_simulation_msgs_generate_messages_check_deps_AddTags
[1.330s] [  0%] Built target _robomaker_simulation_msgs_generate_messages_check_deps_RemoveTags
[1.430s] [  0%] Built target _robomaker_simulation_msgs_generate_messages_check_deps_Tag
[1.458s] [  0%] Built target _robomaker_simulation_msgs_generate_messages_check_deps_Cancel
[1.488s] [  0%] Built target std_msgs_generate_messages_eus
[1.539s] [  0%] Built target std_msgs_generate_messages_nodejs
[1.576s] [  0%] Built target std_msgs_generate_messages_lisp
[1.624s] [  0%] Built target _robomaker_simulation_msgs_generate_messages_check_deps_ListTags
[1.649s] [  0%] Built target std_msgs_generate_messages_py
[1.704s] [  0%] Built target std_msgs_generate_messages_cpp
[1.712s] [ 21%] Built target robomaker_simulation_msgs_generate_messages_eus
[1.760s] [ 39%] Built target robomaker_simulation_msgs_generate_messages_nodejs
[1.774s] [ 57%] Built target robomaker_simulation_msgs_generate_messages_lisp
[1.846s] [ 82%] Built target robomaker_simulation_msgs_generate_messages_py
[1.853s] [100%] Built target robomaker_simulation_msgs_generate_messages_cpp
[1.908s] [100%] Built target robomaker_simulation_msgs_generate_messages
[1.967s] [36mInstall the project...[0m
[1.998s] -- Install configuration: ""
[2.001s] -- Up-to-date: /home/ubuntu/environment/aws-robomaker-testcase-framework/simulation_ws/install/robomaker_simulation_msgs/share/robomaker_simulation_msgs/msg/Tag.msg
[2.002s] -- Up-to-date: /home/ubuntu/environment/aws-robomaker-testcase-framework/simulation_ws/install/robomaker_simulation_msgs/share/robomaker_simulation_msgs/srv/Cancel.srv
[2.002s] -- Up-to-date: /home/ubuntu/environment/aws-robomaker-testcase-framework/simulation_ws/install/robomaker_simulation_msgs/share/robomaker_simulation_msgs/srv/ListTags.srv
[2.002s] -- Up-to-date: /home/ubuntu/environment/aws-robomaker-testcase-framework/simulation_ws/install/robomaker_simulation_msgs/share/robomaker_simulation_msgs/srv/AddTags.srv
[2.002s] -- Up-to-date: /home/ubuntu/environment/aws-robomaker-testcase-framework/simulation_ws/install/robomaker_simulation_msgs/share/robomaker_simulation_msgs/srv/RemoveTags.srv
[2.003s] -- Up-to-date: /home/ubuntu/environment/aws-robomaker-testcase-framework/simulation_ws/install/robomaker_simulation_msgs/share/robomaker_simulation_msgs/cmake/robomaker_simulation_msgs-msg-paths.cmake
[2.003s] -- Up-to-date: /home/ubuntu/environment/aws-robomaker-testcase-framework/simulation_ws/install/robomaker_simulation_msgs/include/robomaker_simulation_msgs
[2.003s] -- Up-to-date: /home/ubuntu/environment/aws-robomaker-testcase-framework/simulation_ws/install/robomaker_simulation_msgs/include/robomaker_simulation_msgs/AddTagsResponse.h
[2.003s] -- Up-to-date: /home/ubuntu/environment/aws-robomaker-testcase-framework/simulation_ws/install/robomaker_simulation_msgs/include/robomaker_simulation_msgs/RemoveTagsRequest.h
[2.003s] -- Up-to-date: /home/ubuntu/environment/aws-robomaker-testcase-framework/simulation_ws/install/robomaker_simulation_msgs/include/robomaker_simulation_msgs/Cancel.h
[2.004s] -- Up-to-date: /home/ubuntu/environment/aws-robomaker-testcase-framework/simulation_ws/install/robomaker_simulation_msgs/include/robomaker_simulation_msgs/AddTagsRequest.h
[2.004s] -- Up-to-date: /home/ubuntu/environment/aws-robomaker-testcase-framework/simulation_ws/install/robomaker_simulation_msgs/include/robomaker_simulation_msgs/ListTagsResponse.h
[2.004s] -- Up-to-date: /home/ubuntu/environment/aws-robomaker-testcase-framework/simulation_ws/install/robomaker_simulation_msgs/include/robomaker_simulation_msgs/RemoveTags.h
[2.004s] -- Up-to-date: /home/ubuntu/environment/aws-robomaker-testcase-framework/simulation_ws/install/robomaker_simulation_msgs/include/robomaker_simulation_msgs/CancelResponse.h
[2.005s] -- Up-to-date: /home/ubuntu/environment/aws-robomaker-testcase-framework/simulation_ws/install/robomaker_simulation_msgs/include/robomaker_simulation_msgs/CancelRequest.h
[2.005s] -- Up-to-date: /home/ubuntu/environment/aws-robomaker-testcase-framework/simulation_ws/install/robomaker_simulation_msgs/include/robomaker_simulation_msgs/ListTags.h
[2.005s] -- Up-to-date: /home/ubuntu/environment/aws-robomaker-testcase-framework/simulation_ws/install/robomaker_simulation_msgs/include/robomaker_simulation_msgs/Tag.h
[2.005s] -- Up-to-date: /home/ubuntu/environment/aws-robomaker-testcase-framework/simulation_ws/install/robomaker_simulation_msgs/include/robomaker_simulation_msgs/AddTags.h
[2.005s] -- Up-to-date: /home/ubuntu/environment/aws-robomaker-testcase-framework/simulation_ws/install/robomaker_simulation_msgs/include/robomaker_simulation_msgs/RemoveTagsResponse.h
[2.005s] -- Up-to-date: /home/ubuntu/environment/aws-robomaker-testcase-framework/simulation_ws/install/robomaker_simulation_msgs/include/robomaker_simulation_msgs/ListTagsRequest.h
[2.006s] -- Up-to-date: /home/ubuntu/environment/aws-robomaker-testcase-framework/simulation_ws/install/robomaker_simulation_msgs/share/roseus/ros/robomaker_simulation_msgs
[2.006s] -- Up-to-date: /home/ubuntu/environment/aws-robomaker-testcase-framework/simulation_ws/install/robomaker_simulation_msgs/share/roseus/ros/robomaker_simulation_msgs/srv
[2.006s] -- Up-to-date: /home/ubuntu/environment/aws-robomaker-testcase-framework/simulation_ws/install/robomaker_simulation_msgs/share/roseus/ros/robomaker_simulation_msgs/srv/Cancel.l
[2.006s] -- Up-to-date: /home/ubuntu/environment/aws-robomaker-testcase-framework/simulation_ws/install/robomaker_simulation_msgs/share/roseus/ros/robomaker_simulation_msgs/srv/RemoveTags.l
[2.007s] -- Up-to-date: /home/ubuntu/environment/aws-robomaker-testcase-framework/simulation_ws/install/robomaker_simulation_msgs/share/roseus/ros/robomaker_simulation_msgs/srv/ListTags.l
[2.007s] -- Up-to-date: /home/ubuntu/environment/aws-robomaker-testcase-framework/simulation_ws/install/robomaker_simulation_msgs/share/roseus/ros/robomaker_simulation_msgs/srv/AddTags.l
[2.007s] -- Up-to-date: /home/ubuntu/environment/aws-robomaker-testcase-framework/simulation_ws/install/robomaker_simulation_msgs/share/roseus/ros/robomaker_simulation_msgs/manifest.l
[2.007s] -- Up-to-date: /home/ubuntu/environment/aws-robomaker-testcase-framework/simulation_ws/install/robomaker_simulation_msgs/share/roseus/ros/robomaker_simulation_msgs/msg
[2.008s] -- Up-to-date: /home/ubuntu/environment/aws-robomaker-testcase-framework/simulation_ws/install/robomaker_simulation_msgs/share/roseus/ros/robomaker_simulation_msgs/msg/Tag.l
[2.008s] -- Up-to-date: /home/ubuntu/environment/aws-robomaker-testcase-framework/simulation_ws/install/robomaker_simulation_msgs/share/common-lisp/ros/robomaker_simulation_msgs
[2.008s] -- Up-to-date: /home/ubuntu/environment/aws-robomaker-testcase-framework/simulation_ws/install/robomaker_simulation_msgs/share/common-lisp/ros/robomaker_simulation_msgs/srv
[2.008s] -- Up-to-date: /home/ubuntu/environment/aws-robomaker-testcase-framework/simulation_ws/install/robomaker_simulation_msgs/share/common-lisp/ros/robomaker_simulation_msgs/srv/_package_AddTags.lisp
[2.008s] -- Up-to-date: /home/ubuntu/environment/aws-robomaker-testcase-framework/simulation_ws/install/robomaker_simulation_msgs/share/common-lisp/ros/robomaker_simulation_msgs/srv/_package.lisp
[2.009s] -- Up-to-date: /home/ubuntu/environment/aws-robomaker-testcase-framework/simulation_ws/install/robomaker_simulation_msgs/share/common-lisp/ros/robomaker_simulation_msgs/srv/Cancel.lisp
[2.009s] -- Up-to-date: /home/ubuntu/environment/aws-robomaker-testcase-framework/simulation_ws/install/robomaker_simulation_msgs/share/common-lisp/ros/robomaker_simulation_msgs/srv/_package_Cancel.lisp
[2.009s] -- Up-to-date: /home/ubuntu/environment/aws-robomaker-testcase-framework/simulation_ws/install/robomaker_simulation_msgs/share/common-lisp/ros/robomaker_simulation_msgs/srv/RemoveTags.lisp
[2.009s] -- Up-to-date: /home/ubuntu/environment/aws-robomaker-testcase-framework/simulation_ws/install/robomaker_simulation_msgs/share/common-lisp/ros/robomaker_simulation_msgs/srv/robomaker_simulation_msgs-srv.asd
[2.011s] -- Up-to-date: /home/ubuntu/environment/aws-robomaker-testcase-framework/simulation_ws/install/robomaker_simulation_msgs/share/common-lisp/ros/robomaker_simulation_msgs/srv/AddTags.lisp
[2.011s] -- Up-to-date: /home/ubuntu/environment/aws-robomaker-testcase-framework/simulation_ws/install/robomaker_simulation_msgs/share/common-lisp/ros/robomaker_simulation_msgs/srv/_package_RemoveTags.lisp
[2.011s] -- Up-to-date: /home/ubuntu/environment/aws-robomaker-testcase-framework/simulation_ws/install/robomaker_simulation_msgs/share/common-lisp/ros/robomaker_simulation_msgs/srv/_package_ListTags.lisp
[2.011s] -- Up-to-date: /home/ubuntu/environment/aws-robomaker-testcase-framework/simulation_ws/install/robomaker_simulation_msgs/share/common-lisp/ros/robomaker_simulation_msgs/srv/ListTags.lisp
[2.011s] -- Up-to-date: /home/ubuntu/environment/aws-robomaker-testcase-framework/simulation_ws/install/robomaker_simulation_msgs/share/common-lisp/ros/robomaker_simulation_msgs/msg
[2.011s] -- Up-to-date: /home/ubuntu/environment/aws-robomaker-testcase-framework/simulation_ws/install/robomaker_simulation_msgs/share/common-lisp/ros/robomaker_simulation_msgs/msg/_package.lisp
[2.011s] -- Up-to-date: /home/ubuntu/environment/aws-robomaker-testcase-framework/simulation_ws/install/robomaker_simulation_msgs/share/common-lisp/ros/robomaker_simulation_msgs/msg/Tag.lisp
[2.012s] -- Up-to-date: /home/ubuntu/environment/aws-robomaker-testcase-framework/simulation_ws/install/robomaker_simulation_msgs/share/common-lisp/ros/robomaker_simulation_msgs/msg/robomaker_simulation_msgs-msg.asd
[2.012s] -- Up-to-date: /home/ubuntu/environment/aws-robomaker-testcase-framework/simulation_ws/install/robomaker_simulation_msgs/share/common-lisp/ros/robomaker_simulation_msgs/msg/_package_Tag.lisp
[2.012s] -- Up-to-date: /home/ubuntu/environment/aws-robomaker-testcase-framework/simulation_ws/install/robomaker_simulation_msgs/share/gennodejs/ros/robomaker_simulation_msgs
[2.012s] -- Up-to-date: /home/ubuntu/environment/aws-robomaker-testcase-framework/simulation_ws/install/robomaker_simulation_msgs/share/gennodejs/ros/robomaker_simulation_msgs/_index.js
[2.012s] -- Up-to-date: /home/ubuntu/environment/aws-robomaker-testcase-framework/simulation_ws/install/robomaker_simulation_msgs/share/gennodejs/ros/robomaker_simulation_msgs/srv
[2.012s] -- Up-to-date: /home/ubuntu/environment/aws-robomaker-testcase-framework/simulation_ws/install/robomaker_simulation_msgs/share/gennodejs/ros/robomaker_simulation_msgs/srv/Cancel.js
[2.012s] -- Up-to-date: /home/ubuntu/environment/aws-robomaker-testcase-framework/simulation_ws/install/robomaker_simulation_msgs/share/gennodejs/ros/robomaker_simulation_msgs/srv/_index.js
[2.012s] -- Up-to-date: /home/ubuntu/environment/aws-robomaker-testcase-framework/simulation_ws/install/robomaker_simulation_msgs/share/gennodejs/ros/robomaker_simulation_msgs/srv/RemoveTags.js
[2.012s] -- Up-to-date: /home/ubuntu/environment/aws-robomaker-testcase-framework/simulation_ws/install/robomaker_simulation_msgs/share/gennodejs/ros/robomaker_simulation_msgs/srv/ListTags.js
[2.012s] -- Up-to-date: /home/ubuntu/environment/aws-robomaker-testcase-framework/simulation_ws/install/robomaker_simulation_msgs/share/gennodejs/ros/robomaker_simulation_msgs/srv/AddTags.js
[2.013s] -- Up-to-date: /home/ubuntu/environment/aws-robomaker-testcase-framework/simulation_ws/install/robomaker_simulation_msgs/share/gennodejs/ros/robomaker_simulation_msgs/msg
[2.013s] -- Up-to-date: /home/ubuntu/environment/aws-robomaker-testcase-framework/simulation_ws/install/robomaker_simulation_msgs/share/gennodejs/ros/robomaker_simulation_msgs/msg/_index.js
[2.013s] -- Up-to-date: /home/ubuntu/environment/aws-robomaker-testcase-framework/simulation_ws/install/robomaker_simulation_msgs/share/gennodejs/ros/robomaker_simulation_msgs/msg/Tag.js
[2.041s] Listing /home/ubuntu/environment/aws-robomaker-testcase-framework/simulation_ws/build/robomaker_simulation_msgs/devel/lib/python2.7/dist-packages/robomaker_simulation_msgs ...
[2.041s] Listing /home/ubuntu/environment/aws-robomaker-testcase-framework/simulation_ws/build/robomaker_simulation_msgs/devel/lib/python2.7/dist-packages/robomaker_simulation_msgs/msg ...
[2.041s] Listing /home/ubuntu/environment/aws-robomaker-testcase-framework/simulation_ws/build/robomaker_simulation_msgs/devel/lib/python2.7/dist-packages/robomaker_simulation_msgs/srv ...
[2.045s] -- Up-to-date: /home/ubuntu/environment/aws-robomaker-testcase-framework/simulation_ws/install/robomaker_simulation_msgs/lib/python2.7/dist-packages/robomaker_simulation_msgs
[2.047s] -- Up-to-date: /home/ubuntu/environment/aws-robomaker-testcase-framework/simulation_ws/install/robomaker_simulation_msgs/lib/python2.7/dist-packages/robomaker_simulation_msgs/__init__.pyc
[2.047s] -- Up-to-date: /home/ubuntu/environment/aws-robomaker-testcase-framework/simulation_ws/install/robomaker_simulation_msgs/lib/python2.7/dist-packages/robomaker_simulation_msgs/srv
[2.047s] -- Up-to-date: /home/ubuntu/environment/aws-robomaker-testcase-framework/simulation_ws/install/robomaker_simulation_msgs/lib/python2.7/dist-packages/robomaker_simulation_msgs/srv/_Cancel.pyc
[2.047s] -- Up-to-date: /home/ubuntu/environment/aws-robomaker-testcase-framework/simulation_ws/install/robomaker_simulation_msgs/lib/python2.7/dist-packages/robomaker_simulation_msgs/srv/__init__.pyc
[2.047s] -- Up-to-date: /home/ubuntu/environment/aws-robomaker-testcase-framework/simulation_ws/install/robomaker_simulation_msgs/lib/python2.7/dist-packages/robomaker_simulation_msgs/srv/_Cancel.py
[2.047s] -- Up-to-date: /home/ubuntu/environment/aws-robomaker-testcase-framework/simulation_ws/install/robomaker_simulation_msgs/lib/python2.7/dist-packages/robomaker_simulation_msgs/srv/_AddTags.py
[2.047s] -- Up-to-date: /home/ubuntu/environment/aws-robomaker-testcase-framework/simulation_ws/install/robomaker_simulation_msgs/lib/python2.7/dist-packages/robomaker_simulation_msgs/srv/_AddTags.pyc
[2.048s] -- Up-to-date: /home/ubuntu/environment/aws-robomaker-testcase-framework/simulation_ws/install/robomaker_simulation_msgs/lib/python2.7/dist-packages/robomaker_simulation_msgs/srv/_RemoveTags.py
[2.048s] -- Up-to-date: /home/ubuntu/environment/aws-robomaker-testcase-framework/simulation_ws/install/robomaker_simulation_msgs/lib/python2.7/dist-packages/robomaker_simulation_msgs/srv/_ListTags.py
[2.048s] -- Up-to-date: /home/ubuntu/environment/aws-robomaker-testcase-framework/simulation_ws/install/robomaker_simulation_msgs/lib/python2.7/dist-packages/robomaker_simulation_msgs/srv/__init__.py
[2.048s] -- Up-to-date: /home/ubuntu/environment/aws-robomaker-testcase-framework/simulation_ws/install/robomaker_simulation_msgs/lib/python2.7/dist-packages/robomaker_simulation_msgs/srv/_RemoveTags.pyc
[2.048s] -- Up-to-date: /home/ubuntu/environment/aws-robomaker-testcase-framework/simulation_ws/install/robomaker_simulation_msgs/lib/python2.7/dist-packages/robomaker_simulation_msgs/srv/_ListTags.pyc
[2.048s] -- Up-to-date: /home/ubuntu/environment/aws-robomaker-testcase-framework/simulation_ws/install/robomaker_simulation_msgs/lib/python2.7/dist-packages/robomaker_simulation_msgs/msg
[2.048s] -- Up-to-date: /home/ubuntu/environment/aws-robomaker-testcase-framework/simulation_ws/install/robomaker_simulation_msgs/lib/python2.7/dist-packages/robomaker_simulation_msgs/msg/__init__.pyc
[2.048s] -- Up-to-date: /home/ubuntu/environment/aws-robomaker-testcase-framework/simulation_ws/install/robomaker_simulation_msgs/lib/python2.7/dist-packages/robomaker_simulation_msgs/msg/_Tag.py
[2.048s] -- Up-to-date: /home/ubuntu/environment/aws-robomaker-testcase-framework/simulation_ws/install/robomaker_simulation_msgs/lib/python2.7/dist-packages/robomaker_simulation_msgs/msg/__init__.py
[2.049s] -- Up-to-date: /home/ubuntu/environment/aws-robomaker-testcase-framework/simulation_ws/install/robomaker_simulation_msgs/lib/python2.7/dist-packages/robomaker_simulation_msgs/msg/_Tag.pyc
[2.049s] -- Up-to-date: /home/ubuntu/environment/aws-robomaker-testcase-framework/simulation_ws/install/robomaker_simulation_msgs/lib/python2.7/dist-packages/robomaker_simulation_msgs/__init__.py
[2.049s] -- Up-to-date: /home/ubuntu/environment/aws-robomaker-testcase-framework/simulation_ws/install/robomaker_simulation_msgs/lib/pkgconfig/robomaker_simulation_msgs.pc
[2.049s] -- Up-to-date: /home/ubuntu/environment/aws-robomaker-testcase-framework/simulation_ws/install/robomaker_simulation_msgs/share/robomaker_simulation_msgs/cmake/robomaker_simulation_msgs-msg-extras.cmake
[2.049s] -- Up-to-date: /home/ubuntu/environment/aws-robomaker-testcase-framework/simulation_ws/install/robomaker_simulation_msgs/share/robomaker_simulation_msgs/cmake/robomaker_simulation_msgsConfig.cmake
[2.049s] -- Up-to-date: /home/ubuntu/environment/aws-robomaker-testcase-framework/simulation_ws/install/robomaker_simulation_msgs/share/robomaker_simulation_msgs/cmake/robomaker_simulation_msgsConfig-version.cmake
[2.049s] -- Up-to-date: /home/ubuntu/environment/aws-robomaker-testcase-framework/simulation_ws/install/robomaker_simulation_msgs/share/robomaker_simulation_msgs/package.xml
[2.069s] Invoked command in '/home/ubuntu/environment/aws-robomaker-testcase-framework/simulation_ws/build/robomaker_simulation_msgs' returned '0': /usr/bin/cmake --build /home/ubuntu/environment/aws-robomaker-testcase-framework/simulation_ws/build/robomaker_simulation_msgs --target install -- -j2 -l2
