[0.034s] Invoking command in '/home/ubuntu/environment/aws-robomaker-testcase-framework/simulation_ws/build/rosbag_cloud_recorders': CMAKE_PREFIX_PATH=/home/ubuntu/environment/aws-robomaker-testcase-framework/simulation_ws/install/recorder_msgs:/home/ubuntu/environment/aws-robomaker-testcase-framework/simulation_ws/install/file_uploader_msgs:/home/ubuntu/environment/aws-robomaker-testcase-framework/simulation_ws/install/sample_node:/home/ubuntu/environment/aws-robomaker-testcase-framework/simulation_ws/install/rosbag_uploader_ros1_integration_tests:/home/ubuntu/environment/aws-robomaker-testcase-framework/simulation_ws/install/s3_file_uploader:/home/ubuntu/environment/aws-robomaker-testcase-framework/simulation_ws/install/s3_common:/home/ubuntu/environment/aws-robomaker-testcase-framework/simulation_ws/install/rosbag_cloud_recorders:/home/ubuntu/environment/aws-robomaker-testcase-framework/simulation_ws/install/aws_robomaker_test_framework:/home/ubuntu/environment/aws-robomaker-testcase-framework/simulation_ws/install/robomaker_simulation_msgs:/opt/ros/melodic PKG_CONFIG_PATH=/home/ubuntu/environment/aws-robomaker-testcase-framework/simulation_ws/install/recorder_msgs/lib/x86_64-linux-gnu/pkgconfig:/home/ubuntu/environment/aws-robomaker-testcase-framework/simulation_ws/install/recorder_msgs/lib/pkgconfig:/home/ubuntu/environment/aws-robomaker-testcase-framework/simulation_ws/install/file_uploader_msgs/lib/x86_64-linux-gnu/pkgconfig:/home/ubuntu/environment/aws-robomaker-testcase-framework/simulation_ws/install/file_uploader_msgs/lib/pkgconfig:/home/ubuntu/environment/aws-robomaker-testcase-framework/simulation_ws/install/sample_node/lib/x86_64-linux-gnu/pkgconfig:/home/ubuntu/environment/aws-robomaker-testcase-framework/simulation_ws/install/sample_node/lib/pkgconfig:/home/ubuntu/environment/aws-robomaker-testcase-framework/simulation_ws/install/rosbag_uploader_ros1_integration_tests/lib/x86_64-linux-gnu/pkgconfig:/home/ubuntu/environment/aws-robomaker-testcase-framework/simulation_ws/install/rosbag_uploader_ros1_integration_tests/lib/pkgconfig:/home/ubuntu/environment/aws-robomaker-testcase-framework/simulation_ws/install/s3_file_uploader/lib/x86_64-linux-gnu/pkgconfig:/home/ubuntu/environment/aws-robomaker-testcase-framework/simulation_ws/install/s3_file_uploader/lib/pkgconfig:/home/ubuntu/environment/aws-robomaker-testcase-framework/simulation_ws/install/s3_common/lib/x86_64-linux-gnu/pkgconfig:/home/ubuntu/environment/aws-robomaker-testcase-framework/simulation_ws/install/s3_common/lib/pkgconfig:/home/ubuntu/environment/aws-robomaker-testcase-framework/simulation_ws/install/rosbag_cloud_recorders/lib/x86_64-linux-gnu/pkgconfig:/home/ubuntu/environment/aws-robomaker-testcase-framework/simulation_ws/install/rosbag_cloud_recorders/lib/pkgconfig:/home/ubuntu/environment/aws-robomaker-testcase-framework/simulation_ws/install/aws_robomaker_test_framework/lib/x86_64-linux-gnu/pkgconfig:/home/ubuntu/environment/aws-robomaker-testcase-framework/simulation_ws/install/aws_robomaker_test_framework/lib/pkgconfig:/home/ubuntu/environment/aws-robomaker-testcase-framework/simulation_ws/install/aws_robomaker_simulation_ros_pkgs/lib/x86_64-linux-gnu/pkgconfig:/home/ubuntu/environment/aws-robomaker-testcase-framework/simulation_ws/install/aws_robomaker_simulation_ros_pkgs/lib/pkgconfig:/home/ubuntu/environment/aws-robomaker-testcase-framework/simulation_ws/install/robomaker_simulation_msgs/lib/x86_64-linux-gnu/pkgconfig:/home/ubuntu/environment/aws-robomaker-testcase-framework/simulation_ws/install/robomaker_simulation_msgs/lib/pkgconfig:/opt/ros/melodic/lib/pkgconfig PYTHONPATH=/home/ubuntu/environment/aws-robomaker-testcase-framework/simulation_ws/install/recorder_msgs/lib/python2.7/dist-packages:/home/ubuntu/environment/aws-robomaker-testcase-framework/simulation_ws/install/file_uploader_msgs/lib/python2.7/dist-packages:/home/ubuntu/environment/aws-robomaker-testcase-framework/simulation_ws/install/sample_node/lib/python2.7/dist-packages:/home/ubuntu/environment/aws-robomaker-testcase-framework/simulation_ws/install/aws_robomaker_test_framework/lib/python2.7/dist-packages:/home/ubuntu/environment/aws-robomaker-testcase-framework/simulation_ws/install/robomaker_simulation_msgs/lib/python2.7/dist-packages:/opt/ros/melodic/lib/python2.7/dist-packages ROS_PACKAGE_PATH=/home/ubuntu/environment/aws-robomaker-testcase-framework/simulation_ws/install/recorder_msgs/share:/home/ubuntu/environment/aws-robomaker-testcase-framework/simulation_ws/install/file_uploader_msgs/share:/home/ubuntu/environment/aws-robomaker-testcase-framework/simulation_ws/install/sample_node/share:/home/ubuntu/environment/aws-robomaker-testcase-framework/simulation_ws/install/rosbag_uploader_ros1_integration_tests/share:/home/ubuntu/environment/aws-robomaker-testcase-framework/simulation_ws/install/s3_file_uploader/share:/home/ubuntu/environment/aws-robomaker-testcase-framework/simulation_ws/install/rosbag_cloud_recorders/share:/home/ubuntu/environment/aws-robomaker-testcase-framework/simulation_ws/install/aws_robomaker_test_framework/share:/home/ubuntu/environment/aws-robomaker-testcase-framework/simulation_ws/install/aws_robomaker_simulation_ros_pkgs/share:/home/ubuntu/environment/aws-robomaker-testcase-framework/simulation_ws/install/robomaker_simulation_msgs/share:/opt/ros/melodic/share /usr/bin/cmake --build /home/ubuntu/environment/aws-robomaker-testcase-framework/simulation_ws/build/rosbag_cloud_recorders -- -j2 -l2
[0.125s] [  0%] Built target file_uploader_msgs_generate_messages_py
[0.136s] [  0%] Built target file_uploader_msgs_generate_messages_eus
[0.180s] [  0%] Built target roscpp_generate_messages_lisp
[0.184s] [  0%] Built target actionlib_msgs_generate_messages_py
[0.218s] [  0%] Built target topic_tools_generate_messages_cpp
[0.223s] [  0%] Built target _catkin_empty_exported_target
[0.265s] [  0%] Built target file_uploader_msgs_generate_messages_lisp
[0.283s] [  0%] Built target std_msgs_generate_messages_py
[0.317s] [  0%] Built target roscpp_generate_messages_nodejs
[0.331s] [  0%] Built target std_msgs_generate_messages_nodejs
[0.368s] [  0%] Built target rosgraph_msgs_generate_messages_lisp
[0.384s] [  0%] Built target std_msgs_generate_messages_lisp
[0.436s] [  0%] Built target std_msgs_generate_messages_cpp
[0.455s] [  0%] Built target roscpp_generate_messages_cpp
[0.488s] [  0%] Built target actionlib_generate_messages_lisp
[0.522s] [  0%] Built target rosgraph_msgs_generate_messages_nodejs
[0.537s] [  0%] Built target actionlib_generate_messages_eus
[0.578s] [  0%] Built target actionlib_generate_messages_nodejs
[0.622s] [  0%] Built target topic_tools_generate_messages_nodejs
[0.628s] [  0%] Built target actionlib_generate_messages_py
[0.664s] [  0%] Built target rosgraph_msgs_generate_messages_eus
[0.672s] [  0%] Built target actionlib_msgs_generate_messages_cpp
[0.701s] [  0%] Built target roscpp_generate_messages_eus
[0.721s] [  0%] Built target rosgraph_msgs_generate_messages_py
[0.753s] [  0%] Built target actionlib_msgs_generate_messages_eus
[0.777s] [  0%] Built target actionlib_msgs_generate_messages_lisp
[0.801s] [  0%] Built target recorder_msgs_generate_messages_cpp
[0.826s] [  0%] Built target recorder_msgs_generate_messages_lisp
[0.841s] [  0%] Built target recorder_msgs_generate_messages_nodejs
[0.877s] [  0%] Built target rosgraph_msgs_generate_messages_cpp
[0.899s] [  0%] Built target recorder_msgs_generate_messages_py
[0.925s] [  0%] Built target topic_tools_generate_messages_eus
[0.933s] [  0%] Built target topic_tools_generate_messages_lisp
[0.959s] [  0%] Built target actionlib_msgs_generate_messages_nodejs
[1.000s] [  0%] Built target roscpp_generate_messages_py
[1.008s] [  0%] Built target topic_tools_generate_messages_py
[1.056s] [  0%] Built target recorder_msgs_generate_messages_eus
[1.074s] [  0%] Built target actionlib_generate_messages_cpp
[1.091s] [  0%] Built target file_uploader_msgs_generate_messages_cpp
[1.113s] [  0%] Built target std_msgs_generate_messages_eus
[1.130s] [  0%] Built target file_uploader_msgs_generate_messages_nodejs
[1.186s] [ 63%] Built target rosbag_cloud_recorders_lib
[1.244s] [ 81%] Built target duration_recorder
[1.257s] [100%] Built target rolling_recorder
[1.277s] Invoked command in '/home/ubuntu/environment/aws-robomaker-testcase-framework/simulation_ws/build/rosbag_cloud_recorders' returned '0': CMAKE_PREFIX_PATH=/home/ubuntu/environment/aws-robomaker-testcase-framework/simulation_ws/install/recorder_msgs:/home/ubuntu/environment/aws-robomaker-testcase-framework/simulation_ws/install/file_uploader_msgs:/home/ubuntu/environment/aws-robomaker-testcase-framework/simulation_ws/install/sample_node:/home/ubuntu/environment/aws-robomaker-testcase-framework/simulation_ws/install/rosbag_uploader_ros1_integration_tests:/home/ubuntu/environment/aws-robomaker-testcase-framework/simulation_ws/install/s3_file_uploader:/home/ubuntu/environment/aws-robomaker-testcase-framework/simulation_ws/install/s3_common:/home/ubuntu/environment/aws-robomaker-testcase-framework/simulation_ws/install/rosbag_cloud_recorders:/home/ubuntu/environment/aws-robomaker-testcase-framework/simulation_ws/install/aws_robomaker_test_framework:/home/ubuntu/environment/aws-robomaker-testcase-framework/simulation_ws/install/robomaker_simulation_msgs:/opt/ros/melodic PKG_CONFIG_PATH=/home/ubuntu/environment/aws-robomaker-testcase-framework/simulation_ws/install/recorder_msgs/lib/x86_64-linux-gnu/pkgconfig:/home/ubuntu/environment/aws-robomaker-testcase-framework/simulation_ws/install/recorder_msgs/lib/pkgconfig:/home/ubuntu/environment/aws-robomaker-testcase-framework/simulation_ws/install/file_uploader_msgs/lib/x86_64-linux-gnu/pkgconfig:/home/ubuntu/environment/aws-robomaker-testcase-framework/simulation_ws/install/file_uploader_msgs/lib/pkgconfig:/home/ubuntu/environment/aws-robomaker-testcase-framework/simulation_ws/install/sample_node/lib/x86_64-linux-gnu/pkgconfig:/home/ubuntu/environment/aws-robomaker-testcase-framework/simulation_ws/install/sample_node/lib/pkgconfig:/home/ubuntu/environment/aws-robomaker-testcase-framework/simulation_ws/install/rosbag_uploader_ros1_integration_tests/lib/x86_64-linux-gnu/pkgconfig:/home/ubuntu/environment/aws-robomaker-testcase-framework/simulation_ws/install/rosbag_uploader_ros1_integration_tests/lib/pkgconfig:/home/ubuntu/environment/aws-robomaker-testcase-framework/simulation_ws/install/s3_file_uploader/lib/x86_64-linux-gnu/pkgconfig:/home/ubuntu/environment/aws-robomaker-testcase-framework/simulation_ws/install/s3_file_uploader/lib/pkgconfig:/home/ubuntu/environment/aws-robomaker-testcase-framework/simulation_ws/install/s3_common/lib/x86_64-linux-gnu/pkgconfig:/home/ubuntu/environment/aws-robomaker-testcase-framework/simulation_ws/install/s3_common/lib/pkgconfig:/home/ubuntu/environment/aws-robomaker-testcase-framework/simulation_ws/install/rosbag_cloud_recorders/lib/x86_64-linux-gnu/pkgconfig:/home/ubuntu/environment/aws-robomaker-testcase-framework/simulation_ws/install/rosbag_cloud_recorders/lib/pkgconfig:/home/ubuntu/environment/aws-robomaker-testcase-framework/simulation_ws/install/aws_robomaker_test_framework/lib/x86_64-linux-gnu/pkgconfig:/home/ubuntu/environment/aws-robomaker-testcase-framework/simulation_ws/install/aws_robomaker_test_framework/lib/pkgconfig:/home/ubuntu/environment/aws-robomaker-testcase-framework/simulation_ws/install/aws_robomaker_simulation_ros_pkgs/lib/x86_64-linux-gnu/pkgconfig:/home/ubuntu/environment/aws-robomaker-testcase-framework/simulation_ws/install/aws_robomaker_simulation_ros_pkgs/lib/pkgconfig:/home/ubuntu/environment/aws-robomaker-testcase-framework/simulation_ws/install/robomaker_simulation_msgs/lib/x86_64-linux-gnu/pkgconfig:/home/ubuntu/environment/aws-robomaker-testcase-framework/simulation_ws/install/robomaker_simulation_msgs/lib/pkgconfig:/opt/ros/melodic/lib/pkgconfig PYTHONPATH=/home/ubuntu/environment/aws-robomaker-testcase-framework/simulation_ws/install/recorder_msgs/lib/python2.7/dist-packages:/home/ubuntu/environment/aws-robomaker-testcase-framework/simulation_ws/install/file_uploader_msgs/lib/python2.7/dist-packages:/home/ubuntu/environment/aws-robomaker-testcase-framework/simulation_ws/install/sample_node/lib/python2.7/dist-packages:/home/ubuntu/environment/aws-robomaker-testcase-framework/simulation_ws/install/aws_robomaker_test_framework/lib/python2.7/dist-packages:/home/ubuntu/environment/aws-robomaker-testcase-framework/simulation_ws/install/robomaker_simulation_msgs/lib/python2.7/dist-packages:/opt/ros/melodic/lib/python2.7/dist-packages ROS_PACKAGE_PATH=/home/ubuntu/environment/aws-robomaker-testcase-framework/simulation_ws/install/recorder_msgs/share:/home/ubuntu/environment/aws-robomaker-testcase-framework/simulation_ws/install/file_uploader_msgs/share:/home/ubuntu/environment/aws-robomaker-testcase-framework/simulation_ws/install/sample_node/share:/home/ubuntu/environment/aws-robomaker-testcase-framework/simulation_ws/install/rosbag_uploader_ros1_integration_tests/share:/home/ubuntu/environment/aws-robomaker-testcase-framework/simulation_ws/install/s3_file_uploader/share:/home/ubuntu/environment/aws-robomaker-testcase-framework/simulation_ws/install/rosbag_cloud_recorders/share:/home/ubuntu/environment/aws-robomaker-testcase-framework/simulation_ws/install/aws_robomaker_test_framework/share:/home/ubuntu/environment/aws-robomaker-testcase-framework/simulation_ws/install/aws_robomaker_simulation_ros_pkgs/share:/home/ubuntu/environment/aws-robomaker-testcase-framework/simulation_ws/install/robomaker_simulation_msgs/share:/opt/ros/melodic/share /usr/bin/cmake --build /home/ubuntu/environment/aws-robomaker-testcase-framework/simulation_ws/build/rosbag_cloud_recorders -- -j2 -l2
[1.470s] Invoking command in '/home/ubuntu/environment/aws-robomaker-testcase-framework/simulation_ws/build/rosbag_cloud_recorders': CMAKE_PREFIX_PATH=/home/ubuntu/environment/aws-robomaker-testcase-framework/simulation_ws/install/recorder_msgs:/home/ubuntu/environment/aws-robomaker-testcase-framework/simulation_ws/install/file_uploader_msgs:/home/ubuntu/environment/aws-robomaker-testcase-framework/simulation_ws/install/sample_node:/home/ubuntu/environment/aws-robomaker-testcase-framework/simulation_ws/install/rosbag_uploader_ros1_integration_tests:/home/ubuntu/environment/aws-robomaker-testcase-framework/simulation_ws/install/s3_file_uploader:/home/ubuntu/environment/aws-robomaker-testcase-framework/simulation_ws/install/s3_common:/home/ubuntu/environment/aws-robomaker-testcase-framework/simulation_ws/install/rosbag_cloud_recorders:/home/ubuntu/environment/aws-robomaker-testcase-framework/simulation_ws/install/aws_robomaker_test_framework:/home/ubuntu/environment/aws-robomaker-testcase-framework/simulation_ws/install/robomaker_simulation_msgs:/opt/ros/melodic PKG_CONFIG_PATH=/home/ubuntu/environment/aws-robomaker-testcase-framework/simulation_ws/install/recorder_msgs/lib/x86_64-linux-gnu/pkgconfig:/home/ubuntu/environment/aws-robomaker-testcase-framework/simulation_ws/install/recorder_msgs/lib/pkgconfig:/home/ubuntu/environment/aws-robomaker-testcase-framework/simulation_ws/install/file_uploader_msgs/lib/x86_64-linux-gnu/pkgconfig:/home/ubuntu/environment/aws-robomaker-testcase-framework/simulation_ws/install/file_uploader_msgs/lib/pkgconfig:/home/ubuntu/environment/aws-robomaker-testcase-framework/simulation_ws/install/sample_node/lib/x86_64-linux-gnu/pkgconfig:/home/ubuntu/environment/aws-robomaker-testcase-framework/simulation_ws/install/sample_node/lib/pkgconfig:/home/ubuntu/environment/aws-robomaker-testcase-framework/simulation_ws/install/rosbag_uploader_ros1_integration_tests/lib/x86_64-linux-gnu/pkgconfig:/home/ubuntu/environment/aws-robomaker-testcase-framework/simulation_ws/install/rosbag_uploader_ros1_integration_tests/lib/pkgconfig:/home/ubuntu/environment/aws-robomaker-testcase-framework/simulation_ws/install/s3_file_uploader/lib/x86_64-linux-gnu/pkgconfig:/home/ubuntu/environment/aws-robomaker-testcase-framework/simulation_ws/install/s3_file_uploader/lib/pkgconfig:/home/ubuntu/environment/aws-robomaker-testcase-framework/simulation_ws/install/s3_common/lib/x86_64-linux-gnu/pkgconfig:/home/ubuntu/environment/aws-robomaker-testcase-framework/simulation_ws/install/s3_common/lib/pkgconfig:/home/ubuntu/environment/aws-robomaker-testcase-framework/simulation_ws/install/rosbag_cloud_recorders/lib/x86_64-linux-gnu/pkgconfig:/home/ubuntu/environment/aws-robomaker-testcase-framework/simulation_ws/install/rosbag_cloud_recorders/lib/pkgconfig:/home/ubuntu/environment/aws-robomaker-testcase-framework/simulation_ws/install/aws_robomaker_test_framework/lib/x86_64-linux-gnu/pkgconfig:/home/ubuntu/environment/aws-robomaker-testcase-framework/simulation_ws/install/aws_robomaker_test_framework/lib/pkgconfig:/home/ubuntu/environment/aws-robomaker-testcase-framework/simulation_ws/install/aws_robomaker_simulation_ros_pkgs/lib/x86_64-linux-gnu/pkgconfig:/home/ubuntu/environment/aws-robomaker-testcase-framework/simulation_ws/install/aws_robomaker_simulation_ros_pkgs/lib/pkgconfig:/home/ubuntu/environment/aws-robomaker-testcase-framework/simulation_ws/install/robomaker_simulation_msgs/lib/x86_64-linux-gnu/pkgconfig:/home/ubuntu/environment/aws-robomaker-testcase-framework/simulation_ws/install/robomaker_simulation_msgs/lib/pkgconfig:/opt/ros/melodic/lib/pkgconfig PYTHONPATH=/home/ubuntu/environment/aws-robomaker-testcase-framework/simulation_ws/install/recorder_msgs/lib/python2.7/dist-packages:/home/ubuntu/environment/aws-robomaker-testcase-framework/simulation_ws/install/file_uploader_msgs/lib/python2.7/dist-packages:/home/ubuntu/environment/aws-robomaker-testcase-framework/simulation_ws/install/sample_node/lib/python2.7/dist-packages:/home/ubuntu/environment/aws-robomaker-testcase-framework/simulation_ws/install/aws_robomaker_test_framework/lib/python2.7/dist-packages:/home/ubuntu/environment/aws-robomaker-testcase-framework/simulation_ws/install/robomaker_simulation_msgs/lib/python2.7/dist-packages:/opt/ros/melodic/lib/python2.7/dist-packages ROS_PACKAGE_PATH=/home/ubuntu/environment/aws-robomaker-testcase-framework/simulation_ws/install/recorder_msgs/share:/home/ubuntu/environment/aws-robomaker-testcase-framework/simulation_ws/install/file_uploader_msgs/share:/home/ubuntu/environment/aws-robomaker-testcase-framework/simulation_ws/install/sample_node/share:/home/ubuntu/environment/aws-robomaker-testcase-framework/simulation_ws/install/rosbag_uploader_ros1_integration_tests/share:/home/ubuntu/environment/aws-robomaker-testcase-framework/simulation_ws/install/s3_file_uploader/share:/home/ubuntu/environment/aws-robomaker-testcase-framework/simulation_ws/install/rosbag_cloud_recorders/share:/home/ubuntu/environment/aws-robomaker-testcase-framework/simulation_ws/install/aws_robomaker_test_framework/share:/home/ubuntu/environment/aws-robomaker-testcase-framework/simulation_ws/install/aws_robomaker_simulation_ros_pkgs/share:/home/ubuntu/environment/aws-robomaker-testcase-framework/simulation_ws/install/robomaker_simulation_msgs/share:/opt/ros/melodic/share /usr/bin/cmake --build /home/ubuntu/environment/aws-robomaker-testcase-framework/simulation_ws/build/rosbag_cloud_recorders --target tests -- -j2 -l2
[1.604s] [  6%] Built target gtest
[1.607s] [ 17%] Built target gmock
[1.656s] [ 17%] Built target file_uploader_msgs_generate_messages_eus
[1.658s] [ 17%] Built target file_uploader_msgs_generate_messages_py
[1.691s] [ 17%] Built target actionlib_msgs_generate_messages_py
[1.722s] [ 17%] Built target roscpp_generate_messages_lisp
[1.740s] [ 17%] Built target topic_tools_generate_messages_cpp
[1.759s] [ 17%] Built target _catkin_empty_exported_target
[1.788s] [ 17%] Built target file_uploader_msgs_generate_messages_lisp
[1.804s] [ 17%] Built target std_msgs_generate_messages_py
[1.846s] [ 17%] Built target roscpp_generate_messages_nodejs
[1.847s] [ 17%] Built target std_msgs_generate_messages_nodejs
[1.883s] [ 17%] Built target std_msgs_generate_messages_lisp
[1.883s] [ 17%] Built target rosgraph_msgs_generate_messages_lisp
[1.935s] [ 17%] Built target roscpp_generate_messages_cpp
[1.938s] [ 17%] Built target std_msgs_generate_messages_cpp
[1.979s] [ 17%] Built target actionlib_generate_messages_eus
[1.985s] [ 17%] Built target actionlib_generate_messages_lisp
[2.021s] [ 17%] Built target rosgraph_msgs_generate_messages_nodejs
[2.074s] [ 17%] Built target actionlib_generate_messages_py
[2.079s] [ 17%] Built target actionlib_generate_messages_nodejs
[2.119s] [ 17%] Built target rosgraph_msgs_generate_messages_eus
[2.127s] [ 17%] Built target topic_tools_generate_messages_nodejs
[2.160s] [ 17%] Built target actionlib_msgs_generate_messages_cpp
[2.188s] [ 17%] Built target rosgraph_msgs_generate_messages_py
[2.218s] [ 17%] Built target roscpp_generate_messages_eus
[2.227s] [ 17%] Built target actionlib_msgs_generate_messages_eus
[2.251s] [ 17%] Built target actionlib_msgs_generate_messages_lisp
[2.260s] [ 17%] Built target recorder_msgs_generate_messages_cpp
[2.284s] [ 17%] Built target recorder_msgs_generate_messages_lisp
[2.293s] [ 17%] Built target recorder_msgs_generate_messages_nodejs
[2.317s] [ 17%] Built target rosgraph_msgs_generate_messages_cpp
[2.326s] [ 17%] Built target recorder_msgs_generate_messages_py
[2.349s] [ 17%] Built target topic_tools_generate_messages_eus
[2.358s] [ 17%] Built target topic_tools_generate_messages_lisp
[2.381s] [ 17%] Built target actionlib_msgs_generate_messages_nodejs
[2.389s] [ 17%] Built target topic_tools_generate_messages_py
[2.414s] [ 17%] Built target roscpp_generate_messages_py
[2.421s] [ 17%] Built target actionlib_generate_messages_cpp
[2.446s] [ 17%] Built target recorder_msgs_generate_messages_eus
[2.453s] [ 17%] Built target file_uploader_msgs_generate_messages_cpp
[2.478s] [ 17%] Built target std_msgs_generate_messages_eus
[2.484s] [ 17%] Built target file_uploader_msgs_generate_messages_nodejs
[2.514s] [ 31%] Built target gmock_main
[2.530s] [ 55%] Built target rosbag_cloud_recorders_lib
[2.576s] [ 72%] Built target test_rolling_recorder_action_server_handler
[2.576s] [ 79%] Built target test_utils
[2.619s] [ 86%] Built target test_duration_recorder_action_server_handler
[2.629s] [ 93%] Built target test_rolling_recorder
[2.650s] [100%] Built target test_duration_recorder
[2.672s] [100%] Built target tests
[2.684s] Invoked command in '/home/ubuntu/environment/aws-robomaker-testcase-framework/simulation_ws/build/rosbag_cloud_recorders' returned '0': CMAKE_PREFIX_PATH=/home/ubuntu/environment/aws-robomaker-testcase-framework/simulation_ws/install/recorder_msgs:/home/ubuntu/environment/aws-robomaker-testcase-framework/simulation_ws/install/file_uploader_msgs:/home/ubuntu/environment/aws-robomaker-testcase-framework/simulation_ws/install/sample_node:/home/ubuntu/environment/aws-robomaker-testcase-framework/simulation_ws/install/rosbag_uploader_ros1_integration_tests:/home/ubuntu/environment/aws-robomaker-testcase-framework/simulation_ws/install/s3_file_uploader:/home/ubuntu/environment/aws-robomaker-testcase-framework/simulation_ws/install/s3_common:/home/ubuntu/environment/aws-robomaker-testcase-framework/simulation_ws/install/rosbag_cloud_recorders:/home/ubuntu/environment/aws-robomaker-testcase-framework/simulation_ws/install/aws_robomaker_test_framework:/home/ubuntu/environment/aws-robomaker-testcase-framework/simulation_ws/install/robomaker_simulation_msgs:/opt/ros/melodic PKG_CONFIG_PATH=/home/ubuntu/environment/aws-robomaker-testcase-framework/simulation_ws/install/recorder_msgs/lib/x86_64-linux-gnu/pkgconfig:/home/ubuntu/environment/aws-robomaker-testcase-framework/simulation_ws/install/recorder_msgs/lib/pkgconfig:/home/ubuntu/environment/aws-robomaker-testcase-framework/simulation_ws/install/file_uploader_msgs/lib/x86_64-linux-gnu/pkgconfig:/home/ubuntu/environment/aws-robomaker-testcase-framework/simulation_ws/install/file_uploader_msgs/lib/pkgconfig:/home/ubuntu/environment/aws-robomaker-testcase-framework/simulation_ws/install/sample_node/lib/x86_64-linux-gnu/pkgconfig:/home/ubuntu/environment/aws-robomaker-testcase-framework/simulation_ws/install/sample_node/lib/pkgconfig:/home/ubuntu/environment/aws-robomaker-testcase-framework/simulation_ws/install/rosbag_uploader_ros1_integration_tests/lib/x86_64-linux-gnu/pkgconfig:/home/ubuntu/environment/aws-robomaker-testcase-framework/simulation_ws/install/rosbag_uploader_ros1_integration_tests/lib/pkgconfig:/home/ubuntu/environment/aws-robomaker-testcase-framework/simulation_ws/install/s3_file_uploader/lib/x86_64-linux-gnu/pkgconfig:/home/ubuntu/environment/aws-robomaker-testcase-framework/simulation_ws/install/s3_file_uploader/lib/pkgconfig:/home/ubuntu/environment/aws-robomaker-testcase-framework/simulation_ws/install/s3_common/lib/x86_64-linux-gnu/pkgconfig:/home/ubuntu/environment/aws-robomaker-testcase-framework/simulation_ws/install/s3_common/lib/pkgconfig:/home/ubuntu/environment/aws-robomaker-testcase-framework/simulation_ws/install/rosbag_cloud_recorders/lib/x86_64-linux-gnu/pkgconfig:/home/ubuntu/environment/aws-robomaker-testcase-framework/simulation_ws/install/rosbag_cloud_recorders/lib/pkgconfig:/home/ubuntu/environment/aws-robomaker-testcase-framework/simulation_ws/install/aws_robomaker_test_framework/lib/x86_64-linux-gnu/pkgconfig:/home/ubuntu/environment/aws-robomaker-testcase-framework/simulation_ws/install/aws_robomaker_test_framework/lib/pkgconfig:/home/ubuntu/environment/aws-robomaker-testcase-framework/simulation_ws/install/aws_robomaker_simulation_ros_pkgs/lib/x86_64-linux-gnu/pkgconfig:/home/ubuntu/environment/aws-robomaker-testcase-framework/simulation_ws/install/aws_robomaker_simulation_ros_pkgs/lib/pkgconfig:/home/ubuntu/environment/aws-robomaker-testcase-framework/simulation_ws/install/robomaker_simulation_msgs/lib/x86_64-linux-gnu/pkgconfig:/home/ubuntu/environment/aws-robomaker-testcase-framework/simulation_ws/install/robomaker_simulation_msgs/lib/pkgconfig:/opt/ros/melodic/lib/pkgconfig PYTHONPATH=/home/ubuntu/environment/aws-robomaker-testcase-framework/simulation_ws/install/recorder_msgs/lib/python2.7/dist-packages:/home/ubuntu/environment/aws-robomaker-testcase-framework/simulation_ws/install/file_uploader_msgs/lib/python2.7/dist-packages:/home/ubuntu/environment/aws-robomaker-testcase-framework/simulation_ws/install/sample_node/lib/python2.7/dist-packages:/home/ubuntu/environment/aws-robomaker-testcase-framework/simulation_ws/install/aws_robomaker_test_framework/lib/python2.7/dist-packages:/home/ubuntu/environment/aws-robomaker-testcase-framework/simulation_ws/install/robomaker_simulation_msgs/lib/python2.7/dist-packages:/opt/ros/melodic/lib/python2.7/dist-packages ROS_PACKAGE_PATH=/home/ubuntu/environment/aws-robomaker-testcase-framework/simulation_ws/install/recorder_msgs/share:/home/ubuntu/environment/aws-robomaker-testcase-framework/simulation_ws/install/file_uploader_msgs/share:/home/ubuntu/environment/aws-robomaker-testcase-framework/simulation_ws/install/sample_node/share:/home/ubuntu/environment/aws-robomaker-testcase-framework/simulation_ws/install/rosbag_uploader_ros1_integration_tests/share:/home/ubuntu/environment/aws-robomaker-testcase-framework/simulation_ws/install/s3_file_uploader/share:/home/ubuntu/environment/aws-robomaker-testcase-framework/simulation_ws/install/rosbag_cloud_recorders/share:/home/ubuntu/environment/aws-robomaker-testcase-framework/simulation_ws/install/aws_robomaker_test_framework/share:/home/ubuntu/environment/aws-robomaker-testcase-framework/simulation_ws/install/aws_robomaker_simulation_ros_pkgs/share:/home/ubuntu/environment/aws-robomaker-testcase-framework/simulation_ws/install/robomaker_simulation_msgs/share:/opt/ros/melodic/share /usr/bin/cmake --build /home/ubuntu/environment/aws-robomaker-testcase-framework/simulation_ws/build/rosbag_cloud_recorders --target tests -- -j2 -l2
[2.800s] Invoking command in '/home/ubuntu/environment/aws-robomaker-testcase-framework/simulation_ws/build/rosbag_cloud_recorders': CMAKE_PREFIX_PATH=/home/ubuntu/environment/aws-robomaker-testcase-framework/simulation_ws/install/recorder_msgs:/home/ubuntu/environment/aws-robomaker-testcase-framework/simulation_ws/install/file_uploader_msgs:/home/ubuntu/environment/aws-robomaker-testcase-framework/simulation_ws/install/sample_node:/home/ubuntu/environment/aws-robomaker-testcase-framework/simulation_ws/install/rosbag_uploader_ros1_integration_tests:/home/ubuntu/environment/aws-robomaker-testcase-framework/simulation_ws/install/s3_file_uploader:/home/ubuntu/environment/aws-robomaker-testcase-framework/simulation_ws/install/s3_common:/home/ubuntu/environment/aws-robomaker-testcase-framework/simulation_ws/install/rosbag_cloud_recorders:/home/ubuntu/environment/aws-robomaker-testcase-framework/simulation_ws/install/aws_robomaker_test_framework:/home/ubuntu/environment/aws-robomaker-testcase-framework/simulation_ws/install/robomaker_simulation_msgs:/opt/ros/melodic PKG_CONFIG_PATH=/home/ubuntu/environment/aws-robomaker-testcase-framework/simulation_ws/install/recorder_msgs/lib/x86_64-linux-gnu/pkgconfig:/home/ubuntu/environment/aws-robomaker-testcase-framework/simulation_ws/install/recorder_msgs/lib/pkgconfig:/home/ubuntu/environment/aws-robomaker-testcase-framework/simulation_ws/install/file_uploader_msgs/lib/x86_64-linux-gnu/pkgconfig:/home/ubuntu/environment/aws-robomaker-testcase-framework/simulation_ws/install/file_uploader_msgs/lib/pkgconfig:/home/ubuntu/environment/aws-robomaker-testcase-framework/simulation_ws/install/sample_node/lib/x86_64-linux-gnu/pkgconfig:/home/ubuntu/environment/aws-robomaker-testcase-framework/simulation_ws/install/sample_node/lib/pkgconfig:/home/ubuntu/environment/aws-robomaker-testcase-framework/simulation_ws/install/rosbag_uploader_ros1_integration_tests/lib/x86_64-linux-gnu/pkgconfig:/home/ubuntu/environment/aws-robomaker-testcase-framework/simulation_ws/install/rosbag_uploader_ros1_integration_tests/lib/pkgconfig:/home/ubuntu/environment/aws-robomaker-testcase-framework/simulation_ws/install/s3_file_uploader/lib/x86_64-linux-gnu/pkgconfig:/home/ubuntu/environment/aws-robomaker-testcase-framework/simulation_ws/install/s3_file_uploader/lib/pkgconfig:/home/ubuntu/environment/aws-robomaker-testcase-framework/simulation_ws/install/s3_common/lib/x86_64-linux-gnu/pkgconfig:/home/ubuntu/environment/aws-robomaker-testcase-framework/simulation_ws/install/s3_common/lib/pkgconfig:/home/ubuntu/environment/aws-robomaker-testcase-framework/simulation_ws/install/rosbag_cloud_recorders/lib/x86_64-linux-gnu/pkgconfig:/home/ubuntu/environment/aws-robomaker-testcase-framework/simulation_ws/install/rosbag_cloud_recorders/lib/pkgconfig:/home/ubuntu/environment/aws-robomaker-testcase-framework/simulation_ws/install/aws_robomaker_test_framework/lib/x86_64-linux-gnu/pkgconfig:/home/ubuntu/environment/aws-robomaker-testcase-framework/simulation_ws/install/aws_robomaker_test_framework/lib/pkgconfig:/home/ubuntu/environment/aws-robomaker-testcase-framework/simulation_ws/install/aws_robomaker_simulation_ros_pkgs/lib/x86_64-linux-gnu/pkgconfig:/home/ubuntu/environment/aws-robomaker-testcase-framework/simulation_ws/install/aws_robomaker_simulation_ros_pkgs/lib/pkgconfig:/home/ubuntu/environment/aws-robomaker-testcase-framework/simulation_ws/install/robomaker_simulation_msgs/lib/x86_64-linux-gnu/pkgconfig:/home/ubuntu/environment/aws-robomaker-testcase-framework/simulation_ws/install/robomaker_simulation_msgs/lib/pkgconfig:/opt/ros/melodic/lib/pkgconfig PYTHONPATH=/home/ubuntu/environment/aws-robomaker-testcase-framework/simulation_ws/install/recorder_msgs/lib/python2.7/dist-packages:/home/ubuntu/environment/aws-robomaker-testcase-framework/simulation_ws/install/file_uploader_msgs/lib/python2.7/dist-packages:/home/ubuntu/environment/aws-robomaker-testcase-framework/simulation_ws/install/sample_node/lib/python2.7/dist-packages:/home/ubuntu/environment/aws-robomaker-testcase-framework/simulation_ws/install/aws_robomaker_test_framework/lib/python2.7/dist-packages:/home/ubuntu/environment/aws-robomaker-testcase-framework/simulation_ws/install/robomaker_simulation_msgs/lib/python2.7/dist-packages:/opt/ros/melodic/lib/python2.7/dist-packages ROS_PACKAGE_PATH=/home/ubuntu/environment/aws-robomaker-testcase-framework/simulation_ws/install/recorder_msgs/share:/home/ubuntu/environment/aws-robomaker-testcase-framework/simulation_ws/install/file_uploader_msgs/share:/home/ubuntu/environment/aws-robomaker-testcase-framework/simulation_ws/install/sample_node/share:/home/ubuntu/environment/aws-robomaker-testcase-framework/simulation_ws/install/rosbag_uploader_ros1_integration_tests/share:/home/ubuntu/environment/aws-robomaker-testcase-framework/simulation_ws/install/s3_file_uploader/share:/home/ubuntu/environment/aws-robomaker-testcase-framework/simulation_ws/install/rosbag_cloud_recorders/share:/home/ubuntu/environment/aws-robomaker-testcase-framework/simulation_ws/install/aws_robomaker_test_framework/share:/home/ubuntu/environment/aws-robomaker-testcase-framework/simulation_ws/install/aws_robomaker_simulation_ros_pkgs/share:/home/ubuntu/environment/aws-robomaker-testcase-framework/simulation_ws/install/robomaker_simulation_msgs/share:/opt/ros/melodic/share /usr/bin/cmake --build /home/ubuntu/environment/aws-robomaker-testcase-framework/simulation_ws/build/rosbag_cloud_recorders --target install -- -j2 -l2
[2.869s] [  0%] Built target file_uploader_msgs_generate_messages_py
[2.873s] [  0%] Built target file_uploader_msgs_generate_messages_eus
[2.902s] [  0%] Built target actionlib_msgs_generate_messages_py
[2.904s] [  0%] Built target roscpp_generate_messages_lisp
[2.934s] [  0%] Built target topic_tools_generate_messages_cpp
[2.940s] [  0%] Built target _catkin_empty_exported_target
[2.965s] [  0%] Built target file_uploader_msgs_generate_messages_lisp
[2.976s] [  0%] Built target std_msgs_generate_messages_py
[2.996s] [  0%] Built target std_msgs_generate_messages_nodejs
[3.011s] [  0%] Built target roscpp_generate_messages_nodejs
[3.028s] [  0%] Built target std_msgs_generate_messages_lisp
[3.044s] [  0%] Built target rosgraph_msgs_generate_messages_lisp
[3.061s] [  0%] Built target roscpp_generate_messages_cpp
[3.081s] [  0%] Built target std_msgs_generate_messages_cpp
[3.093s] [  0%] Built target actionlib_generate_messages_eus
[3.115s] [  0%] Built target actionlib_generate_messages_lisp
[3.125s] [  0%] Built target rosgraph_msgs_generate_messages_nodejs
[3.146s] [  0%] Built target actionlib_generate_messages_nodejs
[3.158s] [  0%] Built target actionlib_generate_messages_py
[3.179s] [  0%] Built target topic_tools_generate_messages_nodejs
[3.190s] [  0%] Built target rosgraph_msgs_generate_messages_eus
[3.211s] [  0%] Built target actionlib_msgs_generate_messages_cpp
[3.222s] [  0%] Built target roscpp_generate_messages_eus
[3.244s] [  0%] Built target rosgraph_msgs_generate_messages_py
[3.254s] [  0%] Built target actionlib_msgs_generate_messages_eus
[3.276s] [  0%] Built target actionlib_msgs_generate_messages_lisp
[3.287s] [  0%] Built target recorder_msgs_generate_messages_cpp
[3.309s] [  0%] Built target recorder_msgs_generate_messages_lisp
[3.319s] [  0%] Built target recorder_msgs_generate_messages_nodejs
[3.342s] [  0%] Built target rosgraph_msgs_generate_messages_cpp
[3.350s] [  0%] Built target recorder_msgs_generate_messages_py
[3.373s] [  0%] Built target topic_tools_generate_messages_eus
[3.382s] [  0%] Built target topic_tools_generate_messages_lisp
[3.404s] [  0%] Built target actionlib_msgs_generate_messages_nodejs
[3.413s] [  0%] Built target topic_tools_generate_messages_py
[3.437s] [  0%] Built target roscpp_generate_messages_py
[3.444s] [  0%] Built target actionlib_generate_messages_cpp
[3.470s] [  0%] Built target recorder_msgs_generate_messages_eus
[3.476s] [  0%] Built target file_uploader_msgs_generate_messages_cpp
[3.503s] [  0%] Built target std_msgs_generate_messages_eus
[3.507s] [  0%] Built target file_uploader_msgs_generate_messages_nodejs
[3.542s] [ 63%] Built target rosbag_cloud_recorders_lib
[3.588s] [100%] Built target duration_recorder
[3.588s] [100%] Built target rolling_recorder
[3.611s] [36mInstall the project...[0m
[3.620s] -- Install configuration: ""
[3.621s] -- Up-to-date: /home/ubuntu/environment/aws-robomaker-testcase-framework/simulation_ws/install/rosbag_cloud_recorders/lib/pkgconfig/rosbag_cloud_recorders.pc
[3.621s] -- Up-to-date: /home/ubuntu/environment/aws-robomaker-testcase-framework/simulation_ws/install/rosbag_cloud_recorders/share/rosbag_cloud_recorders/cmake/rosbag_cloud_recordersConfig.cmake
[3.621s] -- Up-to-date: /home/ubuntu/environment/aws-robomaker-testcase-framework/simulation_ws/install/rosbag_cloud_recorders/share/rosbag_cloud_recorders/cmake/rosbag_cloud_recordersConfig-version.cmake
[3.621s] -- Up-to-date: /home/ubuntu/environment/aws-robomaker-testcase-framework/simulation_ws/install/rosbag_cloud_recorders/share/rosbag_cloud_recorders/package.xml
[3.621s] -- Up-to-date: /home/ubuntu/environment/aws-robomaker-testcase-framework/simulation_ws/install/rosbag_cloud_recorders/lib/rosbag_cloud_recorders/duration_recorder
[3.622s] -- Up-to-date: /home/ubuntu/environment/aws-robomaker-testcase-framework/simulation_ws/install/rosbag_cloud_recorders/lib/rosbag_cloud_recorders/rolling_recorder
[3.622s] -- Up-to-date: /home/ubuntu/environment/aws-robomaker-testcase-framework/simulation_ws/install/rosbag_cloud_recorders/lib/librosbag_cloud_recorders_lib.so
[3.622s] -- Up-to-date: /home/ubuntu/environment/aws-robomaker-testcase-framework/simulation_ws/install/rosbag_cloud_recorders/include
[3.623s] -- Up-to-date: /home/ubuntu/environment/aws-robomaker-testcase-framework/simulation_ws/install/rosbag_cloud_recorders/include/rosbag_cloud_recorders
[3.623s] -- Up-to-date: /home/ubuntu/environment/aws-robomaker-testcase-framework/simulation_ws/install/rosbag_cloud_recorders/include/rosbag_cloud_recorders/rolling_recorder
[3.623s] -- Up-to-date: /home/ubuntu/environment/aws-robomaker-testcase-framework/simulation_ws/install/rosbag_cloud_recorders/include/rosbag_cloud_recorders/rolling_recorder/rolling_recorder_action_server_handler.h
[3.623s] -- Up-to-date: /home/ubuntu/environment/aws-robomaker-testcase-framework/simulation_ws/install/rosbag_cloud_recorders/include/rosbag_cloud_recorders/rolling_recorder/rolling_recorder.h
[3.624s] -- Up-to-date: /home/ubuntu/environment/aws-robomaker-testcase-framework/simulation_ws/install/rosbag_cloud_recorders/include/rosbag_cloud_recorders/utils
[3.624s] -- Up-to-date: /home/ubuntu/environment/aws-robomaker-testcase-framework/simulation_ws/install/rosbag_cloud_recorders/include/rosbag_cloud_recorders/utils/recorder.h
[3.624s] -- Up-to-date: /home/ubuntu/environment/aws-robomaker-testcase-framework/simulation_ws/install/rosbag_cloud_recorders/include/rosbag_cloud_recorders/utils/rosbag_recorder.h
[3.624s] -- Up-to-date: /home/ubuntu/environment/aws-robomaker-testcase-framework/simulation_ws/install/rosbag_cloud_recorders/include/rosbag_cloud_recorders/utils/s3_client_utils.h
[3.624s] -- Up-to-date: /home/ubuntu/environment/aws-robomaker-testcase-framework/simulation_ws/install/rosbag_cloud_recorders/include/rosbag_cloud_recorders/utils/file_utils.h
[3.624s] -- Up-to-date: /home/ubuntu/environment/aws-robomaker-testcase-framework/simulation_ws/install/rosbag_cloud_recorders/include/rosbag_cloud_recorders/utils/periodic_file_deleter.h
[3.624s] -- Up-to-date: /home/ubuntu/environment/aws-robomaker-testcase-framework/simulation_ws/install/rosbag_cloud_recorders/include/rosbag_cloud_recorders/duration_recorder
[3.624s] -- Up-to-date: /home/ubuntu/environment/aws-robomaker-testcase-framework/simulation_ws/install/rosbag_cloud_recorders/include/rosbag_cloud_recorders/duration_recorder/duration_recorder_action_server_handler.h
[3.624s] -- Up-to-date: /home/ubuntu/environment/aws-robomaker-testcase-framework/simulation_ws/install/rosbag_cloud_recorders/include/rosbag_cloud_recorders/duration_recorder/duration_recorder.h
[3.625s] -- Up-to-date: /home/ubuntu/environment/aws-robomaker-testcase-framework/simulation_ws/install/rosbag_cloud_recorders/include/rosbag_cloud_recorders/recorder_common_error_codes.h
[3.625s] -- Up-to-date: /home/ubuntu/environment/aws-robomaker-testcase-framework/simulation_ws/install/rosbag_cloud_recorders/share/rosbag_cloud_recorders/config
[3.625s] -- Up-to-date: /home/ubuntu/environment/aws-robomaker-testcase-framework/simulation_ws/install/rosbag_cloud_recorders/share/rosbag_cloud_recorders/config/rolling_recorder_sample_configuration.yaml
[3.625s] -- Up-to-date: /home/ubuntu/environment/aws-robomaker-testcase-framework/simulation_ws/install/rosbag_cloud_recorders/share/rosbag_cloud_recorders/config/duration_recorder_sample_configuration.yaml
[3.625s] -- Up-to-date: /home/ubuntu/environment/aws-robomaker-testcase-framework/simulation_ws/install/rosbag_cloud_recorders/share/rosbag_cloud_recorders/launch
[3.625s] -- Up-to-date: /home/ubuntu/environment/aws-robomaker-testcase-framework/simulation_ws/install/rosbag_cloud_recorders/share/rosbag_cloud_recorders/launch/rolling_recorder.launch
[3.626s] -- Up-to-date: /home/ubuntu/environment/aws-robomaker-testcase-framework/simulation_ws/install/rosbag_cloud_recorders/share/rosbag_cloud_recorders/launch/rolling_recorder_sample.launch
[3.627s] -- Up-to-date: /home/ubuntu/environment/aws-robomaker-testcase-framework/simulation_ws/install/rosbag_cloud_recorders/share/rosbag_cloud_recorders/launch/duration_recorder_sample.launch
[3.627s] -- Up-to-date: /home/ubuntu/environment/aws-robomaker-testcase-framework/simulation_ws/install/rosbag_cloud_recorders/share/rosbag_cloud_recorders/launch/duration_recorder.launch
[3.635s] Invoked command in '/home/ubuntu/environment/aws-robomaker-testcase-framework/simulation_ws/build/rosbag_cloud_recorders' returned '0': CMAKE_PREFIX_PATH=/home/ubuntu/environment/aws-robomaker-testcase-framework/simulation_ws/install/recorder_msgs:/home/ubuntu/environment/aws-robomaker-testcase-framework/simulation_ws/install/file_uploader_msgs:/home/ubuntu/environment/aws-robomaker-testcase-framework/simulation_ws/install/sample_node:/home/ubuntu/environment/aws-robomaker-testcase-framework/simulation_ws/install/rosbag_uploader_ros1_integration_tests:/home/ubuntu/environment/aws-robomaker-testcase-framework/simulation_ws/install/s3_file_uploader:/home/ubuntu/environment/aws-robomaker-testcase-framework/simulation_ws/install/s3_common:/home/ubuntu/environment/aws-robomaker-testcase-framework/simulation_ws/install/rosbag_cloud_recorders:/home/ubuntu/environment/aws-robomaker-testcase-framework/simulation_ws/install/aws_robomaker_test_framework:/home/ubuntu/environment/aws-robomaker-testcase-framework/simulation_ws/install/robomaker_simulation_msgs:/opt/ros/melodic PKG_CONFIG_PATH=/home/ubuntu/environment/aws-robomaker-testcase-framework/simulation_ws/install/recorder_msgs/lib/x86_64-linux-gnu/pkgconfig:/home/ubuntu/environment/aws-robomaker-testcase-framework/simulation_ws/install/recorder_msgs/lib/pkgconfig:/home/ubuntu/environment/aws-robomaker-testcase-framework/simulation_ws/install/file_uploader_msgs/lib/x86_64-linux-gnu/pkgconfig:/home/ubuntu/environment/aws-robomaker-testcase-framework/simulation_ws/install/file_uploader_msgs/lib/pkgconfig:/home/ubuntu/environment/aws-robomaker-testcase-framework/simulation_ws/install/sample_node/lib/x86_64-linux-gnu/pkgconfig:/home/ubuntu/environment/aws-robomaker-testcase-framework/simulation_ws/install/sample_node/lib/pkgconfig:/home/ubuntu/environment/aws-robomaker-testcase-framework/simulation_ws/install/rosbag_uploader_ros1_integration_tests/lib/x86_64-linux-gnu/pkgconfig:/home/ubuntu/environment/aws-robomaker-testcase-framework/simulation_ws/install/rosbag_uploader_ros1_integration_tests/lib/pkgconfig:/home/ubuntu/environment/aws-robomaker-testcase-framework/simulation_ws/install/s3_file_uploader/lib/x86_64-linux-gnu/pkgconfig:/home/ubuntu/environment/aws-robomaker-testcase-framework/simulation_ws/install/s3_file_uploader/lib/pkgconfig:/home/ubuntu/environment/aws-robomaker-testcase-framework/simulation_ws/install/s3_common/lib/x86_64-linux-gnu/pkgconfig:/home/ubuntu/environment/aws-robomaker-testcase-framework/simulation_ws/install/s3_common/lib/pkgconfig:/home/ubuntu/environment/aws-robomaker-testcase-framework/simulation_ws/install/rosbag_cloud_recorders/lib/x86_64-linux-gnu/pkgconfig:/home/ubuntu/environment/aws-robomaker-testcase-framework/simulation_ws/install/rosbag_cloud_recorders/lib/pkgconfig:/home/ubuntu/environment/aws-robomaker-testcase-framework/simulation_ws/install/aws_robomaker_test_framework/lib/x86_64-linux-gnu/pkgconfig:/home/ubuntu/environment/aws-robomaker-testcase-framework/simulation_ws/install/aws_robomaker_test_framework/lib/pkgconfig:/home/ubuntu/environment/aws-robomaker-testcase-framework/simulation_ws/install/aws_robomaker_simulation_ros_pkgs/lib/x86_64-linux-gnu/pkgconfig:/home/ubuntu/environment/aws-robomaker-testcase-framework/simulation_ws/install/aws_robomaker_simulation_ros_pkgs/lib/pkgconfig:/home/ubuntu/environment/aws-robomaker-testcase-framework/simulation_ws/install/robomaker_simulation_msgs/lib/x86_64-linux-gnu/pkgconfig:/home/ubuntu/environment/aws-robomaker-testcase-framework/simulation_ws/install/robomaker_simulation_msgs/lib/pkgconfig:/opt/ros/melodic/lib/pkgconfig PYTHONPATH=/home/ubuntu/environment/aws-robomaker-testcase-framework/simulation_ws/install/recorder_msgs/lib/python2.7/dist-packages:/home/ubuntu/environment/aws-robomaker-testcase-framework/simulation_ws/install/file_uploader_msgs/lib/python2.7/dist-packages:/home/ubuntu/environment/aws-robomaker-testcase-framework/simulation_ws/install/sample_node/lib/python2.7/dist-packages:/home/ubuntu/environment/aws-robomaker-testcase-framework/simulation_ws/install/aws_robomaker_test_framework/lib/python2.7/dist-packages:/home/ubuntu/environment/aws-robomaker-testcase-framework/simulation_ws/install/robomaker_simulation_msgs/lib/python2.7/dist-packages:/opt/ros/melodic/lib/python2.7/dist-packages ROS_PACKAGE_PATH=/home/ubuntu/environment/aws-robomaker-testcase-framework/simulation_ws/install/recorder_msgs/share:/home/ubuntu/environment/aws-robomaker-testcase-framework/simulation_ws/install/file_uploader_msgs/share:/home/ubuntu/environment/aws-robomaker-testcase-framework/simulation_ws/install/sample_node/share:/home/ubuntu/environment/aws-robomaker-testcase-framework/simulation_ws/install/rosbag_uploader_ros1_integration_tests/share:/home/ubuntu/environment/aws-robomaker-testcase-framework/simulation_ws/install/s3_file_uploader/share:/home/ubuntu/environment/aws-robomaker-testcase-framework/simulation_ws/install/rosbag_cloud_recorders/share:/home/ubuntu/environment/aws-robomaker-testcase-framework/simulation_ws/install/aws_robomaker_test_framework/share:/home/ubuntu/environment/aws-robomaker-testcase-framework/simulation_ws/install/aws_robomaker_simulation_ros_pkgs/share:/home/ubuntu/environment/aws-robomaker-testcase-framework/simulation_ws/install/robomaker_simulation_msgs/share:/opt/ros/melodic/share /usr/bin/cmake --build /home/ubuntu/environment/aws-robomaker-testcase-framework/simulation_ws/build/rosbag_cloud_recorders --target install -- -j2 -l2
