[0.038s] Invoking command in '/home/ubuntu/environment/aws-robomaker-testcase-framework/simulation_ws/build/rosbag_cloud_recorders': CMAKE_PREFIX_PATH=/home/ubuntu/environment/aws-robomaker-testcase-framework/simulation_ws/install/recorder_msgs:/home/ubuntu/environment/aws-robomaker-testcase-framework/simulation_ws/install/file_uploader_msgs:${CMAKE_PREFIX_PATH} PKG_CONFIG_PATH=/home/ubuntu/environment/aws-robomaker-testcase-framework/simulation_ws/install/recorder_msgs/lib/x86_64-linux-gnu/pkgconfig:/home/ubuntu/environment/aws-robomaker-testcase-framework/simulation_ws/install/recorder_msgs/lib/pkgconfig:/home/ubuntu/environment/aws-robomaker-testcase-framework/simulation_ws/install/file_uploader_msgs/lib/x86_64-linux-gnu/pkgconfig:/home/ubuntu/environment/aws-robomaker-testcase-framework/simulation_ws/install/file_uploader_msgs/lib/pkgconfig:${PKG_CONFIG_PATH} PYTHONPATH=/home/ubuntu/environment/aws-robomaker-testcase-framework/simulation_ws/install/recorder_msgs/lib/python2.7/dist-packages:/home/ubuntu/environment/aws-robomaker-testcase-framework/simulation_ws/install/file_uploader_msgs/lib/python2.7/dist-packages:${PYTHONPATH} ROS_PACKAGE_PATH=/home/ubuntu/environment/aws-robomaker-testcase-framework/simulation_ws/install/recorder_msgs/share:/home/ubuntu/environment/aws-robomaker-testcase-framework/simulation_ws/install/file_uploader_msgs/share:${ROS_PACKAGE_PATH} /usr/bin/cmake /home/ubuntu/environment/aws-robomaker-testcase-framework/simulation_ws/src/rosbag-uploader-ros1/rosbag_cloud_recorders -DCATKIN_INSTALL_INTO_PREFIX_ROOT=0 -DCMAKE_INSTALL_PREFIX=/home/ubuntu/environment/aws-robomaker-testcase-framework/simulation_ws/install/rosbag_cloud_recorders
[0.128s] -- The C compiler identification is GNU 7.5.0
[0.217s] -- The CXX compiler identification is GNU 7.5.0
[0.225s] -- Check for working C compiler: /usr/bin/cc
[0.325s] -- Check for working C compiler: /usr/bin/cc -- works
[0.326s] -- Detecting C compiler ABI info
[0.424s] -- Detecting C compiler ABI info - done
[0.439s] -- Detecting C compile features
[0.726s] -- Detecting C compile features - done
[0.731s] -- Check for working CXX compiler: /usr/bin/c++
[0.840s] -- Check for working CXX compiler: /usr/bin/c++ -- works
[0.841s] -- Detecting CXX compiler ABI info
[0.958s] -- Detecting CXX compiler ABI info - done
[0.974s] -- Detecting CXX compile features
[1.513s] -- Detecting CXX compile features - done
[1.518s] -- Performing Test R-Wno-long-long
[1.629s] -- Performing Test R-Wno-long-long - Success
[1.634s] -- Performing Test R-Wall
[1.754s] -- Performing Test R-Wall - Success
[1.760s] -- Performing Test R-Wextra
[1.874s] -- Performing Test R-Wextra - Success
[1.880s] -- Performing Test R-Wcast-align
[1.999s] -- Performing Test R-Wcast-align - Success
[2.000s] -- Performing Test R-Wformat
[2.122s] -- Performing Test R-Wformat - Success
[2.128s] -- Performing Test R-Wwrite-strings
[2.243s] -- Performing Test R-Wwrite-strings - Success
[2.249s] -- Performing Test R-Wno-error=unused-result
[2.364s] -- Performing Test R-Wno-error=unused-result - Success
[2.368s] -- Using CATKIN_DEVEL_PREFIX: /home/ubuntu/environment/aws-robomaker-testcase-framework/simulation_ws/build/rosbag_cloud_recorders/devel
[2.368s] -- Using CMAKE_PREFIX_PATH: /home/ubuntu/environment/aws-robomaker-testcase-framework/simulation_ws/install/recorder_msgs;/home/ubuntu/environment/aws-robomaker-testcase-framework/simulation_ws/install/file_uploader_msgs;/home/ubuntu/environment/aws-robomaker-testcase-framework/simulation_ws/install/aws_robomaker_test_framework;/home/ubuntu/environment/aws-robomaker-testcase-framework/simulation_ws/install/robomaker_simulation_msgs;/opt/ros/melodic
[2.369s] -- This workspace overlays: /home/ubuntu/environment/aws-robomaker-testcase-framework/simulation_ws/install/recorder_msgs;/home/ubuntu/environment/aws-robomaker-testcase-framework/simulation_ws/install/file_uploader_msgs;/home/ubuntu/environment/aws-robomaker-testcase-framework/simulation_ws/install/aws_robomaker_test_framework;/home/ubuntu/environment/aws-robomaker-testcase-framework/simulation_ws/install/robomaker_simulation_msgs;/opt/ros/melodic
[2.391s] -- Found PythonInterp: /usr/bin/python2 (found suitable version "2.7.17", minimum required is "2") 
[2.391s] -- Using PYTHON_EXECUTABLE: /usr/bin/python2
[2.391s] -- Using Debian Python package layout
[2.392s] -- Using empy: /usr/bin/empy
[2.621s] -- Using CATKIN_ENABLE_TESTING: ON
[2.621s] -- Call enable_testing()
[2.624s] -- Using CATKIN_TEST_RESULTS_DIR: /home/ubuntu/environment/aws-robomaker-testcase-framework/simulation_ws/build/rosbag_cloud_recorders/test_results
[2.656s] -- Found gtest sources under '/usr/src/googletest': gtests will be built
[2.656s] -- Found gmock sources under '/usr/src/googletest': gmock will be built
[2.678s] -- Found PythonInterp: /usr/bin/python2 (found version "2.7.17") 
[2.680s] -- Looking for pthread.h
[2.814s] -- Looking for pthread.h - found
[2.815s] -- Looking for pthread_create
[2.952s] -- Looking for pthread_create - not found
[2.953s] -- Looking for pthread_create in pthreads
[3.076s] -- Looking for pthread_create in pthreads - not found
[3.076s] -- Looking for pthread_create in pthread
[3.208s] -- Looking for pthread_create in pthread - found
[3.209s] -- Found Threads: TRUE  
[3.217s] -- Using Python nosetests: /usr/bin/nosetests-2.7
[3.309s] -- catkin 0.7.26
[3.309s] -- BUILD_SHARED_LIBS is on
[3.511s] -- Using these message generators: gencpp;geneus;genlisp;gennodejs;genpy
[3.587s] -- TARGET_ARCH not specified; inferring host OS to be platform compilation target
[3.587s] -- Building AWS libraries as shared objects
[3.587s] -- Generating linux build config
[3.588s] -- Building project version: 1.6.53
[3.590s] -- Found AWS SDK for C++, Version: 1.6.53, Install Root:/opt/ros/melodic, Platform Prefix:, Platform Dependent Libraries: pthread;crypto;ssl;z;curl
[3.854s] -- Boost version: 1.65.1
[3.854s] -- Found the following Boost libraries:
[3.854s] --   date_time
[3.854s] --   regex
[3.854s] --   program_options
[3.854s] --   filesystem
[3.855s] --   system
[3.862s] -- Found BZip2: /usr/lib/x86_64-linux-gnu/libbz2.so (found version "1.0.6") 
[3.864s] -- Looking for BZ2_bzCompressInit
[3.961s] -- Looking for BZ2_bzCompressInit - found
[4.191s] -- Building tests using catkin
[4.193s] -- Building tests using catkin
[4.198s] -- Configuring done
[4.355s] -- Generating done
[4.374s] -- Build files have been written to: /home/ubuntu/environment/aws-robomaker-testcase-framework/simulation_ws/build/rosbag_cloud_recorders
[4.386s] Invoked command in '/home/ubuntu/environment/aws-robomaker-testcase-framework/simulation_ws/build/rosbag_cloud_recorders' returned '0': CMAKE_PREFIX_PATH=/home/ubuntu/environment/aws-robomaker-testcase-framework/simulation_ws/install/recorder_msgs:/home/ubuntu/environment/aws-robomaker-testcase-framework/simulation_ws/install/file_uploader_msgs:${CMAKE_PREFIX_PATH} PKG_CONFIG_PATH=/home/ubuntu/environment/aws-robomaker-testcase-framework/simulation_ws/install/recorder_msgs/lib/x86_64-linux-gnu/pkgconfig:/home/ubuntu/environment/aws-robomaker-testcase-framework/simulation_ws/install/recorder_msgs/lib/pkgconfig:/home/ubuntu/environment/aws-robomaker-testcase-framework/simulation_ws/install/file_uploader_msgs/lib/x86_64-linux-gnu/pkgconfig:/home/ubuntu/environment/aws-robomaker-testcase-framework/simulation_ws/install/file_uploader_msgs/lib/pkgconfig:${PKG_CONFIG_PATH} PYTHONPATH=/home/ubuntu/environment/aws-robomaker-testcase-framework/simulation_ws/install/recorder_msgs/lib/python2.7/dist-packages:/home/ubuntu/environment/aws-robomaker-testcase-framework/simulation_ws/install/file_uploader_msgs/lib/python2.7/dist-packages:${PYTHONPATH} ROS_PACKAGE_PATH=/home/ubuntu/environment/aws-robomaker-testcase-framework/simulation_ws/install/recorder_msgs/share:/home/ubuntu/environment/aws-robomaker-testcase-framework/simulation_ws/install/file_uploader_msgs/share:${ROS_PACKAGE_PATH} /usr/bin/cmake /home/ubuntu/environment/aws-robomaker-testcase-framework/simulation_ws/src/rosbag-uploader-ros1/rosbag_cloud_recorders -DCATKIN_INSTALL_INTO_PREFIX_ROOT=0 -DCMAKE_INSTALL_PREFIX=/home/ubuntu/environment/aws-robomaker-testcase-framework/simulation_ws/install/rosbag_cloud_recorders
[4.388s] Invoking command in '/home/ubuntu/environment/aws-robomaker-testcase-framework/simulation_ws/build/rosbag_cloud_recorders': CMAKE_PREFIX_PATH=/home/ubuntu/environment/aws-robomaker-testcase-framework/simulation_ws/install/recorder_msgs:/home/ubuntu/environment/aws-robomaker-testcase-framework/simulation_ws/install/file_uploader_msgs:${CMAKE_PREFIX_PATH} PKG_CONFIG_PATH=/home/ubuntu/environment/aws-robomaker-testcase-framework/simulation_ws/install/recorder_msgs/lib/x86_64-linux-gnu/pkgconfig:/home/ubuntu/environment/aws-robomaker-testcase-framework/simulation_ws/install/recorder_msgs/lib/pkgconfig:/home/ubuntu/environment/aws-robomaker-testcase-framework/simulation_ws/install/file_uploader_msgs/lib/x86_64-linux-gnu/pkgconfig:/home/ubuntu/environment/aws-robomaker-testcase-framework/simulation_ws/install/file_uploader_msgs/lib/pkgconfig:${PKG_CONFIG_PATH} PYTHONPATH=/home/ubuntu/environment/aws-robomaker-testcase-framework/simulation_ws/install/recorder_msgs/lib/python2.7/dist-packages:/home/ubuntu/environment/aws-robomaker-testcase-framework/simulation_ws/install/file_uploader_msgs/lib/python2.7/dist-packages:${PYTHONPATH} ROS_PACKAGE_PATH=/home/ubuntu/environment/aws-robomaker-testcase-framework/simulation_ws/install/recorder_msgs/share:/home/ubuntu/environment/aws-robomaker-testcase-framework/simulation_ws/install/file_uploader_msgs/share:${ROS_PACKAGE_PATH} /usr/bin/cmake --build /home/ubuntu/environment/aws-robomaker-testcase-framework/simulation_ws/build/rosbag_cloud_recorders -- -j2 -l2
[4.459s] [35m[1mScanning dependencies of target file_uploader_msgs_generate_messages_eus[0m
[4.475s] [35m[1mScanning dependencies of target file_uploader_msgs_generate_messages_py[0m
[4.499s] [  0%] Built target file_uploader_msgs_generate_messages_py
[4.500s] [  0%] Built target file_uploader_msgs_generate_messages_eus
[4.515s] [35m[1mScanning dependencies of target actionlib_msgs_generate_messages_py[0m
[4.525s] [35m[1mScanning dependencies of target roscpp_generate_messages_lisp[0m
[4.537s] [  0%] Built target actionlib_msgs_generate_messages_py
[4.550s] [  0%] Built target roscpp_generate_messages_lisp
[4.572s] [35m[1mScanning dependencies of target topic_tools_generate_messages_cpp[0m
[4.574s] [35m[1mScanning dependencies of target _catkin_empty_exported_target[0m
[4.589s] [  0%] Built target _catkin_empty_exported_target
[4.601s] [  0%] Built target topic_tools_generate_messages_cpp
[4.616s] [35m[1mScanning dependencies of target std_msgs_generate_messages_py[0m
[4.639s] [35m[1mScanning dependencies of target file_uploader_msgs_generate_messages_lisp[0m
[4.642s] [  0%] Built target std_msgs_generate_messages_py
[4.655s] [  0%] Built target file_uploader_msgs_generate_messages_lisp
[4.670s] [35m[1mScanning dependencies of target roscpp_generate_messages_nodejs[0m
[4.672s] [35m[1mScanning dependencies of target std_msgs_generate_messages_nodejs[0m
[4.695s] [  0%] Built target roscpp_generate_messages_nodejs
[4.696s] [  0%] Built target std_msgs_generate_messages_nodejs
[4.716s] [35m[1mScanning dependencies of target rosgraph_msgs_generate_messages_lisp[0m
[4.718s] [35m[1mScanning dependencies of target std_msgs_generate_messages_lisp[0m
[4.738s] [  0%] Built target std_msgs_generate_messages_lisp
[4.744s] [  0%] Built target rosgraph_msgs_generate_messages_lisp
[4.758s] [35m[1mScanning dependencies of target std_msgs_generate_messages_cpp[0m
[4.770s] [35m[1mScanning dependencies of target roscpp_generate_messages_cpp[0m
[4.790s] [  0%] Built target std_msgs_generate_messages_cpp
[4.793s] [  0%] Built target roscpp_generate_messages_cpp
[4.808s] [35m[1mScanning dependencies of target actionlib_generate_messages_lisp[0m
[4.818s] [35m[1mScanning dependencies of target actionlib_generate_messages_eus[0m
[4.839s] [  0%] Built target actionlib_generate_messages_lisp
[4.841s] [  0%] Built target actionlib_generate_messages_eus
[4.865s] [35m[1mScanning dependencies of target rosgraph_msgs_generate_messages_nodejs[0m
[4.865s] [35m[1mScanning dependencies of target actionlib_generate_messages_nodejs[0m
[4.891s] [  0%] Built target rosgraph_msgs_generate_messages_nodejs
[4.894s] [  0%] Built target actionlib_generate_messages_nodejs
[4.911s] [35m[1mScanning dependencies of target topic_tools_generate_messages_nodejs[0m
[4.925s] [  0%] Built target topic_tools_generate_messages_nodejs
[4.939s] [35m[1mScanning dependencies of target rosgraph_msgs_generate_messages_eus[0m
[4.942s] [35m[1mScanning dependencies of target actionlib_generate_messages_py[0m
[4.955s] [  0%] Built target rosgraph_msgs_generate_messages_eus
[4.970s] [35m[1mScanning dependencies of target actionlib_msgs_generate_messages_cpp[0m
[4.984s] [  0%] Built target actionlib_msgs_generate_messages_cpp
[4.989s] [  0%] Built target actionlib_generate_messages_py
[4.997s] [35m[1mScanning dependencies of target roscpp_generate_messages_eus[0m
[5.015s] [  0%] Built target roscpp_generate_messages_eus
[5.021s] [35m[1mScanning dependencies of target rosgraph_msgs_generate_messages_py[0m
[5.043s] [  0%] Built target rosgraph_msgs_generate_messages_py
[5.045s] [35m[1mScanning dependencies of target actionlib_msgs_generate_messages_eus[0m
[5.060s] [35m[1mScanning dependencies of target actionlib_msgs_generate_messages_lisp[0m
[5.085s] [  0%] Built target actionlib_msgs_generate_messages_lisp
[5.086s] [  0%] Built target actionlib_msgs_generate_messages_eus
[5.102s] [35m[1mScanning dependencies of target recorder_msgs_generate_messages_lisp[0m
[5.117s] [  0%] Built target recorder_msgs_generate_messages_lisp
[5.129s] [35m[1mScanning dependencies of target recorder_msgs_generate_messages_cpp[0m
[5.146s] [  0%] Built target recorder_msgs_generate_messages_cpp
[5.161s] [35m[1mScanning dependencies of target rosgraph_msgs_generate_messages_cpp[0m
[5.183s] [  0%] Built target rosgraph_msgs_generate_messages_cpp
[5.189s] [35m[1mScanning dependencies of target recorder_msgs_generate_messages_nodejs[0m
[5.206s] [  0%] Built target recorder_msgs_generate_messages_nodejs
[5.227s] [35m[1mScanning dependencies of target topic_tools_generate_messages_eus[0m
[5.233s] [35m[1mScanning dependencies of target recorder_msgs_generate_messages_py[0m
[5.250s] [  0%] Built target recorder_msgs_generate_messages_py
[5.270s] [35m[1mScanning dependencies of target topic_tools_generate_messages_lisp[0m
[5.277s] [  0%] Built target topic_tools_generate_messages_eus
[5.293s] [35m[1mScanning dependencies of target actionlib_msgs_generate_messages_nodejs[0m
[5.311s] [  0%] Built target actionlib_msgs_generate_messages_nodejs
[5.324s] [  0%] Built target topic_tools_generate_messages_lisp
[5.340s] [35m[1mScanning dependencies of target roscpp_generate_messages_py[0m
[5.367s] [35m[1mScanning dependencies of target topic_tools_generate_messages_py[0m
[5.367s] [  0%] Built target roscpp_generate_messages_py
[5.385s] [  0%] Built target topic_tools_generate_messages_py
[5.399s] [35m[1mScanning dependencies of target actionlib_generate_messages_cpp[0m
[5.414s] [  0%] Built target actionlib_generate_messages_cpp
[5.439s] [35m[1mScanning dependencies of target file_uploader_msgs_generate_messages_cpp[0m
[5.441s] [35m[1mScanning dependencies of target recorder_msgs_generate_messages_eus[0m
[5.458s] [  0%] Built target recorder_msgs_generate_messages_eus
[5.473s] [  0%] Built target file_uploader_msgs_generate_messages_cpp
[5.488s] [35m[1mScanning dependencies of target file_uploader_msgs_generate_messages_nodejs[0m
[5.511s] [35m[1mScanning dependencies of target std_msgs_generate_messages_eus[0m
[5.516s] [  0%] Built target file_uploader_msgs_generate_messages_nodejs
[5.530s] [  0%] Built target std_msgs_generate_messages_eus
[5.549s] [35m[1mScanning dependencies of target rosbag_cloud_recorders_lib[0m
[5.647s] [  9%] [32mBuilding CXX object CMakeFiles/rosbag_cloud_recorders_lib.dir/src/duration_recorder/duration_recorder.cpp.o[0m
[5.659s] [ 18%] [32mBuilding CXX object CMakeFiles/rosbag_cloud_recorders_lib.dir/src/rolling_recorder/rolling_recorder.cpp.o[0m
[18.869s] [ 27%] [32mBuilding CXX object CMakeFiles/rosbag_cloud_recorders_lib.dir/src/utils/file_utils.cpp.o[0m
[20.775s] [ 36%] [32mBuilding CXX object CMakeFiles/rosbag_cloud_recorders_lib.dir/src/utils/periodic_file_deleter.cpp.o[0m
[26.812s] [ 45%] [32mBuilding CXX object CMakeFiles/rosbag_cloud_recorders_lib.dir/src/utils/recorder.cpp.o[0m
[36.332s] [ 54%] [32mBuilding CXX object CMakeFiles/rosbag_cloud_recorders_lib.dir/src/utils/s3_client_utils.cpp.o[0m
[40.022s] [ 63%] [32m[1mLinking CXX shared library devel/lib/librosbag_cloud_recorders_lib.so[0m
[40.915s] [ 63%] Built target rosbag_cloud_recorders_lib
[40.932s] [35m[1mScanning dependencies of target duration_recorder[0m
[40.982s] [ 72%] [32mBuilding CXX object CMakeFiles/duration_recorder.dir/src/duration_recorder/main.cpp.o[0m
[48.390s] [ 81%] [32m[1mLinking CXX executable devel/lib/rosbag_cloud_recorders/duration_recorder[0m
[48.943s] [ 81%] Built target duration_recorder
[48.959s] [35m[1mScanning dependencies of target rolling_recorder[0m
[49.010s] [ 90%] [32mBuilding CXX object CMakeFiles/rolling_recorder.dir/src/rolling_recorder/main.cpp.o[0m
[59.412s] [100%] [32m[1mLinking CXX executable devel/lib/rosbag_cloud_recorders/rolling_recorder[0m
[59.412s] [100%] Built target rolling_recorder
[59.413s] Invoked command in '/home/ubuntu/environment/aws-robomaker-testcase-framework/simulation_ws/build/rosbag_cloud_recorders' returned '0': CMAKE_PREFIX_PATH=/home/ubuntu/environment/aws-robomaker-testcase-framework/simulation_ws/install/recorder_msgs:/home/ubuntu/environment/aws-robomaker-testcase-framework/simulation_ws/install/file_uploader_msgs:${CMAKE_PREFIX_PATH} PKG_CONFIG_PATH=/home/ubuntu/environment/aws-robomaker-testcase-framework/simulation_ws/install/recorder_msgs/lib/x86_64-linux-gnu/pkgconfig:/home/ubuntu/environment/aws-robomaker-testcase-framework/simulation_ws/install/recorder_msgs/lib/pkgconfig:/home/ubuntu/environment/aws-robomaker-testcase-framework/simulation_ws/install/file_uploader_msgs/lib/x86_64-linux-gnu/pkgconfig:/home/ubuntu/environment/aws-robomaker-testcase-framework/simulation_ws/install/file_uploader_msgs/lib/pkgconfig:${PKG_CONFIG_PATH} PYTHONPATH=/home/ubuntu/environment/aws-robomaker-testcase-framework/simulation_ws/install/recorder_msgs/lib/python2.7/dist-packages:/home/ubuntu/environment/aws-robomaker-testcase-framework/simulation_ws/install/file_uploader_msgs/lib/python2.7/dist-packages:${PYTHONPATH} ROS_PACKAGE_PATH=/home/ubuntu/environment/aws-robomaker-testcase-framework/simulation_ws/install/recorder_msgs/share:/home/ubuntu/environment/aws-robomaker-testcase-framework/simulation_ws/install/file_uploader_msgs/share:${ROS_PACKAGE_PATH} /usr/bin/cmake --build /home/ubuntu/environment/aws-robomaker-testcase-framework/simulation_ws/build/rosbag_cloud_recorders -- -j2 -l2
[59.414s] Invoking command in '/home/ubuntu/environment/aws-robomaker-testcase-framework/simulation_ws/build/rosbag_cloud_recorders': CMAKE_PREFIX_PATH=/home/ubuntu/environment/aws-robomaker-testcase-framework/simulation_ws/install/recorder_msgs:/home/ubuntu/environment/aws-robomaker-testcase-framework/simulation_ws/install/file_uploader_msgs:${CMAKE_PREFIX_PATH} PKG_CONFIG_PATH=/home/ubuntu/environment/aws-robomaker-testcase-framework/simulation_ws/install/recorder_msgs/lib/x86_64-linux-gnu/pkgconfig:/home/ubuntu/environment/aws-robomaker-testcase-framework/simulation_ws/install/recorder_msgs/lib/pkgconfig:/home/ubuntu/environment/aws-robomaker-testcase-framework/simulation_ws/install/file_uploader_msgs/lib/x86_64-linux-gnu/pkgconfig:/home/ubuntu/environment/aws-robomaker-testcase-framework/simulation_ws/install/file_uploader_msgs/lib/pkgconfig:${PKG_CONFIG_PATH} PYTHONPATH=/home/ubuntu/environment/aws-robomaker-testcase-framework/simulation_ws/install/recorder_msgs/lib/python2.7/dist-packages:/home/ubuntu/environment/aws-robomaker-testcase-framework/simulation_ws/install/file_uploader_msgs/lib/python2.7/dist-packages:${PYTHONPATH} ROS_PACKAGE_PATH=/home/ubuntu/environment/aws-robomaker-testcase-framework/simulation_ws/install/recorder_msgs/share:/home/ubuntu/environment/aws-robomaker-testcase-framework/simulation_ws/install/file_uploader_msgs/share:${ROS_PACKAGE_PATH} /usr/bin/cmake --build /home/ubuntu/environment/aws-robomaker-testcase-framework/simulation_ws/build/rosbag_cloud_recorders --target tests -- -j2 -l2
[59.414s] [35m[1mScanning dependencies of target gmock[0m
[59.414s] [  3%] [32mBuilding CXX object gtest/googlemock/CMakeFiles/gmock.dir/__/googletest/src/gtest-all.cc.o[0m
[61.720s] [  6%] [32mBuilding CXX object gtest/googlemock/CMakeFiles/gmock.dir/src/gmock-all.cc.o[0m
[63.733s] [ 10%] [32m[1mLinking CXX shared library libgmock.so[0m
[63.948s] [ 10%] Built target gmock
[63.963s] [35m[1mScanning dependencies of target gtest[0m
[63.991s] [ 13%] [32mBuilding CXX object gtest/googlemock/gtest/CMakeFiles/gtest.dir/src/gtest-all.cc.o[0m
[67.490s] [ 17%] [32m[1mLinking CXX shared library libgtest.so[0m
[67.667s] [ 17%] Built target gtest
[67.697s] [ 17%] Built target file_uploader_msgs_generate_messages_py
[67.725s] [ 17%] Built target file_uploader_msgs_generate_messages_eus
[67.754s] [ 17%] Built target actionlib_msgs_generate_messages_py
[67.783s] [ 17%] Built target roscpp_generate_messages_lisp
[67.811s] [ 17%] Built target topic_tools_generate_messages_cpp
[67.839s] [ 17%] Built target _catkin_empty_exported_target
[67.868s] [ 17%] Built target file_uploader_msgs_generate_messages_lisp
[67.896s] [ 17%] Built target std_msgs_generate_messages_py
[67.924s] [ 17%] Built target std_msgs_generate_messages_nodejs
[67.952s] [ 17%] Built target roscpp_generate_messages_nodejs
[67.981s] [ 17%] Built target std_msgs_generate_messages_lisp
[68.009s] [ 17%] Built target rosgraph_msgs_generate_messages_lisp
[68.038s] [ 17%] Built target roscpp_generate_messages_cpp
[68.067s] [ 17%] Built target std_msgs_generate_messages_cpp
[68.096s] [ 17%] Built target actionlib_generate_messages_eus
[68.125s] [ 17%] Built target actionlib_generate_messages_lisp
[68.153s] [ 17%] Built target rosgraph_msgs_generate_messages_nodejs
[68.186s] [ 17%] Built target actionlib_generate_messages_nodejs
[68.215s] [ 17%] Built target actionlib_generate_messages_py
[68.243s] [ 17%] Built target topic_tools_generate_messages_nodejs
[68.271s] [ 17%] Built target rosgraph_msgs_generate_messages_eus
[68.300s] [ 17%] Built target actionlib_msgs_generate_messages_cpp
[68.328s] [ 17%] Built target roscpp_generate_messages_eus
[68.357s] [ 17%] Built target rosgraph_msgs_generate_messages_py
[68.386s] [ 17%] Built target actionlib_msgs_generate_messages_eus
[68.415s] [ 17%] Built target actionlib_msgs_generate_messages_lisp
[68.444s] [ 17%] Built target recorder_msgs_generate_messages_cpp
[68.473s] [ 17%] Built target recorder_msgs_generate_messages_lisp
[68.502s] [ 17%] Built target recorder_msgs_generate_messages_nodejs
[68.532s] [ 17%] Built target rosgraph_msgs_generate_messages_cpp
[68.560s] [ 17%] Built target recorder_msgs_generate_messages_py
[68.590s] [ 17%] Built target topic_tools_generate_messages_eus
[68.618s] [ 17%] Built target topic_tools_generate_messages_lisp
[68.648s] [ 17%] Built target actionlib_msgs_generate_messages_nodejs
[68.676s] [ 17%] Built target topic_tools_generate_messages_py
[68.705s] [ 17%] Built target roscpp_generate_messages_py
[68.733s] [ 17%] Built target actionlib_generate_messages_cpp
[68.762s] [ 17%] Built target recorder_msgs_generate_messages_eus
[68.795s] [ 17%] Built target file_uploader_msgs_generate_messages_cpp
[68.822s] [ 17%] Built target std_msgs_generate_messages_eus
[68.852s] [ 17%] Built target file_uploader_msgs_generate_messages_nodejs
[68.868s] [35m[1mScanning dependencies of target gmock_main[0m
[68.909s] [ 20%] [32mBuilding CXX object gtest/googlemock/CMakeFiles/gmock_main.dir/__/googletest/src/gtest-all.cc.o[0m
[71.268s] [ 24%] [32mBuilding CXX object gtest/googlemock/CMakeFiles/gmock_main.dir/src/gmock-all.cc.o[0m
[72.549s] [ 27%] [32mBuilding CXX object gtest/googlemock/CMakeFiles/gmock_main.dir/src/gmock_main.cc.o[0m
[73.209s] [ 31%] [32m[1mLinking CXX shared library libgmock_main.so[0m
[73.345s] [ 31%] Built target gmock_main
[73.378s] [ 55%] Built target rosbag_cloud_recorders_lib
[73.393s] [35m[1mScanning dependencies of target test_rolling_recorder_action_server_handler[0m
[73.394s] [35m[1mScanning dependencies of target test_utils[0m
[73.446s] [ 58%] [32mBuilding CXX object CMakeFiles/test_utils.dir/test/utils/utils_test.cpp.o[0m
[73.460s] [ 62%] [32mBuilding CXX object CMakeFiles/test_rolling_recorder_action_server_handler.dir/test/rolling_recorder_action_server_handler_test.cpp.o[0m
[74.221s] [ 65%] [32mBuilding CXX object CMakeFiles/test_utils.dir/test/utils/file_utils_test.cpp.o[0m
[80.060s] [ 68%] [32mBuilding CXX object CMakeFiles/test_utils.dir/test/utils/periodic_file_deleter_test.cpp.o[0m
[83.770s] [ 72%] [32m[1mLinking CXX executable devel/lib/rosbag_cloud_recorders/test_rolling_recorder_action_server_handler[0m
[84.496s] [ 72%] Built target test_rolling_recorder_action_server_handler
[84.512s] [35m[1mScanning dependencies of target test_duration_recorder_action_server_handler[0m
[84.568s] [ 75%] [32mBuilding CXX object CMakeFiles/test_duration_recorder_action_server_handler.dir/test/duration_recorder_action_server_handler_test.cpp.o[0m
[84.613s] [ 79%] [32mBuilding CXX object CMakeFiles/test_utils.dir/test/utils/rosbag_recorder.cpp.o[0m
[90.995s] [ 82%] [32m[1mLinking CXX executable devel/lib/rosbag_cloud_recorders/test_utils[0m
[91.568s] [ 82%] Built target test_utils
[91.585s] [35m[1mScanning dependencies of target test_rolling_recorder[0m
[91.649s] [ 86%] [32mBuilding CXX object CMakeFiles/test_rolling_recorder.dir/test/rolling_recorder_test.cpp.o[0m
[94.030s] [ 89%] [32m[1mLinking CXX executable devel/lib/rosbag_cloud_recorders/test_duration_recorder_action_server_handler[0m
[94.685s] [ 89%] Built target test_duration_recorder_action_server_handler
[94.701s] [35m[1mScanning dependencies of target test_duration_recorder[0m
[94.761s] [ 93%] [32mBuilding CXX object CMakeFiles/test_duration_recorder.dir/test/duration_recorder_test.cpp.o[0m
[101.488s] [ 96%] [32m[1mLinking CXX executable devel/lib/rosbag_cloud_recorders/test_rolling_recorder[0m
[102.165s] [ 96%] Built target test_rolling_recorder
[103.240s] [100%] [32m[1mLinking CXX executable devel/lib/rosbag_cloud_recorders/test_duration_recorder[0m
[103.657s] [100%] Built target test_duration_recorder
[103.667s] [35m[1mScanning dependencies of target tests[0m
[103.677s] [100%] Built target tests
[103.688s] Invoked command in '/home/ubuntu/environment/aws-robomaker-testcase-framework/simulation_ws/build/rosbag_cloud_recorders' returned '0': CMAKE_PREFIX_PATH=/home/ubuntu/environment/aws-robomaker-testcase-framework/simulation_ws/install/recorder_msgs:/home/ubuntu/environment/aws-robomaker-testcase-framework/simulation_ws/install/file_uploader_msgs:${CMAKE_PREFIX_PATH} PKG_CONFIG_PATH=/home/ubuntu/environment/aws-robomaker-testcase-framework/simulation_ws/install/recorder_msgs/lib/x86_64-linux-gnu/pkgconfig:/home/ubuntu/environment/aws-robomaker-testcase-framework/simulation_ws/install/recorder_msgs/lib/pkgconfig:/home/ubuntu/environment/aws-robomaker-testcase-framework/simulation_ws/install/file_uploader_msgs/lib/x86_64-linux-gnu/pkgconfig:/home/ubuntu/environment/aws-robomaker-testcase-framework/simulation_ws/install/file_uploader_msgs/lib/pkgconfig:${PKG_CONFIG_PATH} PYTHONPATH=/home/ubuntu/environment/aws-robomaker-testcase-framework/simulation_ws/install/recorder_msgs/lib/python2.7/dist-packages:/home/ubuntu/environment/aws-robomaker-testcase-framework/simulation_ws/install/file_uploader_msgs/lib/python2.7/dist-packages:${PYTHONPATH} ROS_PACKAGE_PATH=/home/ubuntu/environment/aws-robomaker-testcase-framework/simulation_ws/install/recorder_msgs/share:/home/ubuntu/environment/aws-robomaker-testcase-framework/simulation_ws/install/file_uploader_msgs/share:${ROS_PACKAGE_PATH} /usr/bin/cmake --build /home/ubuntu/environment/aws-robomaker-testcase-framework/simulation_ws/build/rosbag_cloud_recorders --target tests -- -j2 -l2
[103.787s] Invoking command in '/home/ubuntu/environment/aws-robomaker-testcase-framework/simulation_ws/build/rosbag_cloud_recorders': CMAKE_PREFIX_PATH=/home/ubuntu/environment/aws-robomaker-testcase-framework/simulation_ws/install/recorder_msgs:/home/ubuntu/environment/aws-robomaker-testcase-framework/simulation_ws/install/file_uploader_msgs:${CMAKE_PREFIX_PATH} PKG_CONFIG_PATH=/home/ubuntu/environment/aws-robomaker-testcase-framework/simulation_ws/install/recorder_msgs/lib/x86_64-linux-gnu/pkgconfig:/home/ubuntu/environment/aws-robomaker-testcase-framework/simulation_ws/install/recorder_msgs/lib/pkgconfig:/home/ubuntu/environment/aws-robomaker-testcase-framework/simulation_ws/install/file_uploader_msgs/lib/x86_64-linux-gnu/pkgconfig:/home/ubuntu/environment/aws-robomaker-testcase-framework/simulation_ws/install/file_uploader_msgs/lib/pkgconfig:${PKG_CONFIG_PATH} PYTHONPATH=/home/ubuntu/environment/aws-robomaker-testcase-framework/simulation_ws/install/recorder_msgs/lib/python2.7/dist-packages:/home/ubuntu/environment/aws-robomaker-testcase-framework/simulation_ws/install/file_uploader_msgs/lib/python2.7/dist-packages:${PYTHONPATH} ROS_PACKAGE_PATH=/home/ubuntu/environment/aws-robomaker-testcase-framework/simulation_ws/install/recorder_msgs/share:/home/ubuntu/environment/aws-robomaker-testcase-framework/simulation_ws/install/file_uploader_msgs/share:${ROS_PACKAGE_PATH} /usr/bin/cmake --build /home/ubuntu/environment/aws-robomaker-testcase-framework/simulation_ws/build/rosbag_cloud_recorders --target install -- -j2 -l2
[103.851s] [  0%] Built target file_uploader_msgs_generate_messages_py
[103.852s] [  0%] Built target file_uploader_msgs_generate_messages_eus
[103.880s] [  0%] Built target roscpp_generate_messages_lisp
[103.880s] [  0%] Built target actionlib_msgs_generate_messages_py
[103.908s] [  0%] Built target _catkin_empty_exported_target
[103.909s] [  0%] Built target topic_tools_generate_messages_cpp
[103.937s] [  0%] Built target file_uploader_msgs_generate_messages_lisp
[103.938s] [  0%] Built target std_msgs_generate_messages_py
[103.966s] [  0%] Built target std_msgs_generate_messages_nodejs
[103.966s] [  0%] Built target roscpp_generate_messages_nodejs
[103.995s] [  0%] Built target rosgraph_msgs_generate_messages_lisp
[103.995s] [  0%] Built target std_msgs_generate_messages_lisp
[104.022s] [  0%] Built target roscpp_generate_messages_cpp
[104.033s] [  0%] Built target std_msgs_generate_messages_cpp
[104.051s] [  0%] Built target actionlib_generate_messages_eus
[104.062s] [  0%] Built target actionlib_generate_messages_lisp
[104.080s] [  0%] Built target rosgraph_msgs_generate_messages_nodejs
[104.091s] [  0%] Built target actionlib_generate_messages_nodejs
[104.109s] [  0%] Built target actionlib_generate_messages_py
[104.119s] [  0%] Built target topic_tools_generate_messages_nodejs
[104.138s] [  0%] Built target rosgraph_msgs_generate_messages_eus
[104.148s] [  0%] Built target actionlib_msgs_generate_messages_cpp
[104.166s] [  0%] Built target roscpp_generate_messages_eus
[104.177s] [  0%] Built target rosgraph_msgs_generate_messages_py
[104.195s] [  0%] Built target actionlib_msgs_generate_messages_eus
[104.206s] [  0%] Built target actionlib_msgs_generate_messages_lisp
[104.224s] [  0%] Built target recorder_msgs_generate_messages_cpp
[104.235s] [  0%] Built target recorder_msgs_generate_messages_lisp
[104.253s] [  0%] Built target recorder_msgs_generate_messages_nodejs
[104.263s] [  0%] Built target rosgraph_msgs_generate_messages_cpp
[104.281s] [  0%] Built target recorder_msgs_generate_messages_py
[104.292s] [  0%] Built target topic_tools_generate_messages_eus
[104.310s] [  0%] Built target topic_tools_generate_messages_lisp
[104.321s] [  0%] Built target actionlib_msgs_generate_messages_nodejs
[104.338s] [  0%] Built target topic_tools_generate_messages_py
[104.349s] [  0%] Built target roscpp_generate_messages_py
[104.367s] [  0%] Built target actionlib_generate_messages_cpp
[104.378s] [  0%] Built target recorder_msgs_generate_messages_eus
[104.395s] [  0%] Built target file_uploader_msgs_generate_messages_cpp
[104.407s] [  0%] Built target std_msgs_generate_messages_eus
[104.419s] [  0%] Built target file_uploader_msgs_generate_messages_nodejs
[104.450s] [ 63%] Built target rosbag_cloud_recorders_lib
[104.476s] [ 81%] Built target duration_recorder
[104.502s] [100%] Built target rolling_recorder
[104.523s] [36mInstall the project...[0m
[104.532s] -- Install configuration: ""
[104.532s] -- Installing: /home/ubuntu/environment/aws-robomaker-testcase-framework/simulation_ws/install/rosbag_cloud_recorders/lib/pkgconfig/rosbag_cloud_recorders.pc
[104.532s] -- Installing: /home/ubuntu/environment/aws-robomaker-testcase-framework/simulation_ws/install/rosbag_cloud_recorders/share/rosbag_cloud_recorders/cmake/rosbag_cloud_recordersConfig.cmake
[104.533s] -- Installing: /home/ubuntu/environment/aws-robomaker-testcase-framework/simulation_ws/install/rosbag_cloud_recorders/share/rosbag_cloud_recorders/cmake/rosbag_cloud_recordersConfig-version.cmake
[104.533s] -- Installing: /home/ubuntu/environment/aws-robomaker-testcase-framework/simulation_ws/install/rosbag_cloud_recorders/share/rosbag_cloud_recorders/package.xml
[104.533s] -- Installing: /home/ubuntu/environment/aws-robomaker-testcase-framework/simulation_ws/install/rosbag_cloud_recorders/lib/rosbag_cloud_recorders/duration_recorder
[104.535s] -- Set runtime path of "/home/ubuntu/environment/aws-robomaker-testcase-framework/simulation_ws/install/rosbag_cloud_recorders/lib/rosbag_cloud_recorders/duration_recorder" to ""
[104.536s] -- Installing: /home/ubuntu/environment/aws-robomaker-testcase-framework/simulation_ws/install/rosbag_cloud_recorders/lib/rosbag_cloud_recorders/rolling_recorder
[104.538s] -- Set runtime path of "/home/ubuntu/environment/aws-robomaker-testcase-framework/simulation_ws/install/rosbag_cloud_recorders/lib/rosbag_cloud_recorders/rolling_recorder" to ""
[104.538s] -- Installing: /home/ubuntu/environment/aws-robomaker-testcase-framework/simulation_ws/install/rosbag_cloud_recorders/lib/librosbag_cloud_recorders_lib.so
[104.545s] -- Set runtime path of "/home/ubuntu/environment/aws-robomaker-testcase-framework/simulation_ws/install/rosbag_cloud_recorders/lib/librosbag_cloud_recorders_lib.so" to ""
[104.545s] -- Installing: /home/ubuntu/environment/aws-robomaker-testcase-framework/simulation_ws/install/rosbag_cloud_recorders/include
[104.545s] -- Installing: /home/ubuntu/environment/aws-robomaker-testcase-framework/simulation_ws/install/rosbag_cloud_recorders/include/rosbag_cloud_recorders
[104.545s] -- Installing: /home/ubuntu/environment/aws-robomaker-testcase-framework/simulation_ws/install/rosbag_cloud_recorders/include/rosbag_cloud_recorders/rolling_recorder
[104.546s] -- Installing: /home/ubuntu/environment/aws-robomaker-testcase-framework/simulation_ws/install/rosbag_cloud_recorders/include/rosbag_cloud_recorders/rolling_recorder/rolling_recorder_action_server_handler.h
[104.546s] -- Installing: /home/ubuntu/environment/aws-robomaker-testcase-framework/simulation_ws/install/rosbag_cloud_recorders/include/rosbag_cloud_recorders/rolling_recorder/rolling_recorder.h
[104.546s] -- Installing: /home/ubuntu/environment/aws-robomaker-testcase-framework/simulation_ws/install/rosbag_cloud_recorders/include/rosbag_cloud_recorders/utils
[104.546s] -- Installing: /home/ubuntu/environment/aws-robomaker-testcase-framework/simulation_ws/install/rosbag_cloud_recorders/include/rosbag_cloud_recorders/utils/recorder.h
[104.547s] -- Installing: /home/ubuntu/environment/aws-robomaker-testcase-framework/simulation_ws/install/rosbag_cloud_recorders/include/rosbag_cloud_recorders/utils/rosbag_recorder.h
[104.547s] -- Installing: /home/ubuntu/environment/aws-robomaker-testcase-framework/simulation_ws/install/rosbag_cloud_recorders/include/rosbag_cloud_recorders/utils/s3_client_utils.h
[104.547s] -- Installing: /home/ubuntu/environment/aws-robomaker-testcase-framework/simulation_ws/install/rosbag_cloud_recorders/include/rosbag_cloud_recorders/utils/file_utils.h
[104.548s] -- Installing: /home/ubuntu/environment/aws-robomaker-testcase-framework/simulation_ws/install/rosbag_cloud_recorders/include/rosbag_cloud_recorders/utils/periodic_file_deleter.h
[104.548s] -- Installing: /home/ubuntu/environment/aws-robomaker-testcase-framework/simulation_ws/install/rosbag_cloud_recorders/include/rosbag_cloud_recorders/duration_recorder
[104.548s] -- Installing: /home/ubuntu/environment/aws-robomaker-testcase-framework/simulation_ws/install/rosbag_cloud_recorders/include/rosbag_cloud_recorders/duration_recorder/duration_recorder_action_server_handler.h
[104.548s] -- Installing: /home/ubuntu/environment/aws-robomaker-testcase-framework/simulation_ws/install/rosbag_cloud_recorders/include/rosbag_cloud_recorders/duration_recorder/duration_recorder.h
[104.548s] -- Installing: /home/ubuntu/environment/aws-robomaker-testcase-framework/simulation_ws/install/rosbag_cloud_recorders/include/rosbag_cloud_recorders/recorder_common_error_codes.h
[104.548s] -- Installing: /home/ubuntu/environment/aws-robomaker-testcase-framework/simulation_ws/install/rosbag_cloud_recorders/share/rosbag_cloud_recorders/config
[104.549s] -- Installing: /home/ubuntu/environment/aws-robomaker-testcase-framework/simulation_ws/install/rosbag_cloud_recorders/share/rosbag_cloud_recorders/config/rolling_recorder_sample_configuration.yaml
[104.549s] -- Installing: /home/ubuntu/environment/aws-robomaker-testcase-framework/simulation_ws/install/rosbag_cloud_recorders/share/rosbag_cloud_recorders/config/duration_recorder_sample_configuration.yaml
[104.549s] -- Installing: /home/ubuntu/environment/aws-robomaker-testcase-framework/simulation_ws/install/rosbag_cloud_recorders/share/rosbag_cloud_recorders/launch
[104.549s] -- Installing: /home/ubuntu/environment/aws-robomaker-testcase-framework/simulation_ws/install/rosbag_cloud_recorders/share/rosbag_cloud_recorders/launch/rolling_recorder.launch
[104.549s] -- Installing: /home/ubuntu/environment/aws-robomaker-testcase-framework/simulation_ws/install/rosbag_cloud_recorders/share/rosbag_cloud_recorders/launch/rolling_recorder_sample.launch
[104.549s] -- Installing: /home/ubuntu/environment/aws-robomaker-testcase-framework/simulation_ws/install/rosbag_cloud_recorders/share/rosbag_cloud_recorders/launch/duration_recorder_sample.launch
[104.549s] -- Installing: /home/ubuntu/environment/aws-robomaker-testcase-framework/simulation_ws/install/rosbag_cloud_recorders/share/rosbag_cloud_recorders/launch/duration_recorder.launch
[104.560s] Invoked command in '/home/ubuntu/environment/aws-robomaker-testcase-framework/simulation_ws/build/rosbag_cloud_recorders' returned '0': CMAKE_PREFIX_PATH=/home/ubuntu/environment/aws-robomaker-testcase-framework/simulation_ws/install/recorder_msgs:/home/ubuntu/environment/aws-robomaker-testcase-framework/simulation_ws/install/file_uploader_msgs:${CMAKE_PREFIX_PATH} PKG_CONFIG_PATH=/home/ubuntu/environment/aws-robomaker-testcase-framework/simulation_ws/install/recorder_msgs/lib/x86_64-linux-gnu/pkgconfig:/home/ubuntu/environment/aws-robomaker-testcase-framework/simulation_ws/install/recorder_msgs/lib/pkgconfig:/home/ubuntu/environment/aws-robomaker-testcase-framework/simulation_ws/install/file_uploader_msgs/lib/x86_64-linux-gnu/pkgconfig:/home/ubuntu/environment/aws-robomaker-testcase-framework/simulation_ws/install/file_uploader_msgs/lib/pkgconfig:${PKG_CONFIG_PATH} PYTHONPATH=/home/ubuntu/environment/aws-robomaker-testcase-framework/simulation_ws/install/recorder_msgs/lib/python2.7/dist-packages:/home/ubuntu/environment/aws-robomaker-testcase-framework/simulation_ws/install/file_uploader_msgs/lib/python2.7/dist-packages:${PYTHONPATH} ROS_PACKAGE_PATH=/home/ubuntu/environment/aws-robomaker-testcase-framework/simulation_ws/install/recorder_msgs/share:/home/ubuntu/environment/aws-robomaker-testcase-framework/simulation_ws/install/file_uploader_msgs/share:${ROS_PACKAGE_PATH} /usr/bin/cmake --build /home/ubuntu/environment/aws-robomaker-testcase-framework/simulation_ws/build/rosbag_cloud_recorders --target install -- -j2 -l2
