[  0%] Built target _recorder_msgs_generate_messages_check_deps_RollingRecorderActionResult
[  0%] Built target _recorder_msgs_generate_messages_check_deps_DurationRecorderFeedback
[  0%] Built target std_msgs_generate_messages_eus
[  0%] Built target _recorder_msgs_generate_messages_check_deps_DurationRecorderGoal
[  0%] Built target actionlib_msgs_generate_messages_eus
[  0%] Built target _recorder_msgs_generate_messages_check_deps_RollingRecorderFeedback
[  0%] Built target _recorder_msgs_generate_messages_check_deps_RollingRecorderGoal
[  0%] Built target _recorder_msgs_generate_messages_check_deps_RollingRecorderResult
[  0%] Built target _recorder_msgs_generate_messages_check_deps_RollingRecorderActionGoal
[  0%] Built target _recorder_msgs_generate_messages_check_deps_DurationRecorderAction
[  0%] Built target _recorder_msgs_generate_messages_check_deps_DurationRecorderActionFeedback
[  0%] Built target _recorder_msgs_generate_messages_check_deps_RollingRecorderActionFeedback
[  0%] Built target _recorder_msgs_generate_messages_check_deps_RecorderStatus
[  0%] Built target _recorder_msgs_generate_messages_check_deps_DurationRecorderActionGoal
[  0%] Built target _recorder_msgs_generate_messages_check_deps_DurationRecorderActionResult
[  0%] Built target _recorder_msgs_generate_messages_check_deps_RecorderResult
[  0%] Built target _recorder_msgs_generate_messages_check_deps_RollingRecorderAction
[  0%] Built target _recorder_msgs_generate_messages_check_deps_DurationRecorderResult
[  0%] Built target std_msgs_generate_messages_py
[  0%] Built target actionlib_msgs_generate_messages_py
[  0%] Built target actionlib_msgs_generate_messages_lisp
[  0%] Built target std_msgs_generate_messages_lisp
[  0%] Built target std_msgs_generate_messages_nodejs
[  0%] Built target actionlib_msgs_generate_messages_nodejs
[  0%] Built target std_msgs_generate_messages_cpp
[  0%] Built target actionlib_msgs_generate_messages_cpp
[ 20%] Built target recorder_msgs_generate_messages_eus
[ 41%] Built target recorder_msgs_generate_messages_py
[ 60%] Built target recorder_msgs_generate_messages_lisp
[ 80%] Built target recorder_msgs_generate_messages_nodejs
[100%] Built target recorder_msgs_generate_messages_cpp
[100%] Built target recorder_msgs_generate_messages
Built target tests
[  0%] Built target _recorder_msgs_generate_messages_check_deps_DurationRecorderFeedback
[  0%] Built target _recorder_msgs_generate_messages_check_deps_RollingRecorderActionResult
[  0%] Built target std_msgs_generate_messages_eus
[  0%] Built target _recorder_msgs_generate_messages_check_deps_DurationRecorderGoal
[  0%] Built target actionlib_msgs_generate_messages_eus
[  0%] Built target _recorder_msgs_generate_messages_check_deps_RollingRecorderGoal
[  0%] Built target _recorder_msgs_generate_messages_check_deps_RollingRecorderFeedback
[  0%] Built target _recorder_msgs_generate_messages_check_deps_RollingRecorderResult
[  0%] Built target _recorder_msgs_generate_messages_check_deps_RollingRecorderActionGoal
[  0%] Built target _recorder_msgs_generate_messages_check_deps_DurationRecorderAction
[  0%] Built target _recorder_msgs_generate_messages_check_deps_DurationRecorderActionFeedback
[  0%] Built target _recorder_msgs_generate_messages_check_deps_RollingRecorderActionFeedback
[  0%] Built target _recorder_msgs_generate_messages_check_deps_RecorderStatus
[  0%] Built target _recorder_msgs_generate_messages_check_deps_DurationRecorderActionGoal
[  0%] Built target _recorder_msgs_generate_messages_check_deps_DurationRecorderActionResult
[  0%] Built target _recorder_msgs_generate_messages_check_deps_RecorderResult
[  0%] Built target _recorder_msgs_generate_messages_check_deps_RollingRecorderAction
[  0%] Built target _recorder_msgs_generate_messages_check_deps_DurationRecorderResult
[  0%] Built target std_msgs_generate_messages_py
[  0%] Built target actionlib_msgs_generate_messages_py
[  0%] Built target std_msgs_generate_messages_lisp
[  0%] Built target actionlib_msgs_generate_messages_lisp
[  0%] Built target std_msgs_generate_messages_nodejs
[  0%] Built target actionlib_msgs_generate_messages_nodejs
[  0%] Built target actionlib_msgs_generate_messages_cpp
[  0%] Built target std_msgs_generate_messages_cpp
[ 20%] Built target recorder_msgs_generate_messages_eus
[ 41%] Built target recorder_msgs_generate_messages_py
[ 60%] Built target recorder_msgs_generate_messages_lisp
[ 80%] Built target recorder_msgs_generate_messages_nodejs
[100%] Built target recorder_msgs_generate_messages_cpp
[100%] Built target recorder_msgs_generate_messages
[36mInstall the project...[0m
-- Install configuration: ""
-- Up-to-date: /home/ubuntu/environment/aws-robomaker-testcase-framework/simulation_ws/install/recorder_msgs/share/recorder_msgs/action/DurationRecorder.action
-- Up-to-date: /home/ubuntu/environment/aws-robomaker-testcase-framework/simulation_ws/install/recorder_msgs/share/recorder_msgs/action/RollingRecorder.action
-- Up-to-date: /home/ubuntu/environment/aws-robomaker-testcase-framework/simulation_ws/install/recorder_msgs/share/recorder_msgs/msg/DurationRecorderAction.msg
-- Up-to-date: /home/ubuntu/environment/aws-robomaker-testcase-framework/simulation_ws/install/recorder_msgs/share/recorder_msgs/msg/DurationRecorderActionGoal.msg
-- Up-to-date: /home/ubuntu/environment/aws-robomaker-testcase-framework/simulation_ws/install/recorder_msgs/share/recorder_msgs/msg/DurationRecorderActionResult.msg
-- Up-to-date: /home/ubuntu/environment/aws-robomaker-testcase-framework/simulation_ws/install/recorder_msgs/share/recorder_msgs/msg/DurationRecorderActionFeedback.msg
-- Up-to-date: /home/ubuntu/environment/aws-robomaker-testcase-framework/simulation_ws/install/recorder_msgs/share/recorder_msgs/msg/DurationRecorderGoal.msg
-- Up-to-date: /home/ubuntu/environment/aws-robomaker-testcase-framework/simulation_ws/install/recorder_msgs/share/recorder_msgs/msg/DurationRecorderResult.msg
-- Up-to-date: /home/ubuntu/environment/aws-robomaker-testcase-framework/simulation_ws/install/recorder_msgs/share/recorder_msgs/msg/DurationRecorderFeedback.msg
-- Up-to-date: /home/ubuntu/environment/aws-robomaker-testcase-framework/simulation_ws/install/recorder_msgs/share/recorder_msgs/msg/RollingRecorderAction.msg
-- Up-to-date: /home/ubuntu/environment/aws-robomaker-testcase-framework/simulation_ws/install/recorder_msgs/share/recorder_msgs/msg/RollingRecorderActionGoal.msg
-- Up-to-date: /home/ubuntu/environment/aws-robomaker-testcase-framework/simulation_ws/install/recorder_msgs/share/recorder_msgs/msg/RollingRecorderActionResult.msg
-- Up-to-date: /home/ubuntu/environment/aws-robomaker-testcase-framework/simulation_ws/install/recorder_msgs/share/recorder_msgs/msg/RollingRecorderActionFeedback.msg
-- Up-to-date: /home/ubuntu/environment/aws-robomaker-testcase-framework/simulation_ws/install/recorder_msgs/share/recorder_msgs/msg/RollingRecorderGoal.msg
-- Up-to-date: /home/ubuntu/environment/aws-robomaker-testcase-framework/simulation_ws/install/recorder_msgs/share/recorder_msgs/msg/RollingRecorderResult.msg
-- Up-to-date: /home/ubuntu/environment/aws-robomaker-testcase-framework/simulation_ws/install/recorder_msgs/share/recorder_msgs/msg/RollingRecorderFeedback.msg
-- Up-to-date: /home/ubuntu/environment/aws-robomaker-testcase-framework/simulation_ws/install/recorder_msgs/share/recorder_msgs/msg/RecorderStatus.msg
-- Up-to-date: /home/ubuntu/environment/aws-robomaker-testcase-framework/simulation_ws/install/recorder_msgs/share/recorder_msgs/msg/RecorderResult.msg
-- Up-to-date: /home/ubuntu/environment/aws-robomaker-testcase-framework/simulation_ws/install/recorder_msgs/share/recorder_msgs/cmake/recorder_msgs-msg-paths.cmake
-- Up-to-date: /home/ubuntu/environment/aws-robomaker-testcase-framework/simulation_ws/install/recorder_msgs/include/recorder_msgs
-- Up-to-date: /home/ubuntu/environment/aws-robomaker-testcase-framework/simulation_ws/install/recorder_msgs/include/recorder_msgs/DurationRecorderResult.h
-- Up-to-date: /home/ubuntu/environment/aws-robomaker-testcase-framework/simulation_ws/install/recorder_msgs/include/recorder_msgs/DurationRecorderActionResult.h
-- Up-to-date: /home/ubuntu/environment/aws-robomaker-testcase-framework/simulation_ws/install/recorder_msgs/include/recorder_msgs/RollingRecorderFeedback.h
-- Up-to-date: /home/ubuntu/environment/aws-robomaker-testcase-framework/simulation_ws/install/recorder_msgs/include/recorder_msgs/RollingRecorderActionFeedback.h
-- Up-to-date: /home/ubuntu/environment/aws-robomaker-testcase-framework/simulation_ws/install/recorder_msgs/include/recorder_msgs/RollingRecorderResult.h
-- Up-to-date: /home/ubuntu/environment/aws-robomaker-testcase-framework/simulation_ws/install/recorder_msgs/include/recorder_msgs/RollingRecorderActionGoal.h
-- Up-to-date: /home/ubuntu/environment/aws-robomaker-testcase-framework/simulation_ws/install/recorder_msgs/include/recorder_msgs/DurationRecorderActionGoal.h
-- Up-to-date: /home/ubuntu/environment/aws-robomaker-testcase-framework/simulation_ws/install/recorder_msgs/include/recorder_msgs/RollingRecorderGoal.h
-- Up-to-date: /home/ubuntu/environment/aws-robomaker-testcase-framework/simulation_ws/install/recorder_msgs/include/recorder_msgs/RollingRecorderAction.h
-- Up-to-date: /home/ubuntu/environment/aws-robomaker-testcase-framework/simulation_ws/install/recorder_msgs/include/recorder_msgs/RecorderResult.h
-- Up-to-date: /home/ubuntu/environment/aws-robomaker-testcase-framework/simulation_ws/install/recorder_msgs/include/recorder_msgs/DurationRecorderGoal.h
-- Up-to-date: /home/ubuntu/environment/aws-robomaker-testcase-framework/simulation_ws/install/recorder_msgs/include/recorder_msgs/DurationRecorderAction.h
-- Up-to-date: /home/ubuntu/environment/aws-robomaker-testcase-framework/simulation_ws/install/recorder_msgs/include/recorder_msgs/DurationRecorderFeedback.h
-- Up-to-date: /home/ubuntu/environment/aws-robomaker-testcase-framework/simulation_ws/install/recorder_msgs/include/recorder_msgs/RollingRecorderActionResult.h
-- Up-to-date: /home/ubuntu/environment/aws-robomaker-testcase-framework/simulation_ws/install/recorder_msgs/include/recorder_msgs/RecorderStatus.h
-- Up-to-date: /home/ubuntu/environment/aws-robomaker-testcase-framework/simulation_ws/install/recorder_msgs/include/recorder_msgs/DurationRecorderActionFeedback.h
-- Up-to-date: /home/ubuntu/environment/aws-robomaker-testcase-framework/simulation_ws/install/recorder_msgs/share/roseus/ros/recorder_msgs
-- Up-to-date: /home/ubuntu/environment/aws-robomaker-testcase-framework/simulation_ws/install/recorder_msgs/share/roseus/ros/recorder_msgs/manifest.l
-- Up-to-date: /home/ubuntu/environment/aws-robomaker-testcase-framework/simulation_ws/install/recorder_msgs/share/roseus/ros/recorder_msgs/msg
-- Up-to-date: /home/ubuntu/environment/aws-robomaker-testcase-framework/simulation_ws/install/recorder_msgs/share/roseus/ros/recorder_msgs/msg/DurationRecorderFeedback.l
-- Up-to-date: /home/ubuntu/environment/aws-robomaker-testcase-framework/simulation_ws/install/recorder_msgs/share/roseus/ros/recorder_msgs/msg/RollingRecorderActionFeedback.l
-- Up-to-date: /home/ubuntu/environment/aws-robomaker-testcase-framework/simulation_ws/install/recorder_msgs/share/roseus/ros/recorder_msgs/msg/RecorderStatus.l
-- Up-to-date: /home/ubuntu/environment/aws-robomaker-testcase-framework/simulation_ws/install/recorder_msgs/share/roseus/ros/recorder_msgs/msg/RollingRecorderResult.l
-- Up-to-date: /home/ubuntu/environment/aws-robomaker-testcase-framework/simulation_ws/install/recorder_msgs/share/roseus/ros/recorder_msgs/msg/DurationRecorderActionResult.l
-- Up-to-date: /home/ubuntu/environment/aws-robomaker-testcase-framework/simulation_ws/install/recorder_msgs/share/roseus/ros/recorder_msgs/msg/RollingRecorderFeedback.l
-- Up-to-date: /home/ubuntu/environment/aws-robomaker-testcase-framework/simulation_ws/install/recorder_msgs/share/roseus/ros/recorder_msgs/msg/DurationRecorderActionGoal.l
-- Up-to-date: /home/ubuntu/environment/aws-robomaker-testcase-framework/simulation_ws/install/recorder_msgs/share/roseus/ros/recorder_msgs/msg/RollingRecorderActionGoal.l
-- Up-to-date: /home/ubuntu/environment/aws-robomaker-testcase-framework/simulation_ws/install/recorder_msgs/share/roseus/ros/recorder_msgs/msg/RollingRecorderAction.l
-- Up-to-date: /home/ubuntu/environment/aws-robomaker-testcase-framework/simulation_ws/install/recorder_msgs/share/roseus/ros/recorder_msgs/msg/DurationRecorderGoal.l
-- Up-to-date: /home/ubuntu/environment/aws-robomaker-testcase-framework/simulation_ws/install/recorder_msgs/share/roseus/ros/recorder_msgs/msg/DurationRecorderResult.l
-- Up-to-date: /home/ubuntu/environment/aws-robomaker-testcase-framework/simulation_ws/install/recorder_msgs/share/roseus/ros/recorder_msgs/msg/RollingRecorderGoal.l
-- Up-to-date: /home/ubuntu/environment/aws-robomaker-testcase-framework/simulation_ws/install/recorder_msgs/share/roseus/ros/recorder_msgs/msg/RecorderResult.l
-- Up-to-date: /home/ubuntu/environment/aws-robomaker-testcase-framework/simulation_ws/install/recorder_msgs/share/roseus/ros/recorder_msgs/msg/DurationRecorderAction.l
-- Up-to-date: /home/ubuntu/environment/aws-robomaker-testcase-framework/simulation_ws/install/recorder_msgs/share/roseus/ros/recorder_msgs/msg/DurationRecorderActionFeedback.l
-- Up-to-date: /home/ubuntu/environment/aws-robomaker-testcase-framework/simulation_ws/install/recorder_msgs/share/roseus/ros/recorder_msgs/msg/RollingRecorderActionResult.l
-- Up-to-date: /home/ubuntu/environment/aws-robomaker-testcase-framework/simulation_ws/install/recorder_msgs/share/common-lisp/ros/recorder_msgs
-- Up-to-date: /home/ubuntu/environment/aws-robomaker-testcase-framework/simulation_ws/install/recorder_msgs/share/common-lisp/ros/recorder_msgs/msg
-- Up-to-date: /home/ubuntu/environment/aws-robomaker-testcase-framework/simulation_ws/install/recorder_msgs/share/common-lisp/ros/recorder_msgs/msg/_package_RollingRecorderActionGoal.lisp
-- Up-to-date: /home/ubuntu/environment/aws-robomaker-testcase-framework/simulation_ws/install/recorder_msgs/share/common-lisp/ros/recorder_msgs/msg/_package.lisp
-- Up-to-date: /home/ubuntu/environment/aws-robomaker-testcase-framework/simulation_ws/install/recorder_msgs/share/common-lisp/ros/recorder_msgs/msg/RollingRecorderResult.lisp
-- Up-to-date: /home/ubuntu/environment/aws-robomaker-testcase-framework/simulation_ws/install/recorder_msgs/share/common-lisp/ros/recorder_msgs/msg/_package_RollingRecorderActionResult.lisp
-- Up-to-date: /home/ubuntu/environment/aws-robomaker-testcase-framework/simulation_ws/install/recorder_msgs/share/common-lisp/ros/recorder_msgs/msg/_package_RollingRecorderGoal.lisp
-- Up-to-date: /home/ubuntu/environment/aws-robomaker-testcase-framework/simulation_ws/install/recorder_msgs/share/common-lisp/ros/recorder_msgs/msg/DurationRecorderAction.lisp
-- Up-to-date: /home/ubuntu/environment/aws-robomaker-testcase-framework/simulation_ws/install/recorder_msgs/share/common-lisp/ros/recorder_msgs/msg/_package_DurationRecorderFeedback.lisp
-- Up-to-date: /home/ubuntu/environment/aws-robomaker-testcase-framework/simulation_ws/install/recorder_msgs/share/common-lisp/ros/recorder_msgs/msg/RollingRecorderAction.lisp
-- Up-to-date: /home/ubuntu/environment/aws-robomaker-testcase-framework/simulation_ws/install/recorder_msgs/share/common-lisp/ros/recorder_msgs/msg/DurationRecorderActionResult.lisp
-- Up-to-date: /home/ubuntu/environment/aws-robomaker-testcase-framework/simulation_ws/install/recorder_msgs/share/common-lisp/ros/recorder_msgs/msg/DurationRecorderGoal.lisp
-- Up-to-date: /home/ubuntu/environment/aws-robomaker-testcase-framework/simulation_ws/install/recorder_msgs/share/common-lisp/ros/recorder_msgs/msg/_package_DurationRecorderActionFeedback.lisp
-- Up-to-date: /home/ubuntu/environment/aws-robomaker-testcase-framework/simulation_ws/install/recorder_msgs/share/common-lisp/ros/recorder_msgs/msg/DurationRecorderResult.lisp
-- Up-to-date: /home/ubuntu/environment/aws-robomaker-testcase-framework/simulation_ws/install/recorder_msgs/share/common-lisp/ros/recorder_msgs/msg/_package_RecorderResult.lisp
-- Up-to-date: /home/ubuntu/environment/aws-robomaker-testcase-framework/simulation_ws/install/recorder_msgs/share/common-lisp/ros/recorder_msgs/msg/_package_DurationRecorderResult.lisp
-- Up-to-date: /home/ubuntu/environment/aws-robomaker-testcase-framework/simulation_ws/install/recorder_msgs/share/common-lisp/ros/recorder_msgs/msg/RollingRecorderFeedback.lisp
-- Up-to-date: /home/ubuntu/environment/aws-robomaker-testcase-framework/simulation_ws/install/recorder_msgs/share/common-lisp/ros/recorder_msgs/msg/_package_DurationRecorderGoal.lisp
-- Up-to-date: /home/ubuntu/environment/aws-robomaker-testcase-framework/simulation_ws/install/recorder_msgs/share/common-lisp/ros/recorder_msgs/msg/RollingRecorderActionFeedback.lisp
-- Up-to-date: /home/ubuntu/environment/aws-robomaker-testcase-framework/simulation_ws/install/recorder_msgs/share/common-lisp/ros/recorder_msgs/msg/_package_DurationRecorderActionResult.lisp
-- Up-to-date: /home/ubuntu/environment/aws-robomaker-testcase-framework/simulation_ws/install/recorder_msgs/share/common-lisp/ros/recorder_msgs/msg/RollingRecorderActionResult.lisp
-- Up-to-date: /home/ubuntu/environment/aws-robomaker-testcase-framework/simulation_ws/install/recorder_msgs/share/common-lisp/ros/recorder_msgs/msg/_package_RecorderStatus.lisp
-- Up-to-date: /home/ubuntu/environment/aws-robomaker-testcase-framework/simulation_ws/install/recorder_msgs/share/common-lisp/ros/recorder_msgs/msg/RecorderResult.lisp
-- Up-to-date: /home/ubuntu/environment/aws-robomaker-testcase-framework/simulation_ws/install/recorder_msgs/share/common-lisp/ros/recorder_msgs/msg/DurationRecorderActionGoal.lisp
-- Up-to-date: /home/ubuntu/environment/aws-robomaker-testcase-framework/simulation_ws/install/recorder_msgs/share/common-lisp/ros/recorder_msgs/msg/DurationRecorderFeedback.lisp
-- Up-to-date: /home/ubuntu/environment/aws-robomaker-testcase-framework/simulation_ws/install/recorder_msgs/share/common-lisp/ros/recorder_msgs/msg/_package_DurationRecorderActionGoal.lisp
-- Up-to-date: /home/ubuntu/environment/aws-robomaker-testcase-framework/simulation_ws/install/recorder_msgs/share/common-lisp/ros/recorder_msgs/msg/DurationRecorderActionFeedback.lisp
-- Up-to-date: /home/ubuntu/environment/aws-robomaker-testcase-framework/simulation_ws/install/recorder_msgs/share/common-lisp/ros/recorder_msgs/msg/recorder_msgs-msg.asd
-- Up-to-date: /home/ubuntu/environment/aws-robomaker-testcase-framework/simulation_ws/install/recorder_msgs/share/common-lisp/ros/recorder_msgs/msg/_package_RollingRecorderFeedback.lisp
-- Up-to-date: /home/ubuntu/environment/aws-robomaker-testcase-framework/simulation_ws/install/recorder_msgs/share/common-lisp/ros/recorder_msgs/msg/RollingRecorderGoal.lisp
-- Up-to-date: /home/ubuntu/environment/aws-robomaker-testcase-framework/simulation_ws/install/recorder_msgs/share/common-lisp/ros/recorder_msgs/msg/RecorderStatus.lisp
-- Up-to-date: /home/ubuntu/environment/aws-robomaker-testcase-framework/simulation_ws/install/recorder_msgs/share/common-lisp/ros/recorder_msgs/msg/_package_RollingRecorderActionFeedback.lisp
-- Up-to-date: /home/ubuntu/environment/aws-robomaker-testcase-framework/simulation_ws/install/recorder_msgs/share/common-lisp/ros/recorder_msgs/msg/_package_DurationRecorderAction.lisp
-- Up-to-date: /home/ubuntu/environment/aws-robomaker-testcase-framework/simulation_ws/install/recorder_msgs/share/common-lisp/ros/recorder_msgs/msg/_package_RollingRecorderAction.lisp
-- Up-to-date: /home/ubuntu/environment/aws-robomaker-testcase-framework/simulation_ws/install/recorder_msgs/share/common-lisp/ros/recorder_msgs/msg/RollingRecorderActionGoal.lisp
-- Up-to-date: /home/ubuntu/environment/aws-robomaker-testcase-framework/simulation_ws/install/recorder_msgs/share/common-lisp/ros/recorder_msgs/msg/_package_RollingRecorderResult.lisp
-- Up-to-date: /home/ubuntu/environment/aws-robomaker-testcase-framework/simulation_ws/install/recorder_msgs/share/gennodejs/ros/recorder_msgs
-- Up-to-date: /home/ubuntu/environment/aws-robomaker-testcase-framework/simulation_ws/install/recorder_msgs/share/gennodejs/ros/recorder_msgs/_index.js
-- Up-to-date: /home/ubuntu/environment/aws-robomaker-testcase-framework/simulation_ws/install/recorder_msgs/share/gennodejs/ros/recorder_msgs/msg
-- Up-to-date: /home/ubuntu/environment/aws-robomaker-testcase-framework/simulation_ws/install/recorder_msgs/share/gennodejs/ros/recorder_msgs/msg/RecorderResult.js
-- Up-to-date: /home/ubuntu/environment/aws-robomaker-testcase-framework/simulation_ws/install/recorder_msgs/share/gennodejs/ros/recorder_msgs/msg/RollingRecorderActionGoal.js
-- Up-to-date: /home/ubuntu/environment/aws-robomaker-testcase-framework/simulation_ws/install/recorder_msgs/share/gennodejs/ros/recorder_msgs/msg/RollingRecorderActionFeedback.js
-- Up-to-date: /home/ubuntu/environment/aws-robomaker-testcase-framework/simulation_ws/install/recorder_msgs/share/gennodejs/ros/recorder_msgs/msg/DurationRecorderGoal.js
-- Up-to-date: /home/ubuntu/environment/aws-robomaker-testcase-framework/simulation_ws/install/recorder_msgs/share/gennodejs/ros/recorder_msgs/msg/_index.js
-- Up-to-date: /home/ubuntu/environment/aws-robomaker-testcase-framework/simulation_ws/install/recorder_msgs/share/gennodejs/ros/recorder_msgs/msg/DurationRecorderActionFeedback.js
-- Up-to-date: /home/ubuntu/environment/aws-robomaker-testcase-framework/simulation_ws/install/recorder_msgs/share/gennodejs/ros/recorder_msgs/msg/RollingRecorderAction.js
-- Up-to-date: /home/ubuntu/environment/aws-robomaker-testcase-framework/simulation_ws/install/recorder_msgs/share/gennodejs/ros/recorder_msgs/msg/DurationRecorderResult.js
-- Up-to-date: /home/ubuntu/environment/aws-robomaker-testcase-framework/simulation_ws/install/recorder_msgs/share/gennodejs/ros/recorder_msgs/msg/RollingRecorderGoal.js
-- Up-to-date: /home/ubuntu/environment/aws-robomaker-testcase-framework/simulation_ws/install/recorder_msgs/share/gennodejs/ros/recorder_msgs/msg/RecorderStatus.js
-- Up-to-date: /home/ubuntu/environment/aws-robomaker-testcase-framework/simulation_ws/install/recorder_msgs/share/gennodejs/ros/recorder_msgs/msg/DurationRecorderActionGoal.js
-- Up-to-date: /home/ubuntu/environment/aws-robomaker-testcase-framework/simulation_ws/install/recorder_msgs/share/gennodejs/ros/recorder_msgs/msg/DurationRecorderAction.js
-- Up-to-date: /home/ubuntu/environment/aws-robomaker-testcase-framework/simulation_ws/install/recorder_msgs/share/gennodejs/ros/recorder_msgs/msg/RollingRecorderActionResult.js
-- Up-to-date: /home/ubuntu/environment/aws-robomaker-testcase-framework/simulation_ws/install/recorder_msgs/share/gennodejs/ros/recorder_msgs/msg/DurationRecorderFeedback.js
-- Up-to-date: /home/ubuntu/environment/aws-robomaker-testcase-framework/simulation_ws/install/recorder_msgs/share/gennodejs/ros/recorder_msgs/msg/DurationRecorderActionResult.js
-- Up-to-date: /home/ubuntu/environment/aws-robomaker-testcase-framework/simulation_ws/install/recorder_msgs/share/gennodejs/ros/recorder_msgs/msg/RollingRecorderResult.js
-- Up-to-date: /home/ubuntu/environment/aws-robomaker-testcase-framework/simulation_ws/install/recorder_msgs/share/gennodejs/ros/recorder_msgs/msg/RollingRecorderFeedback.js
Listing /home/ubuntu/environment/aws-robomaker-testcase-framework/simulation_ws/build/recorder_msgs/devel/lib/python2.7/dist-packages/recorder_msgs ...
Listing /home/ubuntu/environment/aws-robomaker-testcase-framework/simulation_ws/build/recorder_msgs/devel/lib/python2.7/dist-packages/recorder_msgs/msg ...
-- Up-to-date: /home/ubuntu/environment/aws-robomaker-testcase-framework/simulation_ws/install/recorder_msgs/lib/python2.7/dist-packages/recorder_msgs
-- Up-to-date: /home/ubuntu/environment/aws-robomaker-testcase-framework/simulation_ws/install/recorder_msgs/lib/python2.7/dist-packages/recorder_msgs/__init__.pyc
-- Up-to-date: /home/ubuntu/environment/aws-robomaker-testcase-framework/simulation_ws/install/recorder_msgs/lib/python2.7/dist-packages/recorder_msgs/msg
-- Up-to-date: /home/ubuntu/environment/aws-robomaker-testcase-framework/simulation_ws/install/recorder_msgs/lib/python2.7/dist-packages/recorder_msgs/msg/_RollingRecorderActionFeedback.pyc
-- Up-to-date: /home/ubuntu/environment/aws-robomaker-testcase-framework/simulation_ws/install/recorder_msgs/lib/python2.7/dist-packages/recorder_msgs/msg/_DurationRecorderFeedback.pyc
-- Up-to-date: /home/ubuntu/environment/aws-robomaker-testcase-framework/simulation_ws/install/recorder_msgs/lib/python2.7/dist-packages/recorder_msgs/msg/_RollingRecorderResult.pyc
-- Up-to-date: /home/ubuntu/environment/aws-robomaker-testcase-framework/simulation_ws/install/recorder_msgs/lib/python2.7/dist-packages/recorder_msgs/msg/_DurationRecorderActionResult.py
-- Up-to-date: /home/ubuntu/environment/aws-robomaker-testcase-framework/simulation_ws/install/recorder_msgs/lib/python2.7/dist-packages/recorder_msgs/msg/_DurationRecorderActionFeedback.py
-- Up-to-date: /home/ubuntu/environment/aws-robomaker-testcase-framework/simulation_ws/install/recorder_msgs/lib/python2.7/dist-packages/recorder_msgs/msg/_RollingRecorderAction.py
-- Up-to-date: /home/ubuntu/environment/aws-robomaker-testcase-framework/simulation_ws/install/recorder_msgs/lib/python2.7/dist-packages/recorder_msgs/msg/_RollingRecorderGoal.pyc
-- Up-to-date: /home/ubuntu/environment/aws-robomaker-testcase-framework/simulation_ws/install/recorder_msgs/lib/python2.7/dist-packages/recorder_msgs/msg/_RollingRecorderActionGoal.py
-- Up-to-date: /home/ubuntu/environment/aws-robomaker-testcase-framework/simulation_ws/install/recorder_msgs/lib/python2.7/dist-packages/recorder_msgs/msg/__init__.pyc
-- Up-to-date: /home/ubuntu/environment/aws-robomaker-testcase-framework/simulation_ws/install/recorder_msgs/lib/python2.7/dist-packages/recorder_msgs/msg/_RecorderStatus.py
-- Up-to-date: /home/ubuntu/environment/aws-robomaker-testcase-framework/simulation_ws/install/recorder_msgs/lib/python2.7/dist-packages/recorder_msgs/msg/_RecorderStatus.pyc
-- Up-to-date: /home/ubuntu/environment/aws-robomaker-testcase-framework/simulation_ws/install/recorder_msgs/lib/python2.7/dist-packages/recorder_msgs/msg/_DurationRecorderAction.py
-- Up-to-date: /home/ubuntu/environment/aws-robomaker-testcase-framework/simulation_ws/install/recorder_msgs/lib/python2.7/dist-packages/recorder_msgs/msg/_DurationRecorderFeedback.py
-- Up-to-date: /home/ubuntu/environment/aws-robomaker-testcase-framework/simulation_ws/install/recorder_msgs/lib/python2.7/dist-packages/recorder_msgs/msg/_DurationRecorderActionGoal.pyc
-- Up-to-date: /home/ubuntu/environment/aws-robomaker-testcase-framework/simulation_ws/install/recorder_msgs/lib/python2.7/dist-packages/recorder_msgs/msg/_DurationRecorderResult.pyc
-- Up-to-date: /home/ubuntu/environment/aws-robomaker-testcase-framework/simulation_ws/install/recorder_msgs/lib/python2.7/dist-packages/recorder_msgs/msg/_RollingRecorderActionResult.pyc
-- Up-to-date: /home/ubuntu/environment/aws-robomaker-testcase-framework/simulation_ws/install/recorder_msgs/lib/python2.7/dist-packages/recorder_msgs/msg/_RollingRecorderFeedback.pyc
-- Up-to-date: /home/ubuntu/environment/aws-robomaker-testcase-framework/simulation_ws/install/recorder_msgs/lib/python2.7/dist-packages/recorder_msgs/msg/_DurationRecorderResult.py
-- Up-to-date: /home/ubuntu/environment/aws-robomaker-testcase-framework/simulation_ws/install/recorder_msgs/lib/python2.7/dist-packages/recorder_msgs/msg/_DurationRecorderActionFeedback.pyc
-- Up-to-date: /home/ubuntu/environment/aws-robomaker-testcase-framework/simulation_ws/install/recorder_msgs/lib/python2.7/dist-packages/recorder_msgs/msg/_DurationRecorderAction.pyc
-- Up-to-date: /home/ubuntu/environment/aws-robomaker-testcase-framework/simulation_ws/install/recorder_msgs/lib/python2.7/dist-packages/recorder_msgs/msg/_RecorderResult.pyc
-- Up-to-date: /home/ubuntu/environment/aws-robomaker-testcase-framework/simulation_ws/install/recorder_msgs/lib/python2.7/dist-packages/recorder_msgs/msg/_DurationRecorderActionResult.pyc
-- Up-to-date: /home/ubuntu/environment/aws-robomaker-testcase-framework/simulation_ws/install/recorder_msgs/lib/python2.7/dist-packages/recorder_msgs/msg/_RecorderResult.py
-- Up-to-date: /home/ubuntu/environment/aws-robomaker-testcase-framework/simulation_ws/install/recorder_msgs/lib/python2.7/dist-packages/recorder_msgs/msg/_RollingRecorderGoal.py
-- Up-to-date: /home/ubuntu/environment/aws-robomaker-testcase-framework/simulation_ws/install/recorder_msgs/lib/python2.7/dist-packages/recorder_msgs/msg/_RollingRecorderFeedback.py
-- Up-to-date: /home/ubuntu/environment/aws-robomaker-testcase-framework/simulation_ws/install/recorder_msgs/lib/python2.7/dist-packages/recorder_msgs/msg/_RollingRecorderResult.py
-- Up-to-date: /home/ubuntu/environment/aws-robomaker-testcase-framework/simulation_ws/install/recorder_msgs/lib/python2.7/dist-packages/recorder_msgs/msg/__init__.py
-- Up-to-date: /home/ubuntu/environment/aws-robomaker-testcase-framework/simulation_ws/install/recorder_msgs/lib/python2.7/dist-packages/recorder_msgs/msg/_RollingRecorderActionGoal.pyc
-- Up-to-date: /home/ubuntu/environment/aws-robomaker-testcase-framework/simulation_ws/install/recorder_msgs/lib/python2.7/dist-packages/recorder_msgs/msg/_DurationRecorderGoal.py
-- Up-to-date: /home/ubuntu/environment/aws-robomaker-testcase-framework/simulation_ws/install/recorder_msgs/lib/python2.7/dist-packages/recorder_msgs/msg/_RollingRecorderActionFeedback.py
-- Up-to-date: /home/ubuntu/environment/aws-robomaker-testcase-framework/simulation_ws/install/recorder_msgs/lib/python2.7/dist-packages/recorder_msgs/msg/_RollingRecorderAction.pyc
-- Up-to-date: /home/ubuntu/environment/aws-robomaker-testcase-framework/simulation_ws/install/recorder_msgs/lib/python2.7/dist-packages/recorder_msgs/msg/_RollingRecorderActionResult.py
-- Up-to-date: /home/ubuntu/environment/aws-robomaker-testcase-framework/simulation_ws/install/recorder_msgs/lib/python2.7/dist-packages/recorder_msgs/msg/_DurationRecorderGoal.pyc
-- Up-to-date: /home/ubuntu/environment/aws-robomaker-testcase-framework/simulation_ws/install/recorder_msgs/lib/python2.7/dist-packages/recorder_msgs/msg/_DurationRecorderActionGoal.py
-- Up-to-date: /home/ubuntu/environment/aws-robomaker-testcase-framework/simulation_ws/install/recorder_msgs/lib/python2.7/dist-packages/recorder_msgs/__init__.py
-- Up-to-date: /home/ubuntu/environment/aws-robomaker-testcase-framework/simulation_ws/install/recorder_msgs/lib/pkgconfig/recorder_msgs.pc
-- Up-to-date: /home/ubuntu/environment/aws-robomaker-testcase-framework/simulation_ws/install/recorder_msgs/share/recorder_msgs/cmake/recorder_msgs-msg-extras.cmake
-- Up-to-date: /home/ubuntu/environment/aws-robomaker-testcase-framework/simulation_ws/install/recorder_msgs/share/recorder_msgs/cmake/recorder_msgsConfig.cmake
-- Up-to-date: /home/ubuntu/environment/aws-robomaker-testcase-framework/simulation_ws/install/recorder_msgs/share/recorder_msgs/cmake/recorder_msgsConfig-version.cmake
-- Up-to-date: /home/ubuntu/environment/aws-robomaker-testcase-framework/simulation_ws/install/recorder_msgs/share/recorder_msgs/package.xml
