[0.016s] Invoking command in '/home/ubuntu/environment/aws-robomaker-testcase-framework/simulation_ws/build/rosbag_cloud_recorders': CMAKE_PREFIX_PATH=/home/ubuntu/environment/aws-robomaker-testcase-framework/simulation_ws/install/recorder_msgs:/home/ubuntu/environment/aws-robomaker-testcase-framework/simulation_ws/install/file_uploader_msgs:/home/ubuntu/environment/aws-robomaker-testcase-framework/simulation_ws/install/sample_node:/home/ubuntu/environment/aws-robomaker-testcase-framework/simulation_ws/install/rosbag_uploader_ros1_integration_tests:/home/ubuntu/environment/aws-robomaker-testcase-framework/simulation_ws/install/s3_file_uploader:/home/ubuntu/environment/aws-robomaker-testcase-framework/simulation_ws/install/s3_common:/home/ubuntu/environment/aws-robomaker-testcase-framework/simulation_ws/install/rosbag_cloud_recorders:/home/ubuntu/environment/aws-robomaker-testcase-framework/simulation_ws/install/aws_robomaker_test_framework:/home/ubuntu/environment/aws-robomaker-testcase-framework/simulation_ws/install/robomaker_simulation_msgs:/opt/ros/melodic PKG_CONFIG_PATH=/home/ubuntu/environment/aws-robomaker-testcase-framework/simulation_ws/install/recorder_msgs/lib/x86_64-linux-gnu/pkgconfig:/home/ubuntu/environment/aws-robomaker-testcase-framework/simulation_ws/install/recorder_msgs/lib/pkgconfig:/home/ubuntu/environment/aws-robomaker-testcase-framework/simulation_ws/install/file_uploader_msgs/lib/x86_64-linux-gnu/pkgconfig:/home/ubuntu/environment/aws-robomaker-testcase-framework/simulation_ws/install/file_uploader_msgs/lib/pkgconfig:/home/ubuntu/environment/aws-robomaker-testcase-framework/simulation_ws/install/sample_node/lib/x86_64-linux-gnu/pkgconfig:/home/ubuntu/environment/aws-robomaker-testcase-framework/simulation_ws/install/sample_node/lib/pkgconfig:/home/ubuntu/environment/aws-robomaker-testcase-framework/simulation_ws/install/rosbag_uploader_ros1_integration_tests/lib/x86_64-linux-gnu/pkgconfig:/home/ubuntu/environment/aws-robomaker-testcase-framework/simulation_ws/install/rosbag_uploader_ros1_integration_tests/lib/pkgconfig:/home/ubuntu/environment/aws-robomaker-testcase-framework/simulation_ws/install/s3_file_uploader/lib/x86_64-linux-gnu/pkgconfig:/home/ubuntu/environment/aws-robomaker-testcase-framework/simulation_ws/install/s3_file_uploader/lib/pkgconfig:/home/ubuntu/environment/aws-robomaker-testcase-framework/simulation_ws/install/s3_common/lib/x86_64-linux-gnu/pkgconfig:/home/ubuntu/environment/aws-robomaker-testcase-framework/simulation_ws/install/s3_common/lib/pkgconfig:/home/ubuntu/environment/aws-robomaker-testcase-framework/simulation_ws/install/rosbag_cloud_recorders/lib/x86_64-linux-gnu/pkgconfig:/home/ubuntu/environment/aws-robomaker-testcase-framework/simulation_ws/install/rosbag_cloud_recorders/lib/pkgconfig:/home/ubuntu/environment/aws-robomaker-testcase-framework/simulation_ws/install/aws_robomaker_test_framework/lib/x86_64-linux-gnu/pkgconfig:/home/ubuntu/environment/aws-robomaker-testcase-framework/simulation_ws/install/aws_robomaker_test_framework/lib/pkgconfig:/home/ubuntu/environment/aws-robomaker-testcase-framework/simulation_ws/install/aws_robomaker_simulation_ros_pkgs/lib/x86_64-linux-gnu/pkgconfig:/home/ubuntu/environment/aws-robomaker-testcase-framework/simulation_ws/install/aws_robomaker_simulation_ros_pkgs/lib/pkgconfig:/home/ubuntu/environment/aws-robomaker-testcase-framework/simulation_ws/install/robomaker_simulation_msgs/lib/x86_64-linux-gnu/pkgconfig:/home/ubuntu/environment/aws-robomaker-testcase-framework/simulation_ws/install/robomaker_simulation_msgs/lib/pkgconfig:/opt/ros/melodic/lib/pkgconfig PYTHONPATH=/home/ubuntu/environment/aws-robomaker-testcase-framework/simulation_ws/install/recorder_msgs/lib/python2.7/dist-packages:/home/ubuntu/environment/aws-robomaker-testcase-framework/simulation_ws/install/file_uploader_msgs/lib/python2.7/dist-packages:/home/ubuntu/environment/aws-robomaker-testcase-framework/simulation_ws/install/sample_node/lib/python2.7/dist-packages:/home/ubuntu/environment/aws-robomaker-testcase-framework/simulation_ws/install/aws_robomaker_test_framework/lib/python2.7/dist-packages:/home/ubuntu/environment/aws-robomaker-testcase-framework/simulation_ws/install/robomaker_simulation_msgs/lib/python2.7/dist-packages:/opt/ros/melodic/lib/python2.7/dist-packages ROS_PACKAGE_PATH=/home/ubuntu/environment/aws-robomaker-testcase-framework/simulation_ws/install/recorder_msgs/share:/home/ubuntu/environment/aws-robomaker-testcase-framework/simulation_ws/install/file_uploader_msgs/share:/home/ubuntu/environment/aws-robomaker-testcase-framework/simulation_ws/install/sample_node/share:/home/ubuntu/environment/aws-robomaker-testcase-framework/simulation_ws/install/rosbag_uploader_ros1_integration_tests/share:/home/ubuntu/environment/aws-robomaker-testcase-framework/simulation_ws/install/s3_file_uploader/share:/home/ubuntu/environment/aws-robomaker-testcase-framework/simulation_ws/install/rosbag_cloud_recorders/share:/home/ubuntu/environment/aws-robomaker-testcase-framework/simulation_ws/install/aws_robomaker_test_framework/share:/home/ubuntu/environment/aws-robomaker-testcase-framework/simulation_ws/install/aws_robomaker_simulation_ros_pkgs/share:/home/ubuntu/environment/aws-robomaker-testcase-framework/simulation_ws/install/robomaker_simulation_msgs/share:/opt/ros/melodic/share /usr/bin/cmake --build /home/ubuntu/environment/aws-robomaker-testcase-framework/simulation_ws/build/rosbag_cloud_recorders -- -j2 -l2
[0.118s] [  0%] Built target file_uploader_msgs_generate_messages_eus
[0.135s] [  0%] Built target file_uploader_msgs_generate_messages_py
[0.180s] [  0%] Built target roscpp_generate_messages_lisp
[0.185s] [  0%] Built target actionlib_msgs_generate_messages_py
[0.224s] [  0%] Built target topic_tools_generate_messages_cpp
[0.245s] [  0%] Built target _catkin_empty_exported_target
[0.266s] [  0%] Built target file_uploader_msgs_generate_messages_lisp
[0.285s] [  0%] Built target std_msgs_generate_messages_py
[0.312s] [  0%] Built target std_msgs_generate_messages_nodejs
[0.341s] [  0%] Built target roscpp_generate_messages_nodejs
[0.362s] [  0%] Built target std_msgs_generate_messages_lisp
[0.405s] [  0%] Built target rosgraph_msgs_generate_messages_lisp
[0.412s] [  0%] Built target roscpp_generate_messages_cpp
[0.450s] [  0%] Built target std_msgs_generate_messages_cpp
[0.467s] [  0%] Built target actionlib_generate_messages_eus
[0.509s] [  0%] Built target actionlib_generate_messages_lisp
[0.556s] [  0%] Built target actionlib_generate_messages_nodejs
[0.562s] [  0%] Built target rosgraph_msgs_generate_messages_nodejs
[0.591s] [  0%] Built target actionlib_generate_messages_py
[0.634s] [  0%] Built target rosgraph_msgs_generate_messages_eus
[0.651s] [  0%] Built target topic_tools_generate_messages_nodejs
[0.700s] [  0%] Built target roscpp_generate_messages_eus
[0.707s] [  0%] Built target actionlib_msgs_generate_messages_cpp
[0.741s] [  0%] Built target actionlib_msgs_generate_messages_eus
[0.747s] [  0%] Built target rosgraph_msgs_generate_messages_py
[0.791s] [  0%] Built target actionlib_msgs_generate_messages_lisp
[0.805s] [  0%] Built target recorder_msgs_generate_messages_cpp
[0.848s] [  0%] Built target recorder_msgs_generate_messages_lisp
[0.876s] [  0%] Built target recorder_msgs_generate_messages_nodejs
[0.881s] [  0%] Built target rosgraph_msgs_generate_messages_cpp
[0.916s] [  0%] Built target recorder_msgs_generate_messages_py
[0.932s] [  0%] Built target topic_tools_generate_messages_eus
[0.966s] [  0%] Built target topic_tools_generate_messages_lisp
[0.989s] [  0%] Built target actionlib_msgs_generate_messages_nodejs
[1.002s] [  0%] Built target topic_tools_generate_messages_py
[1.040s] [  0%] Built target roscpp_generate_messages_py
[1.051s] [  0%] Built target actionlib_generate_messages_cpp
[1.074s] [  0%] Built target recorder_msgs_generate_messages_eus
[1.123s] [  0%] Built target std_msgs_generate_messages_eus
[1.149s] [  0%] Built target file_uploader_msgs_generate_messages_cpp
[1.150s] [  0%] Built target file_uploader_msgs_generate_messages_nodejs
[1.205s] [ 63%] Built target rosbag_cloud_recorders_lib
[1.270s] [ 81%] Built target rolling_recorder
[1.278s] [100%] Built target duration_recorder
[1.298s] Invoked command in '/home/ubuntu/environment/aws-robomaker-testcase-framework/simulation_ws/build/rosbag_cloud_recorders' returned '0': CMAKE_PREFIX_PATH=/home/ubuntu/environment/aws-robomaker-testcase-framework/simulation_ws/install/recorder_msgs:/home/ubuntu/environment/aws-robomaker-testcase-framework/simulation_ws/install/file_uploader_msgs:/home/ubuntu/environment/aws-robomaker-testcase-framework/simulation_ws/install/sample_node:/home/ubuntu/environment/aws-robomaker-testcase-framework/simulation_ws/install/rosbag_uploader_ros1_integration_tests:/home/ubuntu/environment/aws-robomaker-testcase-framework/simulation_ws/install/s3_file_uploader:/home/ubuntu/environment/aws-robomaker-testcase-framework/simulation_ws/install/s3_common:/home/ubuntu/environment/aws-robomaker-testcase-framework/simulation_ws/install/rosbag_cloud_recorders:/home/ubuntu/environment/aws-robomaker-testcase-framework/simulation_ws/install/aws_robomaker_test_framework:/home/ubuntu/environment/aws-robomaker-testcase-framework/simulation_ws/install/robomaker_simulation_msgs:/opt/ros/melodic PKG_CONFIG_PATH=/home/ubuntu/environment/aws-robomaker-testcase-framework/simulation_ws/install/recorder_msgs/lib/x86_64-linux-gnu/pkgconfig:/home/ubuntu/environment/aws-robomaker-testcase-framework/simulation_ws/install/recorder_msgs/lib/pkgconfig:/home/ubuntu/environment/aws-robomaker-testcase-framework/simulation_ws/install/file_uploader_msgs/lib/x86_64-linux-gnu/pkgconfig:/home/ubuntu/environment/aws-robomaker-testcase-framework/simulation_ws/install/file_uploader_msgs/lib/pkgconfig:/home/ubuntu/environment/aws-robomaker-testcase-framework/simulation_ws/install/sample_node/lib/x86_64-linux-gnu/pkgconfig:/home/ubuntu/environment/aws-robomaker-testcase-framework/simulation_ws/install/sample_node/lib/pkgconfig:/home/ubuntu/environment/aws-robomaker-testcase-framework/simulation_ws/install/rosbag_uploader_ros1_integration_tests/lib/x86_64-linux-gnu/pkgconfig:/home/ubuntu/environment/aws-robomaker-testcase-framework/simulation_ws/install/rosbag_uploader_ros1_integration_tests/lib/pkgconfig:/home/ubuntu/environment/aws-robomaker-testcase-framework/simulation_ws/install/s3_file_uploader/lib/x86_64-linux-gnu/pkgconfig:/home/ubuntu/environment/aws-robomaker-testcase-framework/simulation_ws/install/s3_file_uploader/lib/pkgconfig:/home/ubuntu/environment/aws-robomaker-testcase-framework/simulation_ws/install/s3_common/lib/x86_64-linux-gnu/pkgconfig:/home/ubuntu/environment/aws-robomaker-testcase-framework/simulation_ws/install/s3_common/lib/pkgconfig:/home/ubuntu/environment/aws-robomaker-testcase-framework/simulation_ws/install/rosbag_cloud_recorders/lib/x86_64-linux-gnu/pkgconfig:/home/ubuntu/environment/aws-robomaker-testcase-framework/simulation_ws/install/rosbag_cloud_recorders/lib/pkgconfig:/home/ubuntu/environment/aws-robomaker-testcase-framework/simulation_ws/install/aws_robomaker_test_framework/lib/x86_64-linux-gnu/pkgconfig:/home/ubuntu/environment/aws-robomaker-testcase-framework/simulation_ws/install/aws_robomaker_test_framework/lib/pkgconfig:/home/ubuntu/environment/aws-robomaker-testcase-framework/simulation_ws/install/aws_robomaker_simulation_ros_pkgs/lib/x86_64-linux-gnu/pkgconfig:/home/ubuntu/environment/aws-robomaker-testcase-framework/simulation_ws/install/aws_robomaker_simulation_ros_pkgs/lib/pkgconfig:/home/ubuntu/environment/aws-robomaker-testcase-framework/simulation_ws/install/robomaker_simulation_msgs/lib/x86_64-linux-gnu/pkgconfig:/home/ubuntu/environment/aws-robomaker-testcase-framework/simulation_ws/install/robomaker_simulation_msgs/lib/pkgconfig:/opt/ros/melodic/lib/pkgconfig PYTHONPATH=/home/ubuntu/environment/aws-robomaker-testcase-framework/simulation_ws/install/recorder_msgs/lib/python2.7/dist-packages:/home/ubuntu/environment/aws-robomaker-testcase-framework/simulation_ws/install/file_uploader_msgs/lib/python2.7/dist-packages:/home/ubuntu/environment/aws-robomaker-testcase-framework/simulation_ws/install/sample_node/lib/python2.7/dist-packages:/home/ubuntu/environment/aws-robomaker-testcase-framework/simulation_ws/install/aws_robomaker_test_framework/lib/python2.7/dist-packages:/home/ubuntu/environment/aws-robomaker-testcase-framework/simulation_ws/install/robomaker_simulation_msgs/lib/python2.7/dist-packages:/opt/ros/melodic/lib/python2.7/dist-packages ROS_PACKAGE_PATH=/home/ubuntu/environment/aws-robomaker-testcase-framework/simulation_ws/install/recorder_msgs/share:/home/ubuntu/environment/aws-robomaker-testcase-framework/simulation_ws/install/file_uploader_msgs/share:/home/ubuntu/environment/aws-robomaker-testcase-framework/simulation_ws/install/sample_node/share:/home/ubuntu/environment/aws-robomaker-testcase-framework/simulation_ws/install/rosbag_uploader_ros1_integration_tests/share:/home/ubuntu/environment/aws-robomaker-testcase-framework/simulation_ws/install/s3_file_uploader/share:/home/ubuntu/environment/aws-robomaker-testcase-framework/simulation_ws/install/rosbag_cloud_recorders/share:/home/ubuntu/environment/aws-robomaker-testcase-framework/simulation_ws/install/aws_robomaker_test_framework/share:/home/ubuntu/environment/aws-robomaker-testcase-framework/simulation_ws/install/aws_robomaker_simulation_ros_pkgs/share:/home/ubuntu/environment/aws-robomaker-testcase-framework/simulation_ws/install/robomaker_simulation_msgs/share:/opt/ros/melodic/share /usr/bin/cmake --build /home/ubuntu/environment/aws-robomaker-testcase-framework/simulation_ws/build/rosbag_cloud_recorders -- -j2 -l2
[1.520s] Invoking command in '/home/ubuntu/environment/aws-robomaker-testcase-framework/simulation_ws/build/rosbag_cloud_recorders': CMAKE_PREFIX_PATH=/home/ubuntu/environment/aws-robomaker-testcase-framework/simulation_ws/install/recorder_msgs:/home/ubuntu/environment/aws-robomaker-testcase-framework/simulation_ws/install/file_uploader_msgs:/home/ubuntu/environment/aws-robomaker-testcase-framework/simulation_ws/install/sample_node:/home/ubuntu/environment/aws-robomaker-testcase-framework/simulation_ws/install/rosbag_uploader_ros1_integration_tests:/home/ubuntu/environment/aws-robomaker-testcase-framework/simulation_ws/install/s3_file_uploader:/home/ubuntu/environment/aws-robomaker-testcase-framework/simulation_ws/install/s3_common:/home/ubuntu/environment/aws-robomaker-testcase-framework/simulation_ws/install/rosbag_cloud_recorders:/home/ubuntu/environment/aws-robomaker-testcase-framework/simulation_ws/install/aws_robomaker_test_framework:/home/ubuntu/environment/aws-robomaker-testcase-framework/simulation_ws/install/robomaker_simulation_msgs:/opt/ros/melodic PKG_CONFIG_PATH=/home/ubuntu/environment/aws-robomaker-testcase-framework/simulation_ws/install/recorder_msgs/lib/x86_64-linux-gnu/pkgconfig:/home/ubuntu/environment/aws-robomaker-testcase-framework/simulation_ws/install/recorder_msgs/lib/pkgconfig:/home/ubuntu/environment/aws-robomaker-testcase-framework/simulation_ws/install/file_uploader_msgs/lib/x86_64-linux-gnu/pkgconfig:/home/ubuntu/environment/aws-robomaker-testcase-framework/simulation_ws/install/file_uploader_msgs/lib/pkgconfig:/home/ubuntu/environment/aws-robomaker-testcase-framework/simulation_ws/install/sample_node/lib/x86_64-linux-gnu/pkgconfig:/home/ubuntu/environment/aws-robomaker-testcase-framework/simulation_ws/install/sample_node/lib/pkgconfig:/home/ubuntu/environment/aws-robomaker-testcase-framework/simulation_ws/install/rosbag_uploader_ros1_integration_tests/lib/x86_64-linux-gnu/pkgconfig:/home/ubuntu/environment/aws-robomaker-testcase-framework/simulation_ws/install/rosbag_uploader_ros1_integration_tests/lib/pkgconfig:/home/ubuntu/environment/aws-robomaker-testcase-framework/simulation_ws/install/s3_file_uploader/lib/x86_64-linux-gnu/pkgconfig:/home/ubuntu/environment/aws-robomaker-testcase-framework/simulation_ws/install/s3_file_uploader/lib/pkgconfig:/home/ubuntu/environment/aws-robomaker-testcase-framework/simulation_ws/install/s3_common/lib/x86_64-linux-gnu/pkgconfig:/home/ubuntu/environment/aws-robomaker-testcase-framework/simulation_ws/install/s3_common/lib/pkgconfig:/home/ubuntu/environment/aws-robomaker-testcase-framework/simulation_ws/install/rosbag_cloud_recorders/lib/x86_64-linux-gnu/pkgconfig:/home/ubuntu/environment/aws-robomaker-testcase-framework/simulation_ws/install/rosbag_cloud_recorders/lib/pkgconfig:/home/ubuntu/environment/aws-robomaker-testcase-framework/simulation_ws/install/aws_robomaker_test_framework/lib/x86_64-linux-gnu/pkgconfig:/home/ubuntu/environment/aws-robomaker-testcase-framework/simulation_ws/install/aws_robomaker_test_framework/lib/pkgconfig:/home/ubuntu/environment/aws-robomaker-testcase-framework/simulation_ws/install/aws_robomaker_simulation_ros_pkgs/lib/x86_64-linux-gnu/pkgconfig:/home/ubuntu/environment/aws-robomaker-testcase-framework/simulation_ws/install/aws_robomaker_simulation_ros_pkgs/lib/pkgconfig:/home/ubuntu/environment/aws-robomaker-testcase-framework/simulation_ws/install/robomaker_simulation_msgs/lib/x86_64-linux-gnu/pkgconfig:/home/ubuntu/environment/aws-robomaker-testcase-framework/simulation_ws/install/robomaker_simulation_msgs/lib/pkgconfig:/opt/ros/melodic/lib/pkgconfig PYTHONPATH=/home/ubuntu/environment/aws-robomaker-testcase-framework/simulation_ws/install/recorder_msgs/lib/python2.7/dist-packages:/home/ubuntu/environment/aws-robomaker-testcase-framework/simulation_ws/install/file_uploader_msgs/lib/python2.7/dist-packages:/home/ubuntu/environment/aws-robomaker-testcase-framework/simulation_ws/install/sample_node/lib/python2.7/dist-packages:/home/ubuntu/environment/aws-robomaker-testcase-framework/simulation_ws/install/aws_robomaker_test_framework/lib/python2.7/dist-packages:/home/ubuntu/environment/aws-robomaker-testcase-framework/simulation_ws/install/robomaker_simulation_msgs/lib/python2.7/dist-packages:/opt/ros/melodic/lib/python2.7/dist-packages ROS_PACKAGE_PATH=/home/ubuntu/environment/aws-robomaker-testcase-framework/simulation_ws/install/recorder_msgs/share:/home/ubuntu/environment/aws-robomaker-testcase-framework/simulation_ws/install/file_uploader_msgs/share:/home/ubuntu/environment/aws-robomaker-testcase-framework/simulation_ws/install/sample_node/share:/home/ubuntu/environment/aws-robomaker-testcase-framework/simulation_ws/install/rosbag_uploader_ros1_integration_tests/share:/home/ubuntu/environment/aws-robomaker-testcase-framework/simulation_ws/install/s3_file_uploader/share:/home/ubuntu/environment/aws-robomaker-testcase-framework/simulation_ws/install/rosbag_cloud_recorders/share:/home/ubuntu/environment/aws-robomaker-testcase-framework/simulation_ws/install/aws_robomaker_test_framework/share:/home/ubuntu/environment/aws-robomaker-testcase-framework/simulation_ws/install/aws_robomaker_simulation_ros_pkgs/share:/home/ubuntu/environment/aws-robomaker-testcase-framework/simulation_ws/install/robomaker_simulation_msgs/share:/opt/ros/melodic/share /usr/bin/cmake --build /home/ubuntu/environment/aws-robomaker-testcase-framework/simulation_ws/build/rosbag_cloud_recorders --target tests -- -j2 -l2
[1.637s] [  6%] Built target gtest
[1.654s] [ 17%] Built target gmock
[1.679s] [ 17%] Built target file_uploader_msgs_generate_messages_py
[1.694s] [ 17%] Built target file_uploader_msgs_generate_messages_eus
[1.740s] [ 17%] Built target actionlib_msgs_generate_messages_py
[1.754s] [ 17%] Built target roscpp_generate_messages_lisp
[1.800s] [ 17%] Built target _catkin_empty_exported_target
[1.804s] [ 17%] Built target topic_tools_generate_messages_cpp
[1.840s] [ 17%] Built target std_msgs_generate_messages_py
[1.871s] [ 17%] Built target file_uploader_msgs_generate_messages_lisp
[1.878s] [ 17%] Built target std_msgs_generate_messages_nodejs
[1.917s] [ 17%] Built target roscpp_generate_messages_nodejs
[1.946s] [ 17%] Built target std_msgs_generate_messages_lisp
[1.974s] [ 17%] Built target rosgraph_msgs_generate_messages_lisp
[1.981s] [ 17%] Built target roscpp_generate_messages_cpp
[2.010s] [ 17%] Built target std_msgs_generate_messages_cpp
[2.026s] [ 17%] Built target actionlib_generate_messages_eus
[2.079s] [ 17%] Built target actionlib_generate_messages_lisp
[2.094s] [ 17%] Built target rosgraph_msgs_generate_messages_nodejs
[2.130s] [ 17%] Built target actionlib_generate_messages_nodejs
[2.165s] [ 17%] Built target topic_tools_generate_messages_nodejs
[2.181s] [ 17%] Built target actionlib_generate_messages_py
[2.206s] [ 17%] Built target rosgraph_msgs_generate_messages_eus
[2.219s] [ 17%] Built target actionlib_msgs_generate_messages_cpp
[2.238s] [ 17%] Built target roscpp_generate_messages_eus
[2.251s] [ 17%] Built target rosgraph_msgs_generate_messages_py
[2.270s] [ 17%] Built target actionlib_msgs_generate_messages_eus
[2.283s] [ 17%] Built target actionlib_msgs_generate_messages_lisp
[2.304s] [ 17%] Built target recorder_msgs_generate_messages_cpp
[2.315s] [ 17%] Built target recorder_msgs_generate_messages_lisp
[2.337s] [ 17%] Built target recorder_msgs_generate_messages_nodejs
[2.348s] [ 17%] Built target rosgraph_msgs_generate_messages_cpp
[2.369s] [ 17%] Built target recorder_msgs_generate_messages_py
[2.382s] [ 17%] Built target topic_tools_generate_messages_eus
[2.401s] [ 17%] Built target topic_tools_generate_messages_lisp
[2.415s] [ 17%] Built target actionlib_msgs_generate_messages_nodejs
[2.432s] [ 17%] Built target topic_tools_generate_messages_py
[2.446s] [ 17%] Built target roscpp_generate_messages_py
[2.463s] [ 17%] Built target actionlib_generate_messages_cpp
[2.478s] [ 17%] Built target recorder_msgs_generate_messages_eus
[2.496s] [ 17%] Built target file_uploader_msgs_generate_messages_cpp
[2.512s] [ 17%] Built target std_msgs_generate_messages_eus
[2.528s] [ 17%] Built target file_uploader_msgs_generate_messages_nodejs
[2.552s] [ 31%] Built target gmock_main
[2.572s] [ 55%] Built target rosbag_cloud_recorders_lib
[2.618s] [ 75%] Built target test_rolling_recorder_action_server_handler
[2.618s] [ 79%] Built target test_utils
[2.664s] [ 93%] Built target test_rolling_recorder
[2.664s] [ 93%] Built target test_duration_recorder_action_server_handler
[2.694s] [100%] Built target test_duration_recorder
[2.716s] [100%] Built target tests
[2.728s] Invoked command in '/home/ubuntu/environment/aws-robomaker-testcase-framework/simulation_ws/build/rosbag_cloud_recorders' returned '0': CMAKE_PREFIX_PATH=/home/ubuntu/environment/aws-robomaker-testcase-framework/simulation_ws/install/recorder_msgs:/home/ubuntu/environment/aws-robomaker-testcase-framework/simulation_ws/install/file_uploader_msgs:/home/ubuntu/environment/aws-robomaker-testcase-framework/simulation_ws/install/sample_node:/home/ubuntu/environment/aws-robomaker-testcase-framework/simulation_ws/install/rosbag_uploader_ros1_integration_tests:/home/ubuntu/environment/aws-robomaker-testcase-framework/simulation_ws/install/s3_file_uploader:/home/ubuntu/environment/aws-robomaker-testcase-framework/simulation_ws/install/s3_common:/home/ubuntu/environment/aws-robomaker-testcase-framework/simulation_ws/install/rosbag_cloud_recorders:/home/ubuntu/environment/aws-robomaker-testcase-framework/simulation_ws/install/aws_robomaker_test_framework:/home/ubuntu/environment/aws-robomaker-testcase-framework/simulation_ws/install/robomaker_simulation_msgs:/opt/ros/melodic PKG_CONFIG_PATH=/home/ubuntu/environment/aws-robomaker-testcase-framework/simulation_ws/install/recorder_msgs/lib/x86_64-linux-gnu/pkgconfig:/home/ubuntu/environment/aws-robomaker-testcase-framework/simulation_ws/install/recorder_msgs/lib/pkgconfig:/home/ubuntu/environment/aws-robomaker-testcase-framework/simulation_ws/install/file_uploader_msgs/lib/x86_64-linux-gnu/pkgconfig:/home/ubuntu/environment/aws-robomaker-testcase-framework/simulation_ws/install/file_uploader_msgs/lib/pkgconfig:/home/ubuntu/environment/aws-robomaker-testcase-framework/simulation_ws/install/sample_node/lib/x86_64-linux-gnu/pkgconfig:/home/ubuntu/environment/aws-robomaker-testcase-framework/simulation_ws/install/sample_node/lib/pkgconfig:/home/ubuntu/environment/aws-robomaker-testcase-framework/simulation_ws/install/rosbag_uploader_ros1_integration_tests/lib/x86_64-linux-gnu/pkgconfig:/home/ubuntu/environment/aws-robomaker-testcase-framework/simulation_ws/install/rosbag_uploader_ros1_integration_tests/lib/pkgconfig:/home/ubuntu/environment/aws-robomaker-testcase-framework/simulation_ws/install/s3_file_uploader/lib/x86_64-linux-gnu/pkgconfig:/home/ubuntu/environment/aws-robomaker-testcase-framework/simulation_ws/install/s3_file_uploader/lib/pkgconfig:/home/ubuntu/environment/aws-robomaker-testcase-framework/simulation_ws/install/s3_common/lib/x86_64-linux-gnu/pkgconfig:/home/ubuntu/environment/aws-robomaker-testcase-framework/simulation_ws/install/s3_common/lib/pkgconfig:/home/ubuntu/environment/aws-robomaker-testcase-framework/simulation_ws/install/rosbag_cloud_recorders/lib/x86_64-linux-gnu/pkgconfig:/home/ubuntu/environment/aws-robomaker-testcase-framework/simulation_ws/install/rosbag_cloud_recorders/lib/pkgconfig:/home/ubuntu/environment/aws-robomaker-testcase-framework/simulation_ws/install/aws_robomaker_test_framework/lib/x86_64-linux-gnu/pkgconfig:/home/ubuntu/environment/aws-robomaker-testcase-framework/simulation_ws/install/aws_robomaker_test_framework/lib/pkgconfig:/home/ubuntu/environment/aws-robomaker-testcase-framework/simulation_ws/install/aws_robomaker_simulation_ros_pkgs/lib/x86_64-linux-gnu/pkgconfig:/home/ubuntu/environment/aws-robomaker-testcase-framework/simulation_ws/install/aws_robomaker_simulation_ros_pkgs/lib/pkgconfig:/home/ubuntu/environment/aws-robomaker-testcase-framework/simulation_ws/install/robomaker_simulation_msgs/lib/x86_64-linux-gnu/pkgconfig:/home/ubuntu/environment/aws-robomaker-testcase-framework/simulation_ws/install/robomaker_simulation_msgs/lib/pkgconfig:/opt/ros/melodic/lib/pkgconfig PYTHONPATH=/home/ubuntu/environment/aws-robomaker-testcase-framework/simulation_ws/install/recorder_msgs/lib/python2.7/dist-packages:/home/ubuntu/environment/aws-robomaker-testcase-framework/simulation_ws/install/file_uploader_msgs/lib/python2.7/dist-packages:/home/ubuntu/environment/aws-robomaker-testcase-framework/simulation_ws/install/sample_node/lib/python2.7/dist-packages:/home/ubuntu/environment/aws-robomaker-testcase-framework/simulation_ws/install/aws_robomaker_test_framework/lib/python2.7/dist-packages:/home/ubuntu/environment/aws-robomaker-testcase-framework/simulation_ws/install/robomaker_simulation_msgs/lib/python2.7/dist-packages:/opt/ros/melodic/lib/python2.7/dist-packages ROS_PACKAGE_PATH=/home/ubuntu/environment/aws-robomaker-testcase-framework/simulation_ws/install/recorder_msgs/share:/home/ubuntu/environment/aws-robomaker-testcase-framework/simulation_ws/install/file_uploader_msgs/share:/home/ubuntu/environment/aws-robomaker-testcase-framework/simulation_ws/install/sample_node/share:/home/ubuntu/environment/aws-robomaker-testcase-framework/simulation_ws/install/rosbag_uploader_ros1_integration_tests/share:/home/ubuntu/environment/aws-robomaker-testcase-framework/simulation_ws/install/s3_file_uploader/share:/home/ubuntu/environment/aws-robomaker-testcase-framework/simulation_ws/install/rosbag_cloud_recorders/share:/home/ubuntu/environment/aws-robomaker-testcase-framework/simulation_ws/install/aws_robomaker_test_framework/share:/home/ubuntu/environment/aws-robomaker-testcase-framework/simulation_ws/install/aws_robomaker_simulation_ros_pkgs/share:/home/ubuntu/environment/aws-robomaker-testcase-framework/simulation_ws/install/robomaker_simulation_msgs/share:/opt/ros/melodic/share /usr/bin/cmake --build /home/ubuntu/environment/aws-robomaker-testcase-framework/simulation_ws/build/rosbag_cloud_recorders --target tests -- -j2 -l2
[2.847s] Invoking command in '/home/ubuntu/environment/aws-robomaker-testcase-framework/simulation_ws/build/rosbag_cloud_recorders': CMAKE_PREFIX_PATH=/home/ubuntu/environment/aws-robomaker-testcase-framework/simulation_ws/install/recorder_msgs:/home/ubuntu/environment/aws-robomaker-testcase-framework/simulation_ws/install/file_uploader_msgs:/home/ubuntu/environment/aws-robomaker-testcase-framework/simulation_ws/install/sample_node:/home/ubuntu/environment/aws-robomaker-testcase-framework/simulation_ws/install/rosbag_uploader_ros1_integration_tests:/home/ubuntu/environment/aws-robomaker-testcase-framework/simulation_ws/install/s3_file_uploader:/home/ubuntu/environment/aws-robomaker-testcase-framework/simulation_ws/install/s3_common:/home/ubuntu/environment/aws-robomaker-testcase-framework/simulation_ws/install/rosbag_cloud_recorders:/home/ubuntu/environment/aws-robomaker-testcase-framework/simulation_ws/install/aws_robomaker_test_framework:/home/ubuntu/environment/aws-robomaker-testcase-framework/simulation_ws/install/robomaker_simulation_msgs:/opt/ros/melodic PKG_CONFIG_PATH=/home/ubuntu/environment/aws-robomaker-testcase-framework/simulation_ws/install/recorder_msgs/lib/x86_64-linux-gnu/pkgconfig:/home/ubuntu/environment/aws-robomaker-testcase-framework/simulation_ws/install/recorder_msgs/lib/pkgconfig:/home/ubuntu/environment/aws-robomaker-testcase-framework/simulation_ws/install/file_uploader_msgs/lib/x86_64-linux-gnu/pkgconfig:/home/ubuntu/environment/aws-robomaker-testcase-framework/simulation_ws/install/file_uploader_msgs/lib/pkgconfig:/home/ubuntu/environment/aws-robomaker-testcase-framework/simulation_ws/install/sample_node/lib/x86_64-linux-gnu/pkgconfig:/home/ubuntu/environment/aws-robomaker-testcase-framework/simulation_ws/install/sample_node/lib/pkgconfig:/home/ubuntu/environment/aws-robomaker-testcase-framework/simulation_ws/install/rosbag_uploader_ros1_integration_tests/lib/x86_64-linux-gnu/pkgconfig:/home/ubuntu/environment/aws-robomaker-testcase-framework/simulation_ws/install/rosbag_uploader_ros1_integration_tests/lib/pkgconfig:/home/ubuntu/environment/aws-robomaker-testcase-framework/simulation_ws/install/s3_file_uploader/lib/x86_64-linux-gnu/pkgconfig:/home/ubuntu/environment/aws-robomaker-testcase-framework/simulation_ws/install/s3_file_uploader/lib/pkgconfig:/home/ubuntu/environment/aws-robomaker-testcase-framework/simulation_ws/install/s3_common/lib/x86_64-linux-gnu/pkgconfig:/home/ubuntu/environment/aws-robomaker-testcase-framework/simulation_ws/install/s3_common/lib/pkgconfig:/home/ubuntu/environment/aws-robomaker-testcase-framework/simulation_ws/install/rosbag_cloud_recorders/lib/x86_64-linux-gnu/pkgconfig:/home/ubuntu/environment/aws-robomaker-testcase-framework/simulation_ws/install/rosbag_cloud_recorders/lib/pkgconfig:/home/ubuntu/environment/aws-robomaker-testcase-framework/simulation_ws/install/aws_robomaker_test_framework/lib/x86_64-linux-gnu/pkgconfig:/home/ubuntu/environment/aws-robomaker-testcase-framework/simulation_ws/install/aws_robomaker_test_framework/lib/pkgconfig:/home/ubuntu/environment/aws-robomaker-testcase-framework/simulation_ws/install/aws_robomaker_simulation_ros_pkgs/lib/x86_64-linux-gnu/pkgconfig:/home/ubuntu/environment/aws-robomaker-testcase-framework/simulation_ws/install/aws_robomaker_simulation_ros_pkgs/lib/pkgconfig:/home/ubuntu/environment/aws-robomaker-testcase-framework/simulation_ws/install/robomaker_simulation_msgs/lib/x86_64-linux-gnu/pkgconfig:/home/ubuntu/environment/aws-robomaker-testcase-framework/simulation_ws/install/robomaker_simulation_msgs/lib/pkgconfig:/opt/ros/melodic/lib/pkgconfig PYTHONPATH=/home/ubuntu/environment/aws-robomaker-testcase-framework/simulation_ws/install/recorder_msgs/lib/python2.7/dist-packages:/home/ubuntu/environment/aws-robomaker-testcase-framework/simulation_ws/install/file_uploader_msgs/lib/python2.7/dist-packages:/home/ubuntu/environment/aws-robomaker-testcase-framework/simulation_ws/install/sample_node/lib/python2.7/dist-packages:/home/ubuntu/environment/aws-robomaker-testcase-framework/simulation_ws/install/aws_robomaker_test_framework/lib/python2.7/dist-packages:/home/ubuntu/environment/aws-robomaker-testcase-framework/simulation_ws/install/robomaker_simulation_msgs/lib/python2.7/dist-packages:/opt/ros/melodic/lib/python2.7/dist-packages ROS_PACKAGE_PATH=/home/ubuntu/environment/aws-robomaker-testcase-framework/simulation_ws/install/recorder_msgs/share:/home/ubuntu/environment/aws-robomaker-testcase-framework/simulation_ws/install/file_uploader_msgs/share:/home/ubuntu/environment/aws-robomaker-testcase-framework/simulation_ws/install/sample_node/share:/home/ubuntu/environment/aws-robomaker-testcase-framework/simulation_ws/install/rosbag_uploader_ros1_integration_tests/share:/home/ubuntu/environment/aws-robomaker-testcase-framework/simulation_ws/install/s3_file_uploader/share:/home/ubuntu/environment/aws-robomaker-testcase-framework/simulation_ws/install/rosbag_cloud_recorders/share:/home/ubuntu/environment/aws-robomaker-testcase-framework/simulation_ws/install/aws_robomaker_test_framework/share:/home/ubuntu/environment/aws-robomaker-testcase-framework/simulation_ws/install/aws_robomaker_simulation_ros_pkgs/share:/home/ubuntu/environment/aws-robomaker-testcase-framework/simulation_ws/install/robomaker_simulation_msgs/share:/opt/ros/melodic/share /usr/bin/cmake --build /home/ubuntu/environment/aws-robomaker-testcase-framework/simulation_ws/build/rosbag_cloud_recorders --target install -- -j2 -l2
[2.915s] [  0%] Built target file_uploader_msgs_generate_messages_py
[2.920s] [  0%] Built target file_uploader_msgs_generate_messages_eus
[2.954s] [  0%] Built target roscpp_generate_messages_lisp
[2.968s] [  0%] Built target actionlib_msgs_generate_messages_py
[2.984s] [  0%] Built target topic_tools_generate_messages_cpp
[3.001s] [  0%] Built target _catkin_empty_exported_target
[3.017s] [  0%] Built target file_uploader_msgs_generate_messages_lisp
[3.034s] [  0%] Built target std_msgs_generate_messages_py
[3.050s] [  0%] Built target std_msgs_generate_messages_nodejs
[3.067s] [  0%] Built target roscpp_generate_messages_nodejs
[3.082s] [  0%] Built target std_msgs_generate_messages_lisp
[3.106s] [  0%] Built target rosgraph_msgs_generate_messages_lisp
[3.114s] [  0%] Built target roscpp_generate_messages_cpp
[3.140s] [  0%] Built target std_msgs_generate_messages_cpp
[3.145s] [  0%] Built target actionlib_generate_messages_eus
[3.172s] [  0%] Built target actionlib_generate_messages_lisp
[3.176s] [  0%] Built target rosgraph_msgs_generate_messages_nodejs
[3.204s] [  0%] Built target actionlib_generate_messages_nodejs
[3.211s] [  0%] Built target actionlib_generate_messages_py
[3.236s] [  0%] Built target topic_tools_generate_messages_nodejs
[3.243s] [  0%] Built target rosgraph_msgs_generate_messages_eus
[3.267s] [  0%] Built target actionlib_msgs_generate_messages_cpp
[3.275s] [  0%] Built target roscpp_generate_messages_eus
[3.298s] [  0%] Built target rosgraph_msgs_generate_messages_py
[3.310s] [  0%] Built target actionlib_msgs_generate_messages_eus
[3.329s] [  0%] Built target actionlib_msgs_generate_messages_lisp
[3.343s] [  0%] Built target recorder_msgs_generate_messages_cpp
[3.361s] [  0%] Built target recorder_msgs_generate_messages_lisp
[3.376s] [  0%] Built target recorder_msgs_generate_messages_nodejs
[3.393s] [  0%] Built target rosgraph_msgs_generate_messages_cpp
[3.409s] [  0%] Built target recorder_msgs_generate_messages_py
[3.426s] [  0%] Built target topic_tools_generate_messages_eus
[3.443s] [  0%] Built target topic_tools_generate_messages_lisp
[3.461s] [  0%] Built target actionlib_msgs_generate_messages_nodejs
[3.478s] [  0%] Built target topic_tools_generate_messages_py
[3.491s] [  0%] Built target roscpp_generate_messages_py
[3.524s] [  0%] Built target actionlib_generate_messages_cpp
[3.524s] [  0%] Built target recorder_msgs_generate_messages_eus
[3.557s] [  0%] Built target std_msgs_generate_messages_eus
[3.557s] [  0%] Built target file_uploader_msgs_generate_messages_cpp
[3.578s] [  0%] Built target file_uploader_msgs_generate_messages_nodejs
[3.612s] [ 63%] Built target rosbag_cloud_recorders_lib
[3.657s] [100%] Built target duration_recorder
[3.658s] [100%] Built target rolling_recorder
[3.680s] [36mInstall the project...[0m
[3.690s] -- Install configuration: ""
[3.690s] -- Up-to-date: /home/ubuntu/environment/aws-robomaker-testcase-framework/simulation_ws/install/rosbag_cloud_recorders/lib/pkgconfig/rosbag_cloud_recorders.pc
[3.690s] -- Up-to-date: /home/ubuntu/environment/aws-robomaker-testcase-framework/simulation_ws/install/rosbag_cloud_recorders/share/rosbag_cloud_recorders/cmake/rosbag_cloud_recordersConfig.cmake
[3.690s] -- Up-to-date: /home/ubuntu/environment/aws-robomaker-testcase-framework/simulation_ws/install/rosbag_cloud_recorders/share/rosbag_cloud_recorders/cmake/rosbag_cloud_recordersConfig-version.cmake
[3.691s] -- Up-to-date: /home/ubuntu/environment/aws-robomaker-testcase-framework/simulation_ws/install/rosbag_cloud_recorders/share/rosbag_cloud_recorders/package.xml
[3.691s] -- Up-to-date: /home/ubuntu/environment/aws-robomaker-testcase-framework/simulation_ws/install/rosbag_cloud_recorders/lib/rosbag_cloud_recorders/duration_recorder
[3.691s] -- Up-to-date: /home/ubuntu/environment/aws-robomaker-testcase-framework/simulation_ws/install/rosbag_cloud_recorders/lib/rosbag_cloud_recorders/rolling_recorder
[3.692s] -- Up-to-date: /home/ubuntu/environment/aws-robomaker-testcase-framework/simulation_ws/install/rosbag_cloud_recorders/lib/librosbag_cloud_recorders_lib.so
[3.692s] -- Up-to-date: /home/ubuntu/environment/aws-robomaker-testcase-framework/simulation_ws/install/rosbag_cloud_recorders/include
[3.692s] -- Up-to-date: /home/ubuntu/environment/aws-robomaker-testcase-framework/simulation_ws/install/rosbag_cloud_recorders/include/rosbag_cloud_recorders
[3.692s] -- Up-to-date: /home/ubuntu/environment/aws-robomaker-testcase-framework/simulation_ws/install/rosbag_cloud_recorders/include/rosbag_cloud_recorders/rolling_recorder
[3.693s] -- Up-to-date: /home/ubuntu/environment/aws-robomaker-testcase-framework/simulation_ws/install/rosbag_cloud_recorders/include/rosbag_cloud_recorders/rolling_recorder/rolling_recorder_action_server_handler.h
[3.693s] -- Up-to-date: /home/ubuntu/environment/aws-robomaker-testcase-framework/simulation_ws/install/rosbag_cloud_recorders/include/rosbag_cloud_recorders/rolling_recorder/rolling_recorder.h
[3.693s] -- Up-to-date: /home/ubuntu/environment/aws-robomaker-testcase-framework/simulation_ws/install/rosbag_cloud_recorders/include/rosbag_cloud_recorders/utils
[3.693s] -- Up-to-date: /home/ubuntu/environment/aws-robomaker-testcase-framework/simulation_ws/install/rosbag_cloud_recorders/include/rosbag_cloud_recorders/utils/recorder.h
[3.693s] -- Up-to-date: /home/ubuntu/environment/aws-robomaker-testcase-framework/simulation_ws/install/rosbag_cloud_recorders/include/rosbag_cloud_recorders/utils/rosbag_recorder.h
[3.693s] -- Up-to-date: /home/ubuntu/environment/aws-robomaker-testcase-framework/simulation_ws/install/rosbag_cloud_recorders/include/rosbag_cloud_recorders/utils/s3_client_utils.h
[3.693s] -- Up-to-date: /home/ubuntu/environment/aws-robomaker-testcase-framework/simulation_ws/install/rosbag_cloud_recorders/include/rosbag_cloud_recorders/utils/file_utils.h
[3.693s] -- Up-to-date: /home/ubuntu/environment/aws-robomaker-testcase-framework/simulation_ws/install/rosbag_cloud_recorders/include/rosbag_cloud_recorders/utils/periodic_file_deleter.h
[3.694s] -- Up-to-date: /home/ubuntu/environment/aws-robomaker-testcase-framework/simulation_ws/install/rosbag_cloud_recorders/include/rosbag_cloud_recorders/duration_recorder
[3.694s] -- Up-to-date: /home/ubuntu/environment/aws-robomaker-testcase-framework/simulation_ws/install/rosbag_cloud_recorders/include/rosbag_cloud_recorders/duration_recorder/duration_recorder_action_server_handler.h
[3.694s] -- Up-to-date: /home/ubuntu/environment/aws-robomaker-testcase-framework/simulation_ws/install/rosbag_cloud_recorders/include/rosbag_cloud_recorders/duration_recorder/duration_recorder.h
[3.694s] -- Up-to-date: /home/ubuntu/environment/aws-robomaker-testcase-framework/simulation_ws/install/rosbag_cloud_recorders/include/rosbag_cloud_recorders/recorder_common_error_codes.h
[3.694s] -- Up-to-date: /home/ubuntu/environment/aws-robomaker-testcase-framework/simulation_ws/install/rosbag_cloud_recorders/share/rosbag_cloud_recorders/config
[3.694s] -- Up-to-date: /home/ubuntu/environment/aws-robomaker-testcase-framework/simulation_ws/install/rosbag_cloud_recorders/share/rosbag_cloud_recorders/config/rolling_recorder_sample_configuration.yaml
[3.694s] -- Up-to-date: /home/ubuntu/environment/aws-robomaker-testcase-framework/simulation_ws/install/rosbag_cloud_recorders/share/rosbag_cloud_recorders/config/duration_recorder_sample_configuration.yaml
[3.694s] -- Up-to-date: /home/ubuntu/environment/aws-robomaker-testcase-framework/simulation_ws/install/rosbag_cloud_recorders/share/rosbag_cloud_recorders/launch
[3.694s] -- Up-to-date: /home/ubuntu/environment/aws-robomaker-testcase-framework/simulation_ws/install/rosbag_cloud_recorders/share/rosbag_cloud_recorders/launch/rolling_recorder.launch
[3.694s] -- Up-to-date: /home/ubuntu/environment/aws-robomaker-testcase-framework/simulation_ws/install/rosbag_cloud_recorders/share/rosbag_cloud_recorders/launch/rolling_recorder_sample.launch
[3.695s] -- Up-to-date: /home/ubuntu/environment/aws-robomaker-testcase-framework/simulation_ws/install/rosbag_cloud_recorders/share/rosbag_cloud_recorders/launch/duration_recorder_sample.launch
[3.695s] -- Up-to-date: /home/ubuntu/environment/aws-robomaker-testcase-framework/simulation_ws/install/rosbag_cloud_recorders/share/rosbag_cloud_recorders/launch/duration_recorder.launch
[3.706s] Invoked command in '/home/ubuntu/environment/aws-robomaker-testcase-framework/simulation_ws/build/rosbag_cloud_recorders' returned '0': CMAKE_PREFIX_PATH=/home/ubuntu/environment/aws-robomaker-testcase-framework/simulation_ws/install/recorder_msgs:/home/ubuntu/environment/aws-robomaker-testcase-framework/simulation_ws/install/file_uploader_msgs:/home/ubuntu/environment/aws-robomaker-testcase-framework/simulation_ws/install/sample_node:/home/ubuntu/environment/aws-robomaker-testcase-framework/simulation_ws/install/rosbag_uploader_ros1_integration_tests:/home/ubuntu/environment/aws-robomaker-testcase-framework/simulation_ws/install/s3_file_uploader:/home/ubuntu/environment/aws-robomaker-testcase-framework/simulation_ws/install/s3_common:/home/ubuntu/environment/aws-robomaker-testcase-framework/simulation_ws/install/rosbag_cloud_recorders:/home/ubuntu/environment/aws-robomaker-testcase-framework/simulation_ws/install/aws_robomaker_test_framework:/home/ubuntu/environment/aws-robomaker-testcase-framework/simulation_ws/install/robomaker_simulation_msgs:/opt/ros/melodic PKG_CONFIG_PATH=/home/ubuntu/environment/aws-robomaker-testcase-framework/simulation_ws/install/recorder_msgs/lib/x86_64-linux-gnu/pkgconfig:/home/ubuntu/environment/aws-robomaker-testcase-framework/simulation_ws/install/recorder_msgs/lib/pkgconfig:/home/ubuntu/environment/aws-robomaker-testcase-framework/simulation_ws/install/file_uploader_msgs/lib/x86_64-linux-gnu/pkgconfig:/home/ubuntu/environment/aws-robomaker-testcase-framework/simulation_ws/install/file_uploader_msgs/lib/pkgconfig:/home/ubuntu/environment/aws-robomaker-testcase-framework/simulation_ws/install/sample_node/lib/x86_64-linux-gnu/pkgconfig:/home/ubuntu/environment/aws-robomaker-testcase-framework/simulation_ws/install/sample_node/lib/pkgconfig:/home/ubuntu/environment/aws-robomaker-testcase-framework/simulation_ws/install/rosbag_uploader_ros1_integration_tests/lib/x86_64-linux-gnu/pkgconfig:/home/ubuntu/environment/aws-robomaker-testcase-framework/simulation_ws/install/rosbag_uploader_ros1_integration_tests/lib/pkgconfig:/home/ubuntu/environment/aws-robomaker-testcase-framework/simulation_ws/install/s3_file_uploader/lib/x86_64-linux-gnu/pkgconfig:/home/ubuntu/environment/aws-robomaker-testcase-framework/simulation_ws/install/s3_file_uploader/lib/pkgconfig:/home/ubuntu/environment/aws-robomaker-testcase-framework/simulation_ws/install/s3_common/lib/x86_64-linux-gnu/pkgconfig:/home/ubuntu/environment/aws-robomaker-testcase-framework/simulation_ws/install/s3_common/lib/pkgconfig:/home/ubuntu/environment/aws-robomaker-testcase-framework/simulation_ws/install/rosbag_cloud_recorders/lib/x86_64-linux-gnu/pkgconfig:/home/ubuntu/environment/aws-robomaker-testcase-framework/simulation_ws/install/rosbag_cloud_recorders/lib/pkgconfig:/home/ubuntu/environment/aws-robomaker-testcase-framework/simulation_ws/install/aws_robomaker_test_framework/lib/x86_64-linux-gnu/pkgconfig:/home/ubuntu/environment/aws-robomaker-testcase-framework/simulation_ws/install/aws_robomaker_test_framework/lib/pkgconfig:/home/ubuntu/environment/aws-robomaker-testcase-framework/simulation_ws/install/aws_robomaker_simulation_ros_pkgs/lib/x86_64-linux-gnu/pkgconfig:/home/ubuntu/environment/aws-robomaker-testcase-framework/simulation_ws/install/aws_robomaker_simulation_ros_pkgs/lib/pkgconfig:/home/ubuntu/environment/aws-robomaker-testcase-framework/simulation_ws/install/robomaker_simulation_msgs/lib/x86_64-linux-gnu/pkgconfig:/home/ubuntu/environment/aws-robomaker-testcase-framework/simulation_ws/install/robomaker_simulation_msgs/lib/pkgconfig:/opt/ros/melodic/lib/pkgconfig PYTHONPATH=/home/ubuntu/environment/aws-robomaker-testcase-framework/simulation_ws/install/recorder_msgs/lib/python2.7/dist-packages:/home/ubuntu/environment/aws-robomaker-testcase-framework/simulation_ws/install/file_uploader_msgs/lib/python2.7/dist-packages:/home/ubuntu/environment/aws-robomaker-testcase-framework/simulation_ws/install/sample_node/lib/python2.7/dist-packages:/home/ubuntu/environment/aws-robomaker-testcase-framework/simulation_ws/install/aws_robomaker_test_framework/lib/python2.7/dist-packages:/home/ubuntu/environment/aws-robomaker-testcase-framework/simulation_ws/install/robomaker_simulation_msgs/lib/python2.7/dist-packages:/opt/ros/melodic/lib/python2.7/dist-packages ROS_PACKAGE_PATH=/home/ubuntu/environment/aws-robomaker-testcase-framework/simulation_ws/install/recorder_msgs/share:/home/ubuntu/environment/aws-robomaker-testcase-framework/simulation_ws/install/file_uploader_msgs/share:/home/ubuntu/environment/aws-robomaker-testcase-framework/simulation_ws/install/sample_node/share:/home/ubuntu/environment/aws-robomaker-testcase-framework/simulation_ws/install/rosbag_uploader_ros1_integration_tests/share:/home/ubuntu/environment/aws-robomaker-testcase-framework/simulation_ws/install/s3_file_uploader/share:/home/ubuntu/environment/aws-robomaker-testcase-framework/simulation_ws/install/rosbag_cloud_recorders/share:/home/ubuntu/environment/aws-robomaker-testcase-framework/simulation_ws/install/aws_robomaker_test_framework/share:/home/ubuntu/environment/aws-robomaker-testcase-framework/simulation_ws/install/aws_robomaker_simulation_ros_pkgs/share:/home/ubuntu/environment/aws-robomaker-testcase-framework/simulation_ws/install/robomaker_simulation_msgs/share:/opt/ros/melodic/share /usr/bin/cmake --build /home/ubuntu/environment/aws-robomaker-testcase-framework/simulation_ws/build/rosbag_cloud_recorders --target install -- -j2 -l2
