[0.012s] Invoking command in '/home/ubuntu/environment/aws-robomaker-testcase-framework/simulation_ws/build/recorder_msgs': /usr/bin/cmake --build /home/ubuntu/environment/aws-robomaker-testcase-framework/simulation_ws/build/recorder_msgs -- -j2 -l2
[0.177s] [  0%] Built target _recorder_msgs_generate_messages_check_deps_DurationRecorderFeedback
[0.191s] [  0%] Built target _recorder_msgs_generate_messages_check_deps_RollingRecorderActionResult
[0.266s] [  0%] Built target std_msgs_generate_messages_eus
[0.286s] [  0%] Built target _recorder_msgs_generate_messages_check_deps_DurationRecorderGoal
[0.318s] [  0%] Built target actionlib_msgs_generate_messages_eus
[0.407s] [  0%] Built target _recorder_msgs_generate_messages_check_deps_RollingRecorderGoal
[0.422s] [  0%] Built target _recorder_msgs_generate_messages_check_deps_RollingRecorderFeedback
[0.531s] [  0%] Built target _recorder_msgs_generate_messages_check_deps_RollingRecorderResult
[0.531s] [  0%] Built target _recorder_msgs_generate_messages_check_deps_RollingRecorderActionGoal
[0.639s] [  0%] Built target _recorder_msgs_generate_messages_check_deps_DurationRecorderActionFeedback
[0.649s] [  0%] Built target _recorder_msgs_generate_messages_check_deps_DurationRecorderAction
[0.737s] [  0%] Built target _recorder_msgs_generate_messages_check_deps_RollingRecorderActionFeedback
[0.758s] [  0%] Built target _recorder_msgs_generate_messages_check_deps_RecorderStatus
[0.829s] [  0%] Built target _recorder_msgs_generate_messages_check_deps_DurationRecorderActionGoal
[0.862s] [  0%] Built target _recorder_msgs_generate_messages_check_deps_DurationRecorderActionResult
[0.906s] [  0%] Built target _recorder_msgs_generate_messages_check_deps_RecorderResult
[0.957s] [  0%] Built target _recorder_msgs_generate_messages_check_deps_RollingRecorderAction
[1.009s] [  0%] Built target std_msgs_generate_messages_py
[1.061s] [  0%] Built target _recorder_msgs_generate_messages_check_deps_DurationRecorderResult
[1.077s] [  0%] Built target actionlib_msgs_generate_messages_py
[1.094s] [  0%] Built target std_msgs_generate_messages_lisp
[1.110s] [  0%] Built target actionlib_msgs_generate_messages_lisp
[1.149s] [  0%] Built target std_msgs_generate_messages_nodejs
[1.164s] [  0%] Built target actionlib_msgs_generate_messages_nodejs
[1.190s] [  0%] Built target actionlib_msgs_generate_messages_cpp
[1.235s] [  0%] Built target std_msgs_generate_messages_cpp
[1.239s] [ 20%] Built target recorder_msgs_generate_messages_eus
[1.313s] [ 41%] Built target recorder_msgs_generate_messages_py
[1.320s] [ 60%] Built target recorder_msgs_generate_messages_lisp
[1.369s] [ 80%] Built target recorder_msgs_generate_messages_cpp
[1.376s] [100%] Built target recorder_msgs_generate_messages_nodejs
[1.421s] [100%] Built target recorder_msgs_generate_messages
[1.449s] Invoked command in '/home/ubuntu/environment/aws-robomaker-testcase-framework/simulation_ws/build/recorder_msgs' returned '0': /usr/bin/cmake --build /home/ubuntu/environment/aws-robomaker-testcase-framework/simulation_ws/build/recorder_msgs -- -j2 -l2
[1.612s] Invoking command in '/home/ubuntu/environment/aws-robomaker-testcase-framework/simulation_ws/build/recorder_msgs': /usr/bin/cmake --build /home/ubuntu/environment/aws-robomaker-testcase-framework/simulation_ws/build/recorder_msgs --target tests -- -j2 -l2
[1.769s] Built target tests
[1.800s] Invoked command in '/home/ubuntu/environment/aws-robomaker-testcase-framework/simulation_ws/build/recorder_msgs' returned '0': /usr/bin/cmake --build /home/ubuntu/environment/aws-robomaker-testcase-framework/simulation_ws/build/recorder_msgs --target tests -- -j2 -l2
[2.058s] Invoking command in '/home/ubuntu/environment/aws-robomaker-testcase-framework/simulation_ws/build/recorder_msgs': /usr/bin/cmake --build /home/ubuntu/environment/aws-robomaker-testcase-framework/simulation_ws/build/recorder_msgs --target install -- -j2 -l2
[2.277s] [  0%] Built target _recorder_msgs_generate_messages_check_deps_RollingRecorderActionResult
[2.361s] [  0%] Built target _recorder_msgs_generate_messages_check_deps_DurationRecorderFeedback
[2.391s] [  0%] Built target _recorder_msgs_generate_messages_check_deps_DurationRecorderGoal
[2.415s] [  0%] Built target std_msgs_generate_messages_eus
[2.485s] [  0%] Built target actionlib_msgs_generate_messages_eus
[2.528s] [  0%] Built target _recorder_msgs_generate_messages_check_deps_RollingRecorderFeedback
[2.607s] [  0%] Built target _recorder_msgs_generate_messages_check_deps_RollingRecorderGoal
[2.642s] [  0%] Built target _recorder_msgs_generate_messages_check_deps_RollingRecorderResult
[2.714s] [  0%] Built target _recorder_msgs_generate_messages_check_deps_RollingRecorderActionGoal
[2.722s] [  0%] Built target _recorder_msgs_generate_messages_check_deps_DurationRecorderAction
[2.802s] [  0%] Built target _recorder_msgs_generate_messages_check_deps_DurationRecorderActionFeedback
[2.853s] [  0%] Built target _recorder_msgs_generate_messages_check_deps_RollingRecorderActionFeedback
[2.930s] [  0%] Built target _recorder_msgs_generate_messages_check_deps_RecorderStatus
[2.976s] [  0%] Built target _recorder_msgs_generate_messages_check_deps_DurationRecorderActionGoal
[3.049s] [  0%] Built target _recorder_msgs_generate_messages_check_deps_DurationRecorderActionResult
[3.085s] [  0%] Built target _recorder_msgs_generate_messages_check_deps_RecorderResult
[3.171s] [  0%] Built target _recorder_msgs_generate_messages_check_deps_RollingRecorderAction
[3.212s] [  0%] Built target _recorder_msgs_generate_messages_check_deps_DurationRecorderResult
[3.228s] [  0%] Built target std_msgs_generate_messages_py
[3.280s] [  0%] Built target std_msgs_generate_messages_lisp
[3.280s] [  0%] Built target actionlib_msgs_generate_messages_py
[3.341s] [  0%] Built target actionlib_msgs_generate_messages_lisp
[3.348s] [  0%] Built target std_msgs_generate_messages_nodejs
[3.404s] [  0%] Built target actionlib_msgs_generate_messages_nodejs
[3.420s] [  0%] Built target actionlib_msgs_generate_messages_cpp
[3.474s] [  0%] Built target std_msgs_generate_messages_cpp
[3.488s] [ 20%] Built target recorder_msgs_generate_messages_eus
[3.531s] [ 41%] Built target recorder_msgs_generate_messages_py
[3.564s] [ 60%] Built target recorder_msgs_generate_messages_lisp
[3.597s] [ 80%] Built target recorder_msgs_generate_messages_nodejs
[3.628s] [100%] Built target recorder_msgs_generate_messages_cpp
[3.677s] [100%] Built target recorder_msgs_generate_messages
[3.727s] [36mInstall the project...[0m
[3.746s] -- Install configuration: ""
[3.748s] -- Up-to-date: /home/ubuntu/environment/aws-robomaker-testcase-framework/simulation_ws/install/recorder_msgs/share/recorder_msgs/action/DurationRecorder.action
[3.749s] -- Up-to-date: /home/ubuntu/environment/aws-robomaker-testcase-framework/simulation_ws/install/recorder_msgs/share/recorder_msgs/action/RollingRecorder.action
[3.750s] -- Up-to-date: /home/ubuntu/environment/aws-robomaker-testcase-framework/simulation_ws/install/recorder_msgs/share/recorder_msgs/msg/DurationRecorderAction.msg
[3.750s] -- Up-to-date: /home/ubuntu/environment/aws-robomaker-testcase-framework/simulation_ws/install/recorder_msgs/share/recorder_msgs/msg/DurationRecorderActionGoal.msg
[3.750s] -- Up-to-date: /home/ubuntu/environment/aws-robomaker-testcase-framework/simulation_ws/install/recorder_msgs/share/recorder_msgs/msg/DurationRecorderActionResult.msg
[3.750s] -- Up-to-date: /home/ubuntu/environment/aws-robomaker-testcase-framework/simulation_ws/install/recorder_msgs/share/recorder_msgs/msg/DurationRecorderActionFeedback.msg
[3.750s] -- Up-to-date: /home/ubuntu/environment/aws-robomaker-testcase-framework/simulation_ws/install/recorder_msgs/share/recorder_msgs/msg/DurationRecorderGoal.msg
[3.750s] -- Up-to-date: /home/ubuntu/environment/aws-robomaker-testcase-framework/simulation_ws/install/recorder_msgs/share/recorder_msgs/msg/DurationRecorderResult.msg
[3.750s] -- Up-to-date: /home/ubuntu/environment/aws-robomaker-testcase-framework/simulation_ws/install/recorder_msgs/share/recorder_msgs/msg/DurationRecorderFeedback.msg
[3.751s] -- Up-to-date: /home/ubuntu/environment/aws-robomaker-testcase-framework/simulation_ws/install/recorder_msgs/share/recorder_msgs/msg/RollingRecorderAction.msg
[3.751s] -- Up-to-date: /home/ubuntu/environment/aws-robomaker-testcase-framework/simulation_ws/install/recorder_msgs/share/recorder_msgs/msg/RollingRecorderActionGoal.msg
[3.751s] -- Up-to-date: /home/ubuntu/environment/aws-robomaker-testcase-framework/simulation_ws/install/recorder_msgs/share/recorder_msgs/msg/RollingRecorderActionResult.msg
[3.751s] -- Up-to-date: /home/ubuntu/environment/aws-robomaker-testcase-framework/simulation_ws/install/recorder_msgs/share/recorder_msgs/msg/RollingRecorderActionFeedback.msg
[3.751s] -- Up-to-date: /home/ubuntu/environment/aws-robomaker-testcase-framework/simulation_ws/install/recorder_msgs/share/recorder_msgs/msg/RollingRecorderGoal.msg
[3.751s] -- Up-to-date: /home/ubuntu/environment/aws-robomaker-testcase-framework/simulation_ws/install/recorder_msgs/share/recorder_msgs/msg/RollingRecorderResult.msg
[3.751s] -- Up-to-date: /home/ubuntu/environment/aws-robomaker-testcase-framework/simulation_ws/install/recorder_msgs/share/recorder_msgs/msg/RollingRecorderFeedback.msg
[3.751s] -- Up-to-date: /home/ubuntu/environment/aws-robomaker-testcase-framework/simulation_ws/install/recorder_msgs/share/recorder_msgs/msg/RecorderStatus.msg
[3.751s] -- Up-to-date: /home/ubuntu/environment/aws-robomaker-testcase-framework/simulation_ws/install/recorder_msgs/share/recorder_msgs/msg/RecorderResult.msg
[3.752s] -- Up-to-date: /home/ubuntu/environment/aws-robomaker-testcase-framework/simulation_ws/install/recorder_msgs/share/recorder_msgs/cmake/recorder_msgs-msg-paths.cmake
[3.752s] -- Up-to-date: /home/ubuntu/environment/aws-robomaker-testcase-framework/simulation_ws/install/recorder_msgs/include/recorder_msgs
[3.753s] -- Up-to-date: /home/ubuntu/environment/aws-robomaker-testcase-framework/simulation_ws/install/recorder_msgs/include/recorder_msgs/DurationRecorderResult.h
[3.753s] -- Up-to-date: /home/ubuntu/environment/aws-robomaker-testcase-framework/simulation_ws/install/recorder_msgs/include/recorder_msgs/DurationRecorderActionResult.h
[3.754s] -- Up-to-date: /home/ubuntu/environment/aws-robomaker-testcase-framework/simulation_ws/install/recorder_msgs/include/recorder_msgs/RollingRecorderFeedback.h
[3.754s] -- Up-to-date: /home/ubuntu/environment/aws-robomaker-testcase-framework/simulation_ws/install/recorder_msgs/include/recorder_msgs/RollingRecorderActionFeedback.h
[3.754s] -- Up-to-date: /home/ubuntu/environment/aws-robomaker-testcase-framework/simulation_ws/install/recorder_msgs/include/recorder_msgs/RollingRecorderResult.h
[3.754s] -- Up-to-date: /home/ubuntu/environment/aws-robomaker-testcase-framework/simulation_ws/install/recorder_msgs/include/recorder_msgs/RollingRecorderActionGoal.h
[3.754s] -- Up-to-date: /home/ubuntu/environment/aws-robomaker-testcase-framework/simulation_ws/install/recorder_msgs/include/recorder_msgs/DurationRecorderActionGoal.h
[3.754s] -- Up-to-date: /home/ubuntu/environment/aws-robomaker-testcase-framework/simulation_ws/install/recorder_msgs/include/recorder_msgs/RollingRecorderGoal.h
[3.754s] -- Up-to-date: /home/ubuntu/environment/aws-robomaker-testcase-framework/simulation_ws/install/recorder_msgs/include/recorder_msgs/RollingRecorderAction.h
[3.754s] -- Up-to-date: /home/ubuntu/environment/aws-robomaker-testcase-framework/simulation_ws/install/recorder_msgs/include/recorder_msgs/RecorderResult.h
[3.754s] -- Up-to-date: /home/ubuntu/environment/aws-robomaker-testcase-framework/simulation_ws/install/recorder_msgs/include/recorder_msgs/DurationRecorderGoal.h
[3.754s] -- Up-to-date: /home/ubuntu/environment/aws-robomaker-testcase-framework/simulation_ws/install/recorder_msgs/include/recorder_msgs/DurationRecorderAction.h
[3.755s] -- Up-to-date: /home/ubuntu/environment/aws-robomaker-testcase-framework/simulation_ws/install/recorder_msgs/include/recorder_msgs/DurationRecorderFeedback.h
[3.755s] -- Up-to-date: /home/ubuntu/environment/aws-robomaker-testcase-framework/simulation_ws/install/recorder_msgs/include/recorder_msgs/RollingRecorderActionResult.h
[3.755s] -- Up-to-date: /home/ubuntu/environment/aws-robomaker-testcase-framework/simulation_ws/install/recorder_msgs/include/recorder_msgs/RecorderStatus.h
[3.755s] -- Up-to-date: /home/ubuntu/environment/aws-robomaker-testcase-framework/simulation_ws/install/recorder_msgs/include/recorder_msgs/DurationRecorderActionFeedback.h
[3.756s] -- Up-to-date: /home/ubuntu/environment/aws-robomaker-testcase-framework/simulation_ws/install/recorder_msgs/share/roseus/ros/recorder_msgs
[3.756s] -- Up-to-date: /home/ubuntu/environment/aws-robomaker-testcase-framework/simulation_ws/install/recorder_msgs/share/roseus/ros/recorder_msgs/manifest.l
[3.756s] -- Up-to-date: /home/ubuntu/environment/aws-robomaker-testcase-framework/simulation_ws/install/recorder_msgs/share/roseus/ros/recorder_msgs/msg
[3.757s] -- Up-to-date: /home/ubuntu/environment/aws-robomaker-testcase-framework/simulation_ws/install/recorder_msgs/share/roseus/ros/recorder_msgs/msg/DurationRecorderFeedback.l
[3.757s] -- Up-to-date: /home/ubuntu/environment/aws-robomaker-testcase-framework/simulation_ws/install/recorder_msgs/share/roseus/ros/recorder_msgs/msg/RollingRecorderActionFeedback.l
[3.757s] -- Up-to-date: /home/ubuntu/environment/aws-robomaker-testcase-framework/simulation_ws/install/recorder_msgs/share/roseus/ros/recorder_msgs/msg/RecorderStatus.l
[3.757s] -- Up-to-date: /home/ubuntu/environment/aws-robomaker-testcase-framework/simulation_ws/install/recorder_msgs/share/roseus/ros/recorder_msgs/msg/RollingRecorderResult.l
[3.758s] -- Up-to-date: /home/ubuntu/environment/aws-robomaker-testcase-framework/simulation_ws/install/recorder_msgs/share/roseus/ros/recorder_msgs/msg/DurationRecorderActionResult.l
[3.758s] -- Up-to-date: /home/ubuntu/environment/aws-robomaker-testcase-framework/simulation_ws/install/recorder_msgs/share/roseus/ros/recorder_msgs/msg/RollingRecorderFeedback.l
[3.758s] -- Up-to-date: /home/ubuntu/environment/aws-robomaker-testcase-framework/simulation_ws/install/recorder_msgs/share/roseus/ros/recorder_msgs/msg/DurationRecorderActionGoal.l
[3.758s] -- Up-to-date: /home/ubuntu/environment/aws-robomaker-testcase-framework/simulation_ws/install/recorder_msgs/share/roseus/ros/recorder_msgs/msg/RollingRecorderActionGoal.l
[3.758s] -- Up-to-date: /home/ubuntu/environment/aws-robomaker-testcase-framework/simulation_ws/install/recorder_msgs/share/roseus/ros/recorder_msgs/msg/RollingRecorderAction.l
[3.758s] -- Up-to-date: /home/ubuntu/environment/aws-robomaker-testcase-framework/simulation_ws/install/recorder_msgs/share/roseus/ros/recorder_msgs/msg/DurationRecorderGoal.l
[3.758s] -- Up-to-date: /home/ubuntu/environment/aws-robomaker-testcase-framework/simulation_ws/install/recorder_msgs/share/roseus/ros/recorder_msgs/msg/DurationRecorderResult.l
[3.758s] -- Up-to-date: /home/ubuntu/environment/aws-robomaker-testcase-framework/simulation_ws/install/recorder_msgs/share/roseus/ros/recorder_msgs/msg/RollingRecorderGoal.l
[3.758s] -- Up-to-date: /home/ubuntu/environment/aws-robomaker-testcase-framework/simulation_ws/install/recorder_msgs/share/roseus/ros/recorder_msgs/msg/RecorderResult.l
[3.758s] -- Up-to-date: /home/ubuntu/environment/aws-robomaker-testcase-framework/simulation_ws/install/recorder_msgs/share/roseus/ros/recorder_msgs/msg/DurationRecorderAction.l
[3.759s] -- Up-to-date: /home/ubuntu/environment/aws-robomaker-testcase-framework/simulation_ws/install/recorder_msgs/share/roseus/ros/recorder_msgs/msg/DurationRecorderActionFeedback.l
[3.759s] -- Up-to-date: /home/ubuntu/environment/aws-robomaker-testcase-framework/simulation_ws/install/recorder_msgs/share/roseus/ros/recorder_msgs/msg/RollingRecorderActionResult.l
[3.759s] -- Up-to-date: /home/ubuntu/environment/aws-robomaker-testcase-framework/simulation_ws/install/recorder_msgs/share/common-lisp/ros/recorder_msgs
[3.760s] -- Up-to-date: /home/ubuntu/environment/aws-robomaker-testcase-framework/simulation_ws/install/recorder_msgs/share/common-lisp/ros/recorder_msgs/msg
[3.762s] -- Up-to-date: /home/ubuntu/environment/aws-robomaker-testcase-framework/simulation_ws/install/recorder_msgs/share/common-lisp/ros/recorder_msgs/msg/_package_RollingRecorderActionGoal.lisp
[3.762s] -- Up-to-date: /home/ubuntu/environment/aws-robomaker-testcase-framework/simulation_ws/install/recorder_msgs/share/common-lisp/ros/recorder_msgs/msg/_package.lisp
[3.762s] -- Up-to-date: /home/ubuntu/environment/aws-robomaker-testcase-framework/simulation_ws/install/recorder_msgs/share/common-lisp/ros/recorder_msgs/msg/RollingRecorderResult.lisp
[3.762s] -- Up-to-date: /home/ubuntu/environment/aws-robomaker-testcase-framework/simulation_ws/install/recorder_msgs/share/common-lisp/ros/recorder_msgs/msg/_package_RollingRecorderActionResult.lisp
[3.762s] -- Up-to-date: /home/ubuntu/environment/aws-robomaker-testcase-framework/simulation_ws/install/recorder_msgs/share/common-lisp/ros/recorder_msgs/msg/_package_RollingRecorderGoal.lisp
[3.762s] -- Up-to-date: /home/ubuntu/environment/aws-robomaker-testcase-framework/simulation_ws/install/recorder_msgs/share/common-lisp/ros/recorder_msgs/msg/DurationRecorderAction.lisp
[3.762s] -- Up-to-date: /home/ubuntu/environment/aws-robomaker-testcase-framework/simulation_ws/install/recorder_msgs/share/common-lisp/ros/recorder_msgs/msg/_package_DurationRecorderFeedback.lisp
[3.762s] -- Up-to-date: /home/ubuntu/environment/aws-robomaker-testcase-framework/simulation_ws/install/recorder_msgs/share/common-lisp/ros/recorder_msgs/msg/RollingRecorderAction.lisp
[3.762s] -- Up-to-date: /home/ubuntu/environment/aws-robomaker-testcase-framework/simulation_ws/install/recorder_msgs/share/common-lisp/ros/recorder_msgs/msg/DurationRecorderActionResult.lisp
[3.763s] -- Up-to-date: /home/ubuntu/environment/aws-robomaker-testcase-framework/simulation_ws/install/recorder_msgs/share/common-lisp/ros/recorder_msgs/msg/DurationRecorderGoal.lisp
[3.763s] -- Up-to-date: /home/ubuntu/environment/aws-robomaker-testcase-framework/simulation_ws/install/recorder_msgs/share/common-lisp/ros/recorder_msgs/msg/_package_DurationRecorderActionFeedback.lisp
[3.763s] -- Up-to-date: /home/ubuntu/environment/aws-robomaker-testcase-framework/simulation_ws/install/recorder_msgs/share/common-lisp/ros/recorder_msgs/msg/DurationRecorderResult.lisp
[3.763s] -- Up-to-date: /home/ubuntu/environment/aws-robomaker-testcase-framework/simulation_ws/install/recorder_msgs/share/common-lisp/ros/recorder_msgs/msg/_package_RecorderResult.lisp
[3.763s] -- Up-to-date: /home/ubuntu/environment/aws-robomaker-testcase-framework/simulation_ws/install/recorder_msgs/share/common-lisp/ros/recorder_msgs/msg/_package_DurationRecorderResult.lisp
[3.763s] -- Up-to-date: /home/ubuntu/environment/aws-robomaker-testcase-framework/simulation_ws/install/recorder_msgs/share/common-lisp/ros/recorder_msgs/msg/RollingRecorderFeedback.lisp
[3.763s] -- Up-to-date: /home/ubuntu/environment/aws-robomaker-testcase-framework/simulation_ws/install/recorder_msgs/share/common-lisp/ros/recorder_msgs/msg/_package_DurationRecorderGoal.lisp
[3.763s] -- Up-to-date: /home/ubuntu/environment/aws-robomaker-testcase-framework/simulation_ws/install/recorder_msgs/share/common-lisp/ros/recorder_msgs/msg/RollingRecorderActionFeedback.lisp
[3.763s] -- Up-to-date: /home/ubuntu/environment/aws-robomaker-testcase-framework/simulation_ws/install/recorder_msgs/share/common-lisp/ros/recorder_msgs/msg/_package_DurationRecorderActionResult.lisp
[3.763s] -- Up-to-date: /home/ubuntu/environment/aws-robomaker-testcase-framework/simulation_ws/install/recorder_msgs/share/common-lisp/ros/recorder_msgs/msg/RollingRecorderActionResult.lisp
[3.764s] -- Up-to-date: /home/ubuntu/environment/aws-robomaker-testcase-framework/simulation_ws/install/recorder_msgs/share/common-lisp/ros/recorder_msgs/msg/_package_RecorderStatus.lisp
[3.764s] -- Up-to-date: /home/ubuntu/environment/aws-robomaker-testcase-framework/simulation_ws/install/recorder_msgs/share/common-lisp/ros/recorder_msgs/msg/RecorderResult.lisp
[3.764s] -- Up-to-date: /home/ubuntu/environment/aws-robomaker-testcase-framework/simulation_ws/install/recorder_msgs/share/common-lisp/ros/recorder_msgs/msg/DurationRecorderActionGoal.lisp
[3.764s] -- Up-to-date: /home/ubuntu/environment/aws-robomaker-testcase-framework/simulation_ws/install/recorder_msgs/share/common-lisp/ros/recorder_msgs/msg/DurationRecorderFeedback.lisp
[3.764s] -- Up-to-date: /home/ubuntu/environment/aws-robomaker-testcase-framework/simulation_ws/install/recorder_msgs/share/common-lisp/ros/recorder_msgs/msg/_package_DurationRecorderActionGoal.lisp
[3.764s] -- Up-to-date: /home/ubuntu/environment/aws-robomaker-testcase-framework/simulation_ws/install/recorder_msgs/share/common-lisp/ros/recorder_msgs/msg/DurationRecorderActionFeedback.lisp
[3.764s] -- Up-to-date: /home/ubuntu/environment/aws-robomaker-testcase-framework/simulation_ws/install/recorder_msgs/share/common-lisp/ros/recorder_msgs/msg/recorder_msgs-msg.asd
[3.764s] -- Up-to-date: /home/ubuntu/environment/aws-robomaker-testcase-framework/simulation_ws/install/recorder_msgs/share/common-lisp/ros/recorder_msgs/msg/_package_RollingRecorderFeedback.lisp
[3.764s] -- Up-to-date: /home/ubuntu/environment/aws-robomaker-testcase-framework/simulation_ws/install/recorder_msgs/share/common-lisp/ros/recorder_msgs/msg/RollingRecorderGoal.lisp
[3.765s] -- Up-to-date: /home/ubuntu/environment/aws-robomaker-testcase-framework/simulation_ws/install/recorder_msgs/share/common-lisp/ros/recorder_msgs/msg/RecorderStatus.lisp
[3.765s] -- Up-to-date: /home/ubuntu/environment/aws-robomaker-testcase-framework/simulation_ws/install/recorder_msgs/share/common-lisp/ros/recorder_msgs/msg/_package_RollingRecorderActionFeedback.lisp
[3.765s] -- Up-to-date: /home/ubuntu/environment/aws-robomaker-testcase-framework/simulation_ws/install/recorder_msgs/share/common-lisp/ros/recorder_msgs/msg/_package_DurationRecorderAction.lisp
[3.765s] -- Up-to-date: /home/ubuntu/environment/aws-robomaker-testcase-framework/simulation_ws/install/recorder_msgs/share/common-lisp/ros/recorder_msgs/msg/_package_RollingRecorderAction.lisp
[3.765s] -- Up-to-date: /home/ubuntu/environment/aws-robomaker-testcase-framework/simulation_ws/install/recorder_msgs/share/common-lisp/ros/recorder_msgs/msg/RollingRecorderActionGoal.lisp
[3.765s] -- Up-to-date: /home/ubuntu/environment/aws-robomaker-testcase-framework/simulation_ws/install/recorder_msgs/share/common-lisp/ros/recorder_msgs/msg/_package_RollingRecorderResult.lisp
[3.766s] -- Up-to-date: /home/ubuntu/environment/aws-robomaker-testcase-framework/simulation_ws/install/recorder_msgs/share/gennodejs/ros/recorder_msgs
[3.766s] -- Up-to-date: /home/ubuntu/environment/aws-robomaker-testcase-framework/simulation_ws/install/recorder_msgs/share/gennodejs/ros/recorder_msgs/_index.js
[3.766s] -- Up-to-date: /home/ubuntu/environment/aws-robomaker-testcase-framework/simulation_ws/install/recorder_msgs/share/gennodejs/ros/recorder_msgs/msg
[3.768s] -- Up-to-date: /home/ubuntu/environment/aws-robomaker-testcase-framework/simulation_ws/install/recorder_msgs/share/gennodejs/ros/recorder_msgs/msg/RecorderResult.js
[3.768s] -- Up-to-date: /home/ubuntu/environment/aws-robomaker-testcase-framework/simulation_ws/install/recorder_msgs/share/gennodejs/ros/recorder_msgs/msg/RollingRecorderActionGoal.js
[3.768s] -- Up-to-date: /home/ubuntu/environment/aws-robomaker-testcase-framework/simulation_ws/install/recorder_msgs/share/gennodejs/ros/recorder_msgs/msg/RollingRecorderActionFeedback.js
[3.768s] -- Up-to-date: /home/ubuntu/environment/aws-robomaker-testcase-framework/simulation_ws/install/recorder_msgs/share/gennodejs/ros/recorder_msgs/msg/DurationRecorderGoal.js
[3.768s] -- Up-to-date: /home/ubuntu/environment/aws-robomaker-testcase-framework/simulation_ws/install/recorder_msgs/share/gennodejs/ros/recorder_msgs/msg/_index.js
[3.768s] -- Up-to-date: /home/ubuntu/environment/aws-robomaker-testcase-framework/simulation_ws/install/recorder_msgs/share/gennodejs/ros/recorder_msgs/msg/DurationRecorderActionFeedback.js
[3.768s] -- Up-to-date: /home/ubuntu/environment/aws-robomaker-testcase-framework/simulation_ws/install/recorder_msgs/share/gennodejs/ros/recorder_msgs/msg/RollingRecorderAction.js
[3.768s] -- Up-to-date: /home/ubuntu/environment/aws-robomaker-testcase-framework/simulation_ws/install/recorder_msgs/share/gennodejs/ros/recorder_msgs/msg/DurationRecorderResult.js
[3.769s] -- Up-to-date: /home/ubuntu/environment/aws-robomaker-testcase-framework/simulation_ws/install/recorder_msgs/share/gennodejs/ros/recorder_msgs/msg/RollingRecorderGoal.js
[3.769s] -- Up-to-date: /home/ubuntu/environment/aws-robomaker-testcase-framework/simulation_ws/install/recorder_msgs/share/gennodejs/ros/recorder_msgs/msg/RecorderStatus.js
[3.769s] -- Up-to-date: /home/ubuntu/environment/aws-robomaker-testcase-framework/simulation_ws/install/recorder_msgs/share/gennodejs/ros/recorder_msgs/msg/DurationRecorderActionGoal.js
[3.769s] -- Up-to-date: /home/ubuntu/environment/aws-robomaker-testcase-framework/simulation_ws/install/recorder_msgs/share/gennodejs/ros/recorder_msgs/msg/DurationRecorderAction.js
[3.769s] -- Up-to-date: /home/ubuntu/environment/aws-robomaker-testcase-framework/simulation_ws/install/recorder_msgs/share/gennodejs/ros/recorder_msgs/msg/RollingRecorderActionResult.js
[3.769s] -- Up-to-date: /home/ubuntu/environment/aws-robomaker-testcase-framework/simulation_ws/install/recorder_msgs/share/gennodejs/ros/recorder_msgs/msg/DurationRecorderFeedback.js
[3.769s] -- Up-to-date: /home/ubuntu/environment/aws-robomaker-testcase-framework/simulation_ws/install/recorder_msgs/share/gennodejs/ros/recorder_msgs/msg/DurationRecorderActionResult.js
[3.769s] -- Up-to-date: /home/ubuntu/environment/aws-robomaker-testcase-framework/simulation_ws/install/recorder_msgs/share/gennodejs/ros/recorder_msgs/msg/RollingRecorderResult.js
[3.769s] -- Up-to-date: /home/ubuntu/environment/aws-robomaker-testcase-framework/simulation_ws/install/recorder_msgs/share/gennodejs/ros/recorder_msgs/msg/RollingRecorderFeedback.js
[3.806s] Listing /home/ubuntu/environment/aws-robomaker-testcase-framework/simulation_ws/build/recorder_msgs/devel/lib/python2.7/dist-packages/recorder_msgs ...
[3.806s] Listing /home/ubuntu/environment/aws-robomaker-testcase-framework/simulation_ws/build/recorder_msgs/devel/lib/python2.7/dist-packages/recorder_msgs/msg ...
[3.807s] -- Up-to-date: /home/ubuntu/environment/aws-robomaker-testcase-framework/simulation_ws/install/recorder_msgs/lib/python2.7/dist-packages/recorder_msgs
[3.808s] -- Up-to-date: /home/ubuntu/environment/aws-robomaker-testcase-framework/simulation_ws/install/recorder_msgs/lib/python2.7/dist-packages/recorder_msgs/__init__.pyc
[3.809s] -- Up-to-date: /home/ubuntu/environment/aws-robomaker-testcase-framework/simulation_ws/install/recorder_msgs/lib/python2.7/dist-packages/recorder_msgs/msg
[3.810s] -- Up-to-date: /home/ubuntu/environment/aws-robomaker-testcase-framework/simulation_ws/install/recorder_msgs/lib/python2.7/dist-packages/recorder_msgs/msg/_RollingRecorderActionFeedback.pyc
[3.811s] -- Up-to-date: /home/ubuntu/environment/aws-robomaker-testcase-framework/simulation_ws/install/recorder_msgs/lib/python2.7/dist-packages/recorder_msgs/msg/_DurationRecorderFeedback.pyc
[3.811s] -- Up-to-date: /home/ubuntu/environment/aws-robomaker-testcase-framework/simulation_ws/install/recorder_msgs/lib/python2.7/dist-packages/recorder_msgs/msg/_RollingRecorderResult.pyc
[3.811s] -- Up-to-date: /home/ubuntu/environment/aws-robomaker-testcase-framework/simulation_ws/install/recorder_msgs/lib/python2.7/dist-packages/recorder_msgs/msg/_DurationRecorderActionResult.py
[3.811s] -- Up-to-date: /home/ubuntu/environment/aws-robomaker-testcase-framework/simulation_ws/install/recorder_msgs/lib/python2.7/dist-packages/recorder_msgs/msg/_DurationRecorderActionFeedback.py
[3.811s] -- Up-to-date: /home/ubuntu/environment/aws-robomaker-testcase-framework/simulation_ws/install/recorder_msgs/lib/python2.7/dist-packages/recorder_msgs/msg/_RollingRecorderAction.py
[3.811s] -- Up-to-date: /home/ubuntu/environment/aws-robomaker-testcase-framework/simulation_ws/install/recorder_msgs/lib/python2.7/dist-packages/recorder_msgs/msg/_RollingRecorderGoal.pyc
[3.811s] -- Up-to-date: /home/ubuntu/environment/aws-robomaker-testcase-framework/simulation_ws/install/recorder_msgs/lib/python2.7/dist-packages/recorder_msgs/msg/_RollingRecorderActionGoal.py
[3.811s] -- Up-to-date: /home/ubuntu/environment/aws-robomaker-testcase-framework/simulation_ws/install/recorder_msgs/lib/python2.7/dist-packages/recorder_msgs/msg/__init__.pyc
[3.811s] -- Up-to-date: /home/ubuntu/environment/aws-robomaker-testcase-framework/simulation_ws/install/recorder_msgs/lib/python2.7/dist-packages/recorder_msgs/msg/_RecorderStatus.py
[3.812s] -- Up-to-date: /home/ubuntu/environment/aws-robomaker-testcase-framework/simulation_ws/install/recorder_msgs/lib/python2.7/dist-packages/recorder_msgs/msg/_RecorderStatus.pyc
[3.812s] -- Up-to-date: /home/ubuntu/environment/aws-robomaker-testcase-framework/simulation_ws/install/recorder_msgs/lib/python2.7/dist-packages/recorder_msgs/msg/_DurationRecorderAction.py
[3.812s] -- Up-to-date: /home/ubuntu/environment/aws-robomaker-testcase-framework/simulation_ws/install/recorder_msgs/lib/python2.7/dist-packages/recorder_msgs/msg/_DurationRecorderFeedback.py
[3.812s] -- Up-to-date: /home/ubuntu/environment/aws-robomaker-testcase-framework/simulation_ws/install/recorder_msgs/lib/python2.7/dist-packages/recorder_msgs/msg/_DurationRecorderActionGoal.pyc
[3.812s] -- Up-to-date: /home/ubuntu/environment/aws-robomaker-testcase-framework/simulation_ws/install/recorder_msgs/lib/python2.7/dist-packages/recorder_msgs/msg/_DurationRecorderResult.pyc
[3.812s] -- Up-to-date: /home/ubuntu/environment/aws-robomaker-testcase-framework/simulation_ws/install/recorder_msgs/lib/python2.7/dist-packages/recorder_msgs/msg/_RollingRecorderActionResult.pyc
[3.812s] -- Up-to-date: /home/ubuntu/environment/aws-robomaker-testcase-framework/simulation_ws/install/recorder_msgs/lib/python2.7/dist-packages/recorder_msgs/msg/_RollingRecorderFeedback.pyc
[3.812s] -- Up-to-date: /home/ubuntu/environment/aws-robomaker-testcase-framework/simulation_ws/install/recorder_msgs/lib/python2.7/dist-packages/recorder_msgs/msg/_DurationRecorderResult.py
[3.812s] -- Up-to-date: /home/ubuntu/environment/aws-robomaker-testcase-framework/simulation_ws/install/recorder_msgs/lib/python2.7/dist-packages/recorder_msgs/msg/_DurationRecorderActionFeedback.pyc
[3.812s] -- Up-to-date: /home/ubuntu/environment/aws-robomaker-testcase-framework/simulation_ws/install/recorder_msgs/lib/python2.7/dist-packages/recorder_msgs/msg/_DurationRecorderAction.pyc
[3.812s] -- Up-to-date: /home/ubuntu/environment/aws-robomaker-testcase-framework/simulation_ws/install/recorder_msgs/lib/python2.7/dist-packages/recorder_msgs/msg/_RecorderResult.pyc
[3.813s] -- Up-to-date: /home/ubuntu/environment/aws-robomaker-testcase-framework/simulation_ws/install/recorder_msgs/lib/python2.7/dist-packages/recorder_msgs/msg/_DurationRecorderActionResult.pyc
[3.813s] -- Up-to-date: /home/ubuntu/environment/aws-robomaker-testcase-framework/simulation_ws/install/recorder_msgs/lib/python2.7/dist-packages/recorder_msgs/msg/_RecorderResult.py
[3.813s] -- Up-to-date: /home/ubuntu/environment/aws-robomaker-testcase-framework/simulation_ws/install/recorder_msgs/lib/python2.7/dist-packages/recorder_msgs/msg/_RollingRecorderGoal.py
[3.813s] -- Up-to-date: /home/ubuntu/environment/aws-robomaker-testcase-framework/simulation_ws/install/recorder_msgs/lib/python2.7/dist-packages/recorder_msgs/msg/_RollingRecorderFeedback.py
[3.813s] -- Up-to-date: /home/ubuntu/environment/aws-robomaker-testcase-framework/simulation_ws/install/recorder_msgs/lib/python2.7/dist-packages/recorder_msgs/msg/_RollingRecorderResult.py
[3.813s] -- Up-to-date: /home/ubuntu/environment/aws-robomaker-testcase-framework/simulation_ws/install/recorder_msgs/lib/python2.7/dist-packages/recorder_msgs/msg/__init__.py
[3.813s] -- Up-to-date: /home/ubuntu/environment/aws-robomaker-testcase-framework/simulation_ws/install/recorder_msgs/lib/python2.7/dist-packages/recorder_msgs/msg/_RollingRecorderActionGoal.pyc
[3.813s] -- Up-to-date: /home/ubuntu/environment/aws-robomaker-testcase-framework/simulation_ws/install/recorder_msgs/lib/python2.7/dist-packages/recorder_msgs/msg/_DurationRecorderGoal.py
[3.813s] -- Up-to-date: /home/ubuntu/environment/aws-robomaker-testcase-framework/simulation_ws/install/recorder_msgs/lib/python2.7/dist-packages/recorder_msgs/msg/_RollingRecorderActionFeedback.py
[3.813s] -- Up-to-date: /home/ubuntu/environment/aws-robomaker-testcase-framework/simulation_ws/install/recorder_msgs/lib/python2.7/dist-packages/recorder_msgs/msg/_RollingRecorderAction.pyc
[3.814s] -- Up-to-date: /home/ubuntu/environment/aws-robomaker-testcase-framework/simulation_ws/install/recorder_msgs/lib/python2.7/dist-packages/recorder_msgs/msg/_RollingRecorderActionResult.py
[3.814s] -- Up-to-date: /home/ubuntu/environment/aws-robomaker-testcase-framework/simulation_ws/install/recorder_msgs/lib/python2.7/dist-packages/recorder_msgs/msg/_DurationRecorderGoal.pyc
[3.814s] -- Up-to-date: /home/ubuntu/environment/aws-robomaker-testcase-framework/simulation_ws/install/recorder_msgs/lib/python2.7/dist-packages/recorder_msgs/msg/_DurationRecorderActionGoal.py
[3.814s] -- Up-to-date: /home/ubuntu/environment/aws-robomaker-testcase-framework/simulation_ws/install/recorder_msgs/lib/python2.7/dist-packages/recorder_msgs/__init__.py
[3.815s] -- Up-to-date: /home/ubuntu/environment/aws-robomaker-testcase-framework/simulation_ws/install/recorder_msgs/lib/pkgconfig/recorder_msgs.pc
[3.815s] -- Up-to-date: /home/ubuntu/environment/aws-robomaker-testcase-framework/simulation_ws/install/recorder_msgs/share/recorder_msgs/cmake/recorder_msgs-msg-extras.cmake
[3.815s] -- Up-to-date: /home/ubuntu/environment/aws-robomaker-testcase-framework/simulation_ws/install/recorder_msgs/share/recorder_msgs/cmake/recorder_msgsConfig.cmake
[3.815s] -- Up-to-date: /home/ubuntu/environment/aws-robomaker-testcase-framework/simulation_ws/install/recorder_msgs/share/recorder_msgs/cmake/recorder_msgsConfig-version.cmake
[3.815s] -- Up-to-date: /home/ubuntu/environment/aws-robomaker-testcase-framework/simulation_ws/install/recorder_msgs/share/recorder_msgs/package.xml
[3.832s] Invoked command in '/home/ubuntu/environment/aws-robomaker-testcase-framework/simulation_ws/build/recorder_msgs' returned '0': /usr/bin/cmake --build /home/ubuntu/environment/aws-robomaker-testcase-framework/simulation_ws/build/recorder_msgs --target install -- -j2 -l2
