[0.000000] (-) TimerEvent: {}
[0.001109] (robomaker_simulation_msgs) JobQueued: {'identifier': 'robomaker_simulation_msgs', 'dependencies': OrderedDict()}
[0.001162] (aws_robomaker_simulation_ros_pkgs) JobQueued: {'identifier': 'aws_robomaker_simulation_ros_pkgs', 'dependencies': OrderedDict([('robomaker_simulation_msgs', '/home/ubuntu/environment/aws-robomaker-testcase-framework/simulation_ws/install/robomaker_simulation_msgs')])}
[0.001201] (aws_robomaker_test_framework) JobQueued: {'identifier': 'aws_robomaker_test_framework', 'dependencies': OrderedDict([('robomaker_simulation_msgs', '/home/ubuntu/environment/aws-robomaker-testcase-framework/simulation_ws/install/robomaker_simulation_msgs'), ('aws_robomaker_simulation_ros_pkgs', '/home/ubuntu/environment/aws-robomaker-testcase-framework/simulation_ws/install/aws_robomaker_simulation_ros_pkgs')])}
[0.001235] (robomaker_simulation_msgs) JobStarted: {'identifier': 'robomaker_simulation_msgs'}
[0.022953] (robomaker_simulation_msgs) JobProgress: {'identifier': 'robomaker_simulation_msgs', 'progress': 'cmake'}
[0.023280] (robomaker_simulation_msgs) Command: {'cmd': ['/usr/bin/cmake', '/home/ubuntu/environment/aws-robomaker-testcase-framework/simulation_ws/src/aws-robomaker-simulation-ros-pkgs/robomaker_simulation_msgs', '-DCATKIN_INSTALL_INTO_PREFIX_ROOT=0', '-DCMAKE_INSTALL_PREFIX=/home/ubuntu/environment/aws-robomaker-testcase-framework/simulation_ws/install/robomaker_simulation_msgs'], 'cwd': '/home/ubuntu/environment/aws-robomaker-testcase-framework/simulation_ws/build/robomaker_simulation_msgs', 'env': OrderedDict([('HISTFILESIZE', '100000'), ('TMUX', '/tmp/tmux-1000/cloud92.2,7000,0'), ('MAIL', '/var/mail/ubuntu'), ('USER', 'ubuntu'), ('_system_version', '18.04'), ('SSH_CLIENT', '18.184.203.130 63568 22'), ('ROS_PACKAGE_PATH', '/opt/ros/melodic/share'), ('LD_LIBRARY_PATH', '/opt/ros/melodic/lib'), ('ROS_ETC_DIR', '/opt/ros/melodic/etc/ros'), ('SHLVL', '4'), ('OLDPWD', '/home/ubuntu/environment/aws-robomaker-testcase-framework'), ('HOME', '/home/ubuntu'), ('PORT', '8080'), ('ISOUTPUTPANE', '0'), ('NVM_BIN', '/home/ubuntu/.nvm/versions/node/v8.17.0/bin'), ('NVM_NODEJS_ORG_MIRROR', 'https://nodejs.org/dist'), ('ROS_PYTHON_VERSION', '2'), ('C9_USER', 'Admin'), ('NVM_DIR', '/home/ubuntu/.nvm'), ('NVM_PATH', '/home/ubuntu/.nvm/versions/node/v8.17.0/lib/node'), ('ROS_DISTRO', 'melodic'), ('HGUSER', 'Admin'), ('LOGNAME', 'ubuntu'), ('rvm_bin_path', '/usr/local/rvm/bin'), ('_', '/usr/local/bin/colcon'), ('RUBY_VERSION', 'ruby-2.4.1'), ('ROS_VERSION', '1'), ('C9_PORT', '8080'), ('PKG_CONFIG_PATH', '/opt/ros/melodic/lib/pkgconfig'), ('IRBRC', '/usr/local/rvm/rubies/ruby-2.4.1/.irbrc'), ('XDG_SESSION_ID', '3'), ('TERM', 'screen'), ('PATH', '/home/ubuntu/.nvm/versions/node/v8.17.0/bin:/opt/ros/melodic/bin:/usr/local/rvm/gems/ruby-2.4.1/bin:/usr/local/rvm/gems/ruby-2.4.1@global/bin:/usr/local/rvm/rubies/ruby-2.4.1/bin:/usr/local/sbin:/usr/local/bin:/usr/sbin:/usr/bin:/sbin:/bin:/usr/games:/usr/local/games:/home/ubuntu/.local/bin:/home/ubuntu/bin:/snap/bin:/home/ubuntu/.local/bin:/home/ubuntu/bin:/usr/local/rvm/bin:/home/ubuntu/.local/bin:/home/ubuntu/bin'), ('NVM_IOJS_ORG_MIRROR', 'https://iojs.org/dist'), ('XDG_RUNTIME_DIR', '/run/user/1000'), ('MY_RUBY_HOME', '/usr/local/rvm/rubies/ruby-2.4.1'), ('LANG', 'C.UTF-8'), ('HISTSIZE', '100000'), ('ROS_ROOT', '/opt/ros/melodic/share/ros'), ('ROSLISP_PACKAGE_DIRECTORIES', ''), ('C9_HOSTNAME', '18.195.16.154'), ('NODE_PATH', '/home/ubuntu/.c9/node_modules'), ('SHELL', '/bin/bash'), ('ROS_MASTER_URI', 'http://localhost:11311'), ('rvm_prefix', '/usr/local'), ('PROMPT_COMMAND', 'history -a;'), ('_system_type', 'Linux'), ('GEM_HOME', '/usr/local/rvm/gems/ruby-2.4.1'), ('C9_PID', 'dd756569867d469dba65339c5771097a'), ('rvm_version', '1.29.3 (1.29.3)'), ('_system_arch', 'x86_64'), ('C9_PROJECT', 'Test-Cases'), ('PWD', '/home/ubuntu/environment/aws-robomaker-testcase-framework/simulation_ws/build/robomaker_simulation_msgs'), ('GEM_PATH', '/usr/local/rvm/gems/ruby-2.4.1:/usr/local/rvm/gems/ruby-2.4.1@global'), ('SSH_CONNECTION', '18.184.203.130 63568 10.168.10.194 22'), ('NVM_CD_FLAGS', ''), ('XDG_DATA_DIRS', '/usr/local/share:/usr/share:/var/lib/snapd/desktop'), ('IP', '127.0.0.1'), ('_system_name', 'Ubuntu'), ('PYTHONPATH', '/opt/ros/melodic/lib/python2.7/dist-packages'), ('COLCON', '1'), ('rvm_path', '/usr/local/rvm'), ('TMUX_PANE', '%0'), ('MANPATH', '/home/ubuntu/.nvm/versions/node/v8.17.0/share/man:/usr/local/rvm/rubies/ruby-2.4.1/share/man:/usr/local/man:/usr/local/share/man:/usr/share/man:/usr/local/rvm/man'), ('EDITOR', ''), ('CMAKE_PREFIX_PATH', '/opt/ros/melodic')]), 'shell': False}
[0.088464] (robomaker_simulation_msgs) StdoutLine: {'line': b'-- The C compiler identification is GNU 7.5.0\n'}
[0.099790] (-) TimerEvent: {}
[0.149156] (robomaker_simulation_msgs) StdoutLine: {'line': b'-- The CXX compiler identification is GNU 7.5.0\n'}
[0.153948] (robomaker_simulation_msgs) StdoutLine: {'line': b'-- Check for working C compiler: /usr/bin/cc\n'}
[0.199915] (-) TimerEvent: {}
[0.220678] (robomaker_simulation_msgs) StdoutLine: {'line': b'-- Check for working C compiler: /usr/bin/cc -- works\n'}
[0.221383] (robomaker_simulation_msgs) StdoutLine: {'line': b'-- Detecting C compiler ABI info\n'}
[0.289134] (robomaker_simulation_msgs) StdoutLine: {'line': b'-- Detecting C compiler ABI info - done\n'}
[0.298701] (robomaker_simulation_msgs) StdoutLine: {'line': b'-- Detecting C compile features\n'}
[0.299995] (-) TimerEvent: {}
[0.400463] (-) TimerEvent: {}
[0.494654] (robomaker_simulation_msgs) StdoutLine: {'line': b'-- Detecting C compile features - done\n'}
[0.497901] (robomaker_simulation_msgs) StdoutLine: {'line': b'-- Check for working CXX compiler: /usr/bin/c++\n'}
[0.500547] (-) TimerEvent: {}
[0.572855] (robomaker_simulation_msgs) StdoutLine: {'line': b'-- Check for working CXX compiler: /usr/bin/c++ -- works\n'}
[0.573621] (robomaker_simulation_msgs) StdoutLine: {'line': b'-- Detecting CXX compiler ABI info\n'}
[0.600659] (-) TimerEvent: {}
[0.650292] (robomaker_simulation_msgs) StdoutLine: {'line': b'-- Detecting CXX compiler ABI info - done\n'}
[0.659476] (robomaker_simulation_msgs) StdoutLine: {'line': b'-- Detecting CXX compile features\n'}
[0.700774] (-) TimerEvent: {}
[0.801740] (-) TimerEvent: {}
[0.902774] (-) TimerEvent: {}
[0.996688] (robomaker_simulation_msgs) StdoutLine: {'line': b'-- Detecting CXX compile features - done\n'}
[0.998925] (robomaker_simulation_msgs) StdoutLine: {'line': b'-- Using CATKIN_DEVEL_PREFIX: /home/ubuntu/environment/aws-robomaker-testcase-framework/simulation_ws/build/robomaker_simulation_msgs/devel\n'}
[0.999236] (robomaker_simulation_msgs) StdoutLine: {'line': b'-- Using CMAKE_PREFIX_PATH: /opt/ros/melodic\n'}
[0.999383] (robomaker_simulation_msgs) StdoutLine: {'line': b'-- This workspace overlays: /opt/ros/melodic\n'}
[1.002844] (-) TimerEvent: {}
[1.013467] (robomaker_simulation_msgs) StdoutLine: {'line': b'-- Found PythonInterp: /usr/bin/python2 (found suitable version "2.7.17", minimum required is "2") \n'}
[1.013732] (robomaker_simulation_msgs) StdoutLine: {'line': b'-- Using PYTHON_EXECUTABLE: /usr/bin/python2\n'}
[1.013875] (robomaker_simulation_msgs) StdoutLine: {'line': b'-- Using Debian Python package layout\n'}
[1.014182] (robomaker_simulation_msgs) StdoutLine: {'line': b'-- Using empy: /usr/bin/empy\n'}
[1.102959] (-) TimerEvent: {}
[1.158992] (robomaker_simulation_msgs) StdoutLine: {'line': b'-- Using CATKIN_ENABLE_TESTING: ON\n'}
[1.159308] (robomaker_simulation_msgs) StdoutLine: {'line': b'-- Call enable_testing()\n'}
[1.161063] (robomaker_simulation_msgs) StdoutLine: {'line': b'-- Using CATKIN_TEST_RESULTS_DIR: /home/ubuntu/environment/aws-robomaker-testcase-framework/simulation_ws/build/robomaker_simulation_msgs/test_results\n'}
[1.178373] (robomaker_simulation_msgs) StdoutLine: {'line': b"-- Found gtest sources under '/usr/src/googletest': gtests will be built\n"}
[1.178651] (robomaker_simulation_msgs) StdoutLine: {'line': b"-- Found gmock sources under '/usr/src/googletest': gmock will be built\n"}
[1.191666] (robomaker_simulation_msgs) StdoutLine: {'line': b'-- Found PythonInterp: /usr/bin/python2 (found version "2.7.17") \n'}
[1.192783] (robomaker_simulation_msgs) StdoutLine: {'line': b'-- Looking for pthread.h\n'}
[1.203041] (-) TimerEvent: {}
[1.261982] (robomaker_simulation_msgs) StdoutLine: {'line': b'-- Looking for pthread.h - found\n'}
[1.262548] (robomaker_simulation_msgs) StdoutLine: {'line': b'-- Looking for pthread_create\n'}
[1.303148] (-) TimerEvent: {}
[1.330202] (robomaker_simulation_msgs) StdoutLine: {'line': b'-- Looking for pthread_create - not found\n'}
[1.330619] (robomaker_simulation_msgs) StdoutLine: {'line': b'-- Looking for pthread_create in pthreads\n'}
[1.386579] (robomaker_simulation_msgs) StdoutLine: {'line': b'-- Looking for pthread_create in pthreads - not found\n'}
[1.386835] (robomaker_simulation_msgs) StdoutLine: {'line': b'-- Looking for pthread_create in pthread\n'}
[1.403247] (-) TimerEvent: {}
[1.450570] (robomaker_simulation_msgs) StdoutLine: {'line': b'-- Looking for pthread_create in pthread - found\n'}
[1.450996] (robomaker_simulation_msgs) StdoutLine: {'line': b'-- Found Threads: TRUE  \n'}
[1.455374] (robomaker_simulation_msgs) StdoutLine: {'line': b'-- Using Python nosetests: /usr/bin/nosetests-2.7\n'}
[1.494669] (robomaker_simulation_msgs) StdoutLine: {'line': b'-- catkin 0.7.26\n'}
[1.494870] (robomaker_simulation_msgs) StdoutLine: {'line': b'-- BUILD_SHARED_LIBS is on\n'}
[1.503340] (-) TimerEvent: {}
[1.604243] (-) TimerEvent: {}
[1.614840] (robomaker_simulation_msgs) StdoutLine: {'line': b'-- Using these message generators: gencpp;geneus;genlisp;gennodejs;genpy\n'}
[1.704360] (-) TimerEvent: {}
[1.804870] (-) TimerEvent: {}
[1.813486] (robomaker_simulation_msgs) StdoutLine: {'line': b'-- robomaker_simulation_msgs: 1 messages, 4 services\n'}
[1.904990] (-) TimerEvent: {}
[1.946609] (robomaker_simulation_msgs) StdoutLine: {'line': b'-- Configuring done\n'}
[1.967006] (robomaker_simulation_msgs) StdoutLine: {'line': b'-- Generating done\n'}
[1.971564] (robomaker_simulation_msgs) StdoutLine: {'line': b'-- Build files have been written to: /home/ubuntu/environment/aws-robomaker-testcase-framework/simulation_ws/build/robomaker_simulation_msgs\n'}
[1.976130] (robomaker_simulation_msgs) CommandEnded: {'returncode': 0}
[1.977007] (robomaker_simulation_msgs) JobProgress: {'identifier': 'robomaker_simulation_msgs', 'progress': 'build'}
[1.977859] (robomaker_simulation_msgs) Command: {'cmd': ['/usr/bin/cmake', '--build', '/home/ubuntu/environment/aws-robomaker-testcase-framework/simulation_ws/build/robomaker_simulation_msgs', '--', '-j2', '-l2'], 'cwd': '/home/ubuntu/environment/aws-robomaker-testcase-framework/simulation_ws/build/robomaker_simulation_msgs', 'env': OrderedDict([('HISTFILESIZE', '100000'), ('TMUX', '/tmp/tmux-1000/cloud92.2,7000,0'), ('MAIL', '/var/mail/ubuntu'), ('USER', 'ubuntu'), ('_system_version', '18.04'), ('SSH_CLIENT', '18.184.203.130 63568 22'), ('ROS_PACKAGE_PATH', '/opt/ros/melodic/share'), ('LD_LIBRARY_PATH', '/opt/ros/melodic/lib'), ('ROS_ETC_DIR', '/opt/ros/melodic/etc/ros'), ('SHLVL', '4'), ('OLDPWD', '/home/ubuntu/environment/aws-robomaker-testcase-framework'), ('HOME', '/home/ubuntu'), ('PORT', '8080'), ('ISOUTPUTPANE', '0'), ('NVM_BIN', '/home/ubuntu/.nvm/versions/node/v8.17.0/bin'), ('NVM_NODEJS_ORG_MIRROR', 'https://nodejs.org/dist'), ('ROS_PYTHON_VERSION', '2'), ('C9_USER', 'Admin'), ('NVM_DIR', '/home/ubuntu/.nvm'), ('NVM_PATH', '/home/ubuntu/.nvm/versions/node/v8.17.0/lib/node'), ('ROS_DISTRO', 'melodic'), ('HGUSER', 'Admin'), ('LOGNAME', 'ubuntu'), ('rvm_bin_path', '/usr/local/rvm/bin'), ('_', '/usr/local/bin/colcon'), ('RUBY_VERSION', 'ruby-2.4.1'), ('ROS_VERSION', '1'), ('C9_PORT', '8080'), ('PKG_CONFIG_PATH', '/opt/ros/melodic/lib/pkgconfig'), ('IRBRC', '/usr/local/rvm/rubies/ruby-2.4.1/.irbrc'), ('XDG_SESSION_ID', '3'), ('TERM', 'screen'), ('PATH', '/home/ubuntu/.nvm/versions/node/v8.17.0/bin:/opt/ros/melodic/bin:/usr/local/rvm/gems/ruby-2.4.1/bin:/usr/local/rvm/gems/ruby-2.4.1@global/bin:/usr/local/rvm/rubies/ruby-2.4.1/bin:/usr/local/sbin:/usr/local/bin:/usr/sbin:/usr/bin:/sbin:/bin:/usr/games:/usr/local/games:/home/ubuntu/.local/bin:/home/ubuntu/bin:/snap/bin:/home/ubuntu/.local/bin:/home/ubuntu/bin:/usr/local/rvm/bin:/home/ubuntu/.local/bin:/home/ubuntu/bin'), ('NVM_IOJS_ORG_MIRROR', 'https://iojs.org/dist'), ('XDG_RUNTIME_DIR', '/run/user/1000'), ('MY_RUBY_HOME', '/usr/local/rvm/rubies/ruby-2.4.1'), ('LANG', 'C.UTF-8'), ('HISTSIZE', '100000'), ('ROS_ROOT', '/opt/ros/melodic/share/ros'), ('ROSLISP_PACKAGE_DIRECTORIES', ''), ('C9_HOSTNAME', '18.195.16.154'), ('NODE_PATH', '/home/ubuntu/.c9/node_modules'), ('SHELL', '/bin/bash'), ('ROS_MASTER_URI', 'http://localhost:11311'), ('rvm_prefix', '/usr/local'), ('PROMPT_COMMAND', 'history -a;'), ('_system_type', 'Linux'), ('GEM_HOME', '/usr/local/rvm/gems/ruby-2.4.1'), ('C9_PID', 'dd756569867d469dba65339c5771097a'), ('rvm_version', '1.29.3 (1.29.3)'), ('_system_arch', 'x86_64'), ('C9_PROJECT', 'Test-Cases'), ('PWD', '/home/ubuntu/environment/aws-robomaker-testcase-framework/simulation_ws/build/robomaker_simulation_msgs'), ('GEM_PATH', '/usr/local/rvm/gems/ruby-2.4.1:/usr/local/rvm/gems/ruby-2.4.1@global'), ('SSH_CONNECTION', '18.184.203.130 63568 10.168.10.194 22'), ('NVM_CD_FLAGS', ''), ('XDG_DATA_DIRS', '/usr/local/share:/usr/share:/var/lib/snapd/desktop'), ('IP', '127.0.0.1'), ('_system_name', 'Ubuntu'), ('PYTHONPATH', '/opt/ros/melodic/lib/python2.7/dist-packages'), ('COLCON', '1'), ('rvm_path', '/usr/local/rvm'), ('TMUX_PANE', '%0'), ('MANPATH', '/home/ubuntu/.nvm/versions/node/v8.17.0/share/man:/usr/local/rvm/rubies/ruby-2.4.1/share/man:/usr/local/man:/usr/local/share/man:/usr/share/man:/usr/local/rvm/man'), ('EDITOR', ''), ('CMAKE_PREFIX_PATH', '/opt/ros/melodic')]), 'shell': False}
[2.005136] (-) TimerEvent: {}
[2.026516] (robomaker_simulation_msgs) StdoutLine: {'line': b'\x1b[35m\x1b[1mScanning dependencies of target _robomaker_simulation_msgs_generate_messages_check_deps_AddTags\x1b[0m\n'}
[2.026899] (robomaker_simulation_msgs) StdoutLine: {'line': b'\x1b[35m\x1b[1mScanning dependencies of target _robomaker_simulation_msgs_generate_messages_check_deps_RemoveTags\x1b[0m\n'}
[2.079481] (robomaker_simulation_msgs) StdoutLine: {'line': b'[  0%] Built target _robomaker_simulation_msgs_generate_messages_check_deps_AddTags\n'}
[2.079866] (robomaker_simulation_msgs) StdoutLine: {'line': b'[  0%] Built target _robomaker_simulation_msgs_generate_messages_check_deps_RemoveTags\n'}
[2.093603] (robomaker_simulation_msgs) StdoutLine: {'line': b'\x1b[35m\x1b[1mScanning dependencies of target _robomaker_simulation_msgs_generate_messages_check_deps_Cancel\x1b[0m\n'}
[2.098385] (robomaker_simulation_msgs) StdoutLine: {'line': b'\x1b[35m\x1b[1mScanning dependencies of target _robomaker_simulation_msgs_generate_messages_check_deps_Tag\x1b[0m\n'}
[2.105213] (-) TimerEvent: {}
[2.147592] (robomaker_simulation_msgs) StdoutLine: {'line': b'[  0%] Built target _robomaker_simulation_msgs_generate_messages_check_deps_Tag\n'}
[2.147944] (robomaker_simulation_msgs) StdoutLine: {'line': b'[  0%] Built target _robomaker_simulation_msgs_generate_messages_check_deps_Cancel\n'}
[2.162974] (robomaker_simulation_msgs) StdoutLine: {'line': b'\x1b[35m\x1b[1mScanning dependencies of target std_msgs_generate_messages_eus\x1b[0m\n'}
[2.163262] (robomaker_simulation_msgs) StdoutLine: {'line': b'\x1b[35m\x1b[1mScanning dependencies of target _robomaker_simulation_msgs_generate_messages_check_deps_ListTags\x1b[0m\n'}
[2.176459] (robomaker_simulation_msgs) StdoutLine: {'line': b'[  0%] Built target std_msgs_generate_messages_eus\n'}
[2.191849] (robomaker_simulation_msgs) StdoutLine: {'line': b'\x1b[35m\x1b[1mScanning dependencies of target std_msgs_generate_messages_nodejs\x1b[0m\n'}
[2.205325] (-) TimerEvent: {}
[2.208451] (robomaker_simulation_msgs) StdoutLine: {'line': b'[  0%] Built target std_msgs_generate_messages_nodejs\n'}
[2.216157] (robomaker_simulation_msgs) StdoutLine: {'line': b'[  0%] Built target _robomaker_simulation_msgs_generate_messages_check_deps_ListTags\n'}
[2.223577] (robomaker_simulation_msgs) StdoutLine: {'line': b'\x1b[35m\x1b[1mScanning dependencies of target std_msgs_generate_messages_lisp\x1b[0m\n'}
[2.230880] (robomaker_simulation_msgs) StdoutLine: {'line': b'\x1b[35m\x1b[1mScanning dependencies of target std_msgs_generate_messages_py\x1b[0m\n'}
[2.237988] (robomaker_simulation_msgs) StdoutLine: {'line': b'[  0%] Built target std_msgs_generate_messages_lisp\n'}
[2.246317] (robomaker_simulation_msgs) StdoutLine: {'line': b'[  0%] Built target std_msgs_generate_messages_py\n'}
[2.252485] (robomaker_simulation_msgs) StdoutLine: {'line': b'\x1b[35m\x1b[1mScanning dependencies of target std_msgs_generate_messages_cpp\x1b[0m\n'}
[2.260798] (robomaker_simulation_msgs) StdoutLine: {'line': b'\x1b[35m\x1b[1mScanning dependencies of target robomaker_simulation_msgs_generate_messages_eus\x1b[0m\n'}
[2.267249] (robomaker_simulation_msgs) StdoutLine: {'line': b'[  0%] Built target std_msgs_generate_messages_cpp\n'}
[2.275442] (robomaker_simulation_msgs) StdoutLine: {'line': b'[  3%] \x1b[34m\x1b[1mGenerating EusLisp code from robomaker_simulation_msgs/Tag.msg\x1b[0m\n'}
[2.282183] (robomaker_simulation_msgs) StdoutLine: {'line': b'\x1b[35m\x1b[1mScanning dependencies of target robomaker_simulation_msgs_generate_messages_nodejs\x1b[0m\n'}
[2.297392] (robomaker_simulation_msgs) StdoutLine: {'line': b'[  7%] \x1b[34m\x1b[1mGenerating Javascript code from robomaker_simulation_msgs/Tag.msg\x1b[0m\n'}
[2.305414] (-) TimerEvent: {}
[2.353685] (robomaker_simulation_msgs) StdoutLine: {'line': b'[ 10%] \x1b[34m\x1b[1mGenerating Javascript code from robomaker_simulation_msgs/AddTags.srv\x1b[0m\n'}
[2.366344] (robomaker_simulation_msgs) StdoutLine: {'line': b'[ 14%] \x1b[34m\x1b[1mGenerating EusLisp code from robomaker_simulation_msgs/AddTags.srv\x1b[0m\n'}
[2.405533] (-) TimerEvent: {}
[2.410980] (robomaker_simulation_msgs) StdoutLine: {'line': b'[ 17%] \x1b[34m\x1b[1mGenerating Javascript code from robomaker_simulation_msgs/ListTags.srv\x1b[0m\n'}
[2.457647] (robomaker_simulation_msgs) StdoutLine: {'line': b'[ 21%] \x1b[34m\x1b[1mGenerating EusLisp code from robomaker_simulation_msgs/ListTags.srv\x1b[0m\n'}
[2.468002] (robomaker_simulation_msgs) StdoutLine: {'line': b'[ 25%] \x1b[34m\x1b[1mGenerating Javascript code from robomaker_simulation_msgs/RemoveTags.srv\x1b[0m\n'}
[2.505642] (-) TimerEvent: {}
[2.525115] (robomaker_simulation_msgs) StdoutLine: {'line': b'[ 28%] \x1b[34m\x1b[1mGenerating Javascript code from robomaker_simulation_msgs/Cancel.srv\x1b[0m\n'}
[2.548370] (robomaker_simulation_msgs) StdoutLine: {'line': b'[ 32%] \x1b[34m\x1b[1mGenerating EusLisp code from robomaker_simulation_msgs/RemoveTags.srv\x1b[0m\n'}
[2.581670] (robomaker_simulation_msgs) StdoutLine: {'line': b'[ 32%] Built target robomaker_simulation_msgs_generate_messages_nodejs\n'}
[2.597048] (robomaker_simulation_msgs) StdoutLine: {'line': b'\x1b[35m\x1b[1mScanning dependencies of target robomaker_simulation_msgs_generate_messages_lisp\x1b[0m\n'}
[2.605737] (-) TimerEvent: {}
[2.612654] (robomaker_simulation_msgs) StdoutLine: {'line': b'[ 35%] \x1b[34m\x1b[1mGenerating Lisp code from robomaker_simulation_msgs/Tag.msg\x1b[0m\n'}
[2.637872] (robomaker_simulation_msgs) StdoutLine: {'line': b'[ 39%] \x1b[34m\x1b[1mGenerating EusLisp code from robomaker_simulation_msgs/Cancel.srv\x1b[0m\n'}
[2.667968] (robomaker_simulation_msgs) StdoutLine: {'line': b'[ 42%] \x1b[34m\x1b[1mGenerating Lisp code from robomaker_simulation_msgs/AddTags.srv\x1b[0m\n'}
[2.705848] (-) TimerEvent: {}
[2.726082] (robomaker_simulation_msgs) StdoutLine: {'line': b'[ 46%] \x1b[34m\x1b[1mGenerating Lisp code from robomaker_simulation_msgs/ListTags.srv\x1b[0m\n'}
[2.727488] (robomaker_simulation_msgs) StdoutLine: {'line': b'[ 50%] \x1b[34m\x1b[1mGenerating EusLisp manifest code for robomaker_simulation_msgs\x1b[0m\n'}
[2.783726] (robomaker_simulation_msgs) StdoutLine: {'line': b'[ 53%] \x1b[34m\x1b[1mGenerating Lisp code from robomaker_simulation_msgs/RemoveTags.srv\x1b[0m\n'}
[2.805957] (-) TimerEvent: {}
[2.842463] (robomaker_simulation_msgs) StdoutLine: {'line': b'[ 57%] \x1b[34m\x1b[1mGenerating Lisp code from robomaker_simulation_msgs/Cancel.srv\x1b[0m\n'}
[2.900886] (robomaker_simulation_msgs) StdoutLine: {'line': b'[ 57%] Built target robomaker_simulation_msgs_generate_messages_lisp\n'}
[2.906064] (-) TimerEvent: {}
[2.917760] (robomaker_simulation_msgs) StdoutLine: {'line': b'\x1b[35m\x1b[1mScanning dependencies of target robomaker_simulation_msgs_generate_messages_py\x1b[0m\n'}
[2.934037] (robomaker_simulation_msgs) StdoutLine: {'line': b'[ 60%] \x1b[34m\x1b[1mGenerating Python from MSG robomaker_simulation_msgs/Tag\x1b[0m\n'}
[3.006194] (-) TimerEvent: {}
[3.106590] (-) TimerEvent: {}
[3.163124] (robomaker_simulation_msgs) StdoutLine: {'line': b'[ 64%] \x1b[34m\x1b[1mGenerating Python code from SRV robomaker_simulation_msgs/AddTags\x1b[0m\n'}
[3.206691] (-) TimerEvent: {}
[3.307052] (-) TimerEvent: {}
[3.369539] (robomaker_simulation_msgs) StdoutLine: {'line': b'[ 67%] \x1b[34m\x1b[1mGenerating Python code from SRV robomaker_simulation_msgs/ListTags\x1b[0m\n'}
[3.407176] (-) TimerEvent: {}
[3.507565] (-) TimerEvent: {}
[3.522915] (robomaker_simulation_msgs) StdoutLine: {'line': b'[ 71%] \x1b[34m\x1b[1mGenerating Python code from SRV robomaker_simulation_msgs/RemoveTags\x1b[0m\n'}
[3.607686] (-) TimerEvent: {}
[3.708760] (-) TimerEvent: {}
[3.809003] (robomaker_simulation_msgs) StdoutLine: {'line': b'[ 75%] \x1b[34m\x1b[1mGenerating Python code from SRV robomaker_simulation_msgs/Cancel\x1b[0m\n'}
[3.809280] (-) TimerEvent: {}
[3.910216] (-) TimerEvent: {}
[3.934219] (robomaker_simulation_msgs) StdoutLine: {'line': b'[ 75%] Built target robomaker_simulation_msgs_generate_messages_eus\n'}
[3.950182] (robomaker_simulation_msgs) StdoutLine: {'line': b'\x1b[35m\x1b[1mScanning dependencies of target robomaker_simulation_msgs_generate_messages_cpp\x1b[0m\n'}
[3.963803] (robomaker_simulation_msgs) StdoutLine: {'line': b'[ 78%] \x1b[34m\x1b[1mGenerating Python msg __init__.py for robomaker_simulation_msgs\x1b[0m\n'}
[3.966325] (robomaker_simulation_msgs) StdoutLine: {'line': b'[ 82%] \x1b[34m\x1b[1mGenerating C++ code from robomaker_simulation_msgs/Tag.msg\x1b[0m\n'}
[4.010338] (-) TimerEvent: {}
[4.111323] (-) TimerEvent: {}
[4.122976] (robomaker_simulation_msgs) StdoutLine: {'line': b'[ 85%] \x1b[34m\x1b[1mGenerating Python srv __init__.py for robomaker_simulation_msgs\x1b[0m\n'}
[4.190703] (robomaker_simulation_msgs) StdoutLine: {'line': b'[ 89%] \x1b[34m\x1b[1mGenerating C++ code from robomaker_simulation_msgs/AddTags.srv\x1b[0m\n'}
[4.211458] (-) TimerEvent: {}
[4.276375] (robomaker_simulation_msgs) StdoutLine: {'line': b'[ 89%] Built target robomaker_simulation_msgs_generate_messages_py\n'}
[4.289629] (robomaker_simulation_msgs) StdoutLine: {'line': b'[ 92%] \x1b[34m\x1b[1mGenerating C++ code from robomaker_simulation_msgs/ListTags.srv\x1b[0m\n'}
[4.311542] (-) TimerEvent: {}
[4.412405] (-) TimerEvent: {}
[4.513312] (-) TimerEvent: {}
[4.593990] (robomaker_simulation_msgs) StdoutLine: {'line': b'[ 96%] \x1b[34m\x1b[1mGenerating C++ code from robomaker_simulation_msgs/RemoveTags.srv\x1b[0m\n'}
[4.613415] (-) TimerEvent: {}
[4.691066] (robomaker_simulation_msgs) StdoutLine: {'line': b'[100%] \x1b[34m\x1b[1mGenerating C++ code from robomaker_simulation_msgs/Cancel.srv\x1b[0m\n'}
[4.713534] (-) TimerEvent: {}
[4.814440] (-) TimerEvent: {}
[4.915364] (-) TimerEvent: {}
[5.016275] (-) TimerEvent: {}
[5.044539] (robomaker_simulation_msgs) StdoutLine: {'line': b'[100%] Built target robomaker_simulation_msgs_generate_messages_cpp\n'}
[5.054922] (robomaker_simulation_msgs) StdoutLine: {'line': b'\x1b[35m\x1b[1mScanning dependencies of target robomaker_simulation_msgs_generate_messages\x1b[0m\n'}
[5.064890] (robomaker_simulation_msgs) StdoutLine: {'line': b'[100%] Built target robomaker_simulation_msgs_generate_messages\n'}
[5.075592] (robomaker_simulation_msgs) CommandEnded: {'returncode': 0}
[5.113469] (robomaker_simulation_msgs) JobProgress: {'identifier': 'robomaker_simulation_msgs', 'progress': "build target 'tests'"}
[5.113807] (robomaker_simulation_msgs) Command: {'cmd': ['/usr/bin/cmake', '--build', '/home/ubuntu/environment/aws-robomaker-testcase-framework/simulation_ws/build/robomaker_simulation_msgs', '--target', 'tests', '--', '-j2', '-l2'], 'cwd': '/home/ubuntu/environment/aws-robomaker-testcase-framework/simulation_ws/build/robomaker_simulation_msgs', 'env': OrderedDict([('HISTFILESIZE', '100000'), ('TMUX', '/tmp/tmux-1000/cloud92.2,7000,0'), ('MAIL', '/var/mail/ubuntu'), ('USER', 'ubuntu'), ('_system_version', '18.04'), ('SSH_CLIENT', '18.184.203.130 63568 22'), ('ROS_PACKAGE_PATH', '/opt/ros/melodic/share'), ('LD_LIBRARY_PATH', '/opt/ros/melodic/lib'), ('ROS_ETC_DIR', '/opt/ros/melodic/etc/ros'), ('SHLVL', '4'), ('OLDPWD', '/home/ubuntu/environment/aws-robomaker-testcase-framework'), ('HOME', '/home/ubuntu'), ('PORT', '8080'), ('ISOUTPUTPANE', '0'), ('NVM_BIN', '/home/ubuntu/.nvm/versions/node/v8.17.0/bin'), ('NVM_NODEJS_ORG_MIRROR', 'https://nodejs.org/dist'), ('ROS_PYTHON_VERSION', '2'), ('C9_USER', 'Admin'), ('NVM_DIR', '/home/ubuntu/.nvm'), ('NVM_PATH', '/home/ubuntu/.nvm/versions/node/v8.17.0/lib/node'), ('ROS_DISTRO', 'melodic'), ('HGUSER', 'Admin'), ('LOGNAME', 'ubuntu'), ('rvm_bin_path', '/usr/local/rvm/bin'), ('_', '/usr/local/bin/colcon'), ('RUBY_VERSION', 'ruby-2.4.1'), ('ROS_VERSION', '1'), ('C9_PORT', '8080'), ('PKG_CONFIG_PATH', '/opt/ros/melodic/lib/pkgconfig'), ('IRBRC', '/usr/local/rvm/rubies/ruby-2.4.1/.irbrc'), ('XDG_SESSION_ID', '3'), ('TERM', 'screen'), ('PATH', '/home/ubuntu/.nvm/versions/node/v8.17.0/bin:/opt/ros/melodic/bin:/usr/local/rvm/gems/ruby-2.4.1/bin:/usr/local/rvm/gems/ruby-2.4.1@global/bin:/usr/local/rvm/rubies/ruby-2.4.1/bin:/usr/local/sbin:/usr/local/bin:/usr/sbin:/usr/bin:/sbin:/bin:/usr/games:/usr/local/games:/home/ubuntu/.local/bin:/home/ubuntu/bin:/snap/bin:/home/ubuntu/.local/bin:/home/ubuntu/bin:/usr/local/rvm/bin:/home/ubuntu/.local/bin:/home/ubuntu/bin'), ('NVM_IOJS_ORG_MIRROR', 'https://iojs.org/dist'), ('XDG_RUNTIME_DIR', '/run/user/1000'), ('MY_RUBY_HOME', '/usr/local/rvm/rubies/ruby-2.4.1'), ('LANG', 'C.UTF-8'), ('HISTSIZE', '100000'), ('ROS_ROOT', '/opt/ros/melodic/share/ros'), ('ROSLISP_PACKAGE_DIRECTORIES', ''), ('C9_HOSTNAME', '18.195.16.154'), ('NODE_PATH', '/home/ubuntu/.c9/node_modules'), ('SHELL', '/bin/bash'), ('ROS_MASTER_URI', 'http://localhost:11311'), ('rvm_prefix', '/usr/local'), ('PROMPT_COMMAND', 'history -a;'), ('_system_type', 'Linux'), ('GEM_HOME', '/usr/local/rvm/gems/ruby-2.4.1'), ('C9_PID', 'dd756569867d469dba65339c5771097a'), ('rvm_version', '1.29.3 (1.29.3)'), ('_system_arch', 'x86_64'), ('C9_PROJECT', 'Test-Cases'), ('PWD', '/home/ubuntu/environment/aws-robomaker-testcase-framework/simulation_ws/build/robomaker_simulation_msgs'), ('GEM_PATH', '/usr/local/rvm/gems/ruby-2.4.1:/usr/local/rvm/gems/ruby-2.4.1@global'), ('SSH_CONNECTION', '18.184.203.130 63568 10.168.10.194 22'), ('NVM_CD_FLAGS', ''), ('XDG_DATA_DIRS', '/usr/local/share:/usr/share:/var/lib/snapd/desktop'), ('IP', '127.0.0.1'), ('_system_name', 'Ubuntu'), ('PYTHONPATH', '/opt/ros/melodic/lib/python2.7/dist-packages'), ('COLCON', '1'), ('rvm_path', '/usr/local/rvm'), ('TMUX_PANE', '%0'), ('MANPATH', '/home/ubuntu/.nvm/versions/node/v8.17.0/share/man:/usr/local/rvm/rubies/ruby-2.4.1/share/man:/usr/local/man:/usr/local/share/man:/usr/share/man:/usr/local/rvm/man'), ('EDITOR', ''), ('CMAKE_PREFIX_PATH', '/opt/ros/melodic')]), 'shell': False}
[5.116446] (-) TimerEvent: {}
[5.168352] (robomaker_simulation_msgs) StdoutLine: {'line': b'\x1b[35m\x1b[1mScanning dependencies of target tests\x1b[0m\n'}
[5.177922] (robomaker_simulation_msgs) StdoutLine: {'line': b'Built target tests\n'}
[5.188042] (robomaker_simulation_msgs) CommandEnded: {'returncode': 0}
[5.216584] (-) TimerEvent: {}
[5.226095] (robomaker_simulation_msgs) JobProgress: {'identifier': 'robomaker_simulation_msgs', 'progress': 'install'}
[5.236992] (robomaker_simulation_msgs) Command: {'cmd': ['/usr/bin/cmake', '--build', '/home/ubuntu/environment/aws-robomaker-testcase-framework/simulation_ws/build/robomaker_simulation_msgs', '--target', 'install', '--', '-j2', '-l2'], 'cwd': '/home/ubuntu/environment/aws-robomaker-testcase-framework/simulation_ws/build/robomaker_simulation_msgs', 'env': OrderedDict([('HISTFILESIZE', '100000'), ('TMUX', '/tmp/tmux-1000/cloud92.2,7000,0'), ('MAIL', '/var/mail/ubuntu'), ('USER', 'ubuntu'), ('_system_version', '18.04'), ('SSH_CLIENT', '18.184.203.130 63568 22'), ('ROS_PACKAGE_PATH', '/opt/ros/melodic/share'), ('LD_LIBRARY_PATH', '/opt/ros/melodic/lib'), ('ROS_ETC_DIR', '/opt/ros/melodic/etc/ros'), ('SHLVL', '4'), ('OLDPWD', '/home/ubuntu/environment/aws-robomaker-testcase-framework'), ('HOME', '/home/ubuntu'), ('PORT', '8080'), ('ISOUTPUTPANE', '0'), ('NVM_BIN', '/home/ubuntu/.nvm/versions/node/v8.17.0/bin'), ('NVM_NODEJS_ORG_MIRROR', 'https://nodejs.org/dist'), ('ROS_PYTHON_VERSION', '2'), ('C9_USER', 'Admin'), ('NVM_DIR', '/home/ubuntu/.nvm'), ('NVM_PATH', '/home/ubuntu/.nvm/versions/node/v8.17.0/lib/node'), ('ROS_DISTRO', 'melodic'), ('HGUSER', 'Admin'), ('LOGNAME', 'ubuntu'), ('rvm_bin_path', '/usr/local/rvm/bin'), ('_', '/usr/local/bin/colcon'), ('RUBY_VERSION', 'ruby-2.4.1'), ('ROS_VERSION', '1'), ('C9_PORT', '8080'), ('PKG_CONFIG_PATH', '/opt/ros/melodic/lib/pkgconfig'), ('IRBRC', '/usr/local/rvm/rubies/ruby-2.4.1/.irbrc'), ('XDG_SESSION_ID', '3'), ('TERM', 'screen'), ('PATH', '/home/ubuntu/.nvm/versions/node/v8.17.0/bin:/opt/ros/melodic/bin:/usr/local/rvm/gems/ruby-2.4.1/bin:/usr/local/rvm/gems/ruby-2.4.1@global/bin:/usr/local/rvm/rubies/ruby-2.4.1/bin:/usr/local/sbin:/usr/local/bin:/usr/sbin:/usr/bin:/sbin:/bin:/usr/games:/usr/local/games:/home/ubuntu/.local/bin:/home/ubuntu/bin:/snap/bin:/home/ubuntu/.local/bin:/home/ubuntu/bin:/usr/local/rvm/bin:/home/ubuntu/.local/bin:/home/ubuntu/bin'), ('NVM_IOJS_ORG_MIRROR', 'https://iojs.org/dist'), ('XDG_RUNTIME_DIR', '/run/user/1000'), ('MY_RUBY_HOME', '/usr/local/rvm/rubies/ruby-2.4.1'), ('LANG', 'C.UTF-8'), ('HISTSIZE', '100000'), ('ROS_ROOT', '/opt/ros/melodic/share/ros'), ('ROSLISP_PACKAGE_DIRECTORIES', ''), ('C9_HOSTNAME', '18.195.16.154'), ('NODE_PATH', '/home/ubuntu/.c9/node_modules'), ('SHELL', '/bin/bash'), ('ROS_MASTER_URI', 'http://localhost:11311'), ('rvm_prefix', '/usr/local'), ('PROMPT_COMMAND', 'history -a;'), ('_system_type', 'Linux'), ('GEM_HOME', '/usr/local/rvm/gems/ruby-2.4.1'), ('C9_PID', 'dd756569867d469dba65339c5771097a'), ('rvm_version', '1.29.3 (1.29.3)'), ('_system_arch', 'x86_64'), ('C9_PROJECT', 'Test-Cases'), ('PWD', '/home/ubuntu/environment/aws-robomaker-testcase-framework/simulation_ws/build/robomaker_simulation_msgs'), ('GEM_PATH', '/usr/local/rvm/gems/ruby-2.4.1:/usr/local/rvm/gems/ruby-2.4.1@global'), ('SSH_CONNECTION', '18.184.203.130 63568 10.168.10.194 22'), ('NVM_CD_FLAGS', ''), ('XDG_DATA_DIRS', '/usr/local/share:/usr/share:/var/lib/snapd/desktop'), ('IP', '127.0.0.1'), ('_system_name', 'Ubuntu'), ('PYTHONPATH', '/opt/ros/melodic/lib/python2.7/dist-packages'), ('COLCON', '1'), ('rvm_path', '/usr/local/rvm'), ('TMUX_PANE', '%0'), ('MANPATH', '/home/ubuntu/.nvm/versions/node/v8.17.0/share/man:/usr/local/rvm/rubies/ruby-2.4.1/share/man:/usr/local/man:/usr/local/share/man:/usr/share/man:/usr/local/rvm/man'), ('EDITOR', ''), ('CMAKE_PREFIX_PATH', '/opt/ros/melodic')]), 'shell': False}
[5.316737] (-) TimerEvent: {}
[5.337338] (robomaker_simulation_msgs) StdoutLine: {'line': b'[  0%] Built target _robomaker_simulation_msgs_generate_messages_check_deps_RemoveTags\n'}
[5.337713] (robomaker_simulation_msgs) StdoutLine: {'line': b'[  0%] Built target _robomaker_simulation_msgs_generate_messages_check_deps_AddTags\n'}
[5.402566] (robomaker_simulation_msgs) StdoutLine: {'line': b'[  0%] Built target _robomaker_simulation_msgs_generate_messages_check_deps_Tag\n'}
[5.414194] (robomaker_simulation_msgs) StdoutLine: {'line': b'[  0%] Built target _robomaker_simulation_msgs_generate_messages_check_deps_Cancel\n'}
[5.416806] (-) TimerEvent: {}
[5.432632] (robomaker_simulation_msgs) StdoutLine: {'line': b'[  0%] Built target std_msgs_generate_messages_eus\n'}
[5.463194] (robomaker_simulation_msgs) StdoutLine: {'line': b'[  0%] Built target std_msgs_generate_messages_nodejs\n'}
[5.479858] (robomaker_simulation_msgs) StdoutLine: {'line': b'[  0%] Built target _robomaker_simulation_msgs_generate_messages_check_deps_ListTags\n'}
[5.493921] (robomaker_simulation_msgs) StdoutLine: {'line': b'[  0%] Built target std_msgs_generate_messages_lisp\n'}
[5.509905] (robomaker_simulation_msgs) StdoutLine: {'line': b'[  0%] Built target std_msgs_generate_messages_py\n'}
[5.516932] (-) TimerEvent: {}
[5.527097] (robomaker_simulation_msgs) StdoutLine: {'line': b'[  0%] Built target std_msgs_generate_messages_cpp\n'}
[5.548648] (robomaker_simulation_msgs) StdoutLine: {'line': b'[ 21%] Built target robomaker_simulation_msgs_generate_messages_eus\n'}
[5.561774] (robomaker_simulation_msgs) StdoutLine: {'line': b'[ 39%] Built target robomaker_simulation_msgs_generate_messages_nodejs\n'}
[5.579098] (robomaker_simulation_msgs) StdoutLine: {'line': b'[ 57%] Built target robomaker_simulation_msgs_generate_messages_lisp\n'}
[5.593667] (robomaker_simulation_msgs) StdoutLine: {'line': b'[ 82%] Built target robomaker_simulation_msgs_generate_messages_py\n'}
[5.604644] (robomaker_simulation_msgs) StdoutLine: {'line': b'[100%] Built target robomaker_simulation_msgs_generate_messages_cpp\n'}
[5.617049] (-) TimerEvent: {}
[5.625527] (robomaker_simulation_msgs) StdoutLine: {'line': b'[100%] Built target robomaker_simulation_msgs_generate_messages\n'}
[5.645269] (robomaker_simulation_msgs) StdoutLine: {'line': b'\x1b[36mInstall the project...\x1b[0m\n'}
[5.654152] (robomaker_simulation_msgs) StdoutLine: {'line': b'-- Install configuration: ""\n'}
[5.654492] (robomaker_simulation_msgs) StdoutLine: {'line': b'-- Installing: /home/ubuntu/environment/aws-robomaker-testcase-framework/simulation_ws/install/robomaker_simulation_msgs/share/robomaker_simulation_msgs/msg/Tag.msg\n'}
[5.654796] (robomaker_simulation_msgs) StdoutLine: {'line': b'-- Installing: /home/ubuntu/environment/aws-robomaker-testcase-framework/simulation_ws/install/robomaker_simulation_msgs/share/robomaker_simulation_msgs/srv/Cancel.srv\n'}
[5.654999] (robomaker_simulation_msgs) StdoutLine: {'line': b'-- Installing: /home/ubuntu/environment/aws-robomaker-testcase-framework/simulation_ws/install/robomaker_simulation_msgs/share/robomaker_simulation_msgs/srv/ListTags.srv\n'}
[5.655193] (robomaker_simulation_msgs) StdoutLine: {'line': b'-- Installing: /home/ubuntu/environment/aws-robomaker-testcase-framework/simulation_ws/install/robomaker_simulation_msgs/share/robomaker_simulation_msgs/srv/AddTags.srv\n'}
[5.655368] (robomaker_simulation_msgs) StdoutLine: {'line': b'-- Installing: /home/ubuntu/environment/aws-robomaker-testcase-framework/simulation_ws/install/robomaker_simulation_msgs/share/robomaker_simulation_msgs/srv/RemoveTags.srv\n'}
[5.655566] (robomaker_simulation_msgs) StdoutLine: {'line': b'-- Installing: /home/ubuntu/environment/aws-robomaker-testcase-framework/simulation_ws/install/robomaker_simulation_msgs/share/robomaker_simulation_msgs/cmake/robomaker_simulation_msgs-msg-paths.cmake\n'}
[5.655765] (robomaker_simulation_msgs) StdoutLine: {'line': b'-- Installing: /home/ubuntu/environment/aws-robomaker-testcase-framework/simulation_ws/install/robomaker_simulation_msgs/include/robomaker_simulation_msgs\n'}
[5.655962] (robomaker_simulation_msgs) StdoutLine: {'line': b'-- Installing: /home/ubuntu/environment/aws-robomaker-testcase-framework/simulation_ws/install/robomaker_simulation_msgs/include/robomaker_simulation_msgs/AddTagsResponse.h\n'}
[5.656145] (robomaker_simulation_msgs) StdoutLine: {'line': b'-- Installing: /home/ubuntu/environment/aws-robomaker-testcase-framework/simulation_ws/install/robomaker_simulation_msgs/include/robomaker_simulation_msgs/RemoveTagsRequest.h\n'}
[5.656323] (robomaker_simulation_msgs) StdoutLine: {'line': b'-- Installing: /home/ubuntu/environment/aws-robomaker-testcase-framework/simulation_ws/install/robomaker_simulation_msgs/include/robomaker_simulation_msgs/Cancel.h\n'}
[5.656497] (robomaker_simulation_msgs) StdoutLine: {'line': b'-- Installing: /home/ubuntu/environment/aws-robomaker-testcase-framework/simulation_ws/install/robomaker_simulation_msgs/include/robomaker_simulation_msgs/AddTagsRequest.h\n'}
[5.656670] (robomaker_simulation_msgs) StdoutLine: {'line': b'-- Installing: /home/ubuntu/environment/aws-robomaker-testcase-framework/simulation_ws/install/robomaker_simulation_msgs/include/robomaker_simulation_msgs/ListTagsResponse.h\n'}
[5.656851] (robomaker_simulation_msgs) StdoutLine: {'line': b'-- Installing: /home/ubuntu/environment/aws-robomaker-testcase-framework/simulation_ws/install/robomaker_simulation_msgs/include/robomaker_simulation_msgs/RemoveTags.h\n'}
[5.657021] (robomaker_simulation_msgs) StdoutLine: {'line': b'-- Installing: /home/ubuntu/environment/aws-robomaker-testcase-framework/simulation_ws/install/robomaker_simulation_msgs/include/robomaker_simulation_msgs/CancelResponse.h\n'}
[5.657219] (robomaker_simulation_msgs) StdoutLine: {'line': b'-- Installing: /home/ubuntu/environment/aws-robomaker-testcase-framework/simulation_ws/install/robomaker_simulation_msgs/include/robomaker_simulation_msgs/CancelRequest.h\n'}
[5.657395] (robomaker_simulation_msgs) StdoutLine: {'line': b'-- Installing: /home/ubuntu/environment/aws-robomaker-testcase-framework/simulation_ws/install/robomaker_simulation_msgs/include/robomaker_simulation_msgs/ListTags.h\n'}
[5.657567] (robomaker_simulation_msgs) StdoutLine: {'line': b'-- Installing: /home/ubuntu/environment/aws-robomaker-testcase-framework/simulation_ws/install/robomaker_simulation_msgs/include/robomaker_simulation_msgs/Tag.h\n'}
[5.657737] (robomaker_simulation_msgs) StdoutLine: {'line': b'-- Installing: /home/ubuntu/environment/aws-robomaker-testcase-framework/simulation_ws/install/robomaker_simulation_msgs/include/robomaker_simulation_msgs/AddTags.h\n'}
[5.657905] (robomaker_simulation_msgs) StdoutLine: {'line': b'-- Installing: /home/ubuntu/environment/aws-robomaker-testcase-framework/simulation_ws/install/robomaker_simulation_msgs/include/robomaker_simulation_msgs/RemoveTagsResponse.h\n'}
[5.658079] (robomaker_simulation_msgs) StdoutLine: {'line': b'-- Installing: /home/ubuntu/environment/aws-robomaker-testcase-framework/simulation_ws/install/robomaker_simulation_msgs/include/robomaker_simulation_msgs/ListTagsRequest.h\n'}
[5.658261] (robomaker_simulation_msgs) StdoutLine: {'line': b'-- Installing: /home/ubuntu/environment/aws-robomaker-testcase-framework/simulation_ws/install/robomaker_simulation_msgs/share/roseus/ros/robomaker_simulation_msgs\n'}
[5.658437] (robomaker_simulation_msgs) StdoutLine: {'line': b'-- Installing: /home/ubuntu/environment/aws-robomaker-testcase-framework/simulation_ws/install/robomaker_simulation_msgs/share/roseus/ros/robomaker_simulation_msgs/srv\n'}
[5.658636] (robomaker_simulation_msgs) StdoutLine: {'line': b'-- Installing: /home/ubuntu/environment/aws-robomaker-testcase-framework/simulation_ws/install/robomaker_simulation_msgs/share/roseus/ros/robomaker_simulation_msgs/srv/Cancel.l\n'}
[5.658821] (robomaker_simulation_msgs) StdoutLine: {'line': b'-- Installing: /home/ubuntu/environment/aws-robomaker-testcase-framework/simulation_ws/install/robomaker_simulation_msgs/share/roseus/ros/robomaker_simulation_msgs/srv/RemoveTags.l\n'}
[5.659001] (robomaker_simulation_msgs) StdoutLine: {'line': b'-- Installing: /home/ubuntu/environment/aws-robomaker-testcase-framework/simulation_ws/install/robomaker_simulation_msgs/share/roseus/ros/robomaker_simulation_msgs/srv/ListTags.l\n'}
[5.659173] (robomaker_simulation_msgs) StdoutLine: {'line': b'-- Installing: /home/ubuntu/environment/aws-robomaker-testcase-framework/simulation_ws/install/robomaker_simulation_msgs/share/roseus/ros/robomaker_simulation_msgs/srv/AddTags.l\n'}
[5.659380] (robomaker_simulation_msgs) StdoutLine: {'line': b'-- Installing: /home/ubuntu/environment/aws-robomaker-testcase-framework/simulation_ws/install/robomaker_simulation_msgs/share/roseus/ros/robomaker_simulation_msgs/manifest.l\n'}
[5.659511] (robomaker_simulation_msgs) StdoutLine: {'line': b'-- Installing: /home/ubuntu/environment/aws-robomaker-testcase-framework/simulation_ws/install/robomaker_simulation_msgs/share/roseus/ros/robomaker_simulation_msgs/msg\n'}
[5.659685] (robomaker_simulation_msgs) StdoutLine: {'line': b'-- Installing: /home/ubuntu/environment/aws-robomaker-testcase-framework/simulation_ws/install/robomaker_simulation_msgs/share/roseus/ros/robomaker_simulation_msgs/msg/Tag.l\n'}
[5.659878] (robomaker_simulation_msgs) StdoutLine: {'line': b'-- Installing: /home/ubuntu/environment/aws-robomaker-testcase-framework/simulation_ws/install/robomaker_simulation_msgs/share/common-lisp/ros/robomaker_simulation_msgs\n'}
[5.660088] (robomaker_simulation_msgs) StdoutLine: {'line': b'-- Installing: /home/ubuntu/environment/aws-robomaker-testcase-framework/simulation_ws/install/robomaker_simulation_msgs/share/common-lisp/ros/robomaker_simulation_msgs/srv\n'}
[5.660256] (robomaker_simulation_msgs) StdoutLine: {'line': b'-- Installing: /home/ubuntu/environment/aws-robomaker-testcase-framework/simulation_ws/install/robomaker_simulation_msgs/share/common-lisp/ros/robomaker_simulation_msgs/srv/_package_AddTags.lisp\n'}
[5.660432] (robomaker_simulation_msgs) StdoutLine: {'line': b'-- Installing: /home/ubuntu/environment/aws-robomaker-testcase-framework/simulation_ws/install/robomaker_simulation_msgs/share/common-lisp/ros/robomaker_simulation_msgs/srv/_package.lisp\n'}
[5.660611] (robomaker_simulation_msgs) StdoutLine: {'line': b'-- Installing: /home/ubuntu/environment/aws-robomaker-testcase-framework/simulation_ws/install/robomaker_simulation_msgs/share/common-lisp/ros/robomaker_simulation_msgs/srv/Cancel.lisp\n'}
[5.660780] (robomaker_simulation_msgs) StdoutLine: {'line': b'-- Installing: /home/ubuntu/environment/aws-robomaker-testcase-framework/simulation_ws/install/robomaker_simulation_msgs/share/common-lisp/ros/robomaker_simulation_msgs/srv/_package_Cancel.lisp\n'}
[5.660952] (robomaker_simulation_msgs) StdoutLine: {'line': b'-- Installing: /home/ubuntu/environment/aws-robomaker-testcase-framework/simulation_ws/install/robomaker_simulation_msgs/share/common-lisp/ros/robomaker_simulation_msgs/srv/RemoveTags.lisp\n'}
[5.661122] (robomaker_simulation_msgs) StdoutLine: {'line': b'-- Installing: /home/ubuntu/environment/aws-robomaker-testcase-framework/simulation_ws/install/robomaker_simulation_msgs/share/common-lisp/ros/robomaker_simulation_msgs/srv/robomaker_simulation_msgs-srv.asd\n'}
[5.661304] (robomaker_simulation_msgs) StdoutLine: {'line': b'-- Installing: /home/ubuntu/environment/aws-robomaker-testcase-framework/simulation_ws/install/robomaker_simulation_msgs/share/common-lisp/ros/robomaker_simulation_msgs/srv/AddTags.lisp\n'}
[5.661473] (robomaker_simulation_msgs) StdoutLine: {'line': b'-- Installing: /home/ubuntu/environment/aws-robomaker-testcase-framework/simulation_ws/install/robomaker_simulation_msgs/share/common-lisp/ros/robomaker_simulation_msgs/srv/_package_RemoveTags.lisp\n'}
[5.661672] (robomaker_simulation_msgs) StdoutLine: {'line': b'-- Installing: /home/ubuntu/environment/aws-robomaker-testcase-framework/simulation_ws/install/robomaker_simulation_msgs/share/common-lisp/ros/robomaker_simulation_msgs/srv/_package_ListTags.lisp\n'}
[5.661849] (robomaker_simulation_msgs) StdoutLine: {'line': b'-- Installing: /home/ubuntu/environment/aws-robomaker-testcase-framework/simulation_ws/install/robomaker_simulation_msgs/share/common-lisp/ros/robomaker_simulation_msgs/srv/ListTags.lisp\n'}
[5.662017] (robomaker_simulation_msgs) StdoutLine: {'line': b'-- Installing: /home/ubuntu/environment/aws-robomaker-testcase-framework/simulation_ws/install/robomaker_simulation_msgs/share/common-lisp/ros/robomaker_simulation_msgs/msg\n'}
[5.662188] (robomaker_simulation_msgs) StdoutLine: {'line': b'-- Installing: /home/ubuntu/environment/aws-robomaker-testcase-framework/simulation_ws/install/robomaker_simulation_msgs/share/common-lisp/ros/robomaker_simulation_msgs/msg/_package.lisp\n'}
[5.662322] (robomaker_simulation_msgs) StdoutLine: {'line': b'-- Installing: /home/ubuntu/environment/aws-robomaker-testcase-framework/simulation_ws/install/robomaker_simulation_msgs/share/common-lisp/ros/robomaker_simulation_msgs/msg/Tag.lisp\n'}
[5.662515] (robomaker_simulation_msgs) StdoutLine: {'line': b'-- Installing: /home/ubuntu/environment/aws-robomaker-testcase-framework/simulation_ws/install/robomaker_simulation_msgs/share/common-lisp/ros/robomaker_simulation_msgs/msg/robomaker_simulation_msgs-msg.asd\n'}
[5.662735] (robomaker_simulation_msgs) StdoutLine: {'line': b'-- Installing: /home/ubuntu/environment/aws-robomaker-testcase-framework/simulation_ws/install/robomaker_simulation_msgs/share/common-lisp/ros/robomaker_simulation_msgs/msg/_package_Tag.lisp\n'}
[5.662921] (robomaker_simulation_msgs) StdoutLine: {'line': b'-- Installing: /home/ubuntu/environment/aws-robomaker-testcase-framework/simulation_ws/install/robomaker_simulation_msgs/share/gennodejs/ros/robomaker_simulation_msgs\n'}
[5.663109] (robomaker_simulation_msgs) StdoutLine: {'line': b'-- Installing: /home/ubuntu/environment/aws-robomaker-testcase-framework/simulation_ws/install/robomaker_simulation_msgs/share/gennodejs/ros/robomaker_simulation_msgs/_index.js\n'}
[5.663281] (robomaker_simulation_msgs) StdoutLine: {'line': b'-- Installing: /home/ubuntu/environment/aws-robomaker-testcase-framework/simulation_ws/install/robomaker_simulation_msgs/share/gennodejs/ros/robomaker_simulation_msgs/srv\n'}
[5.663451] (robomaker_simulation_msgs) StdoutLine: {'line': b'-- Installing: /home/ubuntu/environment/aws-robomaker-testcase-framework/simulation_ws/install/robomaker_simulation_msgs/share/gennodejs/ros/robomaker_simulation_msgs/srv/Cancel.js\n'}
[5.663644] (robomaker_simulation_msgs) StdoutLine: {'line': b'-- Installing: /home/ubuntu/environment/aws-robomaker-testcase-framework/simulation_ws/install/robomaker_simulation_msgs/share/gennodejs/ros/robomaker_simulation_msgs/srv/_index.js\n'}
[5.664176] (robomaker_simulation_msgs) StdoutLine: {'line': b'-- Installing: /home/ubuntu/environment/aws-robomaker-testcase-framework/simulation_ws/install/robomaker_simulation_msgs/share/gennodejs/ros/robomaker_simulation_msgs/srv/RemoveTags.js\n'}
[5.664305] (robomaker_simulation_msgs) StdoutLine: {'line': b'-- Installing: /home/ubuntu/environment/aws-robomaker-testcase-framework/simulation_ws/install/robomaker_simulation_msgs/share/gennodejs/ros/robomaker_simulation_msgs/srv/ListTags.js\n'}
[5.664414] (robomaker_simulation_msgs) StdoutLine: {'line': b'-- Installing: /home/ubuntu/environment/aws-robomaker-testcase-framework/simulation_ws/install/robomaker_simulation_msgs/share/gennodejs/ros/robomaker_simulation_msgs/srv/AddTags.js\n'}
[5.664530] (robomaker_simulation_msgs) StdoutLine: {'line': b'-- Installing: /home/ubuntu/environment/aws-robomaker-testcase-framework/simulation_ws/install/robomaker_simulation_msgs/share/gennodejs/ros/robomaker_simulation_msgs/msg\n'}
[5.664634] (robomaker_simulation_msgs) StdoutLine: {'line': b'-- Installing: /home/ubuntu/environment/aws-robomaker-testcase-framework/simulation_ws/install/robomaker_simulation_msgs/share/gennodejs/ros/robomaker_simulation_msgs/msg/_index.js\n'}
[5.664733] (robomaker_simulation_msgs) StdoutLine: {'line': b'-- Installing: /home/ubuntu/environment/aws-robomaker-testcase-framework/simulation_ws/install/robomaker_simulation_msgs/share/gennodejs/ros/robomaker_simulation_msgs/msg/Tag.js\n'}
[5.689186] (robomaker_simulation_msgs) StdoutLine: {'line': b'Listing /home/ubuntu/environment/aws-robomaker-testcase-framework/simulation_ws/build/robomaker_simulation_msgs/devel/lib/python2.7/dist-packages/robomaker_simulation_msgs ...\n'}
[5.689573] (robomaker_simulation_msgs) StdoutLine: {'line': b'Compiling /home/ubuntu/environment/aws-robomaker-testcase-framework/simulation_ws/build/robomaker_simulation_msgs/devel/lib/python2.7/dist-packages/robomaker_simulation_msgs/__init__.py ...\n'}
[5.689710] (robomaker_simulation_msgs) StdoutLine: {'line': b'Listing /home/ubuntu/environment/aws-robomaker-testcase-framework/simulation_ws/build/robomaker_simulation_msgs/devel/lib/python2.7/dist-packages/robomaker_simulation_msgs/msg ...\n'}
[5.689828] (robomaker_simulation_msgs) StdoutLine: {'line': b'Compiling /home/ubuntu/environment/aws-robomaker-testcase-framework/simulation_ws/build/robomaker_simulation_msgs/devel/lib/python2.7/dist-packages/robomaker_simulation_msgs/msg/_Tag.py ...\n'}
[5.689941] (robomaker_simulation_msgs) StdoutLine: {'line': b'Compiling /home/ubuntu/environment/aws-robomaker-testcase-framework/simulation_ws/build/robomaker_simulation_msgs/devel/lib/python2.7/dist-packages/robomaker_simulation_msgs/msg/__init__.py ...\n'}
[5.690063] (robomaker_simulation_msgs) StdoutLine: {'line': b'Listing /home/ubuntu/environment/aws-robomaker-testcase-framework/simulation_ws/build/robomaker_simulation_msgs/devel/lib/python2.7/dist-packages/robomaker_simulation_msgs/srv ...\n'}
[5.690174] (robomaker_simulation_msgs) StdoutLine: {'line': b'Compiling /home/ubuntu/environment/aws-robomaker-testcase-framework/simulation_ws/build/robomaker_simulation_msgs/devel/lib/python2.7/dist-packages/robomaker_simulation_msgs/srv/_AddTags.py ...\n'}
[5.690285] (robomaker_simulation_msgs) StdoutLine: {'line': b'Compiling /home/ubuntu/environment/aws-robomaker-testcase-framework/simulation_ws/build/robomaker_simulation_msgs/devel/lib/python2.7/dist-packages/robomaker_simulation_msgs/srv/_Cancel.py ...\n'}
[5.690395] (robomaker_simulation_msgs) StdoutLine: {'line': b'Compiling /home/ubuntu/environment/aws-robomaker-testcase-framework/simulation_ws/build/robomaker_simulation_msgs/devel/lib/python2.7/dist-packages/robomaker_simulation_msgs/srv/_ListTags.py ...\n'}
[5.690528] (robomaker_simulation_msgs) StdoutLine: {'line': b'Compiling /home/ubuntu/environment/aws-robomaker-testcase-framework/simulation_ws/build/robomaker_simulation_msgs/devel/lib/python2.7/dist-packages/robomaker_simulation_msgs/srv/_RemoveTags.py ...\n'}
[5.690658] (robomaker_simulation_msgs) StdoutLine: {'line': b'Compiling /home/ubuntu/environment/aws-robomaker-testcase-framework/simulation_ws/build/robomaker_simulation_msgs/devel/lib/python2.7/dist-packages/robomaker_simulation_msgs/srv/__init__.py ...\n'}
[5.693566] (robomaker_simulation_msgs) StdoutLine: {'line': b'-- Installing: /home/ubuntu/environment/aws-robomaker-testcase-framework/simulation_ws/install/robomaker_simulation_msgs/lib/python2.7/dist-packages/robomaker_simulation_msgs\n'}
[5.694400] (robomaker_simulation_msgs) StdoutLine: {'line': b'-- Installing: /home/ubuntu/environment/aws-robomaker-testcase-framework/simulation_ws/install/robomaker_simulation_msgs/lib/python2.7/dist-packages/robomaker_simulation_msgs/__init__.pyc\n'}
[5.695116] (robomaker_simulation_msgs) StdoutLine: {'line': b'-- Installing: /home/ubuntu/environment/aws-robomaker-testcase-framework/simulation_ws/install/robomaker_simulation_msgs/lib/python2.7/dist-packages/robomaker_simulation_msgs/srv\n'}
[5.695780] (robomaker_simulation_msgs) StdoutLine: {'line': b'-- Installing: /home/ubuntu/environment/aws-robomaker-testcase-framework/simulation_ws/install/robomaker_simulation_msgs/lib/python2.7/dist-packages/robomaker_simulation_msgs/srv/_Cancel.pyc\n'}
[5.696403] (robomaker_simulation_msgs) StdoutLine: {'line': b'-- Installing: /home/ubuntu/environment/aws-robomaker-testcase-framework/simulation_ws/install/robomaker_simulation_msgs/lib/python2.7/dist-packages/robomaker_simulation_msgs/srv/__init__.pyc\n'}
[5.698193] (robomaker_simulation_msgs) StdoutLine: {'line': b'-- Installing: /home/ubuntu/environment/aws-robomaker-testcase-framework/simulation_ws/install/robomaker_simulation_msgs/lib/python2.7/dist-packages/robomaker_simulation_msgs/srv/_Cancel.py\n'}
[5.698358] (robomaker_simulation_msgs) StdoutLine: {'line': b'-- Installing: /home/ubuntu/environment/aws-robomaker-testcase-framework/simulation_ws/install/robomaker_simulation_msgs/lib/python2.7/dist-packages/robomaker_simulation_msgs/srv/_AddTags.py\n'}
[5.698488] (robomaker_simulation_msgs) StdoutLine: {'line': b'-- Installing: /home/ubuntu/environment/aws-robomaker-testcase-framework/simulation_ws/install/robomaker_simulation_msgs/lib/python2.7/dist-packages/robomaker_simulation_msgs/srv/_AddTags.pyc\n'}
[5.698638] (robomaker_simulation_msgs) StdoutLine: {'line': b'-- Installing: /home/ubuntu/environment/aws-robomaker-testcase-framework/simulation_ws/install/robomaker_simulation_msgs/lib/python2.7/dist-packages/robomaker_simulation_msgs/srv/_RemoveTags.py\n'}
[5.698761] (robomaker_simulation_msgs) StdoutLine: {'line': b'-- Installing: /home/ubuntu/environment/aws-robomaker-testcase-framework/simulation_ws/install/robomaker_simulation_msgs/lib/python2.7/dist-packages/robomaker_simulation_msgs/srv/_ListTags.py\n'}
[5.698888] (robomaker_simulation_msgs) StdoutLine: {'line': b'-- Installing: /home/ubuntu/environment/aws-robomaker-testcase-framework/simulation_ws/install/robomaker_simulation_msgs/lib/python2.7/dist-packages/robomaker_simulation_msgs/srv/__init__.py\n'}
[5.698996] (robomaker_simulation_msgs) StdoutLine: {'line': b'-- Installing: /home/ubuntu/environment/aws-robomaker-testcase-framework/simulation_ws/install/robomaker_simulation_msgs/lib/python2.7/dist-packages/robomaker_simulation_msgs/srv/_RemoveTags.pyc\n'}
[5.699104] (robomaker_simulation_msgs) StdoutLine: {'line': b'-- Installing: /home/ubuntu/environment/aws-robomaker-testcase-framework/simulation_ws/install/robomaker_simulation_msgs/lib/python2.7/dist-packages/robomaker_simulation_msgs/srv/_ListTags.pyc\n'}
[5.699211] (robomaker_simulation_msgs) StdoutLine: {'line': b'-- Installing: /home/ubuntu/environment/aws-robomaker-testcase-framework/simulation_ws/install/robomaker_simulation_msgs/lib/python2.7/dist-packages/robomaker_simulation_msgs/msg\n'}
[5.699313] (robomaker_simulation_msgs) StdoutLine: {'line': b'-- Installing: /home/ubuntu/environment/aws-robomaker-testcase-framework/simulation_ws/install/robomaker_simulation_msgs/lib/python2.7/dist-packages/robomaker_simulation_msgs/msg/__init__.pyc\n'}
[5.699418] (robomaker_simulation_msgs) StdoutLine: {'line': b'-- Installing: /home/ubuntu/environment/aws-robomaker-testcase-framework/simulation_ws/install/robomaker_simulation_msgs/lib/python2.7/dist-packages/robomaker_simulation_msgs/msg/_Tag.py\n'}
[5.699521] (robomaker_simulation_msgs) StdoutLine: {'line': b'-- Installing: /home/ubuntu/environment/aws-robomaker-testcase-framework/simulation_ws/install/robomaker_simulation_msgs/lib/python2.7/dist-packages/robomaker_simulation_msgs/msg/__init__.py\n'}
[5.699616] (robomaker_simulation_msgs) StdoutLine: {'line': b'-- Installing: /home/ubuntu/environment/aws-robomaker-testcase-framework/simulation_ws/install/robomaker_simulation_msgs/lib/python2.7/dist-packages/robomaker_simulation_msgs/msg/_Tag.pyc\n'}
[5.699709] (robomaker_simulation_msgs) StdoutLine: {'line': b'-- Installing: /home/ubuntu/environment/aws-robomaker-testcase-framework/simulation_ws/install/robomaker_simulation_msgs/lib/python2.7/dist-packages/robomaker_simulation_msgs/__init__.py\n'}
[5.699902] (robomaker_simulation_msgs) StdoutLine: {'line': b'-- Installing: /home/ubuntu/environment/aws-robomaker-testcase-framework/simulation_ws/install/robomaker_simulation_msgs/lib/pkgconfig/robomaker_simulation_msgs.pc\n'}
[5.700015] (robomaker_simulation_msgs) StdoutLine: {'line': b'-- Installing: /home/ubuntu/environment/aws-robomaker-testcase-framework/simulation_ws/install/robomaker_simulation_msgs/share/robomaker_simulation_msgs/cmake/robomaker_simulation_msgs-msg-extras.cmake\n'}
[5.700124] (robomaker_simulation_msgs) StdoutLine: {'line': b'-- Installing: /home/ubuntu/environment/aws-robomaker-testcase-framework/simulation_ws/install/robomaker_simulation_msgs/share/robomaker_simulation_msgs/cmake/robomaker_simulation_msgsConfig.cmake\n'}
[5.700233] (robomaker_simulation_msgs) StdoutLine: {'line': b'-- Installing: /home/ubuntu/environment/aws-robomaker-testcase-framework/simulation_ws/install/robomaker_simulation_msgs/share/robomaker_simulation_msgs/cmake/robomaker_simulation_msgsConfig-version.cmake\n'}
[5.700336] (robomaker_simulation_msgs) StdoutLine: {'line': b'-- Installing: /home/ubuntu/environment/aws-robomaker-testcase-framework/simulation_ws/install/robomaker_simulation_msgs/share/robomaker_simulation_msgs/package.xml\n'}
[5.702219] (robomaker_simulation_msgs) CommandEnded: {'returncode': 0}
[5.719412] (-) TimerEvent: {}
[5.785897] (robomaker_simulation_msgs) JobEnded: {'identifier': 'robomaker_simulation_msgs', 'rc': 0}
[5.799455] (aws_robomaker_simulation_ros_pkgs) JobStarted: {'identifier': 'aws_robomaker_simulation_ros_pkgs'}
[5.806453] (aws_robomaker_simulation_ros_pkgs) JobProgress: {'identifier': 'aws_robomaker_simulation_ros_pkgs', 'progress': 'cmake'}
[5.806803] (aws_robomaker_simulation_ros_pkgs) Command: {'cmd': ['/usr/bin/cmake', '/home/ubuntu/environment/aws-robomaker-testcase-framework/simulation_ws/src/aws-robomaker-simulation-ros-pkgs/aws_robomaker_simulation_ros_pkgs', '-DCATKIN_INSTALL_INTO_PREFIX_ROOT=0', '-DCMAKE_INSTALL_PREFIX=/home/ubuntu/environment/aws-robomaker-testcase-framework/simulation_ws/install/aws_robomaker_simulation_ros_pkgs'], 'cwd': '/home/ubuntu/environment/aws-robomaker-testcase-framework/simulation_ws/build/aws_robomaker_simulation_ros_pkgs', 'env': OrderedDict([('HISTFILESIZE', '100000'), ('TMUX', '/tmp/tmux-1000/cloud92.2,7000,0'), ('MAIL', '/var/mail/ubuntu'), ('USER', 'ubuntu'), ('_system_version', '18.04'), ('SSH_CLIENT', '18.184.203.130 63568 22'), ('ROS_PACKAGE_PATH', '/home/ubuntu/environment/aws-robomaker-testcase-framework/simulation_ws/install/robomaker_simulation_msgs/share:/opt/ros/melodic/share'), ('LD_LIBRARY_PATH', '/opt/ros/melodic/lib'), ('ROS_ETC_DIR', '/opt/ros/melodic/etc/ros'), ('SHLVL', '4'), ('OLDPWD', '/home/ubuntu/environment/aws-robomaker-testcase-framework'), ('HOME', '/home/ubuntu'), ('PORT', '8080'), ('ISOUTPUTPANE', '0'), ('NVM_BIN', '/home/ubuntu/.nvm/versions/node/v8.17.0/bin'), ('NVM_NODEJS_ORG_MIRROR', 'https://nodejs.org/dist'), ('ROS_PYTHON_VERSION', '2'), ('C9_USER', 'Admin'), ('NVM_DIR', '/home/ubuntu/.nvm'), ('NVM_PATH', '/home/ubuntu/.nvm/versions/node/v8.17.0/lib/node'), ('ROS_DISTRO', 'melodic'), ('HGUSER', 'Admin'), ('LOGNAME', 'ubuntu'), ('rvm_bin_path', '/usr/local/rvm/bin'), ('_', '/usr/local/bin/colcon'), ('RUBY_VERSION', 'ruby-2.4.1'), ('ROS_VERSION', '1'), ('C9_PORT', '8080'), ('PKG_CONFIG_PATH', '/home/ubuntu/environment/aws-robomaker-testcase-framework/simulation_ws/install/robomaker_simulation_msgs/lib/x86_64-linux-gnu/pkgconfig:/home/ubuntu/environment/aws-robomaker-testcase-framework/simulation_ws/install/robomaker_simulation_msgs/lib/pkgconfig:/opt/ros/melodic/lib/pkgconfig'), ('IRBRC', '/usr/local/rvm/rubies/ruby-2.4.1/.irbrc'), ('XDG_SESSION_ID', '3'), ('TERM', 'screen'), ('PATH', '/home/ubuntu/.nvm/versions/node/v8.17.0/bin:/opt/ros/melodic/bin:/usr/local/rvm/gems/ruby-2.4.1/bin:/usr/local/rvm/gems/ruby-2.4.1@global/bin:/usr/local/rvm/rubies/ruby-2.4.1/bin:/usr/local/sbin:/usr/local/bin:/usr/sbin:/usr/bin:/sbin:/bin:/usr/games:/usr/local/games:/home/ubuntu/.local/bin:/home/ubuntu/bin:/snap/bin:/home/ubuntu/.local/bin:/home/ubuntu/bin:/usr/local/rvm/bin:/home/ubuntu/.local/bin:/home/ubuntu/bin'), ('NVM_IOJS_ORG_MIRROR', 'https://iojs.org/dist'), ('XDG_RUNTIME_DIR', '/run/user/1000'), ('MY_RUBY_HOME', '/usr/local/rvm/rubies/ruby-2.4.1'), ('LANG', 'C.UTF-8'), ('HISTSIZE', '100000'), ('ROS_ROOT', '/opt/ros/melodic/share/ros'), ('ROSLISP_PACKAGE_DIRECTORIES', ''), ('C9_HOSTNAME', '18.195.16.154'), ('NODE_PATH', '/home/ubuntu/.c9/node_modules'), ('SHELL', '/bin/bash'), ('ROS_MASTER_URI', 'http://localhost:11311'), ('rvm_prefix', '/usr/local'), ('PROMPT_COMMAND', 'history -a;'), ('_system_type', 'Linux'), ('GEM_HOME', '/usr/local/rvm/gems/ruby-2.4.1'), ('C9_PID', 'dd756569867d469dba65339c5771097a'), ('rvm_version', '1.29.3 (1.29.3)'), ('_system_arch', 'x86_64'), ('C9_PROJECT', 'Test-Cases'), ('PWD', '/home/ubuntu/environment/aws-robomaker-testcase-framework/simulation_ws/build/aws_robomaker_simulation_ros_pkgs'), ('GEM_PATH', '/usr/local/rvm/gems/ruby-2.4.1:/usr/local/rvm/gems/ruby-2.4.1@global'), ('SSH_CONNECTION', '18.184.203.130 63568 10.168.10.194 22'), ('NVM_CD_FLAGS', ''), ('XDG_DATA_DIRS', '/usr/local/share:/usr/share:/var/lib/snapd/desktop'), ('IP', '127.0.0.1'), ('_system_name', 'Ubuntu'), ('PYTHONPATH', '/home/ubuntu/environment/aws-robomaker-testcase-framework/simulation_ws/install/robomaker_simulation_msgs/lib/python2.7/dist-packages:/opt/ros/melodic/lib/python2.7/dist-packages'), ('COLCON', '1'), ('rvm_path', '/usr/local/rvm'), ('TMUX_PANE', '%0'), ('MANPATH', '/home/ubuntu/.nvm/versions/node/v8.17.0/share/man:/usr/local/rvm/rubies/ruby-2.4.1/share/man:/usr/local/man:/usr/local/share/man:/usr/share/man:/usr/local/rvm/man'), ('EDITOR', ''), ('CMAKE_PREFIX_PATH', '/home/ubuntu/environment/aws-robomaker-testcase-framework/simulation_ws/install/robomaker_simulation_msgs:/opt/ros/melodic')]), 'shell': False}
[5.819545] (-) TimerEvent: {}
[5.872589] (aws_robomaker_simulation_ros_pkgs) StdoutLine: {'line': b'-- The C compiler identification is GNU 7.5.0\n'}
[5.919669] (-) TimerEvent: {}
[5.934721] (aws_robomaker_simulation_ros_pkgs) StdoutLine: {'line': b'-- The CXX compiler identification is GNU 7.5.0\n'}
[5.939683] (aws_robomaker_simulation_ros_pkgs) StdoutLine: {'line': b'-- Check for working C compiler: /usr/bin/cc\n'}
[6.005947] (aws_robomaker_simulation_ros_pkgs) StdoutLine: {'line': b'-- Check for working C compiler: /usr/bin/cc -- works\n'}
[6.006648] (aws_robomaker_simulation_ros_pkgs) StdoutLine: {'line': b'-- Detecting C compiler ABI info\n'}
[6.019766] (-) TimerEvent: {}
[6.072856] (aws_robomaker_simulation_ros_pkgs) StdoutLine: {'line': b'-- Detecting C compiler ABI info - done\n'}
[6.082459] (aws_robomaker_simulation_ros_pkgs) StdoutLine: {'line': b'-- Detecting C compile features\n'}
[6.119894] (-) TimerEvent: {}
[6.220288] (-) TimerEvent: {}
[6.282985] (aws_robomaker_simulation_ros_pkgs) StdoutLine: {'line': b'-- Detecting C compile features - done\n'}
[6.286266] (aws_robomaker_simulation_ros_pkgs) StdoutLine: {'line': b'-- Check for working CXX compiler: /usr/bin/c++\n'}
[6.320416] (-) TimerEvent: {}
[6.363800] (aws_robomaker_simulation_ros_pkgs) StdoutLine: {'line': b'-- Check for working CXX compiler: /usr/bin/c++ -- works\n'}
[6.364577] (aws_robomaker_simulation_ros_pkgs) StdoutLine: {'line': b'-- Detecting CXX compiler ABI info\n'}
[6.420537] (-) TimerEvent: {}
[6.443688] (aws_robomaker_simulation_ros_pkgs) StdoutLine: {'line': b'-- Detecting CXX compiler ABI info - done\n'}
[6.452837] (aws_robomaker_simulation_ros_pkgs) StdoutLine: {'line': b'-- Detecting CXX compile features\n'}
[6.520660] (-) TimerEvent: {}
[6.621590] (-) TimerEvent: {}
[6.722699] (-) TimerEvent: {}
[6.798842] (aws_robomaker_simulation_ros_pkgs) StdoutLine: {'line': b'-- Detecting CXX compile features - done\n'}
[6.801160] (aws_robomaker_simulation_ros_pkgs) StdoutLine: {'line': b'-- Using CATKIN_DEVEL_PREFIX: /home/ubuntu/environment/aws-robomaker-testcase-framework/simulation_ws/build/aws_robomaker_simulation_ros_pkgs/devel\n'}
[6.801451] (aws_robomaker_simulation_ros_pkgs) StdoutLine: {'line': b'-- Using CMAKE_PREFIX_PATH: /home/ubuntu/environment/aws-robomaker-testcase-framework/simulation_ws/install/robomaker_simulation_msgs;/opt/ros/melodic\n'}
[6.801653] (aws_robomaker_simulation_ros_pkgs) StdoutLine: {'line': b'-- This workspace overlays: /home/ubuntu/environment/aws-robomaker-testcase-framework/simulation_ws/install/robomaker_simulation_msgs;/opt/ros/melodic\n'}
[6.816292] (aws_robomaker_simulation_ros_pkgs) StdoutLine: {'line': b'-- Found PythonInterp: /usr/bin/python2 (found suitable version "2.7.17", minimum required is "2") \n'}
[6.816586] (aws_robomaker_simulation_ros_pkgs) StdoutLine: {'line': b'-- Using PYTHON_EXECUTABLE: /usr/bin/python2\n'}
[6.816735] (aws_robomaker_simulation_ros_pkgs) StdoutLine: {'line': b'-- Using Debian Python package layout\n'}
[6.817039] (aws_robomaker_simulation_ros_pkgs) StdoutLine: {'line': b'-- Using empy: /usr/bin/empy\n'}
[6.822773] (-) TimerEvent: {}
[6.923079] (-) TimerEvent: {}
[6.963604] (aws_robomaker_simulation_ros_pkgs) StdoutLine: {'line': b'-- Using CATKIN_ENABLE_TESTING: ON\n'}
[6.963877] (aws_robomaker_simulation_ros_pkgs) StdoutLine: {'line': b'-- Call enable_testing()\n'}
[6.965794] (aws_robomaker_simulation_ros_pkgs) StdoutLine: {'line': b'-- Using CATKIN_TEST_RESULTS_DIR: /home/ubuntu/environment/aws-robomaker-testcase-framework/simulation_ws/build/aws_robomaker_simulation_ros_pkgs/test_results\n'}
[6.983385] (aws_robomaker_simulation_ros_pkgs) StdoutLine: {'line': b"-- Found gtest sources under '/usr/src/googletest': gtests will be built\n"}
[6.983644] (aws_robomaker_simulation_ros_pkgs) StdoutLine: {'line': b"-- Found gmock sources under '/usr/src/googletest': gmock will be built\n"}
[6.997272] (aws_robomaker_simulation_ros_pkgs) StdoutLine: {'line': b'-- Found PythonInterp: /usr/bin/python2 (found version "2.7.17") \n'}
[6.998416] (aws_robomaker_simulation_ros_pkgs) StdoutLine: {'line': b'-- Looking for pthread.h\n'}
[7.023149] (-) TimerEvent: {}
[7.068324] (aws_robomaker_simulation_ros_pkgs) StdoutLine: {'line': b'-- Looking for pthread.h - found\n'}
[7.068902] (aws_robomaker_simulation_ros_pkgs) StdoutLine: {'line': b'-- Looking for pthread_create\n'}
[7.123284] (-) TimerEvent: {}
[7.140017] (aws_robomaker_simulation_ros_pkgs) StdoutLine: {'line': b'-- Looking for pthread_create - not found\n'}
[7.140434] (aws_robomaker_simulation_ros_pkgs) StdoutLine: {'line': b'-- Looking for pthread_create in pthreads\n'}
[7.198675] (aws_robomaker_simulation_ros_pkgs) StdoutLine: {'line': b'-- Looking for pthread_create in pthreads - not found\n'}
[7.198874] (aws_robomaker_simulation_ros_pkgs) StdoutLine: {'line': b'-- Looking for pthread_create in pthread\n'}
[7.223395] (-) TimerEvent: {}
[7.263712] (aws_robomaker_simulation_ros_pkgs) StdoutLine: {'line': b'-- Looking for pthread_create in pthread - found\n'}
[7.265048] (aws_robomaker_simulation_ros_pkgs) StdoutLine: {'line': b'-- Found Threads: TRUE  \n'}
[7.269531] (aws_robomaker_simulation_ros_pkgs) StdoutLine: {'line': b'-- Using Python nosetests: /usr/bin/nosetests-2.7\n'}
[7.311029] (aws_robomaker_simulation_ros_pkgs) StdoutLine: {'line': b'-- catkin 0.7.26\n'}
[7.311302] (aws_robomaker_simulation_ros_pkgs) StdoutLine: {'line': b'-- BUILD_SHARED_LIBS is on\n'}
[7.323500] (-) TimerEvent: {}
[7.424006] (-) TimerEvent: {}
[7.437955] (aws_robomaker_simulation_ros_pkgs) StdoutLine: {'line': b'-- Configuring done\n'}
[7.448603] (aws_robomaker_simulation_ros_pkgs) StdoutLine: {'line': b'-- Generating done\n'}
[7.450783] (aws_robomaker_simulation_ros_pkgs) StdoutLine: {'line': b'-- Build files have been written to: /home/ubuntu/environment/aws-robomaker-testcase-framework/simulation_ws/build/aws_robomaker_simulation_ros_pkgs\n'}
[7.454834] (aws_robomaker_simulation_ros_pkgs) CommandEnded: {'returncode': 0}
[7.455605] (aws_robomaker_simulation_ros_pkgs) JobProgress: {'identifier': 'aws_robomaker_simulation_ros_pkgs', 'progress': 'build'}
[7.455923] (aws_robomaker_simulation_ros_pkgs) Command: {'cmd': ['/usr/bin/cmake', '--build', '/home/ubuntu/environment/aws-robomaker-testcase-framework/simulation_ws/build/aws_robomaker_simulation_ros_pkgs', '--', '-j2', '-l2'], 'cwd': '/home/ubuntu/environment/aws-robomaker-testcase-framework/simulation_ws/build/aws_robomaker_simulation_ros_pkgs', 'env': OrderedDict([('HISTFILESIZE', '100000'), ('TMUX', '/tmp/tmux-1000/cloud92.2,7000,0'), ('MAIL', '/var/mail/ubuntu'), ('USER', 'ubuntu'), ('_system_version', '18.04'), ('SSH_CLIENT', '18.184.203.130 63568 22'), ('ROS_PACKAGE_PATH', '/home/ubuntu/environment/aws-robomaker-testcase-framework/simulation_ws/install/robomaker_simulation_msgs/share:/opt/ros/melodic/share'), ('LD_LIBRARY_PATH', '/opt/ros/melodic/lib'), ('ROS_ETC_DIR', '/opt/ros/melodic/etc/ros'), ('SHLVL', '4'), ('OLDPWD', '/home/ubuntu/environment/aws-robomaker-testcase-framework'), ('HOME', '/home/ubuntu'), ('PORT', '8080'), ('ISOUTPUTPANE', '0'), ('NVM_BIN', '/home/ubuntu/.nvm/versions/node/v8.17.0/bin'), ('NVM_NODEJS_ORG_MIRROR', 'https://nodejs.org/dist'), ('ROS_PYTHON_VERSION', '2'), ('C9_USER', 'Admin'), ('NVM_DIR', '/home/ubuntu/.nvm'), ('NVM_PATH', '/home/ubuntu/.nvm/versions/node/v8.17.0/lib/node'), ('ROS_DISTRO', 'melodic'), ('HGUSER', 'Admin'), ('LOGNAME', 'ubuntu'), ('rvm_bin_path', '/usr/local/rvm/bin'), ('_', '/usr/local/bin/colcon'), ('RUBY_VERSION', 'ruby-2.4.1'), ('ROS_VERSION', '1'), ('C9_PORT', '8080'), ('PKG_CONFIG_PATH', '/home/ubuntu/environment/aws-robomaker-testcase-framework/simulation_ws/install/robomaker_simulation_msgs/lib/x86_64-linux-gnu/pkgconfig:/home/ubuntu/environment/aws-robomaker-testcase-framework/simulation_ws/install/robomaker_simulation_msgs/lib/pkgconfig:/opt/ros/melodic/lib/pkgconfig'), ('IRBRC', '/usr/local/rvm/rubies/ruby-2.4.1/.irbrc'), ('XDG_SESSION_ID', '3'), ('TERM', 'screen'), ('PATH', '/home/ubuntu/.nvm/versions/node/v8.17.0/bin:/opt/ros/melodic/bin:/usr/local/rvm/gems/ruby-2.4.1/bin:/usr/local/rvm/gems/ruby-2.4.1@global/bin:/usr/local/rvm/rubies/ruby-2.4.1/bin:/usr/local/sbin:/usr/local/bin:/usr/sbin:/usr/bin:/sbin:/bin:/usr/games:/usr/local/games:/home/ubuntu/.local/bin:/home/ubuntu/bin:/snap/bin:/home/ubuntu/.local/bin:/home/ubuntu/bin:/usr/local/rvm/bin:/home/ubuntu/.local/bin:/home/ubuntu/bin'), ('NVM_IOJS_ORG_MIRROR', 'https://iojs.org/dist'), ('XDG_RUNTIME_DIR', '/run/user/1000'), ('MY_RUBY_HOME', '/usr/local/rvm/rubies/ruby-2.4.1'), ('LANG', 'C.UTF-8'), ('HISTSIZE', '100000'), ('ROS_ROOT', '/opt/ros/melodic/share/ros'), ('ROSLISP_PACKAGE_DIRECTORIES', ''), ('C9_HOSTNAME', '18.195.16.154'), ('NODE_PATH', '/home/ubuntu/.c9/node_modules'), ('SHELL', '/bin/bash'), ('ROS_MASTER_URI', 'http://localhost:11311'), ('rvm_prefix', '/usr/local'), ('PROMPT_COMMAND', 'history -a;'), ('_system_type', 'Linux'), ('GEM_HOME', '/usr/local/rvm/gems/ruby-2.4.1'), ('C9_PID', 'dd756569867d469dba65339c5771097a'), ('rvm_version', '1.29.3 (1.29.3)'), ('_system_arch', 'x86_64'), ('C9_PROJECT', 'Test-Cases'), ('PWD', '/home/ubuntu/environment/aws-robomaker-testcase-framework/simulation_ws/build/aws_robomaker_simulation_ros_pkgs'), ('GEM_PATH', '/usr/local/rvm/gems/ruby-2.4.1:/usr/local/rvm/gems/ruby-2.4.1@global'), ('SSH_CONNECTION', '18.184.203.130 63568 10.168.10.194 22'), ('NVM_CD_FLAGS', ''), ('XDG_DATA_DIRS', '/usr/local/share:/usr/share:/var/lib/snapd/desktop'), ('IP', '127.0.0.1'), ('_system_name', 'Ubuntu'), ('PYTHONPATH', '/home/ubuntu/environment/aws-robomaker-testcase-framework/simulation_ws/install/robomaker_simulation_msgs/lib/python2.7/dist-packages:/opt/ros/melodic/lib/python2.7/dist-packages'), ('COLCON', '1'), ('rvm_path', '/usr/local/rvm'), ('TMUX_PANE', '%0'), ('MANPATH', '/home/ubuntu/.nvm/versions/node/v8.17.0/share/man:/usr/local/rvm/rubies/ruby-2.4.1/share/man:/usr/local/man:/usr/local/share/man:/usr/share/man:/usr/local/rvm/man'), ('EDITOR', ''), ('CMAKE_PREFIX_PATH', '/home/ubuntu/environment/aws-robomaker-testcase-framework/simulation_ws/install/robomaker_simulation_msgs:/opt/ros/melodic')]), 'shell': False}
[7.496927] (aws_robomaker_simulation_ros_pkgs) CommandEnded: {'returncode': 0}
[7.522114] (aws_robomaker_simulation_ros_pkgs) JobProgress: {'identifier': 'aws_robomaker_simulation_ros_pkgs', 'progress': "build target 'tests'"}
[7.522441] (aws_robomaker_simulation_ros_pkgs) Command: {'cmd': ['/usr/bin/cmake', '--build', '/home/ubuntu/environment/aws-robomaker-testcase-framework/simulation_ws/build/aws_robomaker_simulation_ros_pkgs', '--target', 'tests', '--', '-j2', '-l2'], 'cwd': '/home/ubuntu/environment/aws-robomaker-testcase-framework/simulation_ws/build/aws_robomaker_simulation_ros_pkgs', 'env': OrderedDict([('HISTFILESIZE', '100000'), ('TMUX', '/tmp/tmux-1000/cloud92.2,7000,0'), ('MAIL', '/var/mail/ubuntu'), ('USER', 'ubuntu'), ('_system_version', '18.04'), ('SSH_CLIENT', '18.184.203.130 63568 22'), ('ROS_PACKAGE_PATH', '/home/ubuntu/environment/aws-robomaker-testcase-framework/simulation_ws/install/robomaker_simulation_msgs/share:/opt/ros/melodic/share'), ('LD_LIBRARY_PATH', '/opt/ros/melodic/lib'), ('ROS_ETC_DIR', '/opt/ros/melodic/etc/ros'), ('SHLVL', '4'), ('OLDPWD', '/home/ubuntu/environment/aws-robomaker-testcase-framework'), ('HOME', '/home/ubuntu'), ('PORT', '8080'), ('ISOUTPUTPANE', '0'), ('NVM_BIN', '/home/ubuntu/.nvm/versions/node/v8.17.0/bin'), ('NVM_NODEJS_ORG_MIRROR', 'https://nodejs.org/dist'), ('ROS_PYTHON_VERSION', '2'), ('C9_USER', 'Admin'), ('NVM_DIR', '/home/ubuntu/.nvm'), ('NVM_PATH', '/home/ubuntu/.nvm/versions/node/v8.17.0/lib/node'), ('ROS_DISTRO', 'melodic'), ('HGUSER', 'Admin'), ('LOGNAME', 'ubuntu'), ('rvm_bin_path', '/usr/local/rvm/bin'), ('_', '/usr/local/bin/colcon'), ('RUBY_VERSION', 'ruby-2.4.1'), ('ROS_VERSION', '1'), ('C9_PORT', '8080'), ('PKG_CONFIG_PATH', '/home/ubuntu/environment/aws-robomaker-testcase-framework/simulation_ws/install/robomaker_simulation_msgs/lib/x86_64-linux-gnu/pkgconfig:/home/ubuntu/environment/aws-robomaker-testcase-framework/simulation_ws/install/robomaker_simulation_msgs/lib/pkgconfig:/opt/ros/melodic/lib/pkgconfig'), ('IRBRC', '/usr/local/rvm/rubies/ruby-2.4.1/.irbrc'), ('XDG_SESSION_ID', '3'), ('TERM', 'screen'), ('PATH', '/home/ubuntu/.nvm/versions/node/v8.17.0/bin:/opt/ros/melodic/bin:/usr/local/rvm/gems/ruby-2.4.1/bin:/usr/local/rvm/gems/ruby-2.4.1@global/bin:/usr/local/rvm/rubies/ruby-2.4.1/bin:/usr/local/sbin:/usr/local/bin:/usr/sbin:/usr/bin:/sbin:/bin:/usr/games:/usr/local/games:/home/ubuntu/.local/bin:/home/ubuntu/bin:/snap/bin:/home/ubuntu/.local/bin:/home/ubuntu/bin:/usr/local/rvm/bin:/home/ubuntu/.local/bin:/home/ubuntu/bin'), ('NVM_IOJS_ORG_MIRROR', 'https://iojs.org/dist'), ('XDG_RUNTIME_DIR', '/run/user/1000'), ('MY_RUBY_HOME', '/usr/local/rvm/rubies/ruby-2.4.1'), ('LANG', 'C.UTF-8'), ('HISTSIZE', '100000'), ('ROS_ROOT', '/opt/ros/melodic/share/ros'), ('ROSLISP_PACKAGE_DIRECTORIES', ''), ('C9_HOSTNAME', '18.195.16.154'), ('NODE_PATH', '/home/ubuntu/.c9/node_modules'), ('SHELL', '/bin/bash'), ('ROS_MASTER_URI', 'http://localhost:11311'), ('rvm_prefix', '/usr/local'), ('PROMPT_COMMAND', 'history -a;'), ('_system_type', 'Linux'), ('GEM_HOME', '/usr/local/rvm/gems/ruby-2.4.1'), ('C9_PID', 'dd756569867d469dba65339c5771097a'), ('rvm_version', '1.29.3 (1.29.3)'), ('_system_arch', 'x86_64'), ('C9_PROJECT', 'Test-Cases'), ('PWD', '/home/ubuntu/environment/aws-robomaker-testcase-framework/simulation_ws/build/aws_robomaker_simulation_ros_pkgs'), ('GEM_PATH', '/usr/local/rvm/gems/ruby-2.4.1:/usr/local/rvm/gems/ruby-2.4.1@global'), ('SSH_CONNECTION', '18.184.203.130 63568 10.168.10.194 22'), ('NVM_CD_FLAGS', ''), ('XDG_DATA_DIRS', '/usr/local/share:/usr/share:/var/lib/snapd/desktop'), ('IP', '127.0.0.1'), ('_system_name', 'Ubuntu'), ('PYTHONPATH', '/home/ubuntu/environment/aws-robomaker-testcase-framework/simulation_ws/install/robomaker_simulation_msgs/lib/python2.7/dist-packages:/opt/ros/melodic/lib/python2.7/dist-packages'), ('COLCON', '1'), ('rvm_path', '/usr/local/rvm'), ('TMUX_PANE', '%0'), ('MANPATH', '/home/ubuntu/.nvm/versions/node/v8.17.0/share/man:/usr/local/rvm/rubies/ruby-2.4.1/share/man:/usr/local/man:/usr/local/share/man:/usr/share/man:/usr/local/rvm/man'), ('EDITOR', ''), ('CMAKE_PREFIX_PATH', '/home/ubuntu/environment/aws-robomaker-testcase-framework/simulation_ws/install/robomaker_simulation_msgs:/opt/ros/melodic')]), 'shell': False}
[7.525206] (-) TimerEvent: {}
[7.573941] (aws_robomaker_simulation_ros_pkgs) StdoutLine: {'line': b'\x1b[35m\x1b[1mScanning dependencies of target tests\x1b[0m\n'}
[7.583558] (aws_robomaker_simulation_ros_pkgs) StdoutLine: {'line': b'Built target tests\n'}
[7.593603] (aws_robomaker_simulation_ros_pkgs) CommandEnded: {'returncode': 0}
[7.618771] (aws_robomaker_simulation_ros_pkgs) JobProgress: {'identifier': 'aws_robomaker_simulation_ros_pkgs', 'progress': 'install'}
[7.619258] (aws_robomaker_simulation_ros_pkgs) Command: {'cmd': ['/usr/bin/cmake', '--build', '/home/ubuntu/environment/aws-robomaker-testcase-framework/simulation_ws/build/aws_robomaker_simulation_ros_pkgs', '--target', 'install', '--', '-j2', '-l2'], 'cwd': '/home/ubuntu/environment/aws-robomaker-testcase-framework/simulation_ws/build/aws_robomaker_simulation_ros_pkgs', 'env': OrderedDict([('HISTFILESIZE', '100000'), ('TMUX', '/tmp/tmux-1000/cloud92.2,7000,0'), ('MAIL', '/var/mail/ubuntu'), ('USER', 'ubuntu'), ('_system_version', '18.04'), ('SSH_CLIENT', '18.184.203.130 63568 22'), ('ROS_PACKAGE_PATH', '/home/ubuntu/environment/aws-robomaker-testcase-framework/simulation_ws/install/robomaker_simulation_msgs/share:/opt/ros/melodic/share'), ('LD_LIBRARY_PATH', '/opt/ros/melodic/lib'), ('ROS_ETC_DIR', '/opt/ros/melodic/etc/ros'), ('SHLVL', '4'), ('OLDPWD', '/home/ubuntu/environment/aws-robomaker-testcase-framework'), ('HOME', '/home/ubuntu'), ('PORT', '8080'), ('ISOUTPUTPANE', '0'), ('NVM_BIN', '/home/ubuntu/.nvm/versions/node/v8.17.0/bin'), ('NVM_NODEJS_ORG_MIRROR', 'https://nodejs.org/dist'), ('ROS_PYTHON_VERSION', '2'), ('C9_USER', 'Admin'), ('NVM_DIR', '/home/ubuntu/.nvm'), ('NVM_PATH', '/home/ubuntu/.nvm/versions/node/v8.17.0/lib/node'), ('ROS_DISTRO', 'melodic'), ('HGUSER', 'Admin'), ('LOGNAME', 'ubuntu'), ('rvm_bin_path', '/usr/local/rvm/bin'), ('_', '/usr/local/bin/colcon'), ('RUBY_VERSION', 'ruby-2.4.1'), ('ROS_VERSION', '1'), ('C9_PORT', '8080'), ('PKG_CONFIG_PATH', '/home/ubuntu/environment/aws-robomaker-testcase-framework/simulation_ws/install/robomaker_simulation_msgs/lib/x86_64-linux-gnu/pkgconfig:/home/ubuntu/environment/aws-robomaker-testcase-framework/simulation_ws/install/robomaker_simulation_msgs/lib/pkgconfig:/opt/ros/melodic/lib/pkgconfig'), ('IRBRC', '/usr/local/rvm/rubies/ruby-2.4.1/.irbrc'), ('XDG_SESSION_ID', '3'), ('TERM', 'screen'), ('PATH', '/home/ubuntu/.nvm/versions/node/v8.17.0/bin:/opt/ros/melodic/bin:/usr/local/rvm/gems/ruby-2.4.1/bin:/usr/local/rvm/gems/ruby-2.4.1@global/bin:/usr/local/rvm/rubies/ruby-2.4.1/bin:/usr/local/sbin:/usr/local/bin:/usr/sbin:/usr/bin:/sbin:/bin:/usr/games:/usr/local/games:/home/ubuntu/.local/bin:/home/ubuntu/bin:/snap/bin:/home/ubuntu/.local/bin:/home/ubuntu/bin:/usr/local/rvm/bin:/home/ubuntu/.local/bin:/home/ubuntu/bin'), ('NVM_IOJS_ORG_MIRROR', 'https://iojs.org/dist'), ('XDG_RUNTIME_DIR', '/run/user/1000'), ('MY_RUBY_HOME', '/usr/local/rvm/rubies/ruby-2.4.1'), ('LANG', 'C.UTF-8'), ('HISTSIZE', '100000'), ('ROS_ROOT', '/opt/ros/melodic/share/ros'), ('ROSLISP_PACKAGE_DIRECTORIES', ''), ('C9_HOSTNAME', '18.195.16.154'), ('NODE_PATH', '/home/ubuntu/.c9/node_modules'), ('SHELL', '/bin/bash'), ('ROS_MASTER_URI', 'http://localhost:11311'), ('rvm_prefix', '/usr/local'), ('PROMPT_COMMAND', 'history -a;'), ('_system_type', 'Linux'), ('GEM_HOME', '/usr/local/rvm/gems/ruby-2.4.1'), ('C9_PID', 'dd756569867d469dba65339c5771097a'), ('rvm_version', '1.29.3 (1.29.3)'), ('_system_arch', 'x86_64'), ('C9_PROJECT', 'Test-Cases'), ('PWD', '/home/ubuntu/environment/aws-robomaker-testcase-framework/simulation_ws/build/aws_robomaker_simulation_ros_pkgs'), ('GEM_PATH', '/usr/local/rvm/gems/ruby-2.4.1:/usr/local/rvm/gems/ruby-2.4.1@global'), ('SSH_CONNECTION', '18.184.203.130 63568 10.168.10.194 22'), ('NVM_CD_FLAGS', ''), ('XDG_DATA_DIRS', '/usr/local/share:/usr/share:/var/lib/snapd/desktop'), ('IP', '127.0.0.1'), ('_system_name', 'Ubuntu'), ('PYTHONPATH', '/home/ubuntu/environment/aws-robomaker-testcase-framework/simulation_ws/install/robomaker_simulation_msgs/lib/python2.7/dist-packages:/opt/ros/melodic/lib/python2.7/dist-packages'), ('COLCON', '1'), ('rvm_path', '/usr/local/rvm'), ('TMUX_PANE', '%0'), ('MANPATH', '/home/ubuntu/.nvm/versions/node/v8.17.0/share/man:/usr/local/rvm/rubies/ruby-2.4.1/share/man:/usr/local/man:/usr/local/share/man:/usr/share/man:/usr/local/rvm/man'), ('EDITOR', ''), ('CMAKE_PREFIX_PATH', '/home/ubuntu/environment/aws-robomaker-testcase-framework/simulation_ws/install/robomaker_simulation_msgs:/opt/ros/melodic')]), 'shell': False}
[7.625320] (-) TimerEvent: {}
[7.668785] (aws_robomaker_simulation_ros_pkgs) StdoutLine: {'line': b'\x1b[36mInstall the project...\x1b[0m\n'}
[7.677026] (aws_robomaker_simulation_ros_pkgs) StdoutLine: {'line': b'-- Install configuration: ""\n'}
[7.677397] (aws_robomaker_simulation_ros_pkgs) StdoutLine: {'line': b'-- Installing: /home/ubuntu/environment/aws-robomaker-testcase-framework/simulation_ws/install/aws_robomaker_simulation_ros_pkgs/share/aws_robomaker_simulation_ros_pkgs/package.xml\n'}
[7.680584] (aws_robomaker_simulation_ros_pkgs) CommandEnded: {'returncode': 0}
[7.727497] (-) TimerEvent: {}
[7.730709] (aws_robomaker_simulation_ros_pkgs) JobEnded: {'identifier': 'aws_robomaker_simulation_ros_pkgs', 'rc': 0}
[7.744203] (aws_robomaker_test_framework) JobStarted: {'identifier': 'aws_robomaker_test_framework'}
[7.752062] (aws_robomaker_test_framework) JobProgress: {'identifier': 'aws_robomaker_test_framework', 'progress': 'cmake'}
[7.752350] (aws_robomaker_test_framework) Command: {'cmd': ['/usr/bin/cmake', '/home/ubuntu/environment/aws-robomaker-testcase-framework/simulation_ws/src/aws_robomaker_test_framework', '-DCATKIN_INSTALL_INTO_PREFIX_ROOT=0', '-DCMAKE_INSTALL_PREFIX=/home/ubuntu/environment/aws-robomaker-testcase-framework/simulation_ws/install/aws_robomaker_test_framework'], 'cwd': '/home/ubuntu/environment/aws-robomaker-testcase-framework/simulation_ws/build/aws_robomaker_test_framework', 'env': OrderedDict([('HISTFILESIZE', '100000'), ('TMUX', '/tmp/tmux-1000/cloud92.2,7000,0'), ('MAIL', '/var/mail/ubuntu'), ('USER', 'ubuntu'), ('_system_version', '18.04'), ('SSH_CLIENT', '18.184.203.130 63568 22'), ('ROS_PACKAGE_PATH', '/home/ubuntu/environment/aws-robomaker-testcase-framework/simulation_ws/install/aws_robomaker_simulation_ros_pkgs/share:/home/ubuntu/environment/aws-robomaker-testcase-framework/simulation_ws/install/robomaker_simulation_msgs/share:/opt/ros/melodic/share'), ('LD_LIBRARY_PATH', '/opt/ros/melodic/lib'), ('ROS_ETC_DIR', '/opt/ros/melodic/etc/ros'), ('SHLVL', '4'), ('OLDPWD', '/home/ubuntu/environment/aws-robomaker-testcase-framework'), ('HOME', '/home/ubuntu'), ('PORT', '8080'), ('ISOUTPUTPANE', '0'), ('NVM_BIN', '/home/ubuntu/.nvm/versions/node/v8.17.0/bin'), ('NVM_NODEJS_ORG_MIRROR', 'https://nodejs.org/dist'), ('ROS_PYTHON_VERSION', '2'), ('C9_USER', 'Admin'), ('NVM_DIR', '/home/ubuntu/.nvm'), ('NVM_PATH', '/home/ubuntu/.nvm/versions/node/v8.17.0/lib/node'), ('ROS_DISTRO', 'melodic'), ('HGUSER', 'Admin'), ('LOGNAME', 'ubuntu'), ('rvm_bin_path', '/usr/local/rvm/bin'), ('_', '/usr/local/bin/colcon'), ('RUBY_VERSION', 'ruby-2.4.1'), ('ROS_VERSION', '1'), ('C9_PORT', '8080'), ('PKG_CONFIG_PATH', '/home/ubuntu/environment/aws-robomaker-testcase-framework/simulation_ws/install/aws_robomaker_simulation_ros_pkgs/lib/x86_64-linux-gnu/pkgconfig:/home/ubuntu/environment/aws-robomaker-testcase-framework/simulation_ws/install/aws_robomaker_simulation_ros_pkgs/lib/pkgconfig:/home/ubuntu/environment/aws-robomaker-testcase-framework/simulation_ws/install/robomaker_simulation_msgs/lib/x86_64-linux-gnu/pkgconfig:/home/ubuntu/environment/aws-robomaker-testcase-framework/simulation_ws/install/robomaker_simulation_msgs/lib/pkgconfig:/opt/ros/melodic/lib/pkgconfig'), ('IRBRC', '/usr/local/rvm/rubies/ruby-2.4.1/.irbrc'), ('XDG_SESSION_ID', '3'), ('TERM', 'screen'), ('PATH', '/home/ubuntu/.nvm/versions/node/v8.17.0/bin:/opt/ros/melodic/bin:/usr/local/rvm/gems/ruby-2.4.1/bin:/usr/local/rvm/gems/ruby-2.4.1@global/bin:/usr/local/rvm/rubies/ruby-2.4.1/bin:/usr/local/sbin:/usr/local/bin:/usr/sbin:/usr/bin:/sbin:/bin:/usr/games:/usr/local/games:/home/ubuntu/.local/bin:/home/ubuntu/bin:/snap/bin:/home/ubuntu/.local/bin:/home/ubuntu/bin:/usr/local/rvm/bin:/home/ubuntu/.local/bin:/home/ubuntu/bin'), ('NVM_IOJS_ORG_MIRROR', 'https://iojs.org/dist'), ('XDG_RUNTIME_DIR', '/run/user/1000'), ('MY_RUBY_HOME', '/usr/local/rvm/rubies/ruby-2.4.1'), ('LANG', 'C.UTF-8'), ('HISTSIZE', '100000'), ('ROS_ROOT', '/opt/ros/melodic/share/ros'), ('ROSLISP_PACKAGE_DIRECTORIES', ''), ('C9_HOSTNAME', '18.195.16.154'), ('NODE_PATH', '/home/ubuntu/.c9/node_modules'), ('SHELL', '/bin/bash'), ('ROS_MASTER_URI', 'http://localhost:11311'), ('rvm_prefix', '/usr/local'), ('PROMPT_COMMAND', 'history -a;'), ('_system_type', 'Linux'), ('GEM_HOME', '/usr/local/rvm/gems/ruby-2.4.1'), ('C9_PID', 'dd756569867d469dba65339c5771097a'), ('rvm_version', '1.29.3 (1.29.3)'), ('_system_arch', 'x86_64'), ('C9_PROJECT', 'Test-Cases'), ('PWD', '/home/ubuntu/environment/aws-robomaker-testcase-framework/simulation_ws/build/aws_robomaker_test_framework'), ('GEM_PATH', '/usr/local/rvm/gems/ruby-2.4.1:/usr/local/rvm/gems/ruby-2.4.1@global'), ('SSH_CONNECTION', '18.184.203.130 63568 10.168.10.194 22'), ('NVM_CD_FLAGS', ''), ('XDG_DATA_DIRS', '/usr/local/share:/usr/share:/var/lib/snapd/desktop'), ('IP', '127.0.0.1'), ('_system_name', 'Ubuntu'), ('PYTHONPATH', '/home/ubuntu/environment/aws-robomaker-testcase-framework/simulation_ws/install/robomaker_simulation_msgs/lib/python2.7/dist-packages:/opt/ros/melodic/lib/python2.7/dist-packages'), ('COLCON', '1'), ('rvm_path', '/usr/local/rvm'), ('TMUX_PANE', '%0'), ('MANPATH', '/home/ubuntu/.nvm/versions/node/v8.17.0/share/man:/usr/local/rvm/rubies/ruby-2.4.1/share/man:/usr/local/man:/usr/local/share/man:/usr/share/man:/usr/local/rvm/man'), ('EDITOR', ''), ('CMAKE_PREFIX_PATH', '/home/ubuntu/environment/aws-robomaker-testcase-framework/simulation_ws/install/robomaker_simulation_msgs:/opt/ros/melodic')]), 'shell': False}
[7.818199] (aws_robomaker_test_framework) StdoutLine: {'line': b'-- The C compiler identification is GNU 7.5.0\n'}
[7.827610] (-) TimerEvent: {}
[7.879679] (aws_robomaker_test_framework) StdoutLine: {'line': b'-- The CXX compiler identification is GNU 7.5.0\n'}
[7.884555] (aws_robomaker_test_framework) StdoutLine: {'line': b'-- Check for working C compiler: /usr/bin/cc\n'}
[7.927736] (-) TimerEvent: {}
[7.951050] (aws_robomaker_test_framework) StdoutLine: {'line': b'-- Check for working C compiler: /usr/bin/cc -- works\n'}
[7.951743] (aws_robomaker_test_framework) StdoutLine: {'line': b'-- Detecting C compiler ABI info\n'}
[8.018257] (aws_robomaker_test_framework) StdoutLine: {'line': b'-- Detecting C compiler ABI info - done\n'}
[8.027859] (-) TimerEvent: {}
[8.028275] (aws_robomaker_test_framework) StdoutLine: {'line': b'-- Detecting C compile features\n'}
[8.127971] (-) TimerEvent: {}
[8.228376] (-) TimerEvent: {}
[8.230260] (aws_robomaker_test_framework) StdoutLine: {'line': b'-- Detecting C compile features - done\n'}
[8.233595] (aws_robomaker_test_framework) StdoutLine: {'line': b'-- Check for working CXX compiler: /usr/bin/c++\n'}
[8.309935] (aws_robomaker_test_framework) StdoutLine: {'line': b'-- Check for working CXX compiler: /usr/bin/c++ -- works\n'}
[8.310731] (aws_robomaker_test_framework) StdoutLine: {'line': b'-- Detecting CXX compiler ABI info\n'}
[8.328479] (-) TimerEvent: {}
[8.390224] (aws_robomaker_test_framework) StdoutLine: {'line': b'-- Detecting CXX compiler ABI info - done\n'}
[8.399410] (aws_robomaker_test_framework) StdoutLine: {'line': b'-- Detecting CXX compile features\n'}
[8.428578] (-) TimerEvent: {}
[8.529501] (-) TimerEvent: {}
[8.630448] (-) TimerEvent: {}
[8.731468] (-) TimerEvent: {}
[8.742739] (aws_robomaker_test_framework) StdoutLine: {'line': b'-- Detecting CXX compile features - done\n'}
[8.745061] (aws_robomaker_test_framework) StdoutLine: {'line': b'-- Using CATKIN_DEVEL_PREFIX: /home/ubuntu/environment/aws-robomaker-testcase-framework/simulation_ws/build/aws_robomaker_test_framework/devel\n'}
[8.745314] (aws_robomaker_test_framework) StdoutLine: {'line': b'-- Using CMAKE_PREFIX_PATH: /home/ubuntu/environment/aws-robomaker-testcase-framework/simulation_ws/install/robomaker_simulation_msgs;/opt/ros/melodic\n'}
[8.745494] (aws_robomaker_test_framework) StdoutLine: {'line': b'-- This workspace overlays: /home/ubuntu/environment/aws-robomaker-testcase-framework/simulation_ws/install/robomaker_simulation_msgs;/opt/ros/melodic\n'}
[8.759961] (aws_robomaker_test_framework) StdoutLine: {'line': b'-- Found PythonInterp: /usr/bin/python2 (found suitable version "2.7.17", minimum required is "2") \n'}
[8.760251] (aws_robomaker_test_framework) StdoutLine: {'line': b'-- Using PYTHON_EXECUTABLE: /usr/bin/python2\n'}
[8.760393] (aws_robomaker_test_framework) StdoutLine: {'line': b'-- Using Debian Python package layout\n'}
[8.760711] (aws_robomaker_test_framework) StdoutLine: {'line': b'-- Using empy: /usr/bin/empy\n'}
[8.831571] (-) TimerEvent: {}
[8.907076] (aws_robomaker_test_framework) StdoutLine: {'line': b'-- Using CATKIN_ENABLE_TESTING: ON\n'}
[8.907351] (aws_robomaker_test_framework) StdoutLine: {'line': b'-- Call enable_testing()\n'}
[8.909269] (aws_robomaker_test_framework) StdoutLine: {'line': b'-- Using CATKIN_TEST_RESULTS_DIR: /home/ubuntu/environment/aws-robomaker-testcase-framework/simulation_ws/build/aws_robomaker_test_framework/test_results\n'}
[8.926785] (aws_robomaker_test_framework) StdoutLine: {'line': b"-- Found gtest sources under '/usr/src/googletest': gtests will be built\n"}
[8.927030] (aws_robomaker_test_framework) StdoutLine: {'line': b"-- Found gmock sources under '/usr/src/googletest': gmock will be built\n"}
[8.931654] (-) TimerEvent: {}
[8.940634] (aws_robomaker_test_framework) StdoutLine: {'line': b'-- Found PythonInterp: /usr/bin/python2 (found version "2.7.17") \n'}
[8.941889] (aws_robomaker_test_framework) StdoutLine: {'line': b'-- Looking for pthread.h\n'}
[9.012065] (aws_robomaker_test_framework) StdoutLine: {'line': b'-- Looking for pthread.h - found\n'}
[9.012610] (aws_robomaker_test_framework) StdoutLine: {'line': b'-- Looking for pthread_create\n'}
[9.031771] (-) TimerEvent: {}
[9.082006] (aws_robomaker_test_framework) StdoutLine: {'line': b'-- Looking for pthread_create - not found\n'}
[9.082402] (aws_robomaker_test_framework) StdoutLine: {'line': b'-- Looking for pthread_create in pthreads\n'}
[9.131898] (-) TimerEvent: {}
[9.138594] (aws_robomaker_test_framework) StdoutLine: {'line': b'-- Looking for pthread_create in pthreads - not found\n'}
[9.138777] (aws_robomaker_test_framework) StdoutLine: {'line': b'-- Looking for pthread_create in pthread\n'}
[9.204388] (aws_robomaker_test_framework) StdoutLine: {'line': b'-- Looking for pthread_create in pthread - found\n'}
[9.205724] (aws_robomaker_test_framework) StdoutLine: {'line': b'-- Found Threads: TRUE  \n'}
[9.210190] (aws_robomaker_test_framework) StdoutLine: {'line': b'-- Using Python nosetests: /usr/bin/nosetests-2.7\n'}
[9.231995] (-) TimerEvent: {}
[9.251158] (aws_robomaker_test_framework) StdoutLine: {'line': b'-- catkin 0.7.26\n'}
[9.251359] (aws_robomaker_test_framework) StdoutLine: {'line': b'-- BUILD_SHARED_LIBS is on\n'}
[9.332134] (-) TimerEvent: {}
[9.432720] (-) TimerEvent: {}
[9.533119] (-) TimerEvent: {}
[9.634157] (-) TimerEvent: {}
[9.734648] (-) TimerEvent: {}
[9.835032] (-) TimerEvent: {}
[9.865218] (aws_robomaker_test_framework) StderrLine: {'line': b'CMake Error at /opt/ros/melodic/share/catkin/cmake/catkin_install_python.cmake:62 (message):\n'}
[9.865505] (aws_robomaker_test_framework) StderrLine: {'line': b'  catkin_install_python() called with non-existing file\n'}
[9.865629] (aws_robomaker_test_framework) StderrLine: {'line': b"  '/home/ubuntu/environment/aws-robomaker-testcase-framework/simulation_ws/src/aws_robomaker_test_framework/nodes/RoboMakerTestFramework.py'.\n"}
[9.865744] (aws_robomaker_test_framework) StderrLine: {'line': b'Call Stack (most recent call first):\n'}
[9.865852] (aws_robomaker_test_framework) StderrLine: {'line': b'  CMakeLists.txt:46 (catkin_install_python)\n'}
[9.865960] (aws_robomaker_test_framework) StderrLine: {'line': b'\n'}
[9.866068] (aws_robomaker_test_framework) StderrLine: {'line': b'\n'}
[9.867086] (aws_robomaker_test_framework) StdoutLine: {'line': b'-- Configuring incomplete, errors occurred!\n'}
[9.867268] (aws_robomaker_test_framework) StdoutLine: {'line': b'See also "/home/ubuntu/environment/aws-robomaker-testcase-framework/simulation_ws/build/aws_robomaker_test_framework/CMakeFiles/CMakeOutput.log".\n'}
[9.867390] (aws_robomaker_test_framework) StdoutLine: {'line': b'See also "/home/ubuntu/environment/aws-robomaker-testcase-framework/simulation_ws/build/aws_robomaker_test_framework/CMakeFiles/CMakeError.log".\n'}
[9.871552] (aws_robomaker_test_framework) CommandEnded: {'returncode': 1}
[9.921689] (aws_robomaker_test_framework) JobEnded: {'identifier': 'aws_robomaker_test_framework', 'rc': 1}
[9.932962] (-) EventReactorShutdown: {}
