[0.561s] DEBUG:colcon:Command line arguments: ['/usr/local/bin/colcon', 'build']
[0.561s] DEBUG:colcon:Parsed command line arguments: Namespace(ament_cmake_args=None, base_paths=['.'], build_base='build', catkin_cmake_args=None, catkin_skip_building_tests=False, cmake_args=None, cmake_clean_cache=False, cmake_clean_first=False, cmake_force_configure=False, cmake_target=None, cmake_target_skip_unavailable=False, continue_on_error=False, event_handlers=None, executor='parallel', ignore_user_meta=False, install_base='install', log_base=None, log_level=None, main=<bound method BuildVerb.main of <colcon_core.verb.build.BuildVerb object at 0x7fedf2fb7f98>>, merge_install=False, metas=['./colcon.meta'], packages_above=None, packages_above_and_dependencies=None, packages_above_depth=None, packages_end=None, packages_ignore=None, packages_ignore_regex=None, packages_select=None, packages_select_build_failed=False, packages_select_by_dep=None, packages_select_regex=None, packages_select_test_failures=False, packages_skip=None, packages_skip_build_finished=False, packages_skip_by_dep=None, packages_skip_regex=None, packages_skip_test_passed=False, packages_skip_up_to=None, packages_start=None, packages_up_to=None, packages_up_to_regex=None, parallel_workers=2, paths=None, symlink_install=False, test_result_base=None, verb_extension=<colcon_core.verb.build.BuildVerb object at 0x7fedf2fb7f98>, verb_name='build', verb_parser=<colcon_defaults.argument_parser.defaults.DefaultArgumentsDecorator object at 0x7fedf451d4e0>)
[0.592s] Level 1:colcon.colcon_core.package_discovery:discover_packages(colcon_meta) check parameters
[0.592s] Level 1:colcon.colcon_core.package_discovery:discover_packages(recursive) check parameters
[0.592s] Level 1:colcon.colcon_core.package_discovery:discover_packages(ignore) check parameters
[0.593s] Level 1:colcon.colcon_core.package_discovery:discover_packages(path) check parameters
[0.593s] Level 1:colcon.colcon_core.package_discovery:discover_packages(colcon_meta) discover
[0.593s] Level 1:colcon.colcon_core.package_discovery:discover_packages(recursive) discover
[0.593s] INFO:colcon.colcon_core.package_discovery:Crawling recursively for packages in '/home/ubuntu/environment/aws-robomaker-testcase-framework/simulation_ws'
[0.593s] Level 1:colcon.colcon_core.package_identification:_identify(.) by extensions ['ignore', 'ignore_ament_install']
[0.593s] Level 1:colcon.colcon_core.package_identification:_identify(.) by extension 'ignore'
[0.593s] Level 1:colcon.colcon_core.package_identification:_identify(.) by extension 'ignore_ament_install'
[0.593s] Level 1:colcon.colcon_core.package_identification:_identify(.) by extensions ['colcon_pkg']
[0.593s] Level 1:colcon.colcon_core.package_identification:_identify(.) by extension 'colcon_pkg'
[0.593s] Level 1:colcon.colcon_core.package_identification:_identify(.) by extensions ['colcon_meta']
[0.593s] Level 1:colcon.colcon_core.package_identification:_identify(.) by extension 'colcon_meta'
[0.593s] Level 1:colcon.colcon_core.package_identification:_identify(.) by extensions ['ros']
[0.593s] Level 1:colcon.colcon_core.package_identification:_identify(.) by extension 'ros'
[0.606s] Level 1:colcon.colcon_core.package_identification:_identify(.) by extensions ['cmake', 'python']
[0.606s] Level 1:colcon.colcon_core.package_identification:_identify(.) by extension 'cmake'
[0.606s] Level 1:colcon.colcon_core.package_identification:_identify(.) by extension 'python'
[0.606s] Level 1:colcon.colcon_core.package_identification:_identify(.) by extensions ['python_setup_py']
[0.606s] Level 1:colcon.colcon_core.package_identification:_identify(.) by extension 'python_setup_py'
[0.606s] Level 1:colcon.colcon_core.package_identification:_identify(build) by extensions ['ignore', 'ignore_ament_install']
[0.606s] Level 1:colcon.colcon_core.package_identification:_identify(build) by extension 'ignore'
[0.606s] Level 1:colcon.colcon_core.package_identification:_identify(build) ignored
[0.607s] Level 1:colcon.colcon_core.package_identification:_identify(install) by extensions ['ignore', 'ignore_ament_install']
[0.607s] Level 1:colcon.colcon_core.package_identification:_identify(install) by extension 'ignore'
[0.607s] Level 1:colcon.colcon_core.package_identification:_identify(install) ignored
[0.607s] Level 1:colcon.colcon_core.package_identification:_identify(log) by extensions ['ignore', 'ignore_ament_install']
[0.607s] Level 1:colcon.colcon_core.package_identification:_identify(log) by extension 'ignore'
[0.607s] Level 1:colcon.colcon_core.package_identification:_identify(log) ignored
[0.607s] Level 1:colcon.colcon_core.package_identification:_identify(src) by extensions ['ignore', 'ignore_ament_install']
[0.607s] Level 1:colcon.colcon_core.package_identification:_identify(src) by extension 'ignore'
[0.607s] Level 1:colcon.colcon_core.package_identification:_identify(src) by extension 'ignore_ament_install'
[0.607s] Level 1:colcon.colcon_core.package_identification:_identify(src) by extensions ['colcon_pkg']
[0.607s] Level 1:colcon.colcon_core.package_identification:_identify(src) by extension 'colcon_pkg'
[0.607s] Level 1:colcon.colcon_core.package_identification:_identify(src) by extensions ['colcon_meta']
[0.607s] Level 1:colcon.colcon_core.package_identification:_identify(src) by extension 'colcon_meta'
[0.607s] Level 1:colcon.colcon_core.package_identification:_identify(src) by extensions ['ros']
[0.607s] Level 1:colcon.colcon_core.package_identification:_identify(src) by extension 'ros'
[0.608s] Level 1:colcon.colcon_core.package_identification:_identify(src) by extensions ['cmake', 'python']
[0.608s] Level 1:colcon.colcon_core.package_identification:_identify(src) by extension 'cmake'
[0.608s] Level 1:colcon.colcon_core.package_identification:_identify(src) by extension 'python'
[0.608s] Level 1:colcon.colcon_core.package_identification:_identify(src) by extensions ['python_setup_py']
[0.608s] Level 1:colcon.colcon_core.package_identification:_identify(src) by extension 'python_setup_py'
[0.608s] Level 1:colcon.colcon_core.package_identification:_identify(src/aws-robomaker-simulation-ros-pkgs) by extensions ['ignore', 'ignore_ament_install']
[0.608s] Level 1:colcon.colcon_core.package_identification:_identify(src/aws-robomaker-simulation-ros-pkgs) by extension 'ignore'
[0.608s] Level 1:colcon.colcon_core.package_identification:_identify(src/aws-robomaker-simulation-ros-pkgs) by extension 'ignore_ament_install'
[0.608s] Level 1:colcon.colcon_core.package_identification:_identify(src/aws-robomaker-simulation-ros-pkgs) by extensions ['colcon_pkg']
[0.608s] Level 1:colcon.colcon_core.package_identification:_identify(src/aws-robomaker-simulation-ros-pkgs) by extension 'colcon_pkg'
[0.608s] Level 1:colcon.colcon_core.package_identification:_identify(src/aws-robomaker-simulation-ros-pkgs) by extensions ['colcon_meta']
[0.608s] Level 1:colcon.colcon_core.package_identification:_identify(src/aws-robomaker-simulation-ros-pkgs) by extension 'colcon_meta'
[0.608s] Level 1:colcon.colcon_core.package_identification:_identify(src/aws-robomaker-simulation-ros-pkgs) by extensions ['ros']
[0.608s] Level 1:colcon.colcon_core.package_identification:_identify(src/aws-robomaker-simulation-ros-pkgs) by extension 'ros'
[0.608s] Level 1:colcon.colcon_core.package_identification:_identify(src/aws-robomaker-simulation-ros-pkgs) by extensions ['cmake', 'python']
[0.608s] Level 1:colcon.colcon_core.package_identification:_identify(src/aws-robomaker-simulation-ros-pkgs) by extension 'cmake'
[0.608s] Level 1:colcon.colcon_core.package_identification:_identify(src/aws-robomaker-simulation-ros-pkgs) by extension 'python'
[0.608s] Level 1:colcon.colcon_core.package_identification:_identify(src/aws-robomaker-simulation-ros-pkgs) by extensions ['python_setup_py']
[0.608s] Level 1:colcon.colcon_core.package_identification:_identify(src/aws-robomaker-simulation-ros-pkgs) by extension 'python_setup_py'
[0.609s] Level 1:colcon.colcon_core.package_identification:_identify(src/aws-robomaker-simulation-ros-pkgs/aws_robomaker_simulation_ros_pkgs) by extensions ['ignore', 'ignore_ament_install']
[0.609s] Level 1:colcon.colcon_core.package_identification:_identify(src/aws-robomaker-simulation-ros-pkgs/aws_robomaker_simulation_ros_pkgs) by extension 'ignore'
[0.609s] Level 1:colcon.colcon_core.package_identification:_identify(src/aws-robomaker-simulation-ros-pkgs/aws_robomaker_simulation_ros_pkgs) by extension 'ignore_ament_install'
[0.609s] Level 1:colcon.colcon_core.package_identification:_identify(src/aws-robomaker-simulation-ros-pkgs/aws_robomaker_simulation_ros_pkgs) by extensions ['colcon_pkg']
[0.609s] Level 1:colcon.colcon_core.package_identification:_identify(src/aws-robomaker-simulation-ros-pkgs/aws_robomaker_simulation_ros_pkgs) by extension 'colcon_pkg'
[0.609s] Level 1:colcon.colcon_core.package_identification:_identify(src/aws-robomaker-simulation-ros-pkgs/aws_robomaker_simulation_ros_pkgs) by extensions ['colcon_meta']
[0.609s] Level 1:colcon.colcon_core.package_identification:_identify(src/aws-robomaker-simulation-ros-pkgs/aws_robomaker_simulation_ros_pkgs) by extension 'colcon_meta'
[0.609s] Level 1:colcon.colcon_core.package_identification:_identify(src/aws-robomaker-simulation-ros-pkgs/aws_robomaker_simulation_ros_pkgs) by extensions ['ros']
[0.609s] Level 1:colcon.colcon_core.package_identification:_identify(src/aws-robomaker-simulation-ros-pkgs/aws_robomaker_simulation_ros_pkgs) by extension 'ros'
[0.611s] DEBUG:colcon.colcon_core.package_identification:Package 'src/aws-robomaker-simulation-ros-pkgs/aws_robomaker_simulation_ros_pkgs' with type 'ros.catkin' and name 'aws_robomaker_simulation_ros_pkgs'
[0.611s] Level 1:colcon.colcon_core.package_identification:_identify(src/aws-robomaker-simulation-ros-pkgs/robomaker_simulation_msgs) by extensions ['ignore', 'ignore_ament_install']
[0.611s] Level 1:colcon.colcon_core.package_identification:_identify(src/aws-robomaker-simulation-ros-pkgs/robomaker_simulation_msgs) by extension 'ignore'
[0.611s] Level 1:colcon.colcon_core.package_identification:_identify(src/aws-robomaker-simulation-ros-pkgs/robomaker_simulation_msgs) by extension 'ignore_ament_install'
[0.611s] Level 1:colcon.colcon_core.package_identification:_identify(src/aws-robomaker-simulation-ros-pkgs/robomaker_simulation_msgs) by extensions ['colcon_pkg']
[0.612s] Level 1:colcon.colcon_core.package_identification:_identify(src/aws-robomaker-simulation-ros-pkgs/robomaker_simulation_msgs) by extension 'colcon_pkg'
[0.612s] Level 1:colcon.colcon_core.package_identification:_identify(src/aws-robomaker-simulation-ros-pkgs/robomaker_simulation_msgs) by extensions ['colcon_meta']
[0.612s] Level 1:colcon.colcon_core.package_identification:_identify(src/aws-robomaker-simulation-ros-pkgs/robomaker_simulation_msgs) by extension 'colcon_meta'
[0.612s] Level 1:colcon.colcon_core.package_identification:_identify(src/aws-robomaker-simulation-ros-pkgs/robomaker_simulation_msgs) by extensions ['ros']
[0.612s] Level 1:colcon.colcon_core.package_identification:_identify(src/aws-robomaker-simulation-ros-pkgs/robomaker_simulation_msgs) by extension 'ros'
[0.612s] DEBUG:colcon.colcon_core.package_identification:Package 'src/aws-robomaker-simulation-ros-pkgs/robomaker_simulation_msgs' with type 'ros.catkin' and name 'robomaker_simulation_msgs'
[0.612s] Level 1:colcon.colcon_core.package_identification:_identify(src/aws_robomaker_test_framework) by extensions ['ignore', 'ignore_ament_install']
[0.612s] Level 1:colcon.colcon_core.package_identification:_identify(src/aws_robomaker_test_framework) by extension 'ignore'
[0.612s] Level 1:colcon.colcon_core.package_identification:_identify(src/aws_robomaker_test_framework) by extension 'ignore_ament_install'
[0.612s] Level 1:colcon.colcon_core.package_identification:_identify(src/aws_robomaker_test_framework) by extensions ['colcon_pkg']
[0.612s] Level 1:colcon.colcon_core.package_identification:_identify(src/aws_robomaker_test_framework) by extension 'colcon_pkg'
[0.613s] Level 1:colcon.colcon_core.package_identification:_identify(src/aws_robomaker_test_framework) by extensions ['colcon_meta']
[0.613s] Level 1:colcon.colcon_core.package_identification:_identify(src/aws_robomaker_test_framework) by extension 'colcon_meta'
[0.613s] Level 1:colcon.colcon_core.package_identification:_identify(src/aws_robomaker_test_framework) by extensions ['ros']
[0.613s] Level 1:colcon.colcon_core.package_identification:_identify(src/aws_robomaker_test_framework) by extension 'ros'
[0.614s] DEBUG:colcon.colcon_core.package_identification:Package 'src/aws_robomaker_test_framework' with type 'ros.catkin' and name 'aws_robomaker_test_framework'
[0.614s] Level 1:colcon.colcon_core.package_discovery:discover_packages(recursive) using defaults
[0.614s] Level 1:colcon.colcon_core.package_discovery:discover_packages(ignore) discover
[0.614s] Level 1:colcon.colcon_core.package_discovery:discover_packages(ignore) using defaults
[0.614s] Level 1:colcon.colcon_core.package_discovery:discover_packages(path) discover
[0.614s] Level 1:colcon.colcon_core.package_discovery:discover_packages(path) using defaults
[0.641s] Level 5:colcon.colcon_core.verb:set package 'robomaker_simulation_msgs' build argument 'cmake_args' from command line to 'None'
[0.641s] Level 5:colcon.colcon_core.verb:set package 'robomaker_simulation_msgs' build argument 'cmake_target' from command line to 'None'
[0.641s] Level 5:colcon.colcon_core.verb:set package 'robomaker_simulation_msgs' build argument 'cmake_target_skip_unavailable' from command line to 'False'
[0.641s] Level 5:colcon.colcon_core.verb:set package 'robomaker_simulation_msgs' build argument 'cmake_clean_cache' from command line to 'False'
[0.641s] Level 5:colcon.colcon_core.verb:set package 'robomaker_simulation_msgs' build argument 'cmake_clean_first' from command line to 'False'
[0.641s] Level 5:colcon.colcon_core.verb:set package 'robomaker_simulation_msgs' build argument 'cmake_force_configure' from command line to 'False'
[0.641s] Level 5:colcon.colcon_core.verb:set package 'robomaker_simulation_msgs' build argument 'ament_cmake_args' from command line to 'None'
[0.641s] Level 5:colcon.colcon_core.verb:set package 'robomaker_simulation_msgs' build argument 'catkin_cmake_args' from command line to 'None'
[0.641s] Level 5:colcon.colcon_core.verb:set package 'robomaker_simulation_msgs' build argument 'catkin_skip_building_tests' from command line to 'False'
[0.641s] DEBUG:colcon.colcon_core.verb:Building package 'robomaker_simulation_msgs' with the following arguments: {'ament_cmake_args': None, 'build_base': '/home/ubuntu/environment/aws-robomaker-testcase-framework/simulation_ws/build/robomaker_simulation_msgs', 'catkin_cmake_args': None, 'catkin_skip_building_tests': False, 'cmake_args': None, 'cmake_clean_cache': False, 'cmake_clean_first': False, 'cmake_force_configure': False, 'cmake_target': None, 'cmake_target_skip_unavailable': False, 'install_base': '/home/ubuntu/environment/aws-robomaker-testcase-framework/simulation_ws/install/robomaker_simulation_msgs', 'merge_install': False, 'path': '/home/ubuntu/environment/aws-robomaker-testcase-framework/simulation_ws/src/aws-robomaker-simulation-ros-pkgs/robomaker_simulation_msgs', 'symlink_install': False, 'test_result_base': None}
[0.651s] Level 5:colcon.colcon_core.verb:set package 'aws_robomaker_simulation_ros_pkgs' build argument 'cmake_args' from command line to 'None'
[0.651s] Level 5:colcon.colcon_core.verb:set package 'aws_robomaker_simulation_ros_pkgs' build argument 'cmake_target' from command line to 'None'
[0.651s] Level 5:colcon.colcon_core.verb:set package 'aws_robomaker_simulation_ros_pkgs' build argument 'cmake_target_skip_unavailable' from command line to 'False'
[0.651s] Level 5:colcon.colcon_core.verb:set package 'aws_robomaker_simulation_ros_pkgs' build argument 'cmake_clean_cache' from command line to 'False'
[0.651s] Level 5:colcon.colcon_core.verb:set package 'aws_robomaker_simulation_ros_pkgs' build argument 'cmake_clean_first' from command line to 'False'
[0.651s] Level 5:colcon.colcon_core.verb:set package 'aws_robomaker_simulation_ros_pkgs' build argument 'cmake_force_configure' from command line to 'False'
[0.651s] Level 5:colcon.colcon_core.verb:set package 'aws_robomaker_simulation_ros_pkgs' build argument 'ament_cmake_args' from command line to 'None'
[0.651s] Level 5:colcon.colcon_core.verb:set package 'aws_robomaker_simulation_ros_pkgs' build argument 'catkin_cmake_args' from command line to 'None'
[0.651s] Level 5:colcon.colcon_core.verb:set package 'aws_robomaker_simulation_ros_pkgs' build argument 'catkin_skip_building_tests' from command line to 'False'
[0.651s] DEBUG:colcon.colcon_core.verb:Building package 'aws_robomaker_simulation_ros_pkgs' with the following arguments: {'ament_cmake_args': None, 'build_base': '/home/ubuntu/environment/aws-robomaker-testcase-framework/simulation_ws/build/aws_robomaker_simulation_ros_pkgs', 'catkin_cmake_args': None, 'catkin_skip_building_tests': False, 'cmake_args': None, 'cmake_clean_cache': False, 'cmake_clean_first': False, 'cmake_force_configure': False, 'cmake_target': None, 'cmake_target_skip_unavailable': False, 'install_base': '/home/ubuntu/environment/aws-robomaker-testcase-framework/simulation_ws/install/aws_robomaker_simulation_ros_pkgs', 'merge_install': False, 'path': '/home/ubuntu/environment/aws-robomaker-testcase-framework/simulation_ws/src/aws-robomaker-simulation-ros-pkgs/aws_robomaker_simulation_ros_pkgs', 'symlink_install': False, 'test_result_base': None}
[0.661s] Level 5:colcon.colcon_core.verb:set package 'aws_robomaker_test_framework' build argument 'cmake_args' from command line to 'None'
[0.661s] Level 5:colcon.colcon_core.verb:set package 'aws_robomaker_test_framework' build argument 'cmake_target' from command line to 'None'
[0.661s] Level 5:colcon.colcon_core.verb:set package 'aws_robomaker_test_framework' build argument 'cmake_target_skip_unavailable' from command line to 'False'
[0.661s] Level 5:colcon.colcon_core.verb:set package 'aws_robomaker_test_framework' build argument 'cmake_clean_cache' from command line to 'False'
[0.661s] Level 5:colcon.colcon_core.verb:set package 'aws_robomaker_test_framework' build argument 'cmake_clean_first' from command line to 'False'
[0.661s] Level 5:colcon.colcon_core.verb:set package 'aws_robomaker_test_framework' build argument 'cmake_force_configure' from command line to 'False'
[0.661s] Level 5:colcon.colcon_core.verb:set package 'aws_robomaker_test_framework' build argument 'ament_cmake_args' from command line to 'None'
[0.661s] Level 5:colcon.colcon_core.verb:set package 'aws_robomaker_test_framework' build argument 'catkin_cmake_args' from command line to 'None'
[0.661s] Level 5:colcon.colcon_core.verb:set package 'aws_robomaker_test_framework' build argument 'catkin_skip_building_tests' from command line to 'False'
[0.661s] DEBUG:colcon.colcon_core.verb:Building package 'aws_robomaker_test_framework' with the following arguments: {'ament_cmake_args': None, 'build_base': '/home/ubuntu/environment/aws-robomaker-testcase-framework/simulation_ws/build/aws_robomaker_test_framework', 'catkin_cmake_args': None, 'catkin_skip_building_tests': False, 'cmake_args': None, 'cmake_clean_cache': False, 'cmake_clean_first': False, 'cmake_force_configure': False, 'cmake_target': None, 'cmake_target_skip_unavailable': False, 'install_base': '/home/ubuntu/environment/aws-robomaker-testcase-framework/simulation_ws/install/aws_robomaker_test_framework', 'merge_install': False, 'path': '/home/ubuntu/environment/aws-robomaker-testcase-framework/simulation_ws/src/aws_robomaker_test_framework', 'symlink_install': False, 'test_result_base': None}
[0.664s] INFO:colcon.colcon_core.executor:Executing jobs using 'parallel' executor
[0.680s] DEBUG:colcon.colcon_parallel_executor.executor.parallel:run_until_complete
[0.681s] INFO:colcon.colcon_ros.task.catkin.build:Building ROS package in '/home/ubuntu/environment/aws-robomaker-testcase-framework/simulation_ws/src/aws-robomaker-simulation-ros-pkgs/robomaker_simulation_msgs' with build type 'catkin'
[0.681s] INFO:colcon.colcon_cmake.task.cmake.build:Building CMake package in '/home/ubuntu/environment/aws-robomaker-testcase-framework/simulation_ws/src/aws-robomaker-simulation-ros-pkgs/robomaker_simulation_msgs'
[0.692s] INFO:colcon.colcon_core.plugin_system:Skipping extension 'colcon_core.shell.bat': Not used on non-Windows systems
[0.692s] INFO:colcon.colcon_core.shell:Skip shell extension 'powershell' for command environment: Not usable outside of PowerShell
[0.692s] DEBUG:colcon.colcon_core.shell:Skip shell extension 'dsv' for command environment
[0.698s] DEBUG:colcon.colcon_core.shell:Ignoring prefix path '/opt/ros/melodic'
[0.705s] DEBUG:colcon.colcon_core.event_handler.log_command:Invoking command in '/home/ubuntu/environment/aws-robomaker-testcase-framework/simulation_ws/build/robomaker_simulation_msgs': /usr/bin/cmake /home/ubuntu/environment/aws-robomaker-testcase-framework/simulation_ws/src/aws-robomaker-simulation-ros-pkgs/robomaker_simulation_msgs -DCATKIN_INSTALL_INTO_PREFIX_ROOT=0 -DCMAKE_INSTALL_PREFIX=/home/ubuntu/environment/aws-robomaker-testcase-framework/simulation_ws/install/robomaker_simulation_msgs
[2.657s] DEBUG:colcon.colcon_core.event_handler.log_command:Invoked command in '/home/ubuntu/environment/aws-robomaker-testcase-framework/simulation_ws/build/robomaker_simulation_msgs' returned '0': /usr/bin/cmake /home/ubuntu/environment/aws-robomaker-testcase-framework/simulation_ws/src/aws-robomaker-simulation-ros-pkgs/robomaker_simulation_msgs -DCATKIN_INSTALL_INTO_PREFIX_ROOT=0 -DCMAKE_INSTALL_PREFIX=/home/ubuntu/environment/aws-robomaker-testcase-framework/simulation_ws/install/robomaker_simulation_msgs
[2.660s] DEBUG:colcon.colcon_core.event_handler.log_command:Invoking command in '/home/ubuntu/environment/aws-robomaker-testcase-framework/simulation_ws/build/robomaker_simulation_msgs': /usr/bin/cmake --build /home/ubuntu/environment/aws-robomaker-testcase-framework/simulation_ws/build/robomaker_simulation_msgs -- -j2 -l2
[5.756s] DEBUG:colcon.colcon_core.event_handler.log_command:Invoked command in '/home/ubuntu/environment/aws-robomaker-testcase-framework/simulation_ws/build/robomaker_simulation_msgs' returned '0': /usr/bin/cmake --build /home/ubuntu/environment/aws-robomaker-testcase-framework/simulation_ws/build/robomaker_simulation_msgs -- -j2 -l2
[5.796s] DEBUG:colcon.colcon_core.event_handler.log_command:Invoking command in '/home/ubuntu/environment/aws-robomaker-testcase-framework/simulation_ws/build/robomaker_simulation_msgs': /usr/bin/cmake --build /home/ubuntu/environment/aws-robomaker-testcase-framework/simulation_ws/build/robomaker_simulation_msgs --target tests -- -j2 -l2
[5.869s] DEBUG:colcon.colcon_core.event_handler.log_command:Invoked command in '/home/ubuntu/environment/aws-robomaker-testcase-framework/simulation_ws/build/robomaker_simulation_msgs' returned '0': /usr/bin/cmake --build /home/ubuntu/environment/aws-robomaker-testcase-framework/simulation_ws/build/robomaker_simulation_msgs --target tests -- -j2 -l2
[5.919s] DEBUG:colcon.colcon_core.event_handler.log_command:Invoking command in '/home/ubuntu/environment/aws-robomaker-testcase-framework/simulation_ws/build/robomaker_simulation_msgs': /usr/bin/cmake --build /home/ubuntu/environment/aws-robomaker-testcase-framework/simulation_ws/build/robomaker_simulation_msgs --target install -- -j2 -l2
[6.382s] Level 1:colcon.colcon_core.shell:create_environment_hook('robomaker_simulation_msgs', 'ros_package_path')
[6.390s] INFO:colcon.colcon_core.shell:Creating environment hook '/home/ubuntu/environment/aws-robomaker-testcase-framework/simulation_ws/install/robomaker_simulation_msgs/share/robomaker_simulation_msgs/hook/ros_package_path.ps1'
[6.391s] DEBUG:colcon.colcon_core.event_handler.log_command:Invoked command in '/home/ubuntu/environment/aws-robomaker-testcase-framework/simulation_ws/build/robomaker_simulation_msgs' returned '0': /usr/bin/cmake --build /home/ubuntu/environment/aws-robomaker-testcase-framework/simulation_ws/build/robomaker_simulation_msgs --target install -- -j2 -l2
[6.391s] INFO:colcon.colcon_core.shell:Creating environment descriptor '/home/ubuntu/environment/aws-robomaker-testcase-framework/simulation_ws/install/robomaker_simulation_msgs/share/robomaker_simulation_msgs/hook/ros_package_path.dsv'
[6.392s] INFO:colcon.colcon_core.shell:Creating environment hook '/home/ubuntu/environment/aws-robomaker-testcase-framework/simulation_ws/install/robomaker_simulation_msgs/share/robomaker_simulation_msgs/hook/ros_package_path.sh'
[6.393s] Level 1:colcon.colcon_ros.task.catkin:checking '/home/ubuntu/environment/aws-robomaker-testcase-framework/simulation_ws/install/robomaker_simulation_msgs/lib/python2.7/dist-packages'
[6.393s] Level 1:colcon.colcon_core.shell:create_environment_hook('robomaker_simulation_msgs', 'catkin_pythonpath')
[6.399s] INFO:colcon.colcon_core.shell:Creating environment hook '/home/ubuntu/environment/aws-robomaker-testcase-framework/simulation_ws/install/robomaker_simulation_msgs/share/robomaker_simulation_msgs/hook/catkin_pythonpath.ps1'
[6.400s] INFO:colcon.colcon_core.shell:Creating environment descriptor '/home/ubuntu/environment/aws-robomaker-testcase-framework/simulation_ws/install/robomaker_simulation_msgs/share/robomaker_simulation_msgs/hook/catkin_pythonpath.dsv'
[6.401s] INFO:colcon.colcon_core.shell:Creating environment hook '/home/ubuntu/environment/aws-robomaker-testcase-framework/simulation_ws/install/robomaker_simulation_msgs/share/robomaker_simulation_msgs/hook/catkin_pythonpath.sh'
[6.401s] Level 1:colcon.colcon_core.shell:create_environment_hook('robomaker_simulation_msgs', 'pkg_config_path')
[6.408s] INFO:colcon.colcon_core.shell:Creating environment hook '/home/ubuntu/environment/aws-robomaker-testcase-framework/simulation_ws/install/robomaker_simulation_msgs/share/robomaker_simulation_msgs/hook/pkg_config_path.ps1'
[6.408s] INFO:colcon.colcon_core.shell:Creating environment descriptor '/home/ubuntu/environment/aws-robomaker-testcase-framework/simulation_ws/install/robomaker_simulation_msgs/share/robomaker_simulation_msgs/hook/pkg_config_path.dsv'
[6.408s] INFO:colcon.colcon_core.shell:Creating environment hook '/home/ubuntu/environment/aws-robomaker-testcase-framework/simulation_ws/install/robomaker_simulation_msgs/share/robomaker_simulation_msgs/hook/pkg_config_path.sh'
[6.411s] Level 1:colcon.colcon_core.shell:create_environment_hook('robomaker_simulation_msgs', 'pkg_config_path_multiarch')
[6.419s] INFO:colcon.colcon_core.shell:Creating environment hook '/home/ubuntu/environment/aws-robomaker-testcase-framework/simulation_ws/install/robomaker_simulation_msgs/share/robomaker_simulation_msgs/hook/pkg_config_path_multiarch.ps1'
[6.419s] INFO:colcon.colcon_core.shell:Creating environment descriptor '/home/ubuntu/environment/aws-robomaker-testcase-framework/simulation_ws/install/robomaker_simulation_msgs/share/robomaker_simulation_msgs/hook/pkg_config_path_multiarch.dsv'
[6.420s] INFO:colcon.colcon_core.shell:Creating environment hook '/home/ubuntu/environment/aws-robomaker-testcase-framework/simulation_ws/install/robomaker_simulation_msgs/share/robomaker_simulation_msgs/hook/pkg_config_path_multiarch.sh'
[6.427s] Level 1:colcon.colcon_core.environment:create_environment_scripts_only(robomaker_simulation_msgs)
[6.437s] Level 1:colcon.colcon_core.environment:checking '/home/ubuntu/environment/aws-robomaker-testcase-framework/simulation_ws/install/robomaker_simulation_msgs' for CMake module files
[6.438s] Level 1:colcon.colcon_core.environment:checking '/home/ubuntu/environment/aws-robomaker-testcase-framework/simulation_ws/install/robomaker_simulation_msgs' for CMake config files
[6.438s] Level 1:colcon.colcon_core.shell:create_environment_hook('robomaker_simulation_msgs', 'cmake_prefix_path')
[6.445s] INFO:colcon.colcon_core.shell:Creating environment hook '/home/ubuntu/environment/aws-robomaker-testcase-framework/simulation_ws/install/robomaker_simulation_msgs/share/robomaker_simulation_msgs/hook/cmake_prefix_path.ps1'
[6.445s] INFO:colcon.colcon_core.shell:Creating environment descriptor '/home/ubuntu/environment/aws-robomaker-testcase-framework/simulation_ws/install/robomaker_simulation_msgs/share/robomaker_simulation_msgs/hook/cmake_prefix_path.dsv'
[6.445s] INFO:colcon.colcon_core.shell:Creating environment hook '/home/ubuntu/environment/aws-robomaker-testcase-framework/simulation_ws/install/robomaker_simulation_msgs/share/robomaker_simulation_msgs/hook/cmake_prefix_path.sh'
[6.447s] Level 1:colcon.colcon_core.environment:checking '/home/ubuntu/environment/aws-robomaker-testcase-framework/simulation_ws/install/robomaker_simulation_msgs/lib'
[6.447s] Level 1:colcon.colcon_core.environment:checking '/home/ubuntu/environment/aws-robomaker-testcase-framework/simulation_ws/install/robomaker_simulation_msgs/bin'
[6.447s] Level 1:colcon.colcon_core.environment:checking '/home/ubuntu/environment/aws-robomaker-testcase-framework/simulation_ws/install/robomaker_simulation_msgs/lib/pkgconfig/robomaker_simulation_msgs.pc'
[6.447s] Level 1:colcon.colcon_core.shell:create_environment_hook('robomaker_simulation_msgs', 'pkg_config')
[6.454s] INFO:colcon.colcon_core.shell:Creating environment hook '/home/ubuntu/environment/aws-robomaker-testcase-framework/simulation_ws/install/robomaker_simulation_msgs/share/robomaker_simulation_msgs/hook/pkg_config.ps1'
[6.454s] INFO:colcon.colcon_core.shell:Creating environment descriptor '/home/ubuntu/environment/aws-robomaker-testcase-framework/simulation_ws/install/robomaker_simulation_msgs/share/robomaker_simulation_msgs/hook/pkg_config.dsv'
[6.454s] INFO:colcon.colcon_core.shell:Creating environment hook '/home/ubuntu/environment/aws-robomaker-testcase-framework/simulation_ws/install/robomaker_simulation_msgs/share/robomaker_simulation_msgs/hook/pkg_config.sh'
[6.455s] Level 1:colcon.colcon_core.environment:checking '/home/ubuntu/environment/aws-robomaker-testcase-framework/simulation_ws/install/robomaker_simulation_msgs/lib/python3.6/site-packages'
[6.461s] INFO:colcon.colcon_core.shell:Creating package script '/home/ubuntu/environment/aws-robomaker-testcase-framework/simulation_ws/install/robomaker_simulation_msgs/share/robomaker_simulation_msgs/package.ps1'
[6.463s] INFO:colcon.colcon_core.shell:Creating package descriptor '/home/ubuntu/environment/aws-robomaker-testcase-framework/simulation_ws/install/robomaker_simulation_msgs/share/robomaker_simulation_msgs/package.dsv'
[6.463s] INFO:colcon.colcon_core.shell:Creating package script '/home/ubuntu/environment/aws-robomaker-testcase-framework/simulation_ws/install/robomaker_simulation_msgs/share/robomaker_simulation_msgs/package.sh'
[6.464s] INFO:colcon.colcon_core.shell:Creating package script '/home/ubuntu/environment/aws-robomaker-testcase-framework/simulation_ws/install/robomaker_simulation_msgs/share/robomaker_simulation_msgs/package.bash'
[6.465s] INFO:colcon.colcon_core.shell:Creating package script '/home/ubuntu/environment/aws-robomaker-testcase-framework/simulation_ws/install/robomaker_simulation_msgs/share/robomaker_simulation_msgs/package.zsh'
[6.466s] Level 1:colcon.colcon_core.environment:create_file_with_runtime_dependencies(/home/ubuntu/environment/aws-robomaker-testcase-framework/simulation_ws/install/robomaker_simulation_msgs/share/colcon-core/packages/robomaker_simulation_msgs)
[6.466s] INFO:colcon.colcon_ros.task.catkin.build:Building ROS package in '/home/ubuntu/environment/aws-robomaker-testcase-framework/simulation_ws/src/aws-robomaker-simulation-ros-pkgs/aws_robomaker_simulation_ros_pkgs' with build type 'catkin'
[6.467s] INFO:colcon.colcon_cmake.task.cmake.build:Building CMake package in '/home/ubuntu/environment/aws-robomaker-testcase-framework/simulation_ws/src/aws-robomaker-simulation-ros-pkgs/aws_robomaker_simulation_ros_pkgs'
[6.474s] INFO:colcon.colcon_core.shell:Skip shell extension 'powershell' for command environment: Not usable outside of PowerShell
[6.474s] DEBUG:colcon.colcon_core.shell:Skip shell extension 'dsv' for command environment
[6.480s] DEBUG:colcon.colcon_core.shell:Ignoring prefix path '/opt/ros/melodic'
[6.490s] DEBUG:colcon.colcon_core.event_handler.log_command:Invoking command in '/home/ubuntu/environment/aws-robomaker-testcase-framework/simulation_ws/build/aws_robomaker_simulation_ros_pkgs': CMAKE_PREFIX_PATH=/home/ubuntu/environment/aws-robomaker-testcase-framework/simulation_ws/install/robomaker_simulation_msgs:${CMAKE_PREFIX_PATH} PKG_CONFIG_PATH=/home/ubuntu/environment/aws-robomaker-testcase-framework/simulation_ws/install/robomaker_simulation_msgs/lib/x86_64-linux-gnu/pkgconfig:/home/ubuntu/environment/aws-robomaker-testcase-framework/simulation_ws/install/robomaker_simulation_msgs/lib/pkgconfig:${PKG_CONFIG_PATH} PYTHONPATH=/home/ubuntu/environment/aws-robomaker-testcase-framework/simulation_ws/install/robomaker_simulation_msgs/lib/python2.7/dist-packages:${PYTHONPATH} ROS_PACKAGE_PATH=/home/ubuntu/environment/aws-robomaker-testcase-framework/simulation_ws/install/robomaker_simulation_msgs/share:${ROS_PACKAGE_PATH} /usr/bin/cmake /home/ubuntu/environment/aws-robomaker-testcase-framework/simulation_ws/src/aws-robomaker-simulation-ros-pkgs/aws_robomaker_simulation_ros_pkgs -DCATKIN_INSTALL_INTO_PREFIX_ROOT=0 -DCMAKE_INSTALL_PREFIX=/home/ubuntu/environment/aws-robomaker-testcase-framework/simulation_ws/install/aws_robomaker_simulation_ros_pkgs
[8.135s] DEBUG:colcon.colcon_core.event_handler.log_command:Invoked command in '/home/ubuntu/environment/aws-robomaker-testcase-framework/simulation_ws/build/aws_robomaker_simulation_ros_pkgs' returned '0': CMAKE_PREFIX_PATH=/home/ubuntu/environment/aws-robomaker-testcase-framework/simulation_ws/install/robomaker_simulation_msgs:${CMAKE_PREFIX_PATH} PKG_CONFIG_PATH=/home/ubuntu/environment/aws-robomaker-testcase-framework/simulation_ws/install/robomaker_simulation_msgs/lib/x86_64-linux-gnu/pkgconfig:/home/ubuntu/environment/aws-robomaker-testcase-framework/simulation_ws/install/robomaker_simulation_msgs/lib/pkgconfig:${PKG_CONFIG_PATH} PYTHONPATH=/home/ubuntu/environment/aws-robomaker-testcase-framework/simulation_ws/install/robomaker_simulation_msgs/lib/python2.7/dist-packages:${PYTHONPATH} ROS_PACKAGE_PATH=/home/ubuntu/environment/aws-robomaker-testcase-framework/simulation_ws/install/robomaker_simulation_msgs/share:${ROS_PACKAGE_PATH} /usr/bin/cmake /home/ubuntu/environment/aws-robomaker-testcase-framework/simulation_ws/src/aws-robomaker-simulation-ros-pkgs/aws_robomaker_simulation_ros_pkgs -DCATKIN_INSTALL_INTO_PREFIX_ROOT=0 -DCMAKE_INSTALL_PREFIX=/home/ubuntu/environment/aws-robomaker-testcase-framework/simulation_ws/install/aws_robomaker_simulation_ros_pkgs
[8.138s] DEBUG:colcon.colcon_core.event_handler.log_command:Invoking command in '/home/ubuntu/environment/aws-robomaker-testcase-framework/simulation_ws/build/aws_robomaker_simulation_ros_pkgs': CMAKE_PREFIX_PATH=/home/ubuntu/environment/aws-robomaker-testcase-framework/simulation_ws/install/robomaker_simulation_msgs:${CMAKE_PREFIX_PATH} PKG_CONFIG_PATH=/home/ubuntu/environment/aws-robomaker-testcase-framework/simulation_ws/install/robomaker_simulation_msgs/lib/x86_64-linux-gnu/pkgconfig:/home/ubuntu/environment/aws-robomaker-testcase-framework/simulation_ws/install/robomaker_simulation_msgs/lib/pkgconfig:${PKG_CONFIG_PATH} PYTHONPATH=/home/ubuntu/environment/aws-robomaker-testcase-framework/simulation_ws/install/robomaker_simulation_msgs/lib/python2.7/dist-packages:${PYTHONPATH} ROS_PACKAGE_PATH=/home/ubuntu/environment/aws-robomaker-testcase-framework/simulation_ws/install/robomaker_simulation_msgs/share:${ROS_PACKAGE_PATH} /usr/bin/cmake --build /home/ubuntu/environment/aws-robomaker-testcase-framework/simulation_ws/build/aws_robomaker_simulation_ros_pkgs -- -j2 -l2
[8.178s] DEBUG:colcon.colcon_core.event_handler.log_command:Invoked command in '/home/ubuntu/environment/aws-robomaker-testcase-framework/simulation_ws/build/aws_robomaker_simulation_ros_pkgs' returned '0': CMAKE_PREFIX_PATH=/home/ubuntu/environment/aws-robomaker-testcase-framework/simulation_ws/install/robomaker_simulation_msgs:${CMAKE_PREFIX_PATH} PKG_CONFIG_PATH=/home/ubuntu/environment/aws-robomaker-testcase-framework/simulation_ws/install/robomaker_simulation_msgs/lib/x86_64-linux-gnu/pkgconfig:/home/ubuntu/environment/aws-robomaker-testcase-framework/simulation_ws/install/robomaker_simulation_msgs/lib/pkgconfig:${PKG_CONFIG_PATH} PYTHONPATH=/home/ubuntu/environment/aws-robomaker-testcase-framework/simulation_ws/install/robomaker_simulation_msgs/lib/python2.7/dist-packages:${PYTHONPATH} ROS_PACKAGE_PATH=/home/ubuntu/environment/aws-robomaker-testcase-framework/simulation_ws/install/robomaker_simulation_msgs/share:${ROS_PACKAGE_PATH} /usr/bin/cmake --build /home/ubuntu/environment/aws-robomaker-testcase-framework/simulation_ws/build/aws_robomaker_simulation_ros_pkgs -- -j2 -l2
[8.205s] DEBUG:colcon.colcon_core.event_handler.log_command:Invoking command in '/home/ubuntu/environment/aws-robomaker-testcase-framework/simulation_ws/build/aws_robomaker_simulation_ros_pkgs': CMAKE_PREFIX_PATH=/home/ubuntu/environment/aws-robomaker-testcase-framework/simulation_ws/install/robomaker_simulation_msgs:${CMAKE_PREFIX_PATH} PKG_CONFIG_PATH=/home/ubuntu/environment/aws-robomaker-testcase-framework/simulation_ws/install/robomaker_simulation_msgs/lib/x86_64-linux-gnu/pkgconfig:/home/ubuntu/environment/aws-robomaker-testcase-framework/simulation_ws/install/robomaker_simulation_msgs/lib/pkgconfig:${PKG_CONFIG_PATH} PYTHONPATH=/home/ubuntu/environment/aws-robomaker-testcase-framework/simulation_ws/install/robomaker_simulation_msgs/lib/python2.7/dist-packages:${PYTHONPATH} ROS_PACKAGE_PATH=/home/ubuntu/environment/aws-robomaker-testcase-framework/simulation_ws/install/robomaker_simulation_msgs/share:${ROS_PACKAGE_PATH} /usr/bin/cmake --build /home/ubuntu/environment/aws-robomaker-testcase-framework/simulation_ws/build/aws_robomaker_simulation_ros_pkgs --target tests -- -j2 -l2
[8.275s] DEBUG:colcon.colcon_core.event_handler.log_command:Invoked command in '/home/ubuntu/environment/aws-robomaker-testcase-framework/simulation_ws/build/aws_robomaker_simulation_ros_pkgs' returned '0': CMAKE_PREFIX_PATH=/home/ubuntu/environment/aws-robomaker-testcase-framework/simulation_ws/install/robomaker_simulation_msgs:${CMAKE_PREFIX_PATH} PKG_CONFIG_PATH=/home/ubuntu/environment/aws-robomaker-testcase-framework/simulation_ws/install/robomaker_simulation_msgs/lib/x86_64-linux-gnu/pkgconfig:/home/ubuntu/environment/aws-robomaker-testcase-framework/simulation_ws/install/robomaker_simulation_msgs/lib/pkgconfig:${PKG_CONFIG_PATH} PYTHONPATH=/home/ubuntu/environment/aws-robomaker-testcase-framework/simulation_ws/install/robomaker_simulation_msgs/lib/python2.7/dist-packages:${PYTHONPATH} ROS_PACKAGE_PATH=/home/ubuntu/environment/aws-robomaker-testcase-framework/simulation_ws/install/robomaker_simulation_msgs/share:${ROS_PACKAGE_PATH} /usr/bin/cmake --build /home/ubuntu/environment/aws-robomaker-testcase-framework/simulation_ws/build/aws_robomaker_simulation_ros_pkgs --target tests -- -j2 -l2
[8.302s] DEBUG:colcon.colcon_core.event_handler.log_command:Invoking command in '/home/ubuntu/environment/aws-robomaker-testcase-framework/simulation_ws/build/aws_robomaker_simulation_ros_pkgs': CMAKE_PREFIX_PATH=/home/ubuntu/environment/aws-robomaker-testcase-framework/simulation_ws/install/robomaker_simulation_msgs:${CMAKE_PREFIX_PATH} PKG_CONFIG_PATH=/home/ubuntu/environment/aws-robomaker-testcase-framework/simulation_ws/install/robomaker_simulation_msgs/lib/x86_64-linux-gnu/pkgconfig:/home/ubuntu/environment/aws-robomaker-testcase-framework/simulation_ws/install/robomaker_simulation_msgs/lib/pkgconfig:${PKG_CONFIG_PATH} PYTHONPATH=/home/ubuntu/environment/aws-robomaker-testcase-framework/simulation_ws/install/robomaker_simulation_msgs/lib/python2.7/dist-packages:${PYTHONPATH} ROS_PACKAGE_PATH=/home/ubuntu/environment/aws-robomaker-testcase-framework/simulation_ws/install/robomaker_simulation_msgs/share:${ROS_PACKAGE_PATH} /usr/bin/cmake --build /home/ubuntu/environment/aws-robomaker-testcase-framework/simulation_ws/build/aws_robomaker_simulation_ros_pkgs --target install -- -j2 -l2
[8.361s] Level 1:colcon.colcon_core.shell:create_environment_hook('aws_robomaker_simulation_ros_pkgs', 'ros_package_path')
[8.369s] INFO:colcon.colcon_core.shell:Creating environment hook '/home/ubuntu/environment/aws-robomaker-testcase-framework/simulation_ws/install/aws_robomaker_simulation_ros_pkgs/share/aws_robomaker_simulation_ros_pkgs/hook/ros_package_path.ps1'
[8.369s] DEBUG:colcon.colcon_core.event_handler.log_command:Invoked command in '/home/ubuntu/environment/aws-robomaker-testcase-framework/simulation_ws/build/aws_robomaker_simulation_ros_pkgs' returned '0': CMAKE_PREFIX_PATH=/home/ubuntu/environment/aws-robomaker-testcase-framework/simulation_ws/install/robomaker_simulation_msgs:${CMAKE_PREFIX_PATH} PKG_CONFIG_PATH=/home/ubuntu/environment/aws-robomaker-testcase-framework/simulation_ws/install/robomaker_simulation_msgs/lib/x86_64-linux-gnu/pkgconfig:/home/ubuntu/environment/aws-robomaker-testcase-framework/simulation_ws/install/robomaker_simulation_msgs/lib/pkgconfig:${PKG_CONFIG_PATH} PYTHONPATH=/home/ubuntu/environment/aws-robomaker-testcase-framework/simulation_ws/install/robomaker_simulation_msgs/lib/python2.7/dist-packages:${PYTHONPATH} ROS_PACKAGE_PATH=/home/ubuntu/environment/aws-robomaker-testcase-framework/simulation_ws/install/robomaker_simulation_msgs/share:${ROS_PACKAGE_PATH} /usr/bin/cmake --build /home/ubuntu/environment/aws-robomaker-testcase-framework/simulation_ws/build/aws_robomaker_simulation_ros_pkgs --target install -- -j2 -l2
[8.369s] INFO:colcon.colcon_core.shell:Creating environment descriptor '/home/ubuntu/environment/aws-robomaker-testcase-framework/simulation_ws/install/aws_robomaker_simulation_ros_pkgs/share/aws_robomaker_simulation_ros_pkgs/hook/ros_package_path.dsv'
[8.370s] INFO:colcon.colcon_core.shell:Creating environment hook '/home/ubuntu/environment/aws-robomaker-testcase-framework/simulation_ws/install/aws_robomaker_simulation_ros_pkgs/share/aws_robomaker_simulation_ros_pkgs/hook/ros_package_path.sh'
[8.370s] Level 1:colcon.colcon_ros.task.catkin:checking '/home/ubuntu/environment/aws-robomaker-testcase-framework/simulation_ws/install/aws_robomaker_simulation_ros_pkgs/lib/python2.7/dist-packages'
[8.370s] Level 1:colcon.colcon_core.shell:create_environment_hook('aws_robomaker_simulation_ros_pkgs', 'pkg_config_path')
[8.377s] INFO:colcon.colcon_core.shell:Creating environment hook '/home/ubuntu/environment/aws-robomaker-testcase-framework/simulation_ws/install/aws_robomaker_simulation_ros_pkgs/share/aws_robomaker_simulation_ros_pkgs/hook/pkg_config_path.ps1'
[8.378s] INFO:colcon.colcon_core.shell:Creating environment descriptor '/home/ubuntu/environment/aws-robomaker-testcase-framework/simulation_ws/install/aws_robomaker_simulation_ros_pkgs/share/aws_robomaker_simulation_ros_pkgs/hook/pkg_config_path.dsv'
[8.378s] INFO:colcon.colcon_core.shell:Creating environment hook '/home/ubuntu/environment/aws-robomaker-testcase-framework/simulation_ws/install/aws_robomaker_simulation_ros_pkgs/share/aws_robomaker_simulation_ros_pkgs/hook/pkg_config_path.sh'
[8.378s] Level 1:colcon.colcon_core.shell:create_environment_hook('aws_robomaker_simulation_ros_pkgs', 'pkg_config_path_multiarch')
[8.385s] INFO:colcon.colcon_core.shell:Creating environment hook '/home/ubuntu/environment/aws-robomaker-testcase-framework/simulation_ws/install/aws_robomaker_simulation_ros_pkgs/share/aws_robomaker_simulation_ros_pkgs/hook/pkg_config_path_multiarch.ps1'
[8.385s] INFO:colcon.colcon_core.shell:Creating environment descriptor '/home/ubuntu/environment/aws-robomaker-testcase-framework/simulation_ws/install/aws_robomaker_simulation_ros_pkgs/share/aws_robomaker_simulation_ros_pkgs/hook/pkg_config_path_multiarch.dsv'
[8.385s] INFO:colcon.colcon_core.shell:Creating environment hook '/home/ubuntu/environment/aws-robomaker-testcase-framework/simulation_ws/install/aws_robomaker_simulation_ros_pkgs/share/aws_robomaker_simulation_ros_pkgs/hook/pkg_config_path_multiarch.sh'
[8.392s] Level 1:colcon.colcon_core.environment:create_environment_scripts_only(aws_robomaker_simulation_ros_pkgs)
[8.399s] Level 1:colcon.colcon_core.environment:checking '/home/ubuntu/environment/aws-robomaker-testcase-framework/simulation_ws/install/aws_robomaker_simulation_ros_pkgs' for CMake module files
[8.400s] Level 1:colcon.colcon_core.environment:checking '/home/ubuntu/environment/aws-robomaker-testcase-framework/simulation_ws/install/aws_robomaker_simulation_ros_pkgs' for CMake config files
[8.401s] Level 1:colcon.colcon_core.environment:checking '/home/ubuntu/environment/aws-robomaker-testcase-framework/simulation_ws/install/aws_robomaker_simulation_ros_pkgs/bin'
[8.401s] Level 1:colcon.colcon_core.environment:checking '/home/ubuntu/environment/aws-robomaker-testcase-framework/simulation_ws/install/aws_robomaker_simulation_ros_pkgs/lib/pkgconfig/aws_robomaker_simulation_ros_pkgs.pc'
[8.401s] Level 1:colcon.colcon_core.environment:checking '/home/ubuntu/environment/aws-robomaker-testcase-framework/simulation_ws/install/aws_robomaker_simulation_ros_pkgs/lib/python3.6/site-packages'
[8.408s] INFO:colcon.colcon_core.shell:Creating package script '/home/ubuntu/environment/aws-robomaker-testcase-framework/simulation_ws/install/aws_robomaker_simulation_ros_pkgs/share/aws_robomaker_simulation_ros_pkgs/package.ps1'
[8.408s] INFO:colcon.colcon_core.shell:Creating package descriptor '/home/ubuntu/environment/aws-robomaker-testcase-framework/simulation_ws/install/aws_robomaker_simulation_ros_pkgs/share/aws_robomaker_simulation_ros_pkgs/package.dsv'
[8.409s] INFO:colcon.colcon_core.shell:Creating package script '/home/ubuntu/environment/aws-robomaker-testcase-framework/simulation_ws/install/aws_robomaker_simulation_ros_pkgs/share/aws_robomaker_simulation_ros_pkgs/package.sh'
[8.409s] INFO:colcon.colcon_core.shell:Creating package script '/home/ubuntu/environment/aws-robomaker-testcase-framework/simulation_ws/install/aws_robomaker_simulation_ros_pkgs/share/aws_robomaker_simulation_ros_pkgs/package.bash'
[8.410s] INFO:colcon.colcon_core.shell:Creating package script '/home/ubuntu/environment/aws-robomaker-testcase-framework/simulation_ws/install/aws_robomaker_simulation_ros_pkgs/share/aws_robomaker_simulation_ros_pkgs/package.zsh'
[8.410s] Level 1:colcon.colcon_core.environment:create_file_with_runtime_dependencies(/home/ubuntu/environment/aws-robomaker-testcase-framework/simulation_ws/install/aws_robomaker_simulation_ros_pkgs/share/colcon-core/packages/aws_robomaker_simulation_ros_pkgs)
[8.411s] INFO:colcon.colcon_ros.task.catkin.build:Building ROS package in '/home/ubuntu/environment/aws-robomaker-testcase-framework/simulation_ws/src/aws_robomaker_test_framework' with build type 'catkin'
[8.411s] INFO:colcon.colcon_cmake.task.cmake.build:Building CMake package in '/home/ubuntu/environment/aws-robomaker-testcase-framework/simulation_ws/src/aws_robomaker_test_framework'
[8.418s] INFO:colcon.colcon_core.shell:Skip shell extension 'powershell' for command environment: Not usable outside of PowerShell
[8.418s] DEBUG:colcon.colcon_core.shell:Skip shell extension 'dsv' for command environment
[8.423s] DEBUG:colcon.colcon_core.shell:Ignoring prefix path '/opt/ros/melodic'
[8.435s] DEBUG:colcon.colcon_core.event_handler.log_command:Invoking command in '/home/ubuntu/environment/aws-robomaker-testcase-framework/simulation_ws/build/aws_robomaker_test_framework': CMAKE_PREFIX_PATH=/home/ubuntu/environment/aws-robomaker-testcase-framework/simulation_ws/install/robomaker_simulation_msgs:${CMAKE_PREFIX_PATH} PKG_CONFIG_PATH=/home/ubuntu/environment/aws-robomaker-testcase-framework/simulation_ws/install/aws_robomaker_simulation_ros_pkgs/lib/x86_64-linux-gnu/pkgconfig:/home/ubuntu/environment/aws-robomaker-testcase-framework/simulation_ws/install/aws_robomaker_simulation_ros_pkgs/lib/pkgconfig:/home/ubuntu/environment/aws-robomaker-testcase-framework/simulation_ws/install/robomaker_simulation_msgs/lib/x86_64-linux-gnu/pkgconfig:/home/ubuntu/environment/aws-robomaker-testcase-framework/simulation_ws/install/robomaker_simulation_msgs/lib/pkgconfig:${PKG_CONFIG_PATH} PYTHONPATH=/home/ubuntu/environment/aws-robomaker-testcase-framework/simulation_ws/install/robomaker_simulation_msgs/lib/python2.7/dist-packages:${PYTHONPATH} ROS_PACKAGE_PATH=/home/ubuntu/environment/aws-robomaker-testcase-framework/simulation_ws/install/aws_robomaker_simulation_ros_pkgs/share:/home/ubuntu/environment/aws-robomaker-testcase-framework/simulation_ws/install/robomaker_simulation_msgs/share:${ROS_PACKAGE_PATH} /usr/bin/cmake /home/ubuntu/environment/aws-robomaker-testcase-framework/simulation_ws/src/aws_robomaker_test_framework -DCATKIN_INSTALL_INTO_PREFIX_ROOT=0 -DCMAKE_INSTALL_PREFIX=/home/ubuntu/environment/aws-robomaker-testcase-framework/simulation_ws/install/aws_robomaker_test_framework
[10.552s] DEBUG:colcon.colcon_core.event_handler.log_command:Invoked command in '/home/ubuntu/environment/aws-robomaker-testcase-framework/simulation_ws/build/aws_robomaker_test_framework' returned '1': CMAKE_PREFIX_PATH=/home/ubuntu/environment/aws-robomaker-testcase-framework/simulation_ws/install/robomaker_simulation_msgs:${CMAKE_PREFIX_PATH} PKG_CONFIG_PATH=/home/ubuntu/environment/aws-robomaker-testcase-framework/simulation_ws/install/aws_robomaker_simulation_ros_pkgs/lib/x86_64-linux-gnu/pkgconfig:/home/ubuntu/environment/aws-robomaker-testcase-framework/simulation_ws/install/aws_robomaker_simulation_ros_pkgs/lib/pkgconfig:/home/ubuntu/environment/aws-robomaker-testcase-framework/simulation_ws/install/robomaker_simulation_msgs/lib/x86_64-linux-gnu/pkgconfig:/home/ubuntu/environment/aws-robomaker-testcase-framework/simulation_ws/install/robomaker_simulation_msgs/lib/pkgconfig:${PKG_CONFIG_PATH} PYTHONPATH=/home/ubuntu/environment/aws-robomaker-testcase-framework/simulation_ws/install/robomaker_simulation_msgs/lib/python2.7/dist-packages:${PYTHONPATH} ROS_PACKAGE_PATH=/home/ubuntu/environment/aws-robomaker-testcase-framework/simulation_ws/install/aws_robomaker_simulation_ros_pkgs/share:/home/ubuntu/environment/aws-robomaker-testcase-framework/simulation_ws/install/robomaker_simulation_msgs/share:${ROS_PACKAGE_PATH} /usr/bin/cmake /home/ubuntu/environment/aws-robomaker-testcase-framework/simulation_ws/src/aws_robomaker_test_framework -DCATKIN_INSTALL_INTO_PREFIX_ROOT=0 -DCMAKE_INSTALL_PREFIX=/home/ubuntu/environment/aws-robomaker-testcase-framework/simulation_ws/install/aws_robomaker_test_framework
[10.553s] Level 1:colcon.colcon_core.shell:create_environment_hook('aws_robomaker_test_framework', 'ros_package_path')
[10.560s] INFO:colcon.colcon_core.shell:Creating environment hook '/home/ubuntu/environment/aws-robomaker-testcase-framework/simulation_ws/install/aws_robomaker_test_framework/share/aws_robomaker_test_framework/hook/ros_package_path.ps1'
[10.561s] INFO:colcon.colcon_core.shell:Creating environment descriptor '/home/ubuntu/environment/aws-robomaker-testcase-framework/simulation_ws/install/aws_robomaker_test_framework/share/aws_robomaker_test_framework/hook/ros_package_path.dsv'
[10.561s] INFO:colcon.colcon_core.shell:Creating environment hook '/home/ubuntu/environment/aws-robomaker-testcase-framework/simulation_ws/install/aws_robomaker_test_framework/share/aws_robomaker_test_framework/hook/ros_package_path.sh'
[10.562s] Level 1:colcon.colcon_ros.task.catkin:checking '/home/ubuntu/environment/aws-robomaker-testcase-framework/simulation_ws/install/aws_robomaker_test_framework/lib/python2.7/dist-packages'
[10.562s] Level 1:colcon.colcon_core.shell:create_environment_hook('aws_robomaker_test_framework', 'pkg_config_path')
[10.569s] INFO:colcon.colcon_core.shell:Creating environment hook '/home/ubuntu/environment/aws-robomaker-testcase-framework/simulation_ws/install/aws_robomaker_test_framework/share/aws_robomaker_test_framework/hook/pkg_config_path.ps1'
[10.569s] INFO:colcon.colcon_core.shell:Creating environment descriptor '/home/ubuntu/environment/aws-robomaker-testcase-framework/simulation_ws/install/aws_robomaker_test_framework/share/aws_robomaker_test_framework/hook/pkg_config_path.dsv'
[10.569s] INFO:colcon.colcon_core.shell:Creating environment hook '/home/ubuntu/environment/aws-robomaker-testcase-framework/simulation_ws/install/aws_robomaker_test_framework/share/aws_robomaker_test_framework/hook/pkg_config_path.sh'
[10.570s] Level 1:colcon.colcon_core.shell:create_environment_hook('aws_robomaker_test_framework', 'pkg_config_path_multiarch')
[10.576s] INFO:colcon.colcon_core.shell:Creating environment hook '/home/ubuntu/environment/aws-robomaker-testcase-framework/simulation_ws/install/aws_robomaker_test_framework/share/aws_robomaker_test_framework/hook/pkg_config_path_multiarch.ps1'
[10.577s] INFO:colcon.colcon_core.shell:Creating environment descriptor '/home/ubuntu/environment/aws-robomaker-testcase-framework/simulation_ws/install/aws_robomaker_test_framework/share/aws_robomaker_test_framework/hook/pkg_config_path_multiarch.dsv'
[10.577s] INFO:colcon.colcon_core.shell:Creating environment hook '/home/ubuntu/environment/aws-robomaker-testcase-framework/simulation_ws/install/aws_robomaker_test_framework/share/aws_robomaker_test_framework/hook/pkg_config_path_multiarch.sh'
[10.584s] Level 1:colcon.colcon_core.environment:create_environment_scripts_only(aws_robomaker_test_framework)
[10.591s] Level 1:colcon.colcon_core.environment:checking '/home/ubuntu/environment/aws-robomaker-testcase-framework/simulation_ws/install/aws_robomaker_test_framework' for CMake module files
[10.592s] Level 1:colcon.colcon_core.environment:checking '/home/ubuntu/environment/aws-robomaker-testcase-framework/simulation_ws/install/aws_robomaker_test_framework' for CMake config files
[10.592s] Level 1:colcon.colcon_core.environment:checking '/home/ubuntu/environment/aws-robomaker-testcase-framework/simulation_ws/install/aws_robomaker_test_framework/bin'
[10.592s] Level 1:colcon.colcon_core.environment:checking '/home/ubuntu/environment/aws-robomaker-testcase-framework/simulation_ws/install/aws_robomaker_test_framework/lib/pkgconfig/aws_robomaker_test_framework.pc'
[10.592s] Level 1:colcon.colcon_core.environment:checking '/home/ubuntu/environment/aws-robomaker-testcase-framework/simulation_ws/install/aws_robomaker_test_framework/lib/python3.6/site-packages'
[10.599s] INFO:colcon.colcon_core.shell:Creating package script '/home/ubuntu/environment/aws-robomaker-testcase-framework/simulation_ws/install/aws_robomaker_test_framework/share/aws_robomaker_test_framework/package.ps1'
[10.600s] INFO:colcon.colcon_core.shell:Creating package descriptor '/home/ubuntu/environment/aws-robomaker-testcase-framework/simulation_ws/install/aws_robomaker_test_framework/share/aws_robomaker_test_framework/package.dsv'
[10.600s] INFO:colcon.colcon_core.shell:Creating package script '/home/ubuntu/environment/aws-robomaker-testcase-framework/simulation_ws/install/aws_robomaker_test_framework/share/aws_robomaker_test_framework/package.sh'
[10.601s] INFO:colcon.colcon_core.shell:Creating package script '/home/ubuntu/environment/aws-robomaker-testcase-framework/simulation_ws/install/aws_robomaker_test_framework/share/aws_robomaker_test_framework/package.bash'
[10.601s] INFO:colcon.colcon_core.shell:Creating package script '/home/ubuntu/environment/aws-robomaker-testcase-framework/simulation_ws/install/aws_robomaker_test_framework/share/aws_robomaker_test_framework/package.zsh'
[10.601s] Level 1:colcon.colcon_core.environment:create_file_with_runtime_dependencies(/home/ubuntu/environment/aws-robomaker-testcase-framework/simulation_ws/install/aws_robomaker_test_framework/share/colcon-core/packages/aws_robomaker_test_framework)
[10.612s] DEBUG:colcon.colcon_parallel_executor.executor.parallel:closing loop
[10.613s] DEBUG:colcon.colcon_parallel_executor.executor.parallel:loop closed
[10.613s] DEBUG:colcon.colcon_parallel_executor.executor.parallel:run_until_complete finished with '1'
[10.613s] DEBUG:colcon.colcon_core.event_reactor:joining thread
[10.623s] INFO:colcon.colcon_core.plugin_system:Skipping extension 'colcon_notification.desktop_notification.notify_send': Could not find 'notify-send'
[10.624s] INFO:colcon.colcon_core.plugin_system:Skipping extension 'colcon_notification.desktop_notification.terminal_notifier': Not used on non-Darwin systems
[10.624s] INFO:colcon.colcon_core.plugin_system:Skipping extension 'colcon_notification.desktop_notification.win32': Not used on non-Windows systems
[10.624s] INFO:colcon.colcon_notification.desktop_notification:Sending desktop notification using 'notify2'
[10.624s] DEBUG:colcon.colcon_notification.desktop_notification.notify2:Failed to initialize notify2: org.freedesktop.DBus.Error.NotSupported: Unable to autolaunch a dbus-daemon without a $DISPLAY for X11
[10.624s] DEBUG:colcon.colcon_core.event_reactor:joined thread
[10.631s] INFO:colcon.colcon_core.shell:Creating prefix script '/home/ubuntu/environment/aws-robomaker-testcase-framework/simulation_ws/install/local_setup.ps1'
[10.632s] INFO:colcon.colcon_core.shell:Creating prefix util module '/home/ubuntu/environment/aws-robomaker-testcase-framework/simulation_ws/install/_local_setup_util_ps1.py'
[10.633s] INFO:colcon.colcon_core.shell:Creating prefix chain script '/home/ubuntu/environment/aws-robomaker-testcase-framework/simulation_ws/install/setup.ps1'
[10.639s] INFO:colcon.colcon_core.shell:Creating prefix script '/home/ubuntu/environment/aws-robomaker-testcase-framework/simulation_ws/install/local_setup.sh'
[10.639s] INFO:colcon.colcon_core.shell:Creating prefix util module '/home/ubuntu/environment/aws-robomaker-testcase-framework/simulation_ws/install/_local_setup_util_sh.py'
[10.640s] INFO:colcon.colcon_core.shell:Creating prefix chain script '/home/ubuntu/environment/aws-robomaker-testcase-framework/simulation_ws/install/setup.sh'
[10.645s] INFO:colcon.colcon_core.shell:Creating prefix script '/home/ubuntu/environment/aws-robomaker-testcase-framework/simulation_ws/install/local_setup.bash'
[10.646s] INFO:colcon.colcon_core.shell:Creating prefix chain script '/home/ubuntu/environment/aws-robomaker-testcase-framework/simulation_ws/install/setup.bash'
[10.652s] INFO:colcon.colcon_core.shell:Creating prefix script '/home/ubuntu/environment/aws-robomaker-testcase-framework/simulation_ws/install/local_setup.zsh'
[10.652s] INFO:colcon.colcon_core.shell:Creating prefix chain script '/home/ubuntu/environment/aws-robomaker-testcase-framework/simulation_ws/install/setup.zsh'
