Built target tests
[36mInstall the project...[0m
-- Install configuration: ""
+ cd /home/ubuntu/environment/aws-robomaker-testcase-framework/simulation_ws/src/sample_node
+ mkdir -p /home/ubuntu/environment/aws-robomaker-testcase-framework/simulation_ws/install/sample_node/lib/python2.7/dist-packages
+ /usr/bin/env PYTHONPATH=/home/ubuntu/environment/aws-robomaker-testcase-framework/simulation_ws/install/sample_node/lib/python2.7/dist-packages:/home/ubuntu/environment/aws-robomaker-testcase-framework/simulation_ws/build/sample_node/lib/python2.7/dist-packages:/home/ubuntu/environment/aws-robomaker-testcase-framework/simulation_ws/install/sample_node/lib/python2.7/dist-packages:/home/ubuntu/environment/aws-robomaker-testcase-framework/simulation_ws/install/aws_robomaker_test_framework/lib/python2.7/dist-packages:/home/ubuntu/environment/aws-robomaker-testcase-framework/simulation_ws/install/robomaker_simulation_msgs/lib/python2.7/dist-packages:/home/ubuntu/environment/aws-robomaker-testcase-framework/simulation_ws/install/recorder_msgs/lib/python2.7/dist-packages:/home/ubuntu/environment/aws-robomaker-testcase-framework/simulation_ws/install/file_uploader_msgs/lib/python2.7/dist-packages:/opt/ros/melodic/lib/python2.7/dist-packages CATKIN_BINARY_DIR=/home/ubuntu/environment/aws-robomaker-testcase-framework/simulation_ws/build/sample_node /usr/bin/python2 /home/ubuntu/environment/aws-robomaker-testcase-framework/simulation_ws/src/sample_node/setup.py build --build-base /home/ubuntu/environment/aws-robomaker-testcase-framework/simulation_ws/build/sample_node install --root=/ --install-layout=deb --prefix=/home/ubuntu/environment/aws-robomaker-testcase-framework/simulation_ws/install/sample_node --install-scripts=/home/ubuntu/environment/aws-robomaker-testcase-framework/simulation_ws/install/sample_node/bin
running build
running build_py
copying src/sample_py/sample_code.py -> /home/ubuntu/environment/aws-robomaker-testcase-framework/simulation_ws/build/sample_node/lib.linux-x86_64-2.7/sample_py
running install
running install_lib
copying /home/ubuntu/environment/aws-robomaker-testcase-framework/simulation_ws/build/sample_node/lib.linux-x86_64-2.7/sample_py/sample_code.py -> /home/ubuntu/environment/aws-robomaker-testcase-framework/simulation_ws/install/sample_node/lib/python2.7/dist-packages/sample_py
byte-compiling /home/ubuntu/environment/aws-robomaker-testcase-framework/simulation_ws/install/sample_node/lib/python2.7/dist-packages/sample_py/sample_code.py to sample_code.pyc
running install_egg_info
Removing /home/ubuntu/environment/aws-robomaker-testcase-framework/simulation_ws/install/sample_node/lib/python2.7/dist-packages/sample_node-1.0.0.egg-info
Writing /home/ubuntu/environment/aws-robomaker-testcase-framework/simulation_ws/install/sample_node/lib/python2.7/dist-packages/sample_node-1.0.0.egg-info
-- Up-to-date: /home/ubuntu/environment/aws-robomaker-testcase-framework/simulation_ws/install/sample_node/lib/pkgconfig/sample_node.pc
-- Up-to-date: /home/ubuntu/environment/aws-robomaker-testcase-framework/simulation_ws/install/sample_node/share/sample_node/cmake/sample_nodeConfig.cmake
-- Up-to-date: /home/ubuntu/environment/aws-robomaker-testcase-framework/simulation_ws/install/sample_node/share/sample_node/cmake/sample_nodeConfig-version.cmake
-- Up-to-date: /home/ubuntu/environment/aws-robomaker-testcase-framework/simulation_ws/install/sample_node/share/sample_node/package.xml
-- Up-to-date: /home/ubuntu/environment/aws-robomaker-testcase-framework/simulation_ws/install/sample_node/lib/sample_node/example_node.py
