[0.040s] Invoking command in '/home/ubuntu/environment/aws-robomaker-testcase-framework/simulation_ws/build/file_uploader_msgs': /usr/bin/cmake /home/ubuntu/environment/aws-robomaker-testcase-framework/simulation_ws/src/rosbag-uploader-ros1/file_uploader_msgs -DCATKIN_INSTALL_INTO_PREFIX_ROOT=0 -DCMAKE_INSTALL_PREFIX=/home/ubuntu/environment/aws-robomaker-testcase-framework/simulation_ws/install/file_uploader_msgs
[0.147s] -- The C compiler identification is GNU 7.5.0
[0.257s] -- The CXX compiler identification is GNU 7.5.0
[0.269s] -- Check for working C compiler: /usr/bin/cc
[0.393s] -- Check for working C compiler: /usr/bin/cc -- works
[0.394s] -- Detecting C compiler ABI info
[0.514s] -- Detecting C compiler ABI info - done
[0.532s] -- Detecting C compile features
[0.840s] -- Detecting C compile features - done
[0.849s] -- Check for working CXX compiler: /usr/bin/c++
[0.959s] -- Check for working CXX compiler: /usr/bin/c++ -- works
[0.961s] -- Detecting CXX compiler ABI info
[1.129s] -- Detecting CXX compiler ABI info - done
[1.144s] -- Detecting CXX compile features
[1.761s] -- Detecting CXX compile features - done
[1.765s] -- Using CATKIN_DEVEL_PREFIX: /home/ubuntu/environment/aws-robomaker-testcase-framework/simulation_ws/build/file_uploader_msgs/devel
[1.765s] -- Using CMAKE_PREFIX_PATH: /home/ubuntu/environment/aws-robomaker-testcase-framework/simulation_ws/install/aws_robomaker_test_framework;/home/ubuntu/environment/aws-robomaker-testcase-framework/simulation_ws/install/robomaker_simulation_msgs;/opt/ros/melodic
[1.765s] -- This workspace overlays: /home/ubuntu/environment/aws-robomaker-testcase-framework/simulation_ws/install/aws_robomaker_test_framework;/home/ubuntu/environment/aws-robomaker-testcase-framework/simulation_ws/install/robomaker_simulation_msgs;/opt/ros/melodic
[1.787s] -- Found PythonInterp: /usr/bin/python2 (found suitable version "2.7.17", minimum required is "2") 
[1.787s] -- Using PYTHON_EXECUTABLE: /usr/bin/python2
[1.787s] -- Using Debian Python package layout
[1.787s] -- Using empy: /usr/bin/empy
[2.006s] -- Using CATKIN_ENABLE_TESTING: ON
[2.006s] -- Call enable_testing()
[2.009s] -- Using CATKIN_TEST_RESULTS_DIR: /home/ubuntu/environment/aws-robomaker-testcase-framework/simulation_ws/build/file_uploader_msgs/test_results
[2.032s] -- Found gtest sources under '/usr/src/googletest': gtests will be built
[2.033s] -- Found gmock sources under '/usr/src/googletest': gmock will be built
[2.052s] -- Found PythonInterp: /usr/bin/python2 (found version "2.7.17") 
[2.054s] -- Looking for pthread.h
[2.153s] -- Looking for pthread.h - found
[2.154s] -- Looking for pthread_create
[2.257s] -- Looking for pthread_create - not found
[2.258s] -- Looking for pthread_create in pthreads
[2.343s] -- Looking for pthread_create in pthreads - not found
[2.344s] -- Looking for pthread_create in pthread
[2.450s] -- Looking for pthread_create in pthread - found
[2.452s] -- Found Threads: TRUE  
[2.458s] -- Using Python nosetests: /usr/bin/nosetests-2.7
[2.525s] -- catkin 0.7.26
[2.525s] -- BUILD_SHARED_LIBS is on
[2.721s] -- Using these message generators: gencpp;geneus;genlisp;gennodejs;genpy
[2.792s] -- Generating .msg files for action file_uploader_msgs/UploadFiles /home/ubuntu/environment/aws-robomaker-testcase-framework/simulation_ws/src/rosbag-uploader-ros1/file_uploader_msgs/action/UploadFiles.action
[2.819s] Generating for action UploadFiles
[3.100s] -- file_uploader_msgs: 8 messages, 0 services
[3.311s] -- Configuring done
[3.355s] -- Generating done
[3.364s] -- Build files have been written to: /home/ubuntu/environment/aws-robomaker-testcase-framework/simulation_ws/build/file_uploader_msgs
[3.372s] Invoked command in '/home/ubuntu/environment/aws-robomaker-testcase-framework/simulation_ws/build/file_uploader_msgs' returned '0': /usr/bin/cmake /home/ubuntu/environment/aws-robomaker-testcase-framework/simulation_ws/src/rosbag-uploader-ros1/file_uploader_msgs -DCATKIN_INSTALL_INTO_PREFIX_ROOT=0 -DCMAKE_INSTALL_PREFIX=/home/ubuntu/environment/aws-robomaker-testcase-framework/simulation_ws/install/file_uploader_msgs
[3.376s] Invoking command in '/home/ubuntu/environment/aws-robomaker-testcase-framework/simulation_ws/build/file_uploader_msgs': /usr/bin/cmake --build /home/ubuntu/environment/aws-robomaker-testcase-framework/simulation_ws/build/file_uploader_msgs -- -j2 -l2
[3.439s] [35m[1mScanning dependencies of target _file_uploader_msgs_generate_messages_check_deps_UploadFilesResult[0m
[3.449s] [35m[1mScanning dependencies of target _file_uploader_msgs_generate_messages_check_deps_UploadFilesActionResult[0m
[3.492s] [  0%] Built target _file_uploader_msgs_generate_messages_check_deps_UploadFilesResult
[3.529s] [  0%] Built target _file_uploader_msgs_generate_messages_check_deps_UploadFilesActionResult
[3.536s] [35m[1mScanning dependencies of target _file_uploader_msgs_generate_messages_check_deps_UploadFilesActionGoal[0m
[3.547s] [35m[1mScanning dependencies of target _file_uploader_msgs_generate_messages_check_deps_UploadFilesActionFeedback[0m
[3.599s] [  0%] Built target _file_uploader_msgs_generate_messages_check_deps_UploadFilesActionGoal
[3.623s] [35m[1mScanning dependencies of target actionlib_msgs_generate_messages_nodejs[0m
[3.633s] [  0%] Built target _file_uploader_msgs_generate_messages_check_deps_UploadFilesActionFeedback
[3.648s] [35m[1mScanning dependencies of target _file_uploader_msgs_generate_messages_check_deps_UploadFilesGoal[0m
[3.664s] [  0%] Built target actionlib_msgs_generate_messages_nodejs
[3.681s] [35m[1mScanning dependencies of target _file_uploader_msgs_generate_messages_check_deps_UploadFilesAction[0m
[3.716s] [  0%] Built target _file_uploader_msgs_generate_messages_check_deps_UploadFilesGoal
[3.751s] [35m[1mScanning dependencies of target _file_uploader_msgs_generate_messages_check_deps_S3Result[0m
[3.764s] [  0%] Built target _file_uploader_msgs_generate_messages_check_deps_UploadFilesAction
[3.797s] [35m[1mScanning dependencies of target _file_uploader_msgs_generate_messages_check_deps_UploadFilesFeedback[0m
[3.823s] [  0%] Built target _file_uploader_msgs_generate_messages_check_deps_S3Result
[3.837s] [35m[1mScanning dependencies of target actionlib_msgs_generate_messages_cpp[0m
[3.852s] [  0%] Built target actionlib_msgs_generate_messages_cpp
[3.866s] [  0%] Built target _file_uploader_msgs_generate_messages_check_deps_UploadFilesFeedback
[3.879s] [35m[1mScanning dependencies of target actionlib_msgs_generate_messages_eus[0m
[3.881s] [35m[1mScanning dependencies of target actionlib_msgs_generate_messages_lisp[0m
[3.898s] [  0%] Built target actionlib_msgs_generate_messages_lisp
[3.913s] [35m[1mScanning dependencies of target actionlib_msgs_generate_messages_py[0m
[3.918s] [  0%] Built target actionlib_msgs_generate_messages_eus
[3.933s] [35m[1mScanning dependencies of target file_uploader_msgs_generate_messages_nodejs[0m
[3.945s] [  0%] Built target actionlib_msgs_generate_messages_py
[3.960s] [  2%] [34m[1mGenerating Javascript code from file_uploader_msgs/UploadFilesActionGoal.msg[0m
[3.961s] [35m[1mScanning dependencies of target file_uploader_msgs_generate_messages_cpp[0m
[3.987s] [  4%] [34m[1mGenerating C++ code from file_uploader_msgs/UploadFilesActionGoal.msg[0m
[4.050s] [  7%] [34m[1mGenerating Javascript code from file_uploader_msgs/S3Result.msg[0m
[4.146s] [  9%] [34m[1mGenerating Javascript code from file_uploader_msgs/UploadFilesActionResult.msg[0m
[4.249s] [ 11%] [34m[1mGenerating Javascript code from file_uploader_msgs/UploadFilesActionFeedback.msg[0m
[4.283s] [ 14%] [34m[1mGenerating C++ code from file_uploader_msgs/S3Result.msg[0m
[4.315s] [ 16%] [34m[1mGenerating Javascript code from file_uploader_msgs/UploadFilesFeedback.msg[0m
[4.399s] [ 19%] [34m[1mGenerating Javascript code from file_uploader_msgs/UploadFilesResult.msg[0m
[4.472s] [ 21%] [34m[1mGenerating Javascript code from file_uploader_msgs/UploadFilesGoal.msg[0m
[4.551s] [ 23%] [34m[1mGenerating C++ code from file_uploader_msgs/UploadFilesActionResult.msg[0m
[4.565s] [ 26%] [34m[1mGenerating Javascript code from file_uploader_msgs/UploadFilesAction.msg[0m
[4.685s] [ 26%] Built target file_uploader_msgs_generate_messages_nodejs
[4.711s] [ 28%] [34m[1mGenerating C++ code from file_uploader_msgs/UploadFilesActionFeedback.msg[0m
[4.812s] [ 30%] [34m[1mGenerating C++ code from file_uploader_msgs/UploadFilesFeedback.msg[0m
[5.021s] [ 33%] [34m[1mGenerating C++ code from file_uploader_msgs/UploadFilesResult.msg[0m
[5.217s] [ 35%] [34m[1mGenerating C++ code from file_uploader_msgs/UploadFilesGoal.msg[0m
[5.367s] [ 38%] [34m[1mGenerating C++ code from file_uploader_msgs/UploadFilesAction.msg[0m
[5.535s] [35m[1mScanning dependencies of target file_uploader_msgs_generate_messages_eus[0m
[5.593s] [ 40%] [34m[1mGenerating EusLisp code from file_uploader_msgs/UploadFilesActionGoal.msg[0m
[5.646s] [ 40%] Built target file_uploader_msgs_generate_messages_cpp
[5.675s] [35m[1mScanning dependencies of target file_uploader_msgs_generate_messages_lisp[0m
[5.691s] [ 42%] [34m[1mGenerating Lisp code from file_uploader_msgs/UploadFilesActionGoal.msg[0m
[5.697s] [ 45%] [34m[1mGenerating EusLisp code from file_uploader_msgs/S3Result.msg[0m
[5.759s] [ 47%] [34m[1mGenerating Lisp code from file_uploader_msgs/S3Result.msg[0m
[5.827s] [ 50%] [34m[1mGenerating Lisp code from file_uploader_msgs/UploadFilesActionResult.msg[0m
[5.831s] [ 52%] [34m[1mGenerating EusLisp code from file_uploader_msgs/UploadFilesActionResult.msg[0m
[5.901s] [ 54%] [34m[1mGenerating Lisp code from file_uploader_msgs/UploadFilesActionFeedback.msg[0m
[5.943s] [ 57%] [34m[1mGenerating EusLisp code from file_uploader_msgs/UploadFilesActionFeedback.msg[0m
[5.997s] [ 59%] [34m[1mGenerating Lisp code from file_uploader_msgs/UploadFilesFeedback.msg[0m
[6.049s] [ 61%] [34m[1mGenerating EusLisp code from file_uploader_msgs/UploadFilesFeedback.msg[0m
[6.133s] [ 64%] [34m[1mGenerating Lisp code from file_uploader_msgs/UploadFilesResult.msg[0m
[6.173s] [ 66%] [34m[1mGenerating EusLisp code from file_uploader_msgs/UploadFilesResult.msg[0m
[6.237s] [ 69%] [34m[1mGenerating Lisp code from file_uploader_msgs/UploadFilesGoal.msg[0m
[6.300s] [ 71%] [34m[1mGenerating Lisp code from file_uploader_msgs/UploadFilesAction.msg[0m
[6.305s] [ 73%] [34m[1mGenerating EusLisp code from file_uploader_msgs/UploadFilesGoal.msg[0m
[6.364s] [ 73%] Built target file_uploader_msgs_generate_messages_lisp
[6.389s] [35m[1mScanning dependencies of target file_uploader_msgs_generate_messages_py[0m
[6.437s] [ 76%] [34m[1mGenerating Python from MSG file_uploader_msgs/UploadFilesActionGoal[0m
[6.482s] [ 78%] [34m[1mGenerating EusLisp code from file_uploader_msgs/UploadFilesAction.msg[0m
[6.599s] [ 80%] [34m[1mGenerating EusLisp manifest code for file_uploader_msgs[0m
[6.614s] [ 83%] [34m[1mGenerating Python from MSG file_uploader_msgs/S3Result[0m
[6.846s] [ 85%] [34m[1mGenerating Python from MSG file_uploader_msgs/UploadFilesActionResult[0m
[7.288s] [ 88%] [34m[1mGenerating Python from MSG file_uploader_msgs/UploadFilesActionFeedback[0m
[7.678s] [ 90%] [34m[1mGenerating Python from MSG file_uploader_msgs/UploadFilesFeedback[0m
[8.058s] [ 92%] [34m[1mGenerating Python from MSG file_uploader_msgs/UploadFilesResult[0m
[8.495s] [ 95%] [34m[1mGenerating Python from MSG file_uploader_msgs/UploadFilesGoal[0m
[8.787s] [ 97%] [34m[1mGenerating Python from MSG file_uploader_msgs/UploadFilesAction[0m
[8.802s] [ 97%] Built target file_uploader_msgs_generate_messages_eus
[9.114s] [100%] [34m[1mGenerating Python msg __init__.py for file_uploader_msgs[0m
[9.369s] [100%] Built target file_uploader_msgs_generate_messages_py
[9.433s] [35m[1mScanning dependencies of target file_uploader_msgs_generate_messages[0m
[9.494s] [100%] Built target file_uploader_msgs_generate_messages
[9.524s] Invoked command in '/home/ubuntu/environment/aws-robomaker-testcase-framework/simulation_ws/build/file_uploader_msgs' returned '0': /usr/bin/cmake --build /home/ubuntu/environment/aws-robomaker-testcase-framework/simulation_ws/build/file_uploader_msgs -- -j2 -l2
[9.831s] Invoking command in '/home/ubuntu/environment/aws-robomaker-testcase-framework/simulation_ws/build/file_uploader_msgs': /usr/bin/cmake --build /home/ubuntu/environment/aws-robomaker-testcase-framework/simulation_ws/build/file_uploader_msgs --target tests -- -j2 -l2
[10.089s] [35m[1mScanning dependencies of target tests[0m
[10.161s] Built target tests
[10.203s] Invoked command in '/home/ubuntu/environment/aws-robomaker-testcase-framework/simulation_ws/build/file_uploader_msgs' returned '0': /usr/bin/cmake --build /home/ubuntu/environment/aws-robomaker-testcase-framework/simulation_ws/build/file_uploader_msgs --target tests -- -j2 -l2
[10.553s] Invoking command in '/home/ubuntu/environment/aws-robomaker-testcase-framework/simulation_ws/build/file_uploader_msgs': /usr/bin/cmake --build /home/ubuntu/environment/aws-robomaker-testcase-framework/simulation_ws/build/file_uploader_msgs --target install -- -j2 -l2
[10.876s] [  0%] Built target _file_uploader_msgs_generate_messages_check_deps_UploadFilesResult
[10.876s] [  0%] Built target _file_uploader_msgs_generate_messages_check_deps_UploadFilesActionResult
[11.093s] [  0%] Built target _file_uploader_msgs_generate_messages_check_deps_UploadFilesActionGoal
[11.094s] [  0%] Built target _file_uploader_msgs_generate_messages_check_deps_UploadFilesActionFeedback
[11.197s] [  0%] Built target actionlib_msgs_generate_messages_nodejs
[11.254s] [  0%] Built target _file_uploader_msgs_generate_messages_check_deps_UploadFilesGoal
[11.333s] [  0%] Built target _file_uploader_msgs_generate_messages_check_deps_UploadFilesAction
[11.385s] [  0%] Built target _file_uploader_msgs_generate_messages_check_deps_S3Result
[11.440s] [  0%] Built target _file_uploader_msgs_generate_messages_check_deps_UploadFilesFeedback
[11.457s] [  0%] Built target actionlib_msgs_generate_messages_cpp
[11.500s] [  0%] Built target actionlib_msgs_generate_messages_eus
[11.527s] [  0%] Built target actionlib_msgs_generate_messages_lisp
[11.538s] [  0%] Built target actionlib_msgs_generate_messages_py
[11.585s] [ 19%] Built target file_uploader_msgs_generate_messages_cpp
[11.602s] [ 38%] Built target file_uploader_msgs_generate_messages_nodejs
[11.618s] [ 59%] Built target file_uploader_msgs_generate_messages_eus
[11.654s] [ 78%] Built target file_uploader_msgs_generate_messages_lisp
[11.657s] [100%] Built target file_uploader_msgs_generate_messages_py
[11.682s] [100%] Built target file_uploader_msgs_generate_messages
[11.713s] [36mInstall the project...[0m
[11.726s] -- Install configuration: ""
[11.727s] -- Installing: /home/ubuntu/environment/aws-robomaker-testcase-framework/simulation_ws/install/file_uploader_msgs/share/file_uploader_msgs/action/UploadFiles.action
[11.727s] -- Installing: /home/ubuntu/environment/aws-robomaker-testcase-framework/simulation_ws/install/file_uploader_msgs/share/file_uploader_msgs/msg/UploadFilesAction.msg
[11.728s] -- Installing: /home/ubuntu/environment/aws-robomaker-testcase-framework/simulation_ws/install/file_uploader_msgs/share/file_uploader_msgs/msg/UploadFilesActionGoal.msg
[11.728s] -- Installing: /home/ubuntu/environment/aws-robomaker-testcase-framework/simulation_ws/install/file_uploader_msgs/share/file_uploader_msgs/msg/UploadFilesActionResult.msg
[11.728s] -- Installing: /home/ubuntu/environment/aws-robomaker-testcase-framework/simulation_ws/install/file_uploader_msgs/share/file_uploader_msgs/msg/UploadFilesActionFeedback.msg
[11.729s] -- Installing: /home/ubuntu/environment/aws-robomaker-testcase-framework/simulation_ws/install/file_uploader_msgs/share/file_uploader_msgs/msg/UploadFilesGoal.msg
[11.729s] -- Installing: /home/ubuntu/environment/aws-robomaker-testcase-framework/simulation_ws/install/file_uploader_msgs/share/file_uploader_msgs/msg/UploadFilesResult.msg
[11.729s] -- Installing: /home/ubuntu/environment/aws-robomaker-testcase-framework/simulation_ws/install/file_uploader_msgs/share/file_uploader_msgs/msg/UploadFilesFeedback.msg
[11.730s] -- Installing: /home/ubuntu/environment/aws-robomaker-testcase-framework/simulation_ws/install/file_uploader_msgs/share/file_uploader_msgs/msg/S3Result.msg
[11.730s] -- Installing: /home/ubuntu/environment/aws-robomaker-testcase-framework/simulation_ws/install/file_uploader_msgs/share/file_uploader_msgs/cmake/file_uploader_msgs-msg-paths.cmake
[11.730s] -- Installing: /home/ubuntu/environment/aws-robomaker-testcase-framework/simulation_ws/install/file_uploader_msgs/include/file_uploader_msgs
[11.731s] -- Installing: /home/ubuntu/environment/aws-robomaker-testcase-framework/simulation_ws/install/file_uploader_msgs/include/file_uploader_msgs/UploadFilesActionGoal.h
[11.731s] -- Installing: /home/ubuntu/environment/aws-robomaker-testcase-framework/simulation_ws/install/file_uploader_msgs/include/file_uploader_msgs/UploadFilesGoal.h
[11.731s] -- Installing: /home/ubuntu/environment/aws-robomaker-testcase-framework/simulation_ws/install/file_uploader_msgs/include/file_uploader_msgs/S3Result.h
[11.732s] -- Installing: /home/ubuntu/environment/aws-robomaker-testcase-framework/simulation_ws/install/file_uploader_msgs/include/file_uploader_msgs/UploadFilesActionResult.h
[11.732s] -- Installing: /home/ubuntu/environment/aws-robomaker-testcase-framework/simulation_ws/install/file_uploader_msgs/include/file_uploader_msgs/UploadFilesResult.h
[11.733s] -- Installing: /home/ubuntu/environment/aws-robomaker-testcase-framework/simulation_ws/install/file_uploader_msgs/include/file_uploader_msgs/UploadFilesActionFeedback.h
[11.733s] -- Installing: /home/ubuntu/environment/aws-robomaker-testcase-framework/simulation_ws/install/file_uploader_msgs/include/file_uploader_msgs/UploadFilesFeedback.h
[11.733s] -- Installing: /home/ubuntu/environment/aws-robomaker-testcase-framework/simulation_ws/install/file_uploader_msgs/include/file_uploader_msgs/UploadFilesAction.h
[11.734s] -- Installing: /home/ubuntu/environment/aws-robomaker-testcase-framework/simulation_ws/install/file_uploader_msgs/share/roseus/ros/file_uploader_msgs
[11.734s] -- Installing: /home/ubuntu/environment/aws-robomaker-testcase-framework/simulation_ws/install/file_uploader_msgs/share/roseus/ros/file_uploader_msgs/manifest.l
[11.734s] -- Installing: /home/ubuntu/environment/aws-robomaker-testcase-framework/simulation_ws/install/file_uploader_msgs/share/roseus/ros/file_uploader_msgs/msg
[11.735s] -- Installing: /home/ubuntu/environment/aws-robomaker-testcase-framework/simulation_ws/install/file_uploader_msgs/share/roseus/ros/file_uploader_msgs/msg/UploadFilesResult.l
[11.735s] -- Installing: /home/ubuntu/environment/aws-robomaker-testcase-framework/simulation_ws/install/file_uploader_msgs/share/roseus/ros/file_uploader_msgs/msg/UploadFilesActionGoal.l
[11.735s] -- Installing: /home/ubuntu/environment/aws-robomaker-testcase-framework/simulation_ws/install/file_uploader_msgs/share/roseus/ros/file_uploader_msgs/msg/UploadFilesActionFeedback.l
[11.736s] -- Installing: /home/ubuntu/environment/aws-robomaker-testcase-framework/simulation_ws/install/file_uploader_msgs/share/roseus/ros/file_uploader_msgs/msg/UploadFilesGoal.l
[11.736s] -- Installing: /home/ubuntu/environment/aws-robomaker-testcase-framework/simulation_ws/install/file_uploader_msgs/share/roseus/ros/file_uploader_msgs/msg/S3Result.l
[11.736s] -- Installing: /home/ubuntu/environment/aws-robomaker-testcase-framework/simulation_ws/install/file_uploader_msgs/share/roseus/ros/file_uploader_msgs/msg/UploadFilesAction.l
[11.737s] -- Installing: /home/ubuntu/environment/aws-robomaker-testcase-framework/simulation_ws/install/file_uploader_msgs/share/roseus/ros/file_uploader_msgs/msg/UploadFilesFeedback.l
[11.737s] -- Installing: /home/ubuntu/environment/aws-robomaker-testcase-framework/simulation_ws/install/file_uploader_msgs/share/roseus/ros/file_uploader_msgs/msg/UploadFilesActionResult.l
[11.738s] -- Installing: /home/ubuntu/environment/aws-robomaker-testcase-framework/simulation_ws/install/file_uploader_msgs/share/common-lisp/ros/file_uploader_msgs
[11.738s] -- Installing: /home/ubuntu/environment/aws-robomaker-testcase-framework/simulation_ws/install/file_uploader_msgs/share/common-lisp/ros/file_uploader_msgs/msg
[11.738s] -- Installing: /home/ubuntu/environment/aws-robomaker-testcase-framework/simulation_ws/install/file_uploader_msgs/share/common-lisp/ros/file_uploader_msgs/msg/_package_UploadFilesGoal.lisp
[11.739s] -- Installing: /home/ubuntu/environment/aws-robomaker-testcase-framework/simulation_ws/install/file_uploader_msgs/share/common-lisp/ros/file_uploader_msgs/msg/_package_UploadFilesResult.lisp
[11.739s] -- Installing: /home/ubuntu/environment/aws-robomaker-testcase-framework/simulation_ws/install/file_uploader_msgs/share/common-lisp/ros/file_uploader_msgs/msg/_package.lisp
[11.739s] -- Installing: /home/ubuntu/environment/aws-robomaker-testcase-framework/simulation_ws/install/file_uploader_msgs/share/common-lisp/ros/file_uploader_msgs/msg/UploadFilesActionResult.lisp
[11.740s] -- Installing: /home/ubuntu/environment/aws-robomaker-testcase-framework/simulation_ws/install/file_uploader_msgs/share/common-lisp/ros/file_uploader_msgs/msg/UploadFilesGoal.lisp
[11.740s] -- Installing: /home/ubuntu/environment/aws-robomaker-testcase-framework/simulation_ws/install/file_uploader_msgs/share/common-lisp/ros/file_uploader_msgs/msg/UploadFilesActionFeedback.lisp
[11.741s] -- Installing: /home/ubuntu/environment/aws-robomaker-testcase-framework/simulation_ws/install/file_uploader_msgs/share/common-lisp/ros/file_uploader_msgs/msg/_package_UploadFilesFeedback.lisp
[11.741s] -- Installing: /home/ubuntu/environment/aws-robomaker-testcase-framework/simulation_ws/install/file_uploader_msgs/share/common-lisp/ros/file_uploader_msgs/msg/UploadFilesAction.lisp
[11.741s] -- Installing: /home/ubuntu/environment/aws-robomaker-testcase-framework/simulation_ws/install/file_uploader_msgs/share/common-lisp/ros/file_uploader_msgs/msg/UploadFilesFeedback.lisp
[11.742s] -- Installing: /home/ubuntu/environment/aws-robomaker-testcase-framework/simulation_ws/install/file_uploader_msgs/share/common-lisp/ros/file_uploader_msgs/msg/_package_S3Result.lisp
[11.742s] -- Installing: /home/ubuntu/environment/aws-robomaker-testcase-framework/simulation_ws/install/file_uploader_msgs/share/common-lisp/ros/file_uploader_msgs/msg/_package_UploadFilesActionResult.lisp
[11.742s] -- Installing: /home/ubuntu/environment/aws-robomaker-testcase-framework/simulation_ws/install/file_uploader_msgs/share/common-lisp/ros/file_uploader_msgs/msg/_package_UploadFilesActionFeedback.lisp
[11.743s] -- Installing: /home/ubuntu/environment/aws-robomaker-testcase-framework/simulation_ws/install/file_uploader_msgs/share/common-lisp/ros/file_uploader_msgs/msg/_package_UploadFilesAction.lisp
[11.743s] -- Installing: /home/ubuntu/environment/aws-robomaker-testcase-framework/simulation_ws/install/file_uploader_msgs/share/common-lisp/ros/file_uploader_msgs/msg/UploadFilesResult.lisp
[11.744s] -- Installing: /home/ubuntu/environment/aws-robomaker-testcase-framework/simulation_ws/install/file_uploader_msgs/share/common-lisp/ros/file_uploader_msgs/msg/S3Result.lisp
[11.744s] -- Installing: /home/ubuntu/environment/aws-robomaker-testcase-framework/simulation_ws/install/file_uploader_msgs/share/common-lisp/ros/file_uploader_msgs/msg/file_uploader_msgs-msg.asd
[11.744s] -- Installing: /home/ubuntu/environment/aws-robomaker-testcase-framework/simulation_ws/install/file_uploader_msgs/share/common-lisp/ros/file_uploader_msgs/msg/_package_UploadFilesActionGoal.lisp
[11.745s] -- Installing: /home/ubuntu/environment/aws-robomaker-testcase-framework/simulation_ws/install/file_uploader_msgs/share/common-lisp/ros/file_uploader_msgs/msg/UploadFilesActionGoal.lisp
[11.746s] -- Installing: /home/ubuntu/environment/aws-robomaker-testcase-framework/simulation_ws/install/file_uploader_msgs/share/gennodejs/ros/file_uploader_msgs
[11.746s] -- Installing: /home/ubuntu/environment/aws-robomaker-testcase-framework/simulation_ws/install/file_uploader_msgs/share/gennodejs/ros/file_uploader_msgs/_index.js
[11.746s] -- Installing: /home/ubuntu/environment/aws-robomaker-testcase-framework/simulation_ws/install/file_uploader_msgs/share/gennodejs/ros/file_uploader_msgs/msg
[11.747s] -- Installing: /home/ubuntu/environment/aws-robomaker-testcase-framework/simulation_ws/install/file_uploader_msgs/share/gennodejs/ros/file_uploader_msgs/msg/UploadFilesActionResult.js
[11.747s] -- Installing: /home/ubuntu/environment/aws-robomaker-testcase-framework/simulation_ws/install/file_uploader_msgs/share/gennodejs/ros/file_uploader_msgs/msg/UploadFilesAction.js
[11.747s] -- Installing: /home/ubuntu/environment/aws-robomaker-testcase-framework/simulation_ws/install/file_uploader_msgs/share/gennodejs/ros/file_uploader_msgs/msg/UploadFilesActionFeedback.js
[11.748s] -- Installing: /home/ubuntu/environment/aws-robomaker-testcase-framework/simulation_ws/install/file_uploader_msgs/share/gennodejs/ros/file_uploader_msgs/msg/_index.js
[11.748s] -- Installing: /home/ubuntu/environment/aws-robomaker-testcase-framework/simulation_ws/install/file_uploader_msgs/share/gennodejs/ros/file_uploader_msgs/msg/UploadFilesResult.js
[11.749s] -- Installing: /home/ubuntu/environment/aws-robomaker-testcase-framework/simulation_ws/install/file_uploader_msgs/share/gennodejs/ros/file_uploader_msgs/msg/UploadFilesGoal.js
[11.749s] -- Installing: /home/ubuntu/environment/aws-robomaker-testcase-framework/simulation_ws/install/file_uploader_msgs/share/gennodejs/ros/file_uploader_msgs/msg/S3Result.js
[11.749s] -- Installing: /home/ubuntu/environment/aws-robomaker-testcase-framework/simulation_ws/install/file_uploader_msgs/share/gennodejs/ros/file_uploader_msgs/msg/UploadFilesActionGoal.js
[11.750s] -- Installing: /home/ubuntu/environment/aws-robomaker-testcase-framework/simulation_ws/install/file_uploader_msgs/share/gennodejs/ros/file_uploader_msgs/msg/UploadFilesFeedback.js
[11.787s] Listing /home/ubuntu/environment/aws-robomaker-testcase-framework/simulation_ws/build/file_uploader_msgs/devel/lib/python2.7/dist-packages/file_uploader_msgs ...
[11.787s] Compiling /home/ubuntu/environment/aws-robomaker-testcase-framework/simulation_ws/build/file_uploader_msgs/devel/lib/python2.7/dist-packages/file_uploader_msgs/__init__.py ...
[11.787s] Listing /home/ubuntu/environment/aws-robomaker-testcase-framework/simulation_ws/build/file_uploader_msgs/devel/lib/python2.7/dist-packages/file_uploader_msgs/msg ...
[11.787s] Compiling /home/ubuntu/environment/aws-robomaker-testcase-framework/simulation_ws/build/file_uploader_msgs/devel/lib/python2.7/dist-packages/file_uploader_msgs/msg/_S3Result.py ...
[11.787s] Compiling /home/ubuntu/environment/aws-robomaker-testcase-framework/simulation_ws/build/file_uploader_msgs/devel/lib/python2.7/dist-packages/file_uploader_msgs/msg/_UploadFilesAction.py ...
[11.788s] Compiling /home/ubuntu/environment/aws-robomaker-testcase-framework/simulation_ws/build/file_uploader_msgs/devel/lib/python2.7/dist-packages/file_uploader_msgs/msg/_UploadFilesActionFeedback.py ...
[11.788s] Compiling /home/ubuntu/environment/aws-robomaker-testcase-framework/simulation_ws/build/file_uploader_msgs/devel/lib/python2.7/dist-packages/file_uploader_msgs/msg/_UploadFilesActionGoal.py ...
[11.788s] Compiling /home/ubuntu/environment/aws-robomaker-testcase-framework/simulation_ws/build/file_uploader_msgs/devel/lib/python2.7/dist-packages/file_uploader_msgs/msg/_UploadFilesActionResult.py ...
[11.788s] Compiling /home/ubuntu/environment/aws-robomaker-testcase-framework/simulation_ws/build/file_uploader_msgs/devel/lib/python2.7/dist-packages/file_uploader_msgs/msg/_UploadFilesFeedback.py ...
[11.788s] Compiling /home/ubuntu/environment/aws-robomaker-testcase-framework/simulation_ws/build/file_uploader_msgs/devel/lib/python2.7/dist-packages/file_uploader_msgs/msg/_UploadFilesGoal.py ...
[11.788s] Compiling /home/ubuntu/environment/aws-robomaker-testcase-framework/simulation_ws/build/file_uploader_msgs/devel/lib/python2.7/dist-packages/file_uploader_msgs/msg/_UploadFilesResult.py ...
[11.788s] Compiling /home/ubuntu/environment/aws-robomaker-testcase-framework/simulation_ws/build/file_uploader_msgs/devel/lib/python2.7/dist-packages/file_uploader_msgs/msg/__init__.py ...
[11.791s] -- Installing: /home/ubuntu/environment/aws-robomaker-testcase-framework/simulation_ws/install/file_uploader_msgs/lib/python2.7/dist-packages/file_uploader_msgs
[11.791s] -- Installing: /home/ubuntu/environment/aws-robomaker-testcase-framework/simulation_ws/install/file_uploader_msgs/lib/python2.7/dist-packages/file_uploader_msgs/__init__.pyc
[11.791s] -- Installing: /home/ubuntu/environment/aws-robomaker-testcase-framework/simulation_ws/install/file_uploader_msgs/lib/python2.7/dist-packages/file_uploader_msgs/msg
[11.792s] -- Installing: /home/ubuntu/environment/aws-robomaker-testcase-framework/simulation_ws/install/file_uploader_msgs/lib/python2.7/dist-packages/file_uploader_msgs/msg/_UploadFilesGoal.py
[11.792s] -- Installing: /home/ubuntu/environment/aws-robomaker-testcase-framework/simulation_ws/install/file_uploader_msgs/lib/python2.7/dist-packages/file_uploader_msgs/msg/_UploadFilesAction.py
[11.792s] -- Installing: /home/ubuntu/environment/aws-robomaker-testcase-framework/simulation_ws/install/file_uploader_msgs/lib/python2.7/dist-packages/file_uploader_msgs/msg/_S3Result.py
[11.793s] -- Installing: /home/ubuntu/environment/aws-robomaker-testcase-framework/simulation_ws/install/file_uploader_msgs/lib/python2.7/dist-packages/file_uploader_msgs/msg/_UploadFilesActionFeedback.pyc
[11.793s] -- Installing: /home/ubuntu/environment/aws-robomaker-testcase-framework/simulation_ws/install/file_uploader_msgs/lib/python2.7/dist-packages/file_uploader_msgs/msg/_UploadFilesActionResult.py
[11.793s] -- Installing: /home/ubuntu/environment/aws-robomaker-testcase-framework/simulation_ws/install/file_uploader_msgs/lib/python2.7/dist-packages/file_uploader_msgs/msg/__init__.pyc
[11.794s] -- Installing: /home/ubuntu/environment/aws-robomaker-testcase-framework/simulation_ws/install/file_uploader_msgs/lib/python2.7/dist-packages/file_uploader_msgs/msg/_UploadFilesFeedback.pyc
[11.794s] -- Installing: /home/ubuntu/environment/aws-robomaker-testcase-framework/simulation_ws/install/file_uploader_msgs/lib/python2.7/dist-packages/file_uploader_msgs/msg/_UploadFilesResult.pyc
[11.795s] -- Installing: /home/ubuntu/environment/aws-robomaker-testcase-framework/simulation_ws/install/file_uploader_msgs/lib/python2.7/dist-packages/file_uploader_msgs/msg/_UploadFilesFeedback.py
[11.795s] -- Installing: /home/ubuntu/environment/aws-robomaker-testcase-framework/simulation_ws/install/file_uploader_msgs/lib/python2.7/dist-packages/file_uploader_msgs/msg/_UploadFilesActionGoal.py
[11.795s] -- Installing: /home/ubuntu/environment/aws-robomaker-testcase-framework/simulation_ws/install/file_uploader_msgs/lib/python2.7/dist-packages/file_uploader_msgs/msg/_UploadFilesActionFeedback.py
[11.796s] -- Installing: /home/ubuntu/environment/aws-robomaker-testcase-framework/simulation_ws/install/file_uploader_msgs/lib/python2.7/dist-packages/file_uploader_msgs/msg/_UploadFilesResult.py
[11.796s] -- Installing: /home/ubuntu/environment/aws-robomaker-testcase-framework/simulation_ws/install/file_uploader_msgs/lib/python2.7/dist-packages/file_uploader_msgs/msg/_UploadFilesActionGoal.pyc
[11.796s] -- Installing: /home/ubuntu/environment/aws-robomaker-testcase-framework/simulation_ws/install/file_uploader_msgs/lib/python2.7/dist-packages/file_uploader_msgs/msg/_UploadFilesActionResult.pyc
[11.797s] -- Installing: /home/ubuntu/environment/aws-robomaker-testcase-framework/simulation_ws/install/file_uploader_msgs/lib/python2.7/dist-packages/file_uploader_msgs/msg/_S3Result.pyc
[11.797s] -- Installing: /home/ubuntu/environment/aws-robomaker-testcase-framework/simulation_ws/install/file_uploader_msgs/lib/python2.7/dist-packages/file_uploader_msgs/msg/_UploadFilesGoal.pyc
[11.797s] -- Installing: /home/ubuntu/environment/aws-robomaker-testcase-framework/simulation_ws/install/file_uploader_msgs/lib/python2.7/dist-packages/file_uploader_msgs/msg/_UploadFilesAction.pyc
[11.797s] -- Installing: /home/ubuntu/environment/aws-robomaker-testcase-framework/simulation_ws/install/file_uploader_msgs/lib/python2.7/dist-packages/file_uploader_msgs/msg/__init__.py
[11.798s] -- Installing: /home/ubuntu/environment/aws-robomaker-testcase-framework/simulation_ws/install/file_uploader_msgs/lib/python2.7/dist-packages/file_uploader_msgs/__init__.py
[11.798s] -- Installing: /home/ubuntu/environment/aws-robomaker-testcase-framework/simulation_ws/install/file_uploader_msgs/lib/pkgconfig/file_uploader_msgs.pc
[11.798s] -- Installing: /home/ubuntu/environment/aws-robomaker-testcase-framework/simulation_ws/install/file_uploader_msgs/share/file_uploader_msgs/cmake/file_uploader_msgs-msg-extras.cmake
[11.798s] -- Installing: /home/ubuntu/environment/aws-robomaker-testcase-framework/simulation_ws/install/file_uploader_msgs/share/file_uploader_msgs/cmake/file_uploader_msgsConfig.cmake
[11.799s] -- Installing: /home/ubuntu/environment/aws-robomaker-testcase-framework/simulation_ws/install/file_uploader_msgs/share/file_uploader_msgs/cmake/file_uploader_msgsConfig-version.cmake
[11.799s] -- Installing: /home/ubuntu/environment/aws-robomaker-testcase-framework/simulation_ws/install/file_uploader_msgs/share/file_uploader_msgs/package.xml
[11.814s] Invoked command in '/home/ubuntu/environment/aws-robomaker-testcase-framework/simulation_ws/build/file_uploader_msgs' returned '0': /usr/bin/cmake --build /home/ubuntu/environment/aws-robomaker-testcase-framework/simulation_ws/build/file_uploader_msgs --target install -- -j2 -l2
