[0.033s] Invoking command in '/home/ubuntu/environment/aws-robomaker-testcase-framework/simulation_ws/build/s3_common': /usr/bin/cmake /home/ubuntu/environment/aws-robomaker-testcase-framework/simulation_ws/src/rosbag-uploader-ros1/s3_common -DCMAKE_INSTALL_PREFIX=/home/ubuntu/environment/aws-robomaker-testcase-framework/simulation_ws/install/s3_common
[0.129s] -- The C compiler identification is GNU 7.5.0
[0.222s] -- The CXX compiler identification is GNU 7.5.0
[0.230s] -- Check for working C compiler: /usr/bin/cc
[0.337s] -- Check for working C compiler: /usr/bin/cc -- works
[0.338s] -- Detecting C compiler ABI info
[0.438s] -- Detecting C compiler ABI info - done
[0.455s] -- Detecting C compile features
[0.753s] -- Detecting C compile features - done
[0.758s] -- Check for working CXX compiler: /usr/bin/c++
[0.873s] -- Check for working CXX compiler: /usr/bin/c++ -- works
[0.875s] -- Detecting CXX compiler ABI info
[0.993s] -- Detecting CXX compiler ABI info - done
[1.009s] -- Detecting CXX compile features
[1.547s] -- Detecting CXX compile features - done
[1.555s] -- Performing Test R-Wno-long-long
[1.682s] -- Performing Test R-Wno-long-long - Success
[1.682s] -- Performing Test R-Wall
[1.843s] -- Performing Test R-Wall - Success
[1.849s] -- Performing Test R-Wextra
[2.021s] -- Performing Test R-Wextra - Success
[2.035s] -- Performing Test R-Wcast-align
[2.226s] -- Performing Test R-Wcast-align - Success
[2.233s] -- Performing Test R-Wcast-qual
[2.423s] -- Performing Test R-Wcast-qual - Success
[2.429s] -- Performing Test R-Wformat
[2.667s] -- Performing Test R-Wformat - Success
[2.679s] -- Performing Test R-Wwrite-strings
[2.899s] -- Performing Test R-Wwrite-strings - Success
[3.024s] -- Boost version: 1.65.1
[3.037s] -- TARGET_ARCH not specified; inferring host OS to be platform compilation target
[3.037s] -- Building AWS libraries as static objects
[3.038s] -- Generating linux build config
[3.042s] -- Building project version: 1.6.53
[3.047s] -- Found AWS SDK for C++, Version: 1.6.53, Install Root:/opt/ros/melodic, Platform Prefix:, Platform Dependent Libraries: pthread;crypto;ssl;z;curl
[3.064s] -- Using CATKIN_DEVEL_PREFIX: /home/ubuntu/environment/aws-robomaker-testcase-framework/simulation_ws/build/s3_common/devel
[3.064s] -- Using CMAKE_PREFIX_PATH: /home/ubuntu/environment/aws-robomaker-testcase-framework/simulation_ws/install/aws_robomaker_test_framework;/home/ubuntu/environment/aws-robomaker-testcase-framework/simulation_ws/install/robomaker_simulation_msgs;/opt/ros/melodic
[3.065s] -- This workspace overlays: /home/ubuntu/environment/aws-robomaker-testcase-framework/simulation_ws/install/aws_robomaker_test_framework;/home/ubuntu/environment/aws-robomaker-testcase-framework/simulation_ws/install/robomaker_simulation_msgs;/opt/ros/melodic
[3.113s] -- Found PythonInterp: /usr/bin/python2 (found suitable version "2.7.17", minimum required is "2") 
[3.113s] -- Using PYTHON_EXECUTABLE: /usr/bin/python2
[3.113s] -- Using Debian Python package layout
[3.114s] -- Using empy: /usr/bin/empy
[3.432s] -- Using CATKIN_ENABLE_TESTING: ON
[3.433s] -- Call enable_testing()
[3.436s] -- Using CATKIN_TEST_RESULTS_DIR: /home/ubuntu/environment/aws-robomaker-testcase-framework/simulation_ws/build/s3_common/test_results
[3.462s] -- Found gtest sources under '/usr/src/googletest': gtests will be built
[3.462s] -- Found gmock sources under '/usr/src/googletest': gmock will be built
[3.463s] CMake Warning (dev) at /usr/src/googletest/CMakeLists.txt:3 (project):
[3.464s]   Policy CMP0048 is not set: project() command manages VERSION variables.
[3.464s]   Run "cmake --help-policy CMP0048" for policy details.  Use the cmake_policy
[3.464s]   command to set the policy and suppress this warning.
[3.464s] 
[3.464s]   The following variable(s) would be set to empty:
[3.464s] 
[3.465s]     PROJECT_VERSION
[3.465s] This warning is for project developers.  Use -Wno-dev to suppress it.
[3.465s] 
[3.466s] CMake Warning (dev) at /usr/src/googletest/googlemock/CMakeLists.txt:40 (project):
[3.466s]   Policy CMP0048 is not set: project() command manages VERSION variables.
[3.466s]   Run "cmake --help-policy CMP0048" for policy details.  Use the cmake_policy
[3.467s]   command to set the policy and suppress this warning.
[3.467s] 
[3.467s]   The following variable(s) would be set to empty:
[3.467s] 
[3.467s]     PROJECT_VERSION
[3.468s] This warning is for project developers.  Use -Wno-dev to suppress it.
[3.468s] 
[3.469s] CMake Warning (dev) at /usr/src/googletest/googletest/CMakeLists.txt:47 (project):
[3.469s]   Policy CMP0048 is not set: project() command manages VERSION variables.
[3.469s]   Run "cmake --help-policy CMP0048" for policy details.  Use the cmake_policy
[3.469s]   command to set the policy and suppress this warning.
[3.470s] 
[3.470s]   The following variable(s) would be set to empty:
[3.470s] 
[3.470s]     PROJECT_VERSION
[3.470s] This warning is for project developers.  Use -Wno-dev to suppress it.
[3.470s] 
[3.488s] -- Found PythonInterp: /usr/bin/python2 (found version "2.7.17") 
[3.490s] -- Looking for pthread.h
[3.683s] -- Looking for pthread.h - found
[3.683s] -- Looking for pthread_create
[3.885s] -- Looking for pthread_create - not found
[3.885s] -- Looking for pthread_create in pthreads
[4.098s] -- Looking for pthread_create in pthreads - not found
[4.098s] -- Looking for pthread_create in pthread
[4.316s] -- Looking for pthread_create in pthread - found
[4.323s] -- Found Threads: TRUE  
[4.330s] -- Using Python nosetests: /usr/bin/nosetests-2.7
[4.403s] -- catkin 0.7.26
[4.403s] -- BUILD_SHARED_LIBS is on
[4.637s] -- Building tests using catkin
[4.654s] -- Configuring done
[4.692s] -- Generating done
[4.697s] -- Build files have been written to: /home/ubuntu/environment/aws-robomaker-testcase-framework/simulation_ws/build/s3_common
[4.708s] Invoked command in '/home/ubuntu/environment/aws-robomaker-testcase-framework/simulation_ws/build/s3_common' returned '0': /usr/bin/cmake /home/ubuntu/environment/aws-robomaker-testcase-framework/simulation_ws/src/rosbag-uploader-ros1/s3_common -DCMAKE_INSTALL_PREFIX=/home/ubuntu/environment/aws-robomaker-testcase-framework/simulation_ws/install/s3_common
[4.710s] Invoking command in '/home/ubuntu/environment/aws-robomaker-testcase-framework/simulation_ws/build/s3_common': /usr/bin/cmake --build /home/ubuntu/environment/aws-robomaker-testcase-framework/simulation_ws/build/s3_common -- -j2 -l2
[4.839s] [35m[1mScanning dependencies of target s3_common[0m
[5.023s] [ 25%] [32mBuilding CXX object CMakeFiles/s3_common.dir/src/s3_upload_manager.cpp.o[0m
[5.032s] [ 50%] [32mBuilding CXX object CMakeFiles/s3_common.dir/src/s3_facade.cpp.o[0m
[9.135s] [ 75%] [32mBuilding CXX object CMakeFiles/s3_common.dir/src/utils.cpp.o[0m
[9.886s] [100%] [32m[1mLinking CXX shared library libs3_common.so[0m
[10.137s] [35m[1mScanning dependencies of target gmock[0m
[10.190s] [ 33%] Built target s3_common
[10.219s] [ 41%] [32mBuilding CXX object gtest/googlemock/CMakeFiles/gmock.dir/src/gmock-all.cc.o[0m
[10.220s] [ 50%] [32mBuilding CXX object gtest/googlemock/CMakeFiles/gmock.dir/__/googletest/src/gtest-all.cc.o[0m
[14.473s] [ 58%] [32m[1mLinking CXX shared library libgmock.so[0m
[14.682s] [ 58%] Built target gmock
[14.698s] [35m[1mScanning dependencies of target test_s3_common[0m
[14.757s] [ 66%] [32mBuilding CXX object CMakeFiles/test_s3_common.dir/test/s3_facade_test.cpp.o[0m
[14.779s] [ 75%] [32mBuilding CXX object CMakeFiles/test_s3_common.dir/test/main_test.cpp.o[0m
[16.586s] [ 83%] [32mBuilding CXX object CMakeFiles/test_s3_common.dir/test/s3_upload_manager_test.cpp.o[0m
[22.079s] [ 91%] [32mBuilding CXX object CMakeFiles/test_s3_common.dir/test/utils_test.cpp.o[0m
[25.184s] [100%] [32m[1mLinking CXX executable devel/lib/s3_common/test_s3_common[0m
[25.752s] [100%] Built target test_s3_common
[25.787s] [35m[1mScanning dependencies of target tests[0m
[25.829s] [100%] Built target tests
[25.867s] Built target s3_common
[25.907s] Invoked command in '/home/ubuntu/environment/aws-robomaker-testcase-framework/simulation_ws/build/s3_common' returned '0': /usr/bin/cmake --build /home/ubuntu/environment/aws-robomaker-testcase-framework/simulation_ws/build/s3_common -- -j2 -l2
[26.335s] Invoking command in '/home/ubuntu/environment/aws-robomaker-testcase-framework/simulation_ws/build/s3_common': /usr/bin/cmake --build /home/ubuntu/environment/aws-robomaker-testcase-framework/simulation_ws/build/s3_common --target install -- -j2 -l2
[26.543s] [100%] Built target s3_common
[26.626s] [36mInstall the project...[0m
[26.641s] -- Install configuration: ""
[26.641s] -- Installing: /home/ubuntu/environment/aws-robomaker-testcase-framework/simulation_ws/install/s3_common/lib/libs3_common.so
[26.642s] -- Set runtime path of "/home/ubuntu/environment/aws-robomaker-testcase-framework/simulation_ws/install/s3_common/lib/libs3_common.so" to ""
[26.642s] -- Installing: /home/ubuntu/environment/aws-robomaker-testcase-framework/simulation_ws/install/s3_common/include
[26.643s] -- Installing: /home/ubuntu/environment/aws-robomaker-testcase-framework/simulation_ws/install/s3_common/include/s3_common
[26.643s] -- Installing: /home/ubuntu/environment/aws-robomaker-testcase-framework/simulation_ws/install/s3_common/include/s3_common/utils.h
[26.643s] -- Installing: /home/ubuntu/environment/aws-robomaker-testcase-framework/simulation_ws/install/s3_common/include/s3_common/s3_common_error_codes.h
[26.643s] -- Installing: /home/ubuntu/environment/aws-robomaker-testcase-framework/simulation_ws/install/s3_common/include/s3_common/s3_upload_manager.h
[26.643s] -- Installing: /home/ubuntu/environment/aws-robomaker-testcase-framework/simulation_ws/install/s3_common/include/s3_common/s3_facade.h
[26.643s] -- Installing: /home/ubuntu/environment/aws-robomaker-testcase-framework/simulation_ws/install/s3_common/share/s3_common/cmake/s3_commonConfig.cmake
[26.644s] -- Installing: /home/ubuntu/environment/aws-robomaker-testcase-framework/simulation_ws/install/s3_common/share/s3_common/cmake/s3_commonConfigVersion.cmake
[26.644s] -- Installing: /home/ubuntu/environment/aws-robomaker-testcase-framework/simulation_ws/install/s3_common/share/s3_common/cmake/s3_common-targets.cmake
[26.644s] -- Installing: /home/ubuntu/environment/aws-robomaker-testcase-framework/simulation_ws/install/s3_common/share/s3_common/cmake/s3_common-targets-noconfig.cmake
[26.653s] Invoked command in '/home/ubuntu/environment/aws-robomaker-testcase-framework/simulation_ws/build/s3_common' returned '0': /usr/bin/cmake --build /home/ubuntu/environment/aws-robomaker-testcase-framework/simulation_ws/build/s3_common --target install -- -j2 -l2
