[0.015s] Invoking command in '/home/ubuntu/environment/aws-robomaker-testcase-framework/simulation_ws/build/recorder_msgs': /usr/bin/cmake --build /home/ubuntu/environment/aws-robomaker-testcase-framework/simulation_ws/build/recorder_msgs -- -j2 -l2
[0.195s] [  0%] Built target _recorder_msgs_generate_messages_check_deps_RollingRecorderActionResult
[0.195s] [  0%] Built target _recorder_msgs_generate_messages_check_deps_DurationRecorderFeedback
[0.268s] [  0%] Built target std_msgs_generate_messages_eus
[0.314s] [  0%] Built target _recorder_msgs_generate_messages_check_deps_DurationRecorderGoal
[0.343s] [  0%] Built target actionlib_msgs_generate_messages_eus
[0.440s] [  0%] Built target _recorder_msgs_generate_messages_check_deps_RollingRecorderFeedback
[0.441s] [  0%] Built target _recorder_msgs_generate_messages_check_deps_RollingRecorderGoal
[0.539s] [  0%] Built target _recorder_msgs_generate_messages_check_deps_RollingRecorderResult
[0.557s] [  0%] Built target _recorder_msgs_generate_messages_check_deps_RollingRecorderActionGoal
[0.631s] [  0%] Built target _recorder_msgs_generate_messages_check_deps_DurationRecorderAction
[0.648s] [  0%] Built target _recorder_msgs_generate_messages_check_deps_DurationRecorderActionFeedback
[0.722s] [  0%] Built target _recorder_msgs_generate_messages_check_deps_RollingRecorderActionFeedback
[0.766s] [  0%] Built target _recorder_msgs_generate_messages_check_deps_RecorderStatus
[0.817s] [  0%] Built target _recorder_msgs_generate_messages_check_deps_DurationRecorderActionGoal
[0.883s] [  0%] Built target _recorder_msgs_generate_messages_check_deps_DurationRecorderActionResult
[0.923s] [  0%] Built target _recorder_msgs_generate_messages_check_deps_RecorderResult
[0.965s] [  0%] Built target _recorder_msgs_generate_messages_check_deps_RollingRecorderAction
[1.015s] [  0%] Built target _recorder_msgs_generate_messages_check_deps_DurationRecorderResult
[1.039s] [  0%] Built target std_msgs_generate_messages_py
[1.059s] [  0%] Built target actionlib_msgs_generate_messages_py
[1.107s] [  0%] Built target actionlib_msgs_generate_messages_lisp
[1.132s] [  0%] Built target std_msgs_generate_messages_lisp
[1.168s] [  0%] Built target std_msgs_generate_messages_nodejs
[1.185s] [  0%] Built target actionlib_msgs_generate_messages_nodejs
[1.230s] [  0%] Built target std_msgs_generate_messages_cpp
[1.231s] [  0%] Built target actionlib_msgs_generate_messages_cpp
[1.276s] [ 20%] Built target recorder_msgs_generate_messages_eus
[1.294s] [ 41%] Built target recorder_msgs_generate_messages_py
[1.329s] [ 60%] Built target recorder_msgs_generate_messages_lisp
[1.335s] [ 80%] Built target recorder_msgs_generate_messages_nodejs
[1.384s] [100%] Built target recorder_msgs_generate_messages_cpp
[1.432s] [100%] Built target recorder_msgs_generate_messages
[1.451s] Invoked command in '/home/ubuntu/environment/aws-robomaker-testcase-framework/simulation_ws/build/recorder_msgs' returned '0': /usr/bin/cmake --build /home/ubuntu/environment/aws-robomaker-testcase-framework/simulation_ws/build/recorder_msgs -- -j2 -l2
[1.601s] Invoking command in '/home/ubuntu/environment/aws-robomaker-testcase-framework/simulation_ws/build/recorder_msgs': /usr/bin/cmake --build /home/ubuntu/environment/aws-robomaker-testcase-framework/simulation_ws/build/recorder_msgs --target tests -- -j2 -l2
[1.779s] Built target tests
[1.801s] Invoked command in '/home/ubuntu/environment/aws-robomaker-testcase-framework/simulation_ws/build/recorder_msgs' returned '0': /usr/bin/cmake --build /home/ubuntu/environment/aws-robomaker-testcase-framework/simulation_ws/build/recorder_msgs --target tests -- -j2 -l2
[1.907s] Invoking command in '/home/ubuntu/environment/aws-robomaker-testcase-framework/simulation_ws/build/recorder_msgs': /usr/bin/cmake --build /home/ubuntu/environment/aws-robomaker-testcase-framework/simulation_ws/build/recorder_msgs --target install -- -j2 -l2
[2.089s] [  0%] Built target _recorder_msgs_generate_messages_check_deps_DurationRecorderFeedback
[2.117s] [  0%] Built target _recorder_msgs_generate_messages_check_deps_RollingRecorderActionResult
[2.187s] [  0%] Built target std_msgs_generate_messages_eus
[2.214s] [  0%] Built target _recorder_msgs_generate_messages_check_deps_DurationRecorderGoal
[2.221s] [  0%] Built target actionlib_msgs_generate_messages_eus
[2.320s] [  0%] Built target _recorder_msgs_generate_messages_check_deps_RollingRecorderGoal
[2.345s] [  0%] Built target _recorder_msgs_generate_messages_check_deps_RollingRecorderFeedback
[2.403s] [  0%] Built target _recorder_msgs_generate_messages_check_deps_RollingRecorderResult
[2.443s] [  0%] Built target _recorder_msgs_generate_messages_check_deps_RollingRecorderActionGoal
[2.515s] [  0%] Built target _recorder_msgs_generate_messages_check_deps_DurationRecorderAction
[2.535s] [  0%] Built target _recorder_msgs_generate_messages_check_deps_DurationRecorderActionFeedback
[2.598s] [  0%] Built target _recorder_msgs_generate_messages_check_deps_RollingRecorderActionFeedback
[2.665s] [  0%] Built target _recorder_msgs_generate_messages_check_deps_RecorderStatus
[2.705s] [  0%] Built target _recorder_msgs_generate_messages_check_deps_DurationRecorderActionGoal
[2.811s] [  0%] Built target _recorder_msgs_generate_messages_check_deps_DurationRecorderActionResult
[2.827s] [  0%] Built target _recorder_msgs_generate_messages_check_deps_RecorderResult
[2.977s] [  0%] Built target _recorder_msgs_generate_messages_check_deps_RollingRecorderAction
[2.986s] [  0%] Built target _recorder_msgs_generate_messages_check_deps_DurationRecorderResult
[3.024s] [  0%] Built target std_msgs_generate_messages_py
[3.040s] [  0%] Built target actionlib_msgs_generate_messages_py
[3.090s] [  0%] Built target std_msgs_generate_messages_lisp
[3.119s] [  0%] Built target actionlib_msgs_generate_messages_lisp
[3.163s] [  0%] Built target std_msgs_generate_messages_nodejs
[3.187s] [  0%] Built target actionlib_msgs_generate_messages_nodejs
[3.232s] [  0%] Built target actionlib_msgs_generate_messages_cpp
[3.255s] [  0%] Built target std_msgs_generate_messages_cpp
[3.307s] [ 20%] Built target recorder_msgs_generate_messages_eus
[3.330s] [ 41%] Built target recorder_msgs_generate_messages_py
[3.376s] [ 60%] Built target recorder_msgs_generate_messages_lisp
[3.398s] [ 80%] Built target recorder_msgs_generate_messages_nodejs
[3.432s] [100%] Built target recorder_msgs_generate_messages_cpp
[3.471s] [100%] Built target recorder_msgs_generate_messages
[3.519s] [36mInstall the project...[0m
[3.533s] -- Install configuration: ""
[3.535s] -- Up-to-date: /home/ubuntu/environment/aws-robomaker-testcase-framework/simulation_ws/install/recorder_msgs/share/recorder_msgs/action/DurationRecorder.action
[3.535s] -- Up-to-date: /home/ubuntu/environment/aws-robomaker-testcase-framework/simulation_ws/install/recorder_msgs/share/recorder_msgs/action/RollingRecorder.action
[3.535s] -- Up-to-date: /home/ubuntu/environment/aws-robomaker-testcase-framework/simulation_ws/install/recorder_msgs/share/recorder_msgs/msg/DurationRecorderAction.msg
[3.536s] -- Up-to-date: /home/ubuntu/environment/aws-robomaker-testcase-framework/simulation_ws/install/recorder_msgs/share/recorder_msgs/msg/DurationRecorderActionGoal.msg
[3.536s] -- Up-to-date: /home/ubuntu/environment/aws-robomaker-testcase-framework/simulation_ws/install/recorder_msgs/share/recorder_msgs/msg/DurationRecorderActionResult.msg
[3.536s] -- Up-to-date: /home/ubuntu/environment/aws-robomaker-testcase-framework/simulation_ws/install/recorder_msgs/share/recorder_msgs/msg/DurationRecorderActionFeedback.msg
[3.537s] -- Up-to-date: /home/ubuntu/environment/aws-robomaker-testcase-framework/simulation_ws/install/recorder_msgs/share/recorder_msgs/msg/DurationRecorderGoal.msg
[3.537s] -- Up-to-date: /home/ubuntu/environment/aws-robomaker-testcase-framework/simulation_ws/install/recorder_msgs/share/recorder_msgs/msg/DurationRecorderResult.msg
[3.537s] -- Up-to-date: /home/ubuntu/environment/aws-robomaker-testcase-framework/simulation_ws/install/recorder_msgs/share/recorder_msgs/msg/DurationRecorderFeedback.msg
[3.538s] -- Up-to-date: /home/ubuntu/environment/aws-robomaker-testcase-framework/simulation_ws/install/recorder_msgs/share/recorder_msgs/msg/RollingRecorderAction.msg
[3.538s] -- Up-to-date: /home/ubuntu/environment/aws-robomaker-testcase-framework/simulation_ws/install/recorder_msgs/share/recorder_msgs/msg/RollingRecorderActionGoal.msg
[3.538s] -- Up-to-date: /home/ubuntu/environment/aws-robomaker-testcase-framework/simulation_ws/install/recorder_msgs/share/recorder_msgs/msg/RollingRecorderActionResult.msg
[3.538s] -- Up-to-date: /home/ubuntu/environment/aws-robomaker-testcase-framework/simulation_ws/install/recorder_msgs/share/recorder_msgs/msg/RollingRecorderActionFeedback.msg
[3.539s] -- Up-to-date: /home/ubuntu/environment/aws-robomaker-testcase-framework/simulation_ws/install/recorder_msgs/share/recorder_msgs/msg/RollingRecorderGoal.msg
[3.539s] -- Up-to-date: /home/ubuntu/environment/aws-robomaker-testcase-framework/simulation_ws/install/recorder_msgs/share/recorder_msgs/msg/RollingRecorderResult.msg
[3.539s] -- Up-to-date: /home/ubuntu/environment/aws-robomaker-testcase-framework/simulation_ws/install/recorder_msgs/share/recorder_msgs/msg/RollingRecorderFeedback.msg
[3.539s] -- Up-to-date: /home/ubuntu/environment/aws-robomaker-testcase-framework/simulation_ws/install/recorder_msgs/share/recorder_msgs/msg/RecorderStatus.msg
[3.540s] -- Up-to-date: /home/ubuntu/environment/aws-robomaker-testcase-framework/simulation_ws/install/recorder_msgs/share/recorder_msgs/msg/RecorderResult.msg
[3.540s] -- Up-to-date: /home/ubuntu/environment/aws-robomaker-testcase-framework/simulation_ws/install/recorder_msgs/share/recorder_msgs/cmake/recorder_msgs-msg-paths.cmake
[3.540s] -- Up-to-date: /home/ubuntu/environment/aws-robomaker-testcase-framework/simulation_ws/install/recorder_msgs/include/recorder_msgs
[3.541s] -- Up-to-date: /home/ubuntu/environment/aws-robomaker-testcase-framework/simulation_ws/install/recorder_msgs/include/recorder_msgs/DurationRecorderResult.h
[3.541s] -- Up-to-date: /home/ubuntu/environment/aws-robomaker-testcase-framework/simulation_ws/install/recorder_msgs/include/recorder_msgs/DurationRecorderActionResult.h
[3.541s] -- Up-to-date: /home/ubuntu/environment/aws-robomaker-testcase-framework/simulation_ws/install/recorder_msgs/include/recorder_msgs/RollingRecorderFeedback.h
[3.541s] -- Up-to-date: /home/ubuntu/environment/aws-robomaker-testcase-framework/simulation_ws/install/recorder_msgs/include/recorder_msgs/RollingRecorderActionFeedback.h
[3.541s] -- Up-to-date: /home/ubuntu/environment/aws-robomaker-testcase-framework/simulation_ws/install/recorder_msgs/include/recorder_msgs/RollingRecorderResult.h
[3.542s] -- Up-to-date: /home/ubuntu/environment/aws-robomaker-testcase-framework/simulation_ws/install/recorder_msgs/include/recorder_msgs/RollingRecorderActionGoal.h
[3.542s] -- Up-to-date: /home/ubuntu/environment/aws-robomaker-testcase-framework/simulation_ws/install/recorder_msgs/include/recorder_msgs/DurationRecorderActionGoal.h
[3.542s] -- Up-to-date: /home/ubuntu/environment/aws-robomaker-testcase-framework/simulation_ws/install/recorder_msgs/include/recorder_msgs/RollingRecorderGoal.h
[3.542s] -- Up-to-date: /home/ubuntu/environment/aws-robomaker-testcase-framework/simulation_ws/install/recorder_msgs/include/recorder_msgs/RollingRecorderAction.h
[3.542s] -- Up-to-date: /home/ubuntu/environment/aws-robomaker-testcase-framework/simulation_ws/install/recorder_msgs/include/recorder_msgs/RecorderResult.h
[3.543s] -- Up-to-date: /home/ubuntu/environment/aws-robomaker-testcase-framework/simulation_ws/install/recorder_msgs/include/recorder_msgs/DurationRecorderGoal.h
[3.543s] -- Up-to-date: /home/ubuntu/environment/aws-robomaker-testcase-framework/simulation_ws/install/recorder_msgs/include/recorder_msgs/DurationRecorderAction.h
[3.543s] -- Up-to-date: /home/ubuntu/environment/aws-robomaker-testcase-framework/simulation_ws/install/recorder_msgs/include/recorder_msgs/DurationRecorderFeedback.h
[3.543s] -- Up-to-date: /home/ubuntu/environment/aws-robomaker-testcase-framework/simulation_ws/install/recorder_msgs/include/recorder_msgs/RollingRecorderActionResult.h
[3.543s] -- Up-to-date: /home/ubuntu/environment/aws-robomaker-testcase-framework/simulation_ws/install/recorder_msgs/include/recorder_msgs/RecorderStatus.h
[3.544s] -- Up-to-date: /home/ubuntu/environment/aws-robomaker-testcase-framework/simulation_ws/install/recorder_msgs/include/recorder_msgs/DurationRecorderActionFeedback.h
[3.544s] -- Up-to-date: /home/ubuntu/environment/aws-robomaker-testcase-framework/simulation_ws/install/recorder_msgs/share/roseus/ros/recorder_msgs
[3.544s] -- Up-to-date: /home/ubuntu/environment/aws-robomaker-testcase-framework/simulation_ws/install/recorder_msgs/share/roseus/ros/recorder_msgs/manifest.l
[3.545s] -- Up-to-date: /home/ubuntu/environment/aws-robomaker-testcase-framework/simulation_ws/install/recorder_msgs/share/roseus/ros/recorder_msgs/msg
[3.545s] -- Up-to-date: /home/ubuntu/environment/aws-robomaker-testcase-framework/simulation_ws/install/recorder_msgs/share/roseus/ros/recorder_msgs/msg/DurationRecorderFeedback.l
[3.546s] -- Up-to-date: /home/ubuntu/environment/aws-robomaker-testcase-framework/simulation_ws/install/recorder_msgs/share/roseus/ros/recorder_msgs/msg/RollingRecorderActionFeedback.l
[3.546s] -- Up-to-date: /home/ubuntu/environment/aws-robomaker-testcase-framework/simulation_ws/install/recorder_msgs/share/roseus/ros/recorder_msgs/msg/RecorderStatus.l
[3.546s] -- Up-to-date: /home/ubuntu/environment/aws-robomaker-testcase-framework/simulation_ws/install/recorder_msgs/share/roseus/ros/recorder_msgs/msg/RollingRecorderResult.l
[3.546s] -- Up-to-date: /home/ubuntu/environment/aws-robomaker-testcase-framework/simulation_ws/install/recorder_msgs/share/roseus/ros/recorder_msgs/msg/DurationRecorderActionResult.l
[3.547s] -- Up-to-date: /home/ubuntu/environment/aws-robomaker-testcase-framework/simulation_ws/install/recorder_msgs/share/roseus/ros/recorder_msgs/msg/RollingRecorderFeedback.l
[3.547s] -- Up-to-date: /home/ubuntu/environment/aws-robomaker-testcase-framework/simulation_ws/install/recorder_msgs/share/roseus/ros/recorder_msgs/msg/DurationRecorderActionGoal.l
[3.547s] -- Up-to-date: /home/ubuntu/environment/aws-robomaker-testcase-framework/simulation_ws/install/recorder_msgs/share/roseus/ros/recorder_msgs/msg/RollingRecorderActionGoal.l
[3.547s] -- Up-to-date: /home/ubuntu/environment/aws-robomaker-testcase-framework/simulation_ws/install/recorder_msgs/share/roseus/ros/recorder_msgs/msg/RollingRecorderAction.l
[3.551s] -- Up-to-date: /home/ubuntu/environment/aws-robomaker-testcase-framework/simulation_ws/install/recorder_msgs/share/roseus/ros/recorder_msgs/msg/DurationRecorderGoal.l
[3.551s] -- Up-to-date: /home/ubuntu/environment/aws-robomaker-testcase-framework/simulation_ws/install/recorder_msgs/share/roseus/ros/recorder_msgs/msg/DurationRecorderResult.l
[3.552s] -- Up-to-date: /home/ubuntu/environment/aws-robomaker-testcase-framework/simulation_ws/install/recorder_msgs/share/roseus/ros/recorder_msgs/msg/RollingRecorderGoal.l
[3.552s] -- Up-to-date: /home/ubuntu/environment/aws-robomaker-testcase-framework/simulation_ws/install/recorder_msgs/share/roseus/ros/recorder_msgs/msg/RecorderResult.l
[3.552s] -- Up-to-date: /home/ubuntu/environment/aws-robomaker-testcase-framework/simulation_ws/install/recorder_msgs/share/roseus/ros/recorder_msgs/msg/DurationRecorderAction.l
[3.553s] -- Up-to-date: /home/ubuntu/environment/aws-robomaker-testcase-framework/simulation_ws/install/recorder_msgs/share/roseus/ros/recorder_msgs/msg/DurationRecorderActionFeedback.l
[3.553s] -- Up-to-date: /home/ubuntu/environment/aws-robomaker-testcase-framework/simulation_ws/install/recorder_msgs/share/roseus/ros/recorder_msgs/msg/RollingRecorderActionResult.l
[3.553s] -- Up-to-date: /home/ubuntu/environment/aws-robomaker-testcase-framework/simulation_ws/install/recorder_msgs/share/common-lisp/ros/recorder_msgs
[3.553s] -- Up-to-date: /home/ubuntu/environment/aws-robomaker-testcase-framework/simulation_ws/install/recorder_msgs/share/common-lisp/ros/recorder_msgs/msg
[3.554s] -- Up-to-date: /home/ubuntu/environment/aws-robomaker-testcase-framework/simulation_ws/install/recorder_msgs/share/common-lisp/ros/recorder_msgs/msg/_package_RollingRecorderActionGoal.lisp
[3.554s] -- Up-to-date: /home/ubuntu/environment/aws-robomaker-testcase-framework/simulation_ws/install/recorder_msgs/share/common-lisp/ros/recorder_msgs/msg/_package.lisp
[3.554s] -- Up-to-date: /home/ubuntu/environment/aws-robomaker-testcase-framework/simulation_ws/install/recorder_msgs/share/common-lisp/ros/recorder_msgs/msg/RollingRecorderResult.lisp
[3.554s] -- Up-to-date: /home/ubuntu/environment/aws-robomaker-testcase-framework/simulation_ws/install/recorder_msgs/share/common-lisp/ros/recorder_msgs/msg/_package_RollingRecorderActionResult.lisp
[3.554s] -- Up-to-date: /home/ubuntu/environment/aws-robomaker-testcase-framework/simulation_ws/install/recorder_msgs/share/common-lisp/ros/recorder_msgs/msg/_package_RollingRecorderGoal.lisp
[3.554s] -- Up-to-date: /home/ubuntu/environment/aws-robomaker-testcase-framework/simulation_ws/install/recorder_msgs/share/common-lisp/ros/recorder_msgs/msg/DurationRecorderAction.lisp
[3.554s] -- Up-to-date: /home/ubuntu/environment/aws-robomaker-testcase-framework/simulation_ws/install/recorder_msgs/share/common-lisp/ros/recorder_msgs/msg/_package_DurationRecorderFeedback.lisp
[3.554s] -- Up-to-date: /home/ubuntu/environment/aws-robomaker-testcase-framework/simulation_ws/install/recorder_msgs/share/common-lisp/ros/recorder_msgs/msg/RollingRecorderAction.lisp
[3.554s] -- Up-to-date: /home/ubuntu/environment/aws-robomaker-testcase-framework/simulation_ws/install/recorder_msgs/share/common-lisp/ros/recorder_msgs/msg/DurationRecorderActionResult.lisp
[3.555s] -- Up-to-date: /home/ubuntu/environment/aws-robomaker-testcase-framework/simulation_ws/install/recorder_msgs/share/common-lisp/ros/recorder_msgs/msg/DurationRecorderGoal.lisp
[3.555s] -- Up-to-date: /home/ubuntu/environment/aws-robomaker-testcase-framework/simulation_ws/install/recorder_msgs/share/common-lisp/ros/recorder_msgs/msg/_package_DurationRecorderActionFeedback.lisp
[3.555s] -- Up-to-date: /home/ubuntu/environment/aws-robomaker-testcase-framework/simulation_ws/install/recorder_msgs/share/common-lisp/ros/recorder_msgs/msg/DurationRecorderResult.lisp
[3.555s] -- Up-to-date: /home/ubuntu/environment/aws-robomaker-testcase-framework/simulation_ws/install/recorder_msgs/share/common-lisp/ros/recorder_msgs/msg/_package_RecorderResult.lisp
[3.555s] -- Up-to-date: /home/ubuntu/environment/aws-robomaker-testcase-framework/simulation_ws/install/recorder_msgs/share/common-lisp/ros/recorder_msgs/msg/_package_DurationRecorderResult.lisp
[3.555s] -- Up-to-date: /home/ubuntu/environment/aws-robomaker-testcase-framework/simulation_ws/install/recorder_msgs/share/common-lisp/ros/recorder_msgs/msg/RollingRecorderFeedback.lisp
[3.555s] -- Up-to-date: /home/ubuntu/environment/aws-robomaker-testcase-framework/simulation_ws/install/recorder_msgs/share/common-lisp/ros/recorder_msgs/msg/_package_DurationRecorderGoal.lisp
[3.555s] -- Up-to-date: /home/ubuntu/environment/aws-robomaker-testcase-framework/simulation_ws/install/recorder_msgs/share/common-lisp/ros/recorder_msgs/msg/RollingRecorderActionFeedback.lisp
[3.555s] -- Up-to-date: /home/ubuntu/environment/aws-robomaker-testcase-framework/simulation_ws/install/recorder_msgs/share/common-lisp/ros/recorder_msgs/msg/_package_DurationRecorderActionResult.lisp
[3.556s] -- Up-to-date: /home/ubuntu/environment/aws-robomaker-testcase-framework/simulation_ws/install/recorder_msgs/share/common-lisp/ros/recorder_msgs/msg/RollingRecorderActionResult.lisp
[3.556s] -- Up-to-date: /home/ubuntu/environment/aws-robomaker-testcase-framework/simulation_ws/install/recorder_msgs/share/common-lisp/ros/recorder_msgs/msg/_package_RecorderStatus.lisp
[3.556s] -- Up-to-date: /home/ubuntu/environment/aws-robomaker-testcase-framework/simulation_ws/install/recorder_msgs/share/common-lisp/ros/recorder_msgs/msg/RecorderResult.lisp
[3.556s] -- Up-to-date: /home/ubuntu/environment/aws-robomaker-testcase-framework/simulation_ws/install/recorder_msgs/share/common-lisp/ros/recorder_msgs/msg/DurationRecorderActionGoal.lisp
[3.556s] -- Up-to-date: /home/ubuntu/environment/aws-robomaker-testcase-framework/simulation_ws/install/recorder_msgs/share/common-lisp/ros/recorder_msgs/msg/DurationRecorderFeedback.lisp
[3.556s] -- Up-to-date: /home/ubuntu/environment/aws-robomaker-testcase-framework/simulation_ws/install/recorder_msgs/share/common-lisp/ros/recorder_msgs/msg/_package_DurationRecorderActionGoal.lisp
[3.556s] -- Up-to-date: /home/ubuntu/environment/aws-robomaker-testcase-framework/simulation_ws/install/recorder_msgs/share/common-lisp/ros/recorder_msgs/msg/DurationRecorderActionFeedback.lisp
[3.556s] -- Up-to-date: /home/ubuntu/environment/aws-robomaker-testcase-framework/simulation_ws/install/recorder_msgs/share/common-lisp/ros/recorder_msgs/msg/recorder_msgs-msg.asd
[3.557s] -- Up-to-date: /home/ubuntu/environment/aws-robomaker-testcase-framework/simulation_ws/install/recorder_msgs/share/common-lisp/ros/recorder_msgs/msg/_package_RollingRecorderFeedback.lisp
[3.557s] -- Up-to-date: /home/ubuntu/environment/aws-robomaker-testcase-framework/simulation_ws/install/recorder_msgs/share/common-lisp/ros/recorder_msgs/msg/RollingRecorderGoal.lisp
[3.557s] -- Up-to-date: /home/ubuntu/environment/aws-robomaker-testcase-framework/simulation_ws/install/recorder_msgs/share/common-lisp/ros/recorder_msgs/msg/RecorderStatus.lisp
[3.557s] -- Up-to-date: /home/ubuntu/environment/aws-robomaker-testcase-framework/simulation_ws/install/recorder_msgs/share/common-lisp/ros/recorder_msgs/msg/_package_RollingRecorderActionFeedback.lisp
[3.557s] -- Up-to-date: /home/ubuntu/environment/aws-robomaker-testcase-framework/simulation_ws/install/recorder_msgs/share/common-lisp/ros/recorder_msgs/msg/_package_DurationRecorderAction.lisp
[3.557s] -- Up-to-date: /home/ubuntu/environment/aws-robomaker-testcase-framework/simulation_ws/install/recorder_msgs/share/common-lisp/ros/recorder_msgs/msg/_package_RollingRecorderAction.lisp
[3.557s] -- Up-to-date: /home/ubuntu/environment/aws-robomaker-testcase-framework/simulation_ws/install/recorder_msgs/share/common-lisp/ros/recorder_msgs/msg/RollingRecorderActionGoal.lisp
[3.557s] -- Up-to-date: /home/ubuntu/environment/aws-robomaker-testcase-framework/simulation_ws/install/recorder_msgs/share/common-lisp/ros/recorder_msgs/msg/_package_RollingRecorderResult.lisp
[3.557s] -- Up-to-date: /home/ubuntu/environment/aws-robomaker-testcase-framework/simulation_ws/install/recorder_msgs/share/gennodejs/ros/recorder_msgs
[3.557s] -- Up-to-date: /home/ubuntu/environment/aws-robomaker-testcase-framework/simulation_ws/install/recorder_msgs/share/gennodejs/ros/recorder_msgs/_index.js
[3.558s] -- Up-to-date: /home/ubuntu/environment/aws-robomaker-testcase-framework/simulation_ws/install/recorder_msgs/share/gennodejs/ros/recorder_msgs/msg
[3.558s] -- Up-to-date: /home/ubuntu/environment/aws-robomaker-testcase-framework/simulation_ws/install/recorder_msgs/share/gennodejs/ros/recorder_msgs/msg/RecorderResult.js
[3.558s] -- Up-to-date: /home/ubuntu/environment/aws-robomaker-testcase-framework/simulation_ws/install/recorder_msgs/share/gennodejs/ros/recorder_msgs/msg/RollingRecorderActionGoal.js
[3.558s] -- Up-to-date: /home/ubuntu/environment/aws-robomaker-testcase-framework/simulation_ws/install/recorder_msgs/share/gennodejs/ros/recorder_msgs/msg/RollingRecorderActionFeedback.js
[3.566s] -- Up-to-date: /home/ubuntu/environment/aws-robomaker-testcase-framework/simulation_ws/install/recorder_msgs/share/gennodejs/ros/recorder_msgs/msg/DurationRecorderGoal.js
[3.566s] -- Up-to-date: /home/ubuntu/environment/aws-robomaker-testcase-framework/simulation_ws/install/recorder_msgs/share/gennodejs/ros/recorder_msgs/msg/_index.js
[3.566s] -- Up-to-date: /home/ubuntu/environment/aws-robomaker-testcase-framework/simulation_ws/install/recorder_msgs/share/gennodejs/ros/recorder_msgs/msg/DurationRecorderActionFeedback.js
[3.566s] -- Up-to-date: /home/ubuntu/environment/aws-robomaker-testcase-framework/simulation_ws/install/recorder_msgs/share/gennodejs/ros/recorder_msgs/msg/RollingRecorderAction.js
[3.567s] -- Up-to-date: /home/ubuntu/environment/aws-robomaker-testcase-framework/simulation_ws/install/recorder_msgs/share/gennodejs/ros/recorder_msgs/msg/DurationRecorderResult.js
[3.567s] -- Up-to-date: /home/ubuntu/environment/aws-robomaker-testcase-framework/simulation_ws/install/recorder_msgs/share/gennodejs/ros/recorder_msgs/msg/RollingRecorderGoal.js
[3.567s] -- Up-to-date: /home/ubuntu/environment/aws-robomaker-testcase-framework/simulation_ws/install/recorder_msgs/share/gennodejs/ros/recorder_msgs/msg/RecorderStatus.js
[3.567s] -- Up-to-date: /home/ubuntu/environment/aws-robomaker-testcase-framework/simulation_ws/install/recorder_msgs/share/gennodejs/ros/recorder_msgs/msg/DurationRecorderActionGoal.js
[3.567s] -- Up-to-date: /home/ubuntu/environment/aws-robomaker-testcase-framework/simulation_ws/install/recorder_msgs/share/gennodejs/ros/recorder_msgs/msg/DurationRecorderAction.js
[3.567s] -- Up-to-date: /home/ubuntu/environment/aws-robomaker-testcase-framework/simulation_ws/install/recorder_msgs/share/gennodejs/ros/recorder_msgs/msg/RollingRecorderActionResult.js
[3.567s] -- Up-to-date: /home/ubuntu/environment/aws-robomaker-testcase-framework/simulation_ws/install/recorder_msgs/share/gennodejs/ros/recorder_msgs/msg/DurationRecorderFeedback.js
[3.567s] -- Up-to-date: /home/ubuntu/environment/aws-robomaker-testcase-framework/simulation_ws/install/recorder_msgs/share/gennodejs/ros/recorder_msgs/msg/DurationRecorderActionResult.js
[3.568s] -- Up-to-date: /home/ubuntu/environment/aws-robomaker-testcase-framework/simulation_ws/install/recorder_msgs/share/gennodejs/ros/recorder_msgs/msg/RollingRecorderResult.js
[3.568s] -- Up-to-date: /home/ubuntu/environment/aws-robomaker-testcase-framework/simulation_ws/install/recorder_msgs/share/gennodejs/ros/recorder_msgs/msg/RollingRecorderFeedback.js
[3.575s] Listing /home/ubuntu/environment/aws-robomaker-testcase-framework/simulation_ws/build/recorder_msgs/devel/lib/python2.7/dist-packages/recorder_msgs ...
[3.575s] Listing /home/ubuntu/environment/aws-robomaker-testcase-framework/simulation_ws/build/recorder_msgs/devel/lib/python2.7/dist-packages/recorder_msgs/msg ...
[3.577s] -- Up-to-date: /home/ubuntu/environment/aws-robomaker-testcase-framework/simulation_ws/install/recorder_msgs/lib/python2.7/dist-packages/recorder_msgs
[3.578s] -- Up-to-date: /home/ubuntu/environment/aws-robomaker-testcase-framework/simulation_ws/install/recorder_msgs/lib/python2.7/dist-packages/recorder_msgs/__init__.pyc
[3.578s] -- Up-to-date: /home/ubuntu/environment/aws-robomaker-testcase-framework/simulation_ws/install/recorder_msgs/lib/python2.7/dist-packages/recorder_msgs/msg
[3.578s] -- Up-to-date: /home/ubuntu/environment/aws-robomaker-testcase-framework/simulation_ws/install/recorder_msgs/lib/python2.7/dist-packages/recorder_msgs/msg/_RollingRecorderActionFeedback.pyc
[3.578s] -- Up-to-date: /home/ubuntu/environment/aws-robomaker-testcase-framework/simulation_ws/install/recorder_msgs/lib/python2.7/dist-packages/recorder_msgs/msg/_DurationRecorderFeedback.pyc
[3.578s] -- Up-to-date: /home/ubuntu/environment/aws-robomaker-testcase-framework/simulation_ws/install/recorder_msgs/lib/python2.7/dist-packages/recorder_msgs/msg/_RollingRecorderResult.pyc
[3.578s] -- Up-to-date: /home/ubuntu/environment/aws-robomaker-testcase-framework/simulation_ws/install/recorder_msgs/lib/python2.7/dist-packages/recorder_msgs/msg/_DurationRecorderActionResult.py
[3.579s] -- Up-to-date: /home/ubuntu/environment/aws-robomaker-testcase-framework/simulation_ws/install/recorder_msgs/lib/python2.7/dist-packages/recorder_msgs/msg/_DurationRecorderActionFeedback.py
[3.579s] -- Up-to-date: /home/ubuntu/environment/aws-robomaker-testcase-framework/simulation_ws/install/recorder_msgs/lib/python2.7/dist-packages/recorder_msgs/msg/_RollingRecorderAction.py
[3.579s] -- Up-to-date: /home/ubuntu/environment/aws-robomaker-testcase-framework/simulation_ws/install/recorder_msgs/lib/python2.7/dist-packages/recorder_msgs/msg/_RollingRecorderGoal.pyc
[3.579s] -- Up-to-date: /home/ubuntu/environment/aws-robomaker-testcase-framework/simulation_ws/install/recorder_msgs/lib/python2.7/dist-packages/recorder_msgs/msg/_RollingRecorderActionGoal.py
[3.579s] -- Up-to-date: /home/ubuntu/environment/aws-robomaker-testcase-framework/simulation_ws/install/recorder_msgs/lib/python2.7/dist-packages/recorder_msgs/msg/__init__.pyc
[3.579s] -- Up-to-date: /home/ubuntu/environment/aws-robomaker-testcase-framework/simulation_ws/install/recorder_msgs/lib/python2.7/dist-packages/recorder_msgs/msg/_RecorderStatus.py
[3.579s] -- Up-to-date: /home/ubuntu/environment/aws-robomaker-testcase-framework/simulation_ws/install/recorder_msgs/lib/python2.7/dist-packages/recorder_msgs/msg/_RecorderStatus.pyc
[3.579s] -- Up-to-date: /home/ubuntu/environment/aws-robomaker-testcase-framework/simulation_ws/install/recorder_msgs/lib/python2.7/dist-packages/recorder_msgs/msg/_DurationRecorderAction.py
[3.579s] -- Up-to-date: /home/ubuntu/environment/aws-robomaker-testcase-framework/simulation_ws/install/recorder_msgs/lib/python2.7/dist-packages/recorder_msgs/msg/_DurationRecorderFeedback.py
[3.580s] -- Up-to-date: /home/ubuntu/environment/aws-robomaker-testcase-framework/simulation_ws/install/recorder_msgs/lib/python2.7/dist-packages/recorder_msgs/msg/_DurationRecorderActionGoal.pyc
[3.580s] -- Up-to-date: /home/ubuntu/environment/aws-robomaker-testcase-framework/simulation_ws/install/recorder_msgs/lib/python2.7/dist-packages/recorder_msgs/msg/_DurationRecorderResult.pyc
[3.580s] -- Up-to-date: /home/ubuntu/environment/aws-robomaker-testcase-framework/simulation_ws/install/recorder_msgs/lib/python2.7/dist-packages/recorder_msgs/msg/_RollingRecorderActionResult.pyc
[3.580s] -- Up-to-date: /home/ubuntu/environment/aws-robomaker-testcase-framework/simulation_ws/install/recorder_msgs/lib/python2.7/dist-packages/recorder_msgs/msg/_RollingRecorderFeedback.pyc
[3.580s] -- Up-to-date: /home/ubuntu/environment/aws-robomaker-testcase-framework/simulation_ws/install/recorder_msgs/lib/python2.7/dist-packages/recorder_msgs/msg/_DurationRecorderResult.py
[3.580s] -- Up-to-date: /home/ubuntu/environment/aws-robomaker-testcase-framework/simulation_ws/install/recorder_msgs/lib/python2.7/dist-packages/recorder_msgs/msg/_DurationRecorderActionFeedback.pyc
[3.580s] -- Up-to-date: /home/ubuntu/environment/aws-robomaker-testcase-framework/simulation_ws/install/recorder_msgs/lib/python2.7/dist-packages/recorder_msgs/msg/_DurationRecorderAction.pyc
[3.580s] -- Up-to-date: /home/ubuntu/environment/aws-robomaker-testcase-framework/simulation_ws/install/recorder_msgs/lib/python2.7/dist-packages/recorder_msgs/msg/_RecorderResult.pyc
[3.581s] -- Up-to-date: /home/ubuntu/environment/aws-robomaker-testcase-framework/simulation_ws/install/recorder_msgs/lib/python2.7/dist-packages/recorder_msgs/msg/_DurationRecorderActionResult.pyc
[3.581s] -- Up-to-date: /home/ubuntu/environment/aws-robomaker-testcase-framework/simulation_ws/install/recorder_msgs/lib/python2.7/dist-packages/recorder_msgs/msg/_RecorderResult.py
[3.581s] -- Up-to-date: /home/ubuntu/environment/aws-robomaker-testcase-framework/simulation_ws/install/recorder_msgs/lib/python2.7/dist-packages/recorder_msgs/msg/_RollingRecorderGoal.py
[3.581s] -- Up-to-date: /home/ubuntu/environment/aws-robomaker-testcase-framework/simulation_ws/install/recorder_msgs/lib/python2.7/dist-packages/recorder_msgs/msg/_RollingRecorderFeedback.py
[3.581s] -- Up-to-date: /home/ubuntu/environment/aws-robomaker-testcase-framework/simulation_ws/install/recorder_msgs/lib/python2.7/dist-packages/recorder_msgs/msg/_RollingRecorderResult.py
[3.581s] -- Up-to-date: /home/ubuntu/environment/aws-robomaker-testcase-framework/simulation_ws/install/recorder_msgs/lib/python2.7/dist-packages/recorder_msgs/msg/__init__.py
[3.581s] -- Up-to-date: /home/ubuntu/environment/aws-robomaker-testcase-framework/simulation_ws/install/recorder_msgs/lib/python2.7/dist-packages/recorder_msgs/msg/_RollingRecorderActionGoal.pyc
[3.581s] -- Up-to-date: /home/ubuntu/environment/aws-robomaker-testcase-framework/simulation_ws/install/recorder_msgs/lib/python2.7/dist-packages/recorder_msgs/msg/_DurationRecorderGoal.py
[3.581s] -- Up-to-date: /home/ubuntu/environment/aws-robomaker-testcase-framework/simulation_ws/install/recorder_msgs/lib/python2.7/dist-packages/recorder_msgs/msg/_RollingRecorderActionFeedback.py
[3.581s] -- Up-to-date: /home/ubuntu/environment/aws-robomaker-testcase-framework/simulation_ws/install/recorder_msgs/lib/python2.7/dist-packages/recorder_msgs/msg/_RollingRecorderAction.pyc
[3.582s] -- Up-to-date: /home/ubuntu/environment/aws-robomaker-testcase-framework/simulation_ws/install/recorder_msgs/lib/python2.7/dist-packages/recorder_msgs/msg/_RollingRecorderActionResult.py
[3.582s] -- Up-to-date: /home/ubuntu/environment/aws-robomaker-testcase-framework/simulation_ws/install/recorder_msgs/lib/python2.7/dist-packages/recorder_msgs/msg/_DurationRecorderGoal.pyc
[3.582s] -- Up-to-date: /home/ubuntu/environment/aws-robomaker-testcase-framework/simulation_ws/install/recorder_msgs/lib/python2.7/dist-packages/recorder_msgs/msg/_DurationRecorderActionGoal.py
[3.582s] -- Up-to-date: /home/ubuntu/environment/aws-robomaker-testcase-framework/simulation_ws/install/recorder_msgs/lib/python2.7/dist-packages/recorder_msgs/__init__.py
[3.582s] -- Up-to-date: /home/ubuntu/environment/aws-robomaker-testcase-framework/simulation_ws/install/recorder_msgs/lib/pkgconfig/recorder_msgs.pc
[3.582s] -- Up-to-date: /home/ubuntu/environment/aws-robomaker-testcase-framework/simulation_ws/install/recorder_msgs/share/recorder_msgs/cmake/recorder_msgs-msg-extras.cmake
[3.582s] -- Up-to-date: /home/ubuntu/environment/aws-robomaker-testcase-framework/simulation_ws/install/recorder_msgs/share/recorder_msgs/cmake/recorder_msgsConfig.cmake
[3.582s] -- Up-to-date: /home/ubuntu/environment/aws-robomaker-testcase-framework/simulation_ws/install/recorder_msgs/share/recorder_msgs/cmake/recorder_msgsConfig-version.cmake
[3.582s] -- Up-to-date: /home/ubuntu/environment/aws-robomaker-testcase-framework/simulation_ws/install/recorder_msgs/share/recorder_msgs/package.xml
[3.589s] Invoked command in '/home/ubuntu/environment/aws-robomaker-testcase-framework/simulation_ws/build/recorder_msgs' returned '0': /usr/bin/cmake --build /home/ubuntu/environment/aws-robomaker-testcase-framework/simulation_ws/build/recorder_msgs --target install -- -j2 -l2
